[2025-06-10T00:05:47.772Z] DEBUG: [UpdateManager] Auto-update disabled in development mode
[2025-06-10T00:05:47.879Z] DEBUG: 설정 로드 중...
[2025-06-10T00:05:47.880Z] DEBUG: 설정 로드 완료: {
  "enabledCategories": {
    "docs": true,
    "office": true,
    "coding": true,
    "sns": true,
    "browser": true,
    "game": false,
    "media": true,
    "other": true
  },
  "autoStartMonitoring": true,
  "resumeAfterIdle": true,
  "idleTimeout": 300,
  "theme": "system",
  "windowMode": "windowed",
  "darkMode": false,
  "minimizeToTray": true,
  "showTrayNotifications": true,
  "enableMiniView": true,
  "enableAnimations": true,
  "fontSize": 14,
  "fontFamily": "system-ui",
  "useHardwareAcceleration": false,
  "enableGPUAcceleration": true,
  "gpuAccelerationLevel": 1,
  "processingMode": "auto",
  "reduceMemoryInBackground": true,
  "enableMemoryOptimization": true,
  "enableBackgroundCleanup": true,
  "garbageCollectionInterval": 60000,
  "maxMemoryThreshold": 100,
  "memoryCleanupInterval": 300000,
  "memoryThreshold": 80,
  "autoCleanupLogs": true,
  "maxHistoryItems": 500,
  "logRetentionDays": 30,
  "enableDataCollection": true,
  "enableAnalytics": false,
  "dataRetentionDays": 30,
  "enableAutoSave": true,
  "autoSaveInterval": 10000,
  "enableWPMDisplay": true,
  "enableAccuracyDisplay": true,
  "enableRealTimeStats": true,
  "enableTypingSound": false,
  "enableKeyboardShortcuts": true,
  "statsFilePath": "typing-stats.json",
  "keyboard": {
    "autoStart": true,
    "enableHangulSupport": true,
    "enableJamoTracking": true,
    "hangulMode": "auto",
    "jamoSeparation": true,
    "trackingInterval": 50
  },
  "windowSettings": {
    "miniSize": {
      "width": 400,
      "height": 300
    },
    "opacity": 1,
    "alwaysOnTop": false,
    "autoHide": false,
    "position": {
      "x": 100,
      "y": 100
    }
  },
  "windowOpacity": 1,
  "alwaysOnTop": false,
  "enableSystemMonitoring": true,
  "enablePerformanceLogging": false,
  "monitoringInterval": 1000,
  "enableCPUMonitoring": true,
  "enableMemoryMonitoring": true,
  "enableDiskMonitoring": false,
  "enableNotifications": true,
  "enableTrayNotifications": true,
  "enableDebugMode": true,
  "enableConsoleLogging": true,
  "enableErrorReporting": true,
  "logLevel": "debug",
  "__internal__": {
    "migrations": {
      "version": "36.4.0"
    }
  }
}
[2025-06-10T00:05:47.880Z] DEBUG: 설정 관리자 IPC 핸들러 등록 완료
[2025-06-10T00:05:47.901Z] DEBUG: 추적 관련 IPC 핸들러 등록 중...
[2025-06-10T00:05:47.901Z] DEBUG: 키보드 관련 IPC 핸들러 등록 중...
[2025-06-10T00:05:47.901Z] DEBUG: 키보드 관련 IPC 핸들러 등록 완료
[2025-06-10T00:05:47.901Z] DEBUG: 추적 관련 IPC 핸들러 등록 완료
[2025-06-10T00:05:47.946Z] DEBUG: 데이터 동기화 모듈 초기화 중...
[2025-06-10T00:05:47.946Z] DEBUG: 키보드 핸들러 초기화 완료
[2025-06-10T00:05:47.946Z] DEBUG: 키보드 리스너 설정 성공
[2025-06-10T00:05:47.946Z] DEBUG: 데이터베이스 클라이언트가 없어 폴백 모드로 실행
[2025-06-10T00:05:47.947Z] DEBUG: 통계 처리 시스템 초기화 시작
[2025-06-10T00:05:47.947Z] DEBUG: 통계 처리 시스템 초기화 완료
[2025-06-10T00:05:47.947Z] DEBUG: 통계 워커 초기화 시작됨
[2025-06-10T00:05:48.013Z] DEBUG: 브라우저 감지 시스템 초기화 시작
[2025-06-10T00:05:48.039Z] DEBUG: active-win 모듈 로드 실패, 폴백 모드 사용: {
  "code": "ERR_DLOPEN_FAILED"
}
[2025-06-10T00:05:48.039Z] DEBUG: 브라우저 감지 시스템 초기화 완료
[2025-06-10T00:05:48.176Z] DEBUG: 워커 초기화 완료: 2025-06-10T00:05:47.991Z
[2025-06-10T00:05:48.176Z] DEBUG: 대기 중인 작업 0개 처리 시작
[2025-06-10T00:05:49.948Z] DEBUG: 설정에 따라 자동 모니터링 시작
[2025-06-10T00:05:49.948Z] DEBUG: 타이핑 추적 시작됨
[2025-06-10T00:16:54.914Z] DEBUG: [UpdateManager] Auto-update disabled in development mode
[2025-06-10T00:16:55.045Z] DEBUG: 설정 로드 중...
[2025-06-10T00:16:55.045Z] DEBUG: 설정 로드 완료: {
  "enabledCategories": {
    "docs": true,
    "office": true,
    "coding": true,
    "sns": true,
    "browser": true,
    "game": false,
    "media": true,
    "other": true
  },
  "autoStartMonitoring": true,
  "resumeAfterIdle": true,
  "idleTimeout": 300,
  "theme": "system",
  "windowMode": "windowed",
  "darkMode": false,
  "minimizeToTray": true,
  "showTrayNotifications": true,
  "enableMiniView": true,
  "enableAnimations": true,
  "fontSize": 14,
  "fontFamily": "system-ui",
  "useHardwareAcceleration": false,
  "enableGPUAcceleration": true,
  "gpuAccelerationLevel": 1,
  "processingMode": "auto",
  "reduceMemoryInBackground": true,
  "enableMemoryOptimization": true,
  "enableBackgroundCleanup": true,
  "garbageCollectionInterval": 60000,
  "maxMemoryThreshold": 100,
  "memoryCleanupInterval": 300000,
  "memoryThreshold": 80,
  "autoCleanupLogs": true,
  "maxHistoryItems": 500,
  "logRetentionDays": 30,
  "enableDataCollection": true,
  "enableAnalytics": false,
  "dataRetentionDays": 30,
  "enableAutoSave": true,
  "autoSaveInterval": 10000,
  "enableWPMDisplay": true,
  "enableAccuracyDisplay": true,
  "enableRealTimeStats": true,
  "enableTypingSound": false,
  "enableKeyboardShortcuts": true,
  "statsFilePath": "typing-stats.json",
  "keyboard": {
    "autoStart": true,
    "enableHangulSupport": true,
    "enableJamoTracking": true,
    "hangulMode": "auto",
    "jamoSeparation": true,
    "trackingInterval": 50
  },
  "windowSettings": {
    "miniSize": {
      "width": 400,
      "height": 300
    },
    "opacity": 1,
    "alwaysOnTop": false,
    "autoHide": false,
    "position": {
      "x": 100,
      "y": 100
    }
  },
  "windowOpacity": 1,
  "alwaysOnTop": false,
  "enableSystemMonitoring": true,
  "enablePerformanceLogging": false,
  "monitoringInterval": 1000,
  "enableCPUMonitoring": true,
  "enableMemoryMonitoring": true,
  "enableDiskMonitoring": false,
  "enableNotifications": true,
  "enableTrayNotifications": true,
  "enableDebugMode": true,
  "enableConsoleLogging": true,
  "enableErrorReporting": true,
  "logLevel": "debug",
  "__internal__": {
    "migrations": {
      "version": "36.4.0"
    }
  }
}
[2025-06-10T00:16:55.045Z] DEBUG: 설정 관리자 IPC 핸들러 등록 완료
[2025-06-10T00:16:55.073Z] DEBUG: 키보드 관련 IPC 핸들러 등록 중...
[2025-06-10T00:16:55.073Z] DEBUG: 키보드 관련 IPC 핸들러 등록 완료
[2025-06-10T00:16:55.073Z] DEBUG: 추적 관련 IPC 핸들러 등록 중...
[2025-06-10T00:16:55.073Z] DEBUG: 추적 관련 IPC 핸들러 등록 완료
[2025-06-10T00:16:55.123Z] DEBUG: 키보드 리스너 설정 성공
[2025-06-10T00:16:55.123Z] DEBUG: 키보드 핸들러 초기화 완료
[2025-06-10T00:16:55.123Z] DEBUG: 데이터 동기화 모듈 초기화 중...
[2025-06-10T00:16:55.123Z] DEBUG: 데이터베이스 클라이언트가 없어 폴백 모드로 실행
[2025-06-10T00:16:55.123Z] DEBUG: 통계 처리 시스템 초기화 시작
[2025-06-10T00:16:55.124Z] DEBUG: 통계 워커 초기화 시작됨
[2025-06-10T00:16:55.124Z] DEBUG: 통계 처리 시스템 초기화 완료
[2025-06-10T00:16:55.206Z] DEBUG: 브라우저 감지 시스템 초기화 시작
[2025-06-10T00:16:55.246Z] DEBUG: 브라우저 감지 시스템 초기화 완료
[2025-06-10T00:16:55.246Z] DEBUG: active-win 모듈 로드 실패, 폴백 모드 사용: {
  "code": "ERR_DLOPEN_FAILED"
}
[2025-06-10T00:16:55.356Z] DEBUG: 워커 초기화 완료: 2025-06-10T00:16:55.167Z
[2025-06-10T00:16:55.356Z] DEBUG: 대기 중인 작업 0개 처리 시작
[2025-06-10T00:16:57.124Z] DEBUG: 설정에 따라 자동 모니터링 시작
[2025-06-10T00:16:57.124Z] DEBUG: 타이핑 추적 시작됨
[2025-06-10T00:30:00.874Z] DEBUG: [UpdateManager] Auto-update disabled in development mode
[2025-06-10T00:30:00.980Z] DEBUG: 설정 로드 중...
[2025-06-10T00:30:00.981Z] DEBUG: 설정 로드 완료: {
  "enabledCategories": {
    "docs": true,
    "office": true,
    "coding": true,
    "sns": true,
    "browser": true,
    "game": false,
    "media": true,
    "other": true
  },
  "autoStartMonitoring": true,
  "resumeAfterIdle": true,
  "idleTimeout": 300,
  "theme": "system",
  "windowMode": "windowed",
  "darkMode": false,
  "minimizeToTray": true,
  "showTrayNotifications": true,
  "enableMiniView": true,
  "enableAnimations": true,
  "fontSize": 14,
  "fontFamily": "system-ui",
  "useHardwareAcceleration": false,
  "enableGPUAcceleration": true,
  "gpuAccelerationLevel": 1,
  "processingMode": "auto",
  "reduceMemoryInBackground": true,
  "enableMemoryOptimization": true,
  "enableBackgroundCleanup": true,
  "garbageCollectionInterval": 60000,
  "maxMemoryThreshold": 100,
  "memoryCleanupInterval": 300000,
  "memoryThreshold": 80,
  "autoCleanupLogs": true,
  "maxHistoryItems": 500,
  "logRetentionDays": 30,
  "enableDataCollection": true,
  "enableAnalytics": false,
  "dataRetentionDays": 30,
  "enableAutoSave": true,
  "autoSaveInterval": 10000,
  "enableWPMDisplay": true,
  "enableAccuracyDisplay": true,
  "enableRealTimeStats": true,
  "enableTypingSound": false,
  "enableKeyboardShortcuts": true,
  "statsFilePath": "typing-stats.json",
  "keyboard": {
    "autoStart": true,
    "enableHangulSupport": true,
    "enableJamoTracking": true,
    "hangulMode": "auto",
    "jamoSeparation": true,
    "trackingInterval": 50
  },
  "windowSettings": {
    "miniSize": {
      "width": 400,
      "height": 300
    },
    "opacity": 1,
    "alwaysOnTop": false,
    "autoHide": false,
    "position": {
      "x": 100,
      "y": 100
    }
  },
  "windowOpacity": 1,
  "alwaysOnTop": false,
  "enableSystemMonitoring": true,
  "enablePerformanceLogging": false,
  "monitoringInterval": 1000,
  "enableCPUMonitoring": true,
  "enableMemoryMonitoring": true,
  "enableDiskMonitoring": false,
  "enableNotifications": true,
  "enableTrayNotifications": true,
  "enableDebugMode": true,
  "enableConsoleLogging": true,
  "enableErrorReporting": true,
  "logLevel": "debug",
  "__internal__": {
    "migrations": {
      "version": "36.4.0"
    }
  }
}
[2025-06-10T00:30:00.981Z] DEBUG: 설정 관리자 IPC 핸들러 등록 완료
[2025-06-10T00:30:01.002Z] DEBUG: 키보드 관련 IPC 핸들러 등록 중...
[2025-06-10T00:30:01.002Z] DEBUG: 키보드 관련 IPC 핸들러 등록 완료
[2025-06-10T00:30:01.002Z] DEBUG: 추적 관련 IPC 핸들러 등록 중...
[2025-06-10T00:30:01.002Z] DEBUG: 추적 관련 IPC 핸들러 등록 완료
[2025-06-10T00:30:01.047Z] DEBUG: 키보드 핸들러 초기화 완료
[2025-06-10T00:30:01.047Z] DEBUG: 키보드 리스너 설정 성공
[2025-06-10T00:30:01.047Z] DEBUG: 데이터베이스 클라이언트가 없어 폴백 모드로 실행
[2025-06-10T00:30:01.047Z] DEBUG: 통계 처리 시스템 초기화 시작
[2025-06-10T00:30:01.049Z] DEBUG: 통계 워커 초기화 시작됨
[2025-06-10T00:30:01.049Z] DEBUG: 통계 처리 시스템 초기화 완료
[2025-06-10T00:30:01.047Z] DEBUG: 데이터 동기화 모듈 초기화 중...
[2025-06-10T00:30:01.115Z] DEBUG: 브라우저 감지 시스템 초기화 시작
[2025-06-10T00:30:01.142Z] DEBUG: active-win 모듈 로드 실패, 폴백 모드 사용: {
  "code": "ERR_DLOPEN_FAILED"
}
[2025-06-10T00:30:01.142Z] DEBUG: 브라우저 감지 시스템 초기화 완료
[2025-06-10T00:30:01.231Z] DEBUG: 대기 중인 작업 0개 처리 시작
[2025-06-10T00:30:01.231Z] DEBUG: 워커 초기화 완료: 2025-06-10T00:30:01.088Z
[2025-06-10T00:30:03.049Z] DEBUG: 설정에 따라 자동 모니터링 시작
[2025-06-10T00:30:03.049Z] DEBUG: 타이핑 추적 시작됨
[2025-06-10T00:59:56.214Z] DEBUG: [UpdateManager] Auto-update disabled in development mode
[2025-06-10T00:59:56.378Z] DEBUG: 설정 로드 중...
[2025-06-10T00:59:56.378Z] DEBUG: 설정 로드 완료: {
  "enabledCategories": {
    "docs": true,
    "office": true,
    "coding": true,
    "sns": true,
    "browser": true,
    "game": false,
    "media": true,
    "other": true
  },
  "autoStartMonitoring": true,
  "resumeAfterIdle": true,
  "idleTimeout": 300,
  "theme": "system",
  "windowMode": "windowed",
  "darkMode": false,
  "minimizeToTray": true,
  "showTrayNotifications": true,
  "enableMiniView": true,
  "enableAnimations": true,
  "fontSize": 14,
  "fontFamily": "system-ui",
  "useHardwareAcceleration": false,
  "enableGPUAcceleration": true,
  "gpuAccelerationLevel": 1,
  "processingMode": "auto",
  "reduceMemoryInBackground": true,
  "enableMemoryOptimization": true,
  "enableBackgroundCleanup": true,
  "garbageCollectionInterval": 60000,
  "maxMemoryThreshold": 100,
  "memoryCleanupInterval": 300000,
  "memoryThreshold": 80,
  "autoCleanupLogs": true,
  "maxHistoryItems": 500,
  "logRetentionDays": 30,
  "enableDataCollection": true,
  "enableAnalytics": false,
  "dataRetentionDays": 30,
  "enableAutoSave": true,
  "autoSaveInterval": 10000,
  "enableWPMDisplay": true,
  "enableAccuracyDisplay": true,
  "enableRealTimeStats": true,
  "enableTypingSound": false,
  "enableKeyboardShortcuts": true,
  "statsFilePath": "typing-stats.json",
  "keyboard": {
    "autoStart": true,
    "enableHangulSupport": true,
    "enableJamoTracking": true,
    "hangulMode": "auto",
    "jamoSeparation": true,
    "trackingInterval": 50
  },
  "windowSettings": {
    "miniSize": {
      "width": 400,
      "height": 300
    },
    "opacity": 1,
    "alwaysOnTop": false,
    "autoHide": false,
    "position": {
      "x": 100,
      "y": 100
    }
  },
  "windowOpacity": 1,
  "alwaysOnTop": false,
  "enableSystemMonitoring": true,
  "enablePerformanceLogging": false,
  "monitoringInterval": 1000,
  "enableCPUMonitoring": true,
  "enableMemoryMonitoring": true,
  "enableDiskMonitoring": false,
  "enableNotifications": true,
  "enableTrayNotifications": true,
  "enableDebugMode": true,
  "enableConsoleLogging": true,
  "enableErrorReporting": true,
  "logLevel": "debug",
  "__internal__": {
    "migrations": {
      "version": "36.4.0"
    }
  }
}
[2025-06-10T00:59:56.379Z] DEBUG: 설정 관리자 IPC 핸들러 등록 완료
[2025-06-10T00:59:56.435Z] DEBUG: 키보드 관련 IPC 핸들러 등록 완료
[2025-06-10T00:59:56.434Z] DEBUG: 키보드 관련 IPC 핸들러 등록 중...
[2025-06-10T00:59:56.435Z] DEBUG: 추적 관련 IPC 핸들러 등록 중...
[2025-06-10T00:59:56.435Z] DEBUG: 추적 관련 IPC 핸들러 등록 완료
[2025-06-10T00:59:56.488Z] DEBUG: 키보드 핸들러 초기화 완료
[2025-06-10T00:59:56.487Z] DEBUG: 키보드 리스너 설정 성공
[2025-06-10T00:59:56.488Z] DEBUG: 데이터 동기화 모듈 초기화 중...
[2025-06-10T00:59:56.488Z] DEBUG: 데이터베이스 클라이언트가 없어 폴백 모드로 실행
[2025-06-10T00:59:56.488Z] DEBUG: 통계 처리 시스템 초기화 시작
[2025-06-10T00:59:56.489Z] DEBUG: 통계 워커 초기화 시작됨
[2025-06-10T00:59:56.489Z] DEBUG: 통계 처리 시스템 초기화 완료
[2025-06-10T00:59:56.572Z] DEBUG: 브라우저 감지 시스템 초기화 시작
[2025-06-10T00:59:56.598Z] DEBUG: active-win 모듈 로드 실패, 폴백 모드 사용: {
  "code": "ERR_DLOPEN_FAILED"
}
[2025-06-10T00:59:56.598Z] DEBUG: 브라우저 감지 시스템 초기화 완료
[2025-06-10T00:59:56.734Z] DEBUG: 대기 중인 작업 0개 처리 시작
[2025-06-10T00:59:56.734Z] DEBUG: 워커 초기화 완료: 2025-06-10T00:59:56.527Z
[2025-06-10T00:59:58.488Z] DEBUG: 설정에 따라 자동 모니터링 시작
[2025-06-10T00:59:58.488Z] DEBUG: 타이핑 추적 시작됨
[2025-06-10T01:26:55.600Z] DEBUG: [UpdateManager] Auto-update disabled in development mode
[2025-06-10T01:26:55.738Z] DEBUG: 설정 로드 중...
[2025-06-10T01:26:55.739Z] DEBUG: 설정 로드 완료: {
  "enabledCategories": {
    "docs": true,
    "office": true,
    "coding": true,
    "sns": true,
    "browser": true,
    "game": false,
    "media": true,
    "other": true
  },
  "autoStartMonitoring": true,
  "resumeAfterIdle": true,
  "idleTimeout": 300,
  "theme": "system",
  "windowMode": "windowed",
  "darkMode": false,
  "minimizeToTray": true,
  "showTrayNotifications": true,
  "enableMiniView": true,
  "enableAnimations": true,
  "fontSize": 14,
  "fontFamily": "system-ui",
  "useHardwareAcceleration": false,
  "enableGPUAcceleration": true,
  "gpuAccelerationLevel": 1,
  "processingMode": "auto",
  "reduceMemoryInBackground": true,
  "enableMemoryOptimization": true,
  "enableBackgroundCleanup": true,
  "garbageCollectionInterval": 60000,
  "maxMemoryThreshold": 100,
  "memoryCleanupInterval": 300000,
  "memoryThreshold": 80,
  "autoCleanupLogs": true,
  "maxHistoryItems": 500,
  "logRetentionDays": 30,
  "enableDataCollection": true,
  "enableAnalytics": false,
  "dataRetentionDays": 30,
  "enableAutoSave": true,
  "autoSaveInterval": 10000,
  "enableWPMDisplay": true,
  "enableAccuracyDisplay": true,
  "enableRealTimeStats": true,
  "enableTypingSound": false,
  "enableKeyboardShortcuts": true,
  "statsFilePath": "typing-stats.json",
  "keyboard": {
    "autoStart": true,
    "enableHangulSupport": true,
    "enableJamoTracking": true,
    "hangulMode": "auto",
    "jamoSeparation": true,
    "trackingInterval": 50
  },
  "windowSettings": {
    "miniSize": {
      "width": 400,
      "height": 300
    },
    "opacity": 1,
    "alwaysOnTop": false,
    "autoHide": false,
    "position": {
      "x": 100,
      "y": 100
    }
  },
  "windowOpacity": 1,
  "alwaysOnTop": false,
  "enableSystemMonitoring": true,
  "enablePerformanceLogging": false,
  "monitoringInterval": 1000,
  "enableCPUMonitoring": true,
  "enableMemoryMonitoring": true,
  "enableDiskMonitoring": false,
  "enableNotifications": true,
  "enableTrayNotifications": true,
  "enableDebugMode": true,
  "enableConsoleLogging": true,
  "enableErrorReporting": true,
  "logLevel": "debug",
  "__internal__": {
    "migrations": {
      "version": "36.4.0"
    }
  }
}
[2025-06-10T01:26:55.775Z] DEBUG: 키보드 관련 IPC 핸들러 등록 완료
[2025-06-10T01:26:55.739Z] DEBUG: 설정 관리자 IPC 핸들러 등록 완료
[2025-06-10T01:26:55.775Z] DEBUG: 키보드 관련 IPC 핸들러 등록 중...
[2025-06-10T01:26:55.775Z] DEBUG: 추적 관련 IPC 핸들러 등록 중...
[2025-06-10T01:26:55.775Z] DEBUG: 추적 관련 IPC 핸들러 등록 완료
[2025-06-10T01:26:55.819Z] DEBUG: 키보드 핸들러 초기화 완료
[2025-06-10T01:26:55.819Z] DEBUG: 키보드 리스너 설정 성공
[2025-06-10T01:26:55.819Z] DEBUG: 통계 처리 시스템 초기화 시작
[2025-06-10T01:26:55.820Z] DEBUG: 통계 워커 초기화 시작됨
[2025-06-10T01:26:56.224Z] DEBUG: 통계 처리 시스템 초기화 완료
[2025-06-10T01:26:55.819Z] DEBUG: 데이터베이스 클라이언트가 없어 폴백 모드로 실행
[2025-06-10T01:26:55.819Z] DEBUG: 데이터 동기화 모듈 초기화 중...
[2025-06-10T01:26:56.294Z] DEBUG: 브라우저 감지 시스템 초기화 시작
[2025-06-10T01:26:56.321Z] DEBUG: active-win 모듈 로드 실패, 폴백 모드 사용: {
  "code": "ERR_DLOPEN_FAILED"
}
[2025-06-10T01:26:56.321Z] DEBUG: 브라우저 감지 시스템 초기화 완료
[2025-06-10T01:26:56.413Z] DEBUG: 대기 중인 작업 0개 처리 시작
[2025-06-10T01:26:56.413Z] DEBUG: 워커 초기화 완료: 2025-06-10T01:26:56.224Z
[2025-06-10T01:26:57.820Z] DEBUG: 설정에 따라 자동 모니터링 시작
[2025-06-10T01:26:57.820Z] DEBUG: 타이핑 추적 시작됨
