[2025-06-11T00:40:54.612Z] DEBUG: [UpdateManager] Auto-update disabled in development mode
[2025-06-11T00:40:54.783Z] DEBUG: 설정 로드 중...
[2025-06-11T00:40:54.784Z] DEBUG: 설정 로드 완료: {
  "enabledCategories": {
    "docs": true,
    "office": true,
    "coding": true,
    "sns": true,
    "browser": true,
    "game": false,
    "media": true,
    "other": true
  },
  "autoStartMonitoring": true,
  "resumeAfterIdle": true,
  "idleTimeout": 300,
  "theme": "system",
  "windowMode": "windowed",
  "darkMode": false,
  "minimizeToTray": true,
  "showTrayNotifications": true,
  "enableMiniView": true,
  "enableAnimations": true,
  "fontSize": 14,
  "fontFamily": "system-ui",
  "useHardwareAcceleration": false,
  "enableGPUAcceleration": true,
  "gpuAccelerationLevel": 1,
  "processingMode": "auto",
  "reduceMemoryInBackground": true,
  "enableMemoryOptimization": true,
  "enableBackgroundCleanup": true,
  "garbageCollectionInterval": 60000,
  "maxMemoryThreshold": 100,
  "memoryCleanupInterval": 300000,
  "memoryThreshold": 80,
  "autoCleanupLogs": true,
  "maxHistoryItems": 500,
  "logRetentionDays": 30,
  "enableDataCollection": true,
  "enableAnalytics": false,
  "dataRetentionDays": 30,
  "enableAutoSave": true,
  "autoSaveInterval": 10000,
  "enableWPMDisplay": true,
  "enableAccuracyDisplay": true,
  "enableRealTimeStats": true,
  "enableTypingSound": false,
  "enableKeyboardShortcuts": true,
  "statsFilePath": "typing-stats.json",
  "keyboard": {
    "autoStart": true,
    "enableHangulSupport": true,
    "enableJamoTracking": true,
    "hangulMode": "auto",
    "jamoSeparation": true,
    "trackingInterval": 50
  },
  "windowSettings": {
    "miniSize": {
      "width": 400,
      "height": 300
    },
    "opacity": 1,
    "alwaysOnTop": false,
    "autoHide": false,
    "position": {
      "x": 100,
      "y": 100
    }
  },
  "windowOpacity": 1,
  "alwaysOnTop": false,
  "enableSystemMonitoring": true,
  "enablePerformanceLogging": false,
  "monitoringInterval": 1000,
  "enableCPUMonitoring": true,
  "enableMemoryMonitoring": true,
  "enableDiskMonitoring": false,
  "enableNotifications": true,
  "enableTrayNotifications": true,
  "enableDebugMode": true,
  "enableConsoleLogging": true,
  "enableErrorReporting": true,
  "logLevel": "debug",
  "__internal__": {
    "migrations": {
      "version": "36.4.0"
    }
  }
}
[2025-06-11T00:40:54.784Z] DEBUG: 설정 관리자 IPC 핸들러 등록 완료
[2025-06-11T00:40:54.827Z] DEBUG: 추적 관련 IPC 핸들러 등록 중...
[2025-06-11T00:40:54.827Z] DEBUG: 키보드 관련 IPC 핸들러 등록 완료
[2025-06-11T00:40:54.827Z] DEBUG: 추적 관련 IPC 핸들러 등록 완료
[2025-06-11T00:40:54.827Z] DEBUG: 키보드 관련 IPC 핸들러 등록 중...
[2025-06-11T00:40:54.887Z] DEBUG: 키보드 리스너 설정 성공
[2025-06-11T00:40:54.887Z] DEBUG: 키보드 핸들러 초기화 완료
[2025-06-11T00:40:54.887Z] DEBUG: 데이터 동기화 모듈 초기화 중...
[2025-06-11T00:40:54.887Z] DEBUG: 데이터베이스 클라이언트가 없어 폴백 모드로 실행
[2025-06-11T00:40:54.887Z] DEBUG: 통계 처리 시스템 초기화 시작
[2025-06-11T00:40:54.888Z] DEBUG: 통계 워커 초기화 시작됨
[2025-06-11T00:40:54.889Z] DEBUG: 통계 처리 시스템 초기화 완료
[2025-06-11T00:40:54.986Z] DEBUG: 브라우저 감지 시스템 초기화 시작
[2025-06-11T00:40:55.018Z] DEBUG: active-win 모듈 로드 실패, 폴백 모드 사용: {
  "code": "ERR_DLOPEN_FAILED"
}
[2025-06-11T00:40:55.018Z] DEBUG: 브라우저 감지 시스템 초기화 완료
[2025-06-11T00:40:55.090Z] DEBUG: 대기 중인 작업 0개 처리 시작
[2025-06-11T00:40:55.090Z] DEBUG: 워커 초기화 완료: 2025-06-11T00:40:54.953Z
[2025-06-11T00:40:56.887Z] DEBUG: 설정에 따라 자동 모니터링 시작
[2025-06-11T00:40:56.887Z] DEBUG: 타이핑 추적 시작됨
[2025-06-11T01:01:25.885Z] DEBUG: [UpdateManager] Auto-update disabled in development mode
[2025-06-11T01:01:26.052Z] DEBUG: 설정 로드 중...
[2025-06-11T01:01:26.053Z] DEBUG: 설정 로드 완료: {
  "enabledCategories": {
    "docs": true,
    "office": true,
    "coding": true,
    "sns": true,
    "browser": true,
    "game": false,
    "media": true,
    "other": true
  },
  "autoStartMonitoring": true,
  "resumeAfterIdle": true,
  "idleTimeout": 300,
  "theme": "system",
  "windowMode": "windowed",
  "darkMode": false,
  "minimizeToTray": true,
  "showTrayNotifications": true,
  "enableMiniView": true,
  "enableAnimations": true,
  "fontSize": 14,
  "fontFamily": "system-ui",
  "useHardwareAcceleration": false,
  "enableGPUAcceleration": true,
  "gpuAccelerationLevel": 1,
  "processingMode": "auto",
  "reduceMemoryInBackground": true,
  "enableMemoryOptimization": true,
  "enableBackgroundCleanup": true,
  "garbageCollectionInterval": 60000,
  "maxMemoryThreshold": 100,
  "memoryCleanupInterval": 300000,
  "memoryThreshold": 80,
  "autoCleanupLogs": true,
  "maxHistoryItems": 500,
  "logRetentionDays": 30,
  "enableDataCollection": true,
  "enableAnalytics": false,
  "dataRetentionDays": 30,
  "enableAutoSave": true,
  "autoSaveInterval": 10000,
  "enableWPMDisplay": true,
  "enableAccuracyDisplay": true,
  "enableRealTimeStats": true,
  "enableTypingSound": false,
  "enableKeyboardShortcuts": true,
  "statsFilePath": "typing-stats.json",
  "keyboard": {
    "autoStart": true,
    "enableHangulSupport": true,
    "enableJamoTracking": true,
    "hangulMode": "auto",
    "jamoSeparation": true,
    "trackingInterval": 50
  },
  "windowSettings": {
    "miniSize": {
      "width": 400,
      "height": 300
    },
    "opacity": 1,
    "alwaysOnTop": false,
    "autoHide": false,
    "position": {
      "x": 100,
      "y": 100
    }
  },
  "windowOpacity": 1,
  "alwaysOnTop": false,
  "enableSystemMonitoring": true,
  "enablePerformanceLogging": false,
  "monitoringInterval": 1000,
  "enableCPUMonitoring": true,
  "enableMemoryMonitoring": true,
  "enableDiskMonitoring": false,
  "enableNotifications": true,
  "enableTrayNotifications": true,
  "enableDebugMode": true,
  "enableConsoleLogging": true,
  "enableErrorReporting": true,
  "logLevel": "debug",
  "__internal__": {
    "migrations": {
      "version": "36.4.0"
    }
  }
}
[2025-06-11T01:01:26.053Z] DEBUG: 설정 관리자 IPC 핸들러 등록 완료
[2025-06-11T01:01:26.330Z] DEBUG: 키보드 관련 IPC 핸들러 등록 중...
[2025-06-11T01:01:26.330Z] DEBUG: 키보드 관련 IPC 핸들러 등록 완료
[2025-06-11T01:01:26.330Z] DEBUG: 추적 관련 IPC 핸들러 등록 중...
[2025-06-11T01:01:26.330Z] DEBUG: 추적 관련 IPC 핸들러 등록 완료
[2025-06-11T01:01:26.380Z] DEBUG: 키보드 리스너 설정 성공
[2025-06-11T01:01:26.380Z] DEBUG: 데이터 동기화 모듈 초기화 중...
[2025-06-11T01:01:26.380Z] DEBUG: 데이터베이스 클라이언트가 없어 폴백 모드로 실행
[2025-06-11T01:01:26.380Z] DEBUG: 키보드 핸들러 초기화 완료
[2025-06-11T01:01:26.380Z] DEBUG: 통계 처리 시스템 초기화 시작
[2025-06-11T01:01:26.381Z] DEBUG: 통계 워커 초기화 시작됨
[2025-06-11T01:01:26.383Z] DEBUG: 통계 처리 시스템 초기화 완료
[2025-06-11T01:01:26.841Z] DEBUG: active-win 모듈 로드 실패, 폴백 모드 사용: {
  "code": "ERR_DLOPEN_FAILED"
}
[2025-06-11T01:01:26.816Z] DEBUG: 브라우저 감지 시스템 초기화 시작
[2025-06-11T01:01:26.841Z] DEBUG: 브라우저 감지 시스템 초기화 완료
[2025-06-11T01:10:24.867Z] DEBUG: [UpdateManager] Auto-update disabled in development mode
[2025-06-11T01:10:25.029Z] DEBUG: 설정 로드 중...
[2025-06-11T01:10:25.029Z] DEBUG: 설정 로드 완료: {
  "enabledCategories": {
    "docs": true,
    "office": true,
    "coding": true,
    "sns": true,
    "browser": true,
    "game": false,
    "media": true,
    "other": true
  },
  "autoStartMonitoring": true,
  "resumeAfterIdle": true,
  "idleTimeout": 300,
  "theme": "system",
  "windowMode": "windowed",
  "darkMode": false,
  "minimizeToTray": true,
  "showTrayNotifications": true,
  "enableMiniView": true,
  "enableAnimations": true,
  "fontSize": 14,
  "fontFamily": "system-ui",
  "useHardwareAcceleration": false,
  "enableGPUAcceleration": true,
  "gpuAccelerationLevel": 1,
  "processingMode": "auto",
  "reduceMemoryInBackground": true,
  "enableMemoryOptimization": true,
  "enableBackgroundCleanup": true,
  "garbageCollectionInterval": 60000,
  "maxMemoryThreshold": 100,
  "memoryCleanupInterval": 300000,
  "memoryThreshold": 80,
  "autoCleanupLogs": true,
  "maxHistoryItems": 500,
  "logRetentionDays": 30,
  "enableDataCollection": true,
  "enableAnalytics": false,
  "dataRetentionDays": 30,
  "enableAutoSave": true,
  "autoSaveInterval": 10000,
  "enableWPMDisplay": true,
  "enableAccuracyDisplay": true,
  "enableRealTimeStats": true,
  "enableTypingSound": false,
  "enableKeyboardShortcuts": true,
  "statsFilePath": "typing-stats.json",
  "keyboard": {
    "autoStart": true,
    "enableHangulSupport": true,
    "enableJamoTracking": true,
    "hangulMode": "auto",
    "jamoSeparation": true,
    "trackingInterval": 50
  },
  "windowSettings": {
    "miniSize": {
      "width": 400,
      "height": 300
    },
    "opacity": 1,
    "alwaysOnTop": false,
    "autoHide": false,
    "position": {
      "x": 100,
      "y": 100
    }
  },
  "windowOpacity": 1,
  "alwaysOnTop": false,
  "enableSystemMonitoring": true,
  "enablePerformanceLogging": false,
  "monitoringInterval": 1000,
  "enableCPUMonitoring": true,
  "enableMemoryMonitoring": true,
  "enableDiskMonitoring": false,
  "enableNotifications": true,
  "enableTrayNotifications": true,
  "enableDebugMode": true,
  "enableConsoleLogging": true,
  "enableErrorReporting": true,
  "logLevel": "debug",
  "__internal__": {
    "migrations": {
      "version": "36.4.0"
    }
  }
}
[2025-06-11T01:10:25.102Z] DEBUG: 키보드 관련 IPC 핸들러 등록 완료
[2025-06-11T01:10:25.029Z] DEBUG: 설정 관리자 IPC 핸들러 등록 완료
[2025-06-11T01:10:25.101Z] DEBUG: 키보드 관련 IPC 핸들러 등록 중...
[2025-06-11T01:10:25.102Z] DEBUG: 추적 관련 IPC 핸들러 등록 중...
[2025-06-11T01:10:25.102Z] DEBUG: 추적 관련 IPC 핸들러 등록 완료
[2025-06-11T01:10:25.156Z] DEBUG: 키보드 핸들러 초기화 완료
[2025-06-11T01:10:25.156Z] DEBUG: 데이터 동기화 모듈 초기화 중...
[2025-06-11T01:10:25.156Z] DEBUG: 데이터베이스 클라이언트가 없어 폴백 모드로 실행
[2025-06-11T01:10:25.156Z] DEBUG: 키보드 리스너 설정 성공
[2025-06-11T01:10:25.156Z] DEBUG: 통계 처리 시스템 초기화 시작
[2025-06-11T01:10:25.157Z] DEBUG: 통계 워커 초기화 시작됨
[2025-06-11T01:10:25.158Z] DEBUG: 통계 처리 시스템 초기화 완료
[2025-06-11T01:10:25.265Z] DEBUG: 브라우저 감지 시스템 초기화 시작
[2025-06-11T01:10:25.290Z] DEBUG: 브라우저 감지 시스템 초기화 완료
[2025-06-11T01:10:25.290Z] DEBUG: active-win 모듈 로드 실패, 폴백 모드 사용: {
  "code": "ERR_DLOPEN_FAILED"
}
[2025-06-11T01:10:25.379Z] DEBUG: 워커 초기화 완료: 2025-06-11T01:10:25.196Z
[2025-06-11T01:10:25.380Z] DEBUG: 대기 중인 작업 0개 처리 시작
[2025-06-11T01:10:27.159Z] DEBUG: 설정에 따라 자동 모니터링 시작
[2025-06-11T01:10:27.159Z] DEBUG: 타이핑 추적 시작됨
[2025-06-11T01:24:07.670Z] DEBUG: [UpdateManager] Auto-update disabled in development mode
[2025-06-11T01:24:07.859Z] DEBUG: 설정 로드 중...
[2025-06-11T01:24:07.859Z] DEBUG: 설정 로드 완료: {
  "enabledCategories": {
    "docs": true,
    "office": true,
    "coding": true,
    "sns": true,
    "browser": true,
    "game": false,
    "media": true,
    "other": true
  },
  "autoStartMonitoring": true,
  "resumeAfterIdle": true,
  "idleTimeout": 300,
  "theme": "system",
  "windowMode": "windowed",
  "darkMode": false,
  "minimizeToTray": true,
  "showTrayNotifications": true,
  "enableMiniView": true,
  "enableAnimations": true,
  "fontSize": 14,
  "fontFamily": "system-ui",
  "useHardwareAcceleration": false,
  "enableGPUAcceleration": true,
  "gpuAccelerationLevel": 1,
  "processingMode": "auto",
  "reduceMemoryInBackground": true,
  "enableMemoryOptimization": true,
  "enableBackgroundCleanup": true,
  "garbageCollectionInterval": 60000,
  "maxMemoryThreshold": 100,
  "memoryCleanupInterval": 300000,
  "memoryThreshold": 80,
  "autoCleanupLogs": true,
  "maxHistoryItems": 500,
  "logRetentionDays": 30,
  "enableDataCollection": true,
  "enableAnalytics": false,
  "dataRetentionDays": 30,
  "enableAutoSave": true,
  "autoSaveInterval": 10000,
  "enableWPMDisplay": true,
  "enableAccuracyDisplay": true,
  "enableRealTimeStats": true,
  "enableTypingSound": false,
  "enableKeyboardShortcuts": true,
  "statsFilePath": "typing-stats.json",
  "keyboard": {
    "autoStart": true,
    "enableHangulSupport": true,
    "enableJamoTracking": true,
    "hangulMode": "auto",
    "jamoSeparation": true,
    "trackingInterval": 50
  },
  "windowSettings": {
    "miniSize": {
      "width": 400,
      "height": 300
    },
    "opacity": 1,
    "alwaysOnTop": false,
    "autoHide": false,
    "position": {
      "x": 100,
      "y": 100
    }
  },
  "windowOpacity": 1,
  "alwaysOnTop": false,
  "enableSystemMonitoring": true,
  "enablePerformanceLogging": false,
  "monitoringInterval": 1000,
  "enableCPUMonitoring": true,
  "enableMemoryMonitoring": true,
  "enableDiskMonitoring": false,
  "enableNotifications": true,
  "enableTrayNotifications": true,
  "enableDebugMode": true,
  "enableConsoleLogging": true,
  "enableErrorReporting": true,
  "logLevel": "debug",
  "__internal__": {
    "migrations": {
      "version": "36.4.0"
    }
  }
}
[2025-06-11T01:24:07.860Z] DEBUG: 설정 관리자 IPC 핸들러 등록 완료
[2025-06-11T01:24:07.927Z] DEBUG: 키보드 관련 IPC 핸들러 등록 중...
[2025-06-11T01:24:07.927Z] DEBUG: 추적 관련 IPC 핸들러 등록 중...
[2025-06-11T01:24:07.927Z] DEBUG: 키보드 관련 IPC 핸들러 등록 완료
[2025-06-11T01:24:07.927Z] DEBUG: 추적 관련 IPC 핸들러 등록 완료
[2025-06-11T01:24:07.981Z] DEBUG: 키보드 리스너 설정 성공
[2025-06-11T01:24:07.982Z] DEBUG: 키보드 핸들러 초기화 완료
[2025-06-11T01:24:07.982Z] DEBUG: 데이터베이스 클라이언트가 없어 폴백 모드로 실행
[2025-06-11T01:24:07.982Z] DEBUG: 데이터 동기화 모듈 초기화 중...
[2025-06-11T01:24:07.983Z] DEBUG: 통계 워커 초기화 시작됨
[2025-06-11T01:24:07.985Z] DEBUG: 통계 처리 시스템 초기화 완료
[2025-06-11T01:24:08.110Z] DEBUG: 브라우저 감지 시스템 초기화 시작
[2025-06-11T01:24:08.148Z] DEBUG: active-win 모듈 로드 실패, 폴백 모드 사용: {
  "code": "ERR_DLOPEN_FAILED"
}
[2025-06-11T01:24:07.982Z] DEBUG: 통계 처리 시스템 초기화 시작
[2025-06-11T01:24:08.148Z] DEBUG: 브라우저 감지 시스템 초기화 완료
[2025-06-11T01:24:08.256Z] DEBUG: 워커 초기화 완료: 2025-06-11T01:24:08.054Z
[2025-06-11T01:24:08.256Z] DEBUG: 대기 중인 작업 0개 처리 시작
[2025-06-11T01:24:09.984Z] DEBUG: 설정에 따라 자동 모니터링 시작
[2025-06-11T01:24:09.985Z] DEBUG: 타이핑 추적 시작됨
[2025-06-11T01:29:23.217Z] DEBUG: [UpdateManager] Auto-update disabled in development mode
[2025-06-11T01:29:23.716Z] DEBUG: 설정 로드 중...
[2025-06-11T01:29:23.717Z] DEBUG: 설정 로드 완료: {
  "enabledCategories": {
    "docs": true,
    "office": true,
    "coding": true,
    "sns": true,
    "browser": true,
    "game": false,
    "media": true,
    "other": true
  },
  "autoStartMonitoring": true,
  "resumeAfterIdle": true,
  "idleTimeout": 300,
  "theme": "system",
  "windowMode": "windowed",
  "darkMode": false,
  "minimizeToTray": true,
  "showTrayNotifications": true,
  "enableMiniView": true,
  "enableAnimations": true,
  "fontSize": 14,
  "fontFamily": "system-ui",
  "useHardwareAcceleration": false,
  "enableGPUAcceleration": true,
  "gpuAccelerationLevel": 1,
  "processingMode": "auto",
  "reduceMemoryInBackground": true,
  "enableMemoryOptimization": true,
  "enableBackgroundCleanup": true,
  "garbageCollectionInterval": 60000,
  "maxMemoryThreshold": 100,
  "memoryCleanupInterval": 300000,
  "memoryThreshold": 80,
  "autoCleanupLogs": true,
  "maxHistoryItems": 500,
  "logRetentionDays": 30,
  "enableDataCollection": true,
  "enableAnalytics": false,
  "dataRetentionDays": 30,
  "enableAutoSave": true,
  "autoSaveInterval": 10000,
  "enableWPMDisplay": true,
  "enableAccuracyDisplay": true,
  "enableRealTimeStats": true,
  "enableTypingSound": false,
  "enableKeyboardShortcuts": true,
  "statsFilePath": "typing-stats.json",
  "keyboard": {
    "autoStart": true,
    "enableHangulSupport": true,
    "enableJamoTracking": true,
    "hangulMode": "auto",
    "jamoSeparation": true,
    "trackingInterval": 50
  },
  "windowSettings": {
    "miniSize": {
      "width": 400,
      "height": 300
    },
    "opacity": 1,
    "alwaysOnTop": false,
    "autoHide": false,
    "position": {
      "x": 100,
      "y": 100
    }
  },
  "windowOpacity": 1,
  "alwaysOnTop": false,
  "enableSystemMonitoring": true,
  "enablePerformanceLogging": false,
  "monitoringInterval": 1000,
  "enableCPUMonitoring": true,
  "enableMemoryMonitoring": true,
  "enableDiskMonitoring": false,
  "enableNotifications": true,
  "enableTrayNotifications": true,
  "enableDebugMode": true,
  "enableConsoleLogging": true,
  "enableErrorReporting": true,
  "logLevel": "debug",
  "__internal__": {
    "migrations": {
      "version": "36.4.0"
    }
  }
}
[2025-06-11T01:29:23.801Z] DEBUG: 추적 관련 IPC 핸들러 등록 중...
[2025-06-11T01:29:23.717Z] DEBUG: 설정 관리자 IPC 핸들러 등록 완료
[2025-06-11T01:29:23.801Z] DEBUG: 추적 관련 IPC 핸들러 등록 완료
[2025-06-11T01:29:23.801Z] DEBUG: 키보드 관련 IPC 핸들러 등록 중...
[2025-06-11T01:29:23.801Z] DEBUG: 키보드 관련 IPC 핸들러 등록 완료
[2025-06-11T01:29:23.870Z] DEBUG: 키보드 핸들러 초기화 완료
[2025-06-11T01:29:23.870Z] DEBUG: 키보드 리스너 설정 성공
[2025-06-11T01:29:23.870Z] DEBUG: 데이터 동기화 모듈 초기화 중...
[2025-06-11T01:29:23.870Z] DEBUG: 데이터베이스 클라이언트가 없어 폴백 모드로 실행
[2025-06-11T01:29:23.870Z] DEBUG: 통계 처리 시스템 초기화 시작
[2025-06-11T01:29:23.872Z] DEBUG: 통계 워커 초기화 시작됨
[2025-06-11T01:29:23.873Z] DEBUG: 통계 처리 시스템 초기화 완료
[2025-06-11T01:29:24.000Z] DEBUG: 브라우저 감지 시스템 초기화 시작
[2025-06-11T01:29:24.033Z] DEBUG: 브라우저 감지 시스템 초기화 완료
[2025-06-11T01:29:24.033Z] DEBUG: active-win 모듈 로드 실패, 폴백 모드 사용: {
  "code": "ERR_DLOPEN_FAILED"
}
[2025-06-11T01:29:24.230Z] DEBUG: 워커 초기화 완료: 2025-06-11T01:29:23.932Z
[2025-06-11T01:29:24.230Z] DEBUG: 대기 중인 작업 0개 처리 시작
[2025-06-11T01:29:25.874Z] DEBUG: 설정에 따라 자동 모니터링 시작
[2025-06-11T01:29:25.874Z] DEBUG: 타이핑 추적 시작됨
[2025-06-11T01:58:02.047Z] DEBUG: [UpdateManager] Auto-update disabled in development mode
[2025-06-11T01:58:02.231Z] DEBUG: 설정 로드 중...
[2025-06-11T01:58:02.231Z] DEBUG: 설정 로드 완료: {
  "enabledCategories": {
    "docs": true,
    "office": true,
    "coding": true,
    "sns": true,
    "browser": true,
    "game": false,
    "media": true,
    "other": true
  },
  "autoStartMonitoring": true,
  "resumeAfterIdle": true,
  "idleTimeout": 300,
  "theme": "system",
  "windowMode": "windowed",
  "darkMode": false,
  "minimizeToTray": true,
  "showTrayNotifications": true,
  "enableMiniView": true,
  "enableAnimations": true,
  "fontSize": 14,
  "fontFamily": "system-ui",
  "useHardwareAcceleration": false,
  "enableGPUAcceleration": true,
  "gpuAccelerationLevel": 1,
  "processingMode": "auto",
  "reduceMemoryInBackground": true,
  "enableMemoryOptimization": true,
  "enableBackgroundCleanup": true,
  "garbageCollectionInterval": 60000,
  "maxMemoryThreshold": 100,
  "memoryCleanupInterval": 300000,
  "memoryThreshold": 80,
  "autoCleanupLogs": true,
  "maxHistoryItems": 500,
  "logRetentionDays": 30,
  "enableDataCollection": true,
  "enableAnalytics": false,
  "dataRetentionDays": 30,
  "enableAutoSave": true,
  "autoSaveInterval": 10000,
  "enableWPMDisplay": true,
  "enableAccuracyDisplay": true,
  "enableRealTimeStats": true,
  "enableTypingSound": false,
  "enableKeyboardShortcuts": true,
  "statsFilePath": "typing-stats.json",
  "keyboard": {
    "autoStart": true,
    "enableHangulSupport": true,
    "enableJamoTracking": true,
    "hangulMode": "auto",
    "jamoSeparation": true,
    "trackingInterval": 50
  },
  "windowSettings": {
    "miniSize": {
      "width": 400,
      "height": 300
    },
    "opacity": 1,
    "alwaysOnTop": false,
    "autoHide": false,
    "position": {
      "x": 100,
      "y": 100
    }
  },
  "windowOpacity": 1,
  "alwaysOnTop": false,
  "enableSystemMonitoring": true,
  "enablePerformanceLogging": false,
  "monitoringInterval": 1000,
  "enableCPUMonitoring": true,
  "enableMemoryMonitoring": true,
  "enableDiskMonitoring": false,
  "enableNotifications": true,
  "enableTrayNotifications": true,
  "enableDebugMode": true,
  "enableConsoleLogging": true,
  "enableErrorReporting": true,
  "logLevel": "debug",
  "__internal__": {
    "migrations": {
      "version": "36.4.0"
    }
  }
}
[2025-06-11T01:58:02.231Z] DEBUG: 설정 관리자 IPC 핸들러 등록 완료
[2025-06-11T01:58:02.279Z] DEBUG: 키보드 관련 IPC 핸들러 등록 중...
[2025-06-11T01:58:02.279Z] DEBUG: 키보드 관련 IPC 핸들러 등록 완료
[2025-06-11T01:58:02.279Z] DEBUG: 추적 관련 IPC 핸들러 등록 중...
[2025-06-11T01:58:02.279Z] DEBUG: 추적 관련 IPC 핸들러 등록 완료
[2025-06-11T01:58:02.328Z] DEBUG: 키보드 핸들러 초기화 완료
[2025-06-11T01:58:02.328Z] DEBUG: 데이터 동기화 모듈 초기화 중...
[2025-06-11T01:58:02.328Z] DEBUG: 데이터베이스 클라이언트가 없어 폴백 모드로 실행
[2025-06-11T01:58:02.328Z] DEBUG: 키보드 리스너 설정 성공
[2025-06-11T01:58:02.329Z] DEBUG: 통계 처리 시스템 초기화 시작
[2025-06-11T01:58:02.330Z] DEBUG: 통계 워커 초기화 시작됨
[2025-06-11T01:58:02.704Z] DEBUG: 통계 처리 시스템 초기화 완료
[2025-06-11T01:58:02.789Z] DEBUG: 브라우저 감지 시스템 초기화 시작
[2025-06-11T01:58:02.822Z] DEBUG: active-win 모듈 로드 실패, 폴백 모드 사용: {
  "code": "ERR_DLOPEN_FAILED"
}
[2025-06-11T01:58:02.822Z] DEBUG: 브라우저 감지 시스템 초기화 완료
[2025-06-11T01:58:02.933Z] DEBUG: 워커 초기화 완료: 2025-06-11T01:58:02.705Z
[2025-06-11T01:58:02.933Z] DEBUG: 대기 중인 작업 0개 처리 시작
[2025-06-11T01:58:04.329Z] DEBUG: 설정에 따라 자동 모니터링 시작
[2025-06-11T01:58:04.330Z] DEBUG: 타이핑 추적 시작됨
[2025-06-11T02:23:35.588Z] DEBUG: [UpdateManager] Auto-update disabled in development mode
[2025-06-11T02:23:35.700Z] DEBUG: 설정 로드 중...
[2025-06-11T02:23:35.700Z] DEBUG: 설정 로드 완료: {
  "enabledCategories": {
    "docs": true,
    "office": true,
    "coding": true,
    "sns": true,
    "browser": true,
    "game": false,
    "media": true,
    "other": true
  },
  "autoStartMonitoring": true,
  "resumeAfterIdle": true,
  "idleTimeout": 300,
  "theme": "system",
  "windowMode": "windowed",
  "darkMode": false,
  "minimizeToTray": true,
  "showTrayNotifications": true,
  "enableMiniView": true,
  "enableAnimations": true,
  "fontSize": 14,
  "fontFamily": "system-ui",
  "useHardwareAcceleration": false,
  "enableGPUAcceleration": true,
  "gpuAccelerationLevel": 1,
  "processingMode": "auto",
  "reduceMemoryInBackground": true,
  "enableMemoryOptimization": true,
  "enableBackgroundCleanup": true,
  "garbageCollectionInterval": 60000,
  "maxMemoryThreshold": 100,
  "memoryCleanupInterval": 300000,
  "memoryThreshold": 80,
  "autoCleanupLogs": true,
  "maxHistoryItems": 500,
  "logRetentionDays": 30,
  "enableDataCollection": true,
  "enableAnalytics": false,
  "dataRetentionDays": 30,
  "enableAutoSave": true,
  "autoSaveInterval": 10000,
  "enableWPMDisplay": true,
  "enableAccuracyDisplay": true,
  "enableRealTimeStats": true,
  "enableTypingSound": false,
  "enableKeyboardShortcuts": true,
  "statsFilePath": "typing-stats.json",
  "keyboard": {
    "autoStart": true,
    "enableHangulSupport": true,
    "enableJamoTracking": true,
    "hangulMode": "auto",
    "jamoSeparation": true,
    "trackingInterval": 50
  },
  "windowSettings": {
    "miniSize": {
      "width": 400,
      "height": 300
    },
    "opacity": 1,
    "alwaysOnTop": false,
    "autoHide": false,
    "position": {
      "x": 100,
      "y": 100
    }
  },
  "windowOpacity": 1,
  "alwaysOnTop": false,
  "enableSystemMonitoring": true,
  "enablePerformanceLogging": false,
  "monitoringInterval": 1000,
  "enableCPUMonitoring": true,
  "enableMemoryMonitoring": true,
  "enableDiskMonitoring": false,
  "enableNotifications": true,
  "enableTrayNotifications": true,
  "enableDebugMode": true,
  "enableConsoleLogging": true,
  "enableErrorReporting": true,
  "logLevel": "debug",
  "__internal__": {
    "migrations": {
      "version": "36.4.0"
    }
  }
}
[2025-06-11T02:23:35.726Z] DEBUG: 키보드 관련 IPC 핸들러 등록 중...
[2025-06-11T02:23:35.700Z] DEBUG: 설정 관리자 IPC 핸들러 등록 완료
[2025-06-11T02:23:35.726Z] DEBUG: 키보드 관련 IPC 핸들러 등록 완료
[2025-06-11T02:23:35.726Z] DEBUG: 추적 관련 IPC 핸들러 등록 중...
[2025-06-11T02:23:35.726Z] DEBUG: 추적 관련 IPC 핸들러 등록 완료
[2025-06-11T02:23:35.772Z] DEBUG: 키보드 핸들러 초기화 완료
[2025-06-11T02:23:35.772Z] DEBUG: 키보드 리스너 설정 성공
[2025-06-11T02:23:35.772Z] DEBUG: 데이터 동기화 모듈 초기화 중...
[2025-06-11T02:23:35.772Z] DEBUG: 데이터베이스 클라이언트가 없어 폴백 모드로 실행
[2025-06-11T02:23:35.772Z] DEBUG: 통계 처리 시스템 초기화 시작
[2025-06-11T02:23:35.773Z] DEBUG: 통계 워커 초기화 시작됨
[2025-06-11T02:23:35.778Z] DEBUG: 통계 처리 시스템 초기화 완료
[2025-06-11T02:23:35.875Z] DEBUG: 브라우저 감지 시스템 초기화 시작
[2025-06-11T02:23:35.905Z] DEBUG: active-win 모듈 로드 실패, 폴백 모드 사용: {
  "code": "ERR_DLOPEN_FAILED"
}
[2025-06-11T02:23:35.905Z] DEBUG: 브라우저 감지 시스템 초기화 완료
[2025-06-11T02:23:35.982Z] DEBUG: 워커 초기화 완료: 2025-06-11T02:23:35.819Z
[2025-06-11T02:23:35.982Z] DEBUG: 대기 중인 작업 0개 처리 시작
[2025-06-11T02:23:37.773Z] DEBUG: 설정에 따라 자동 모니터링 시작
[2025-06-11T02:23:37.774Z] DEBUG: 타이핑 추적 시작됨
[2025-06-11T02:56:12.176Z] DEBUG: [UpdateManager] Auto-update disabled in development mode
[2025-06-11T02:56:12.348Z] DEBUG: 설정 로드 중...
[2025-06-11T02:56:12.349Z] DEBUG: 설정 로드 완료: {
  "enabledCategories": {
    "docs": true,
    "office": true,
    "coding": true,
    "sns": true,
    "browser": true,
    "game": false,
    "media": true,
    "other": true
  },
  "autoStartMonitoring": true,
  "resumeAfterIdle": true,
  "idleTimeout": 300,
  "theme": "system",
  "windowMode": "windowed",
  "darkMode": false,
  "minimizeToTray": true,
  "showTrayNotifications": true,
  "enableMiniView": true,
  "enableAnimations": true,
  "fontSize": 14,
  "fontFamily": "system-ui",
  "useHardwareAcceleration": false,
  "enableGPUAcceleration": true,
  "gpuAccelerationLevel": 1,
  "processingMode": "auto",
  "reduceMemoryInBackground": true,
  "enableMemoryOptimization": true,
  "enableBackgroundCleanup": true,
  "garbageCollectionInterval": 60000,
  "maxMemoryThreshold": 100,
  "memoryCleanupInterval": 300000,
  "memoryThreshold": 80,
  "autoCleanupLogs": true,
  "maxHistoryItems": 500,
  "logRetentionDays": 30,
  "enableDataCollection": true,
  "enableAnalytics": false,
  "dataRetentionDays": 30,
  "enableAutoSave": true,
  "autoSaveInterval": 10000,
  "enableWPMDisplay": true,
  "enableAccuracyDisplay": true,
  "enableRealTimeStats": true,
  "enableTypingSound": false,
  "enableKeyboardShortcuts": true,
  "statsFilePath": "typing-stats.json",
  "keyboard": {
    "autoStart": true,
    "enableHangulSupport": true,
    "enableJamoTracking": true,
    "hangulMode": "auto",
    "jamoSeparation": true,
    "trackingInterval": 50
  },
  "windowSettings": {
    "miniSize": {
      "width": 400,
      "height": 300
    },
    "opacity": 1,
    "alwaysOnTop": false,
    "autoHide": false,
    "position": {
      "x": 100,
      "y": 100
    }
  },
  "windowOpacity": 1,
  "alwaysOnTop": false,
  "enableSystemMonitoring": true,
  "enablePerformanceLogging": false,
  "monitoringInterval": 1000,
  "enableCPUMonitoring": true,
  "enableMemoryMonitoring": true,
  "enableDiskMonitoring": false,
  "enableNotifications": true,
  "enableTrayNotifications": true,
  "enableDebugMode": true,
  "enableConsoleLogging": true,
  "enableErrorReporting": true,
  "logLevel": "debug",
  "__internal__": {
    "migrations": {
      "version": "36.4.0"
    }
  }
}
[2025-06-11T02:56:12.395Z] DEBUG: 키보드 관련 IPC 핸들러 등록 중...
[2025-06-11T02:56:12.349Z] DEBUG: 설정 관리자 IPC 핸들러 등록 완료
[2025-06-11T02:56:12.395Z] DEBUG: 키보드 관련 IPC 핸들러 등록 완료
[2025-06-11T02:56:12.395Z] DEBUG: 추적 관련 IPC 핸들러 등록 중...
[2025-06-11T02:56:12.395Z] DEBUG: 추적 관련 IPC 핸들러 등록 완료
[2025-06-11T02:56:12.449Z] DEBUG: 키보드 리스너 설정 성공
[2025-06-11T02:56:12.449Z] DEBUG: 키보드 핸들러 초기화 완료
[2025-06-11T02:56:12.449Z] DEBUG: 데이터 동기화 모듈 초기화 중...
[2025-06-11T02:56:12.449Z] DEBUG: 데이터베이스 클라이언트가 없어 폴백 모드로 실행
[2025-06-11T02:56:12.449Z] DEBUG: 통계 처리 시스템 초기화 시작
[2025-06-11T02:56:12.450Z] DEBUG: 통계 워커 초기화 시작됨
[2025-06-11T02:56:12.456Z] DEBUG: 통계 처리 시스템 초기화 완료
[2025-06-11T02:56:12.563Z] DEBUG: 브라우저 감지 시스템 초기화 시작
[2025-06-11T02:56:12.597Z] DEBUG: active-win 모듈 로드 실패, 폴백 모드 사용: {
  "code": "ERR_DLOPEN_FAILED"
}
[2025-06-11T02:56:12.597Z] DEBUG: 브라우저 감지 시스템 초기화 완료
[2025-06-11T02:56:12.697Z] DEBUG: 워커 초기화 완료: 2025-06-11T02:56:12.509Z
[2025-06-11T02:56:12.697Z] DEBUG: 대기 중인 작업 0개 처리 시작
[2025-06-11T02:56:14.451Z] DEBUG: 설정에 따라 자동 모니터링 시작
[2025-06-11T02:56:14.451Z] DEBUG: 타이핑 추적 시작됨
[2025-06-11T03:16:29.328Z] DEBUG: [UpdateManager] Auto-update disabled in development mode
[2025-06-11T03:16:29.593Z] DEBUG: 설정 로드 중...
[2025-06-11T03:16:29.593Z] DEBUG: 설정 로드 완료: {
  "enabledCategories": {
    "docs": true,
    "office": true,
    "coding": true,
    "sns": true,
    "browser": true,
    "game": false,
    "media": true,
    "other": true
  },
  "autoStartMonitoring": true,
  "resumeAfterIdle": true,
  "idleTimeout": 300,
  "theme": "system",
  "windowMode": "windowed",
  "darkMode": false,
  "minimizeToTray": true,
  "showTrayNotifications": true,
  "enableMiniView": true,
  "enableAnimations": true,
  "fontSize": 14,
  "fontFamily": "system-ui",
  "useHardwareAcceleration": false,
  "enableGPUAcceleration": true,
  "gpuAccelerationLevel": 1,
  "processingMode": "auto",
  "reduceMemoryInBackground": true,
  "enableMemoryOptimization": true,
  "enableBackgroundCleanup": true,
  "garbageCollectionInterval": 60000,
  "maxMemoryThreshold": 100,
  "memoryCleanupInterval": 300000,
  "memoryThreshold": 80,
  "autoCleanupLogs": true,
  "maxHistoryItems": 500,
  "logRetentionDays": 30,
  "enableDataCollection": true,
  "enableAnalytics": false,
  "dataRetentionDays": 30,
  "enableAutoSave": true,
  "autoSaveInterval": 10000,
  "enableWPMDisplay": true,
  "enableAccuracyDisplay": true,
  "enableRealTimeStats": true,
  "enableTypingSound": false,
  "enableKeyboardShortcuts": true,
  "statsFilePath": "typing-stats.json",
  "keyboard": {
    "autoStart": true,
    "enableHangulSupport": true,
    "enableJamoTracking": true,
    "hangulMode": "auto",
    "jamoSeparation": true,
    "trackingInterval": 50
  },
  "windowSettings": {
    "miniSize": {
      "width": 400,
      "height": 300
    },
    "opacity": 1,
    "alwaysOnTop": false,
    "autoHide": false,
    "position": {
      "x": 100,
      "y": 100
    }
  },
  "windowOpacity": 1,
  "alwaysOnTop": false,
  "enableSystemMonitoring": true,
  "enablePerformanceLogging": false,
  "monitoringInterval": 1000,
  "enableCPUMonitoring": true,
  "enableMemoryMonitoring": true,
  "enableDiskMonitoring": false,
  "enableNotifications": true,
  "enableTrayNotifications": true,
  "enableDebugMode": true,
  "enableConsoleLogging": true,
  "enableErrorReporting": true,
  "logLevel": "debug",
  "__internal__": {
    "migrations": {
      "version": "36.4.0"
    }
  }
}
[2025-06-11T03:16:29.595Z] DEBUG: 설정 관리자 IPC 핸들러 등록 완료
[2025-06-11T03:16:29.723Z] DEBUG: 키보드 관련 IPC 핸들러 등록 완료
[2025-06-11T03:16:29.723Z] DEBUG: 추적 관련 IPC 핸들러 등록 중...
[2025-06-11T03:16:29.723Z] DEBUG: 키보드 관련 IPC 핸들러 등록 중...
[2025-06-11T03:16:29.723Z] DEBUG: 추적 관련 IPC 핸들러 등록 완료
[2025-06-11T03:16:29.790Z] DEBUG: 키보드 리스너 설정 성공
[2025-06-11T03:16:29.790Z] DEBUG: 키보드 핸들러 초기화 완료
[2025-06-11T03:16:29.790Z] DEBUG: 데이터 동기화 모듈 초기화 중...
[2025-06-11T03:16:29.790Z] DEBUG: 데이터베이스 클라이언트가 없어 폴백 모드로 실행
[2025-06-11T03:16:29.791Z] DEBUG: 통계 처리 시스템 초기화 시작
[2025-06-11T03:16:29.792Z] DEBUG: 통계 워커 초기화 시작됨
[2025-06-11T03:16:29.798Z] DEBUG: 통계 처리 시스템 초기화 완료
[2025-06-11T03:16:29.914Z] DEBUG: 브라우저 감지 시스템 초기화 시작
[2025-06-11T03:16:29.949Z] DEBUG: active-win 모듈 로드 실패, 폴백 모드 사용: {
  "code": "ERR_DLOPEN_FAILED"
}
[2025-06-11T03:16:29.949Z] DEBUG: 브라우저 감지 시스템 초기화 완료
[2025-06-11T03:16:30.054Z] DEBUG: 워커 초기화 완료: 2025-06-11T03:16:29.960Z
[2025-06-11T03:16:30.054Z] DEBUG: 대기 중인 작업 0개 처리 시작
[2025-06-11T03:16:31.792Z] DEBUG: 타이핑 추적 시작됨
[2025-06-11T03:16:31.792Z] DEBUG: 설정에 따라 자동 모니터링 시작
[2025-06-11T10:17:48.756Z] DEBUG: [UpdateManager] Auto-update disabled in development mode
[2025-06-11T10:17:48.842Z] DEBUG: 설정 로드 중...
[2025-06-11T10:17:48.842Z] DEBUG: 설정 관리자 IPC 핸들러 등록 완료
[2025-06-11T10:17:48.856Z] DEBUG: 키보드 관련 IPC 핸들러 등록 완료
[2025-06-11T10:17:48.856Z] DEBUG: 추적 관련 IPC 핸들러 등록 중...
[2025-06-11T10:17:48.842Z] DEBUG: 설정 로드 완료: {
  "enabledCategories": {
    "docs": true,
    "office": true,
    "coding": true,
    "sns": true,
    "browser": true,
    "game": false,
    "media": true,
    "other": true
  },
  "autoStartMonitoring": true,
  "resumeAfterIdle": true,
  "idleTimeout": 300,
  "theme": "system",
  "windowMode": "windowed",
  "darkMode": false,
  "minimizeToTray": true,
  "showTrayNotifications": true,
  "enableMiniView": true,
  "enableAnimations": true,
  "fontSize": 14,
  "fontFamily": "system-ui",
  "useHardwareAcceleration": false,
  "enableGPUAcceleration": true,
  "gpuAccelerationLevel": 1,
  "processingMode": "auto",
  "reduceMemoryInBackground": true,
  "enableMemoryOptimization": true,
  "enableBackgroundCleanup": true,
  "garbageCollectionInterval": 60000,
  "maxMemoryThreshold": 100,
  "memoryCleanupInterval": 300000,
  "memoryThreshold": 80,
  "autoCleanupLogs": true,
  "maxHistoryItems": 500,
  "logRetentionDays": 30,
  "enableDataCollection": true,
  "enableAnalytics": false,
  "dataRetentionDays": 30,
  "enableAutoSave": true,
  "autoSaveInterval": 10000,
  "enableWPMDisplay": true,
  "enableAccuracyDisplay": true,
  "enableRealTimeStats": true,
  "enableTypingSound": false,
  "enableKeyboardShortcuts": true,
  "statsFilePath": "typing-stats.json",
  "keyboard": {
    "autoStart": true,
    "enableHangulSupport": true,
    "enableJamoTracking": true,
    "hangulMode": "auto",
    "jamoSeparation": true,
    "trackingInterval": 50
  },
  "windowSettings": {
    "miniSize": {
      "width": 400,
      "height": 300
    },
    "opacity": 1,
    "alwaysOnTop": false,
    "autoHide": false,
    "position": {
      "x": 100,
      "y": 100
    }
  },
  "windowOpacity": 1,
  "alwaysOnTop": false,
  "enableSystemMonitoring": true,
  "enablePerformanceLogging": false,
  "monitoringInterval": 1000,
  "enableCPUMonitoring": true,
  "enableMemoryMonitoring": true,
  "enableDiskMonitoring": false,
  "enableNotifications": true,
  "enableTrayNotifications": true,
  "enableDebugMode": true,
  "enableConsoleLogging": true,
  "enableErrorReporting": true,
  "logLevel": "debug",
  "__internal__": {
    "migrations": {
      "version": "36.4.0"
    }
  }
}
[2025-06-11T10:17:48.900Z] DEBUG: 키보드 리스너 설정 성공
[2025-06-11T10:17:48.856Z] DEBUG: 키보드 관련 IPC 핸들러 등록 중...
[2025-06-11T10:17:48.900Z] DEBUG: 키보드 핸들러 초기화 완료
[2025-06-11T10:17:48.900Z] DEBUG: 데이터베이스 클라이언트가 없어 폴백 모드로 실행
[2025-06-11T10:17:48.856Z] DEBUG: 추적 관련 IPC 핸들러 등록 완료
[2025-06-11T10:17:48.900Z] DEBUG: 데이터 동기화 모듈 초기화 중...
[2025-06-11T10:17:48.900Z] DEBUG: 통계 처리 시스템 초기화 시작
[2025-06-11T10:17:48.938Z] DEBUG: 통계 처리 시스템 초기화 완료
[2025-06-11T10:17:48.901Z] DEBUG: 통계 워커 초기화 시작됨
[2025-06-11T10:17:48.989Z] DEBUG: 브라우저 감지 시스템 초기화 시작
[2025-06-11T10:17:49.018Z] DEBUG: active-win 모듈 로드 실패, 폴백 모드 사용: {
  "code": "ERR_DLOPEN_FAILED"
}
[2025-06-11T10:17:49.018Z] DEBUG: 브라우저 감지 시스템 초기화 완료
[2025-06-11T10:17:49.073Z] DEBUG: 워커 초기화 완료: 2025-06-11T10:17:48.940Z
[2025-06-11T10:17:49.073Z] DEBUG: 대기 중인 작업 0개 처리 시작
[2025-06-11T10:17:50.901Z] DEBUG: 설정에 따라 자동 모니터링 시작
[2025-06-11T10:17:50.901Z] DEBUG: 타이핑 추적 시작됨
[2025-06-11T10:36:36.326Z] DEBUG: [UpdateManager] Auto-update disabled in development mode
[2025-06-11T10:36:36.453Z] DEBUG: 설정 로드 중...
[2025-06-11T10:36:36.454Z] DEBUG: 설정 관리자 IPC 핸들러 등록 완료
[2025-06-11T10:36:36.454Z] DEBUG: 설정 로드 완료: {
  "enabledCategories": {
    "docs": true,
    "office": true,
    "coding": true,
    "sns": true,
    "browser": true,
    "game": false,
    "media": true,
    "other": true
  },
  "autoStartMonitoring": true,
  "resumeAfterIdle": true,
  "idleTimeout": 300,
  "theme": "system",
  "windowMode": "windowed",
  "darkMode": false,
  "minimizeToTray": true,
  "showTrayNotifications": true,
  "enableMiniView": true,
  "enableAnimations": true,
  "fontSize": 14,
  "fontFamily": "system-ui",
  "useHardwareAcceleration": false,
  "enableGPUAcceleration": true,
  "gpuAccelerationLevel": 1,
  "processingMode": "auto",
  "reduceMemoryInBackground": true,
  "enableMemoryOptimization": true,
  "enableBackgroundCleanup": true,
  "garbageCollectionInterval": 60000,
  "maxMemoryThreshold": 100,
  "memoryCleanupInterval": 300000,
  "memoryThreshold": 80,
  "autoCleanupLogs": true,
  "maxHistoryItems": 500,
  "logRetentionDays": 30,
  "enableDataCollection": true,
  "enableAnalytics": false,
  "dataRetentionDays": 30,
  "enableAutoSave": true,
  "autoSaveInterval": 10000,
  "enableWPMDisplay": true,
  "enableAccuracyDisplay": true,
  "enableRealTimeStats": true,
  "enableTypingSound": false,
  "enableKeyboardShortcuts": true,
  "statsFilePath": "typing-stats.json",
  "keyboard": {
    "autoStart": true,
    "enableHangulSupport": true,
    "enableJamoTracking": true,
    "hangulMode": "auto",
    "jamoSeparation": true,
    "trackingInterval": 50
  },
  "windowSettings": {
    "miniSize": {
      "width": 400,
      "height": 300
    },
    "opacity": 1,
    "alwaysOnTop": false,
    "autoHide": false,
    "position": {
      "x": 100,
      "y": 100
    }
  },
  "windowOpacity": 1,
  "alwaysOnTop": false,
  "enableSystemMonitoring": true,
  "enablePerformanceLogging": false,
  "monitoringInterval": 1000,
  "enableCPUMonitoring": true,
  "enableMemoryMonitoring": true,
  "enableDiskMonitoring": false,
  "enableNotifications": true,
  "enableTrayNotifications": true,
  "enableDebugMode": true,
  "enableConsoleLogging": true,
  "enableErrorReporting": true,
  "logLevel": "debug",
  "__internal__": {
    "migrations": {
      "version": "36.4.0"
    }
  }
}
[2025-06-11T10:36:36.484Z] DEBUG: 키보드 관련 IPC 핸들러 등록 중...
[2025-06-11T10:36:36.484Z] DEBUG: 추적 관련 IPC 핸들러 등록 완료
[2025-06-11T10:36:36.484Z] DEBUG: 키보드 관련 IPC 핸들러 등록 완료
[2025-06-11T10:36:36.529Z] DEBUG: 키보드 리스너 설정 성공
[2025-06-11T10:36:36.484Z] DEBUG: 추적 관련 IPC 핸들러 등록 중...
[2025-06-11T10:36:36.529Z] DEBUG: 데이터 동기화 모듈 초기화 중...
[2025-06-11T10:36:36.529Z] DEBUG: 데이터베이스 클라이언트가 없어 폴백 모드로 실행
[2025-06-11T10:36:36.529Z] DEBUG: 키보드 핸들러 초기화 완료
[2025-06-11T10:36:36.529Z] DEBUG: 통계 처리 시스템 초기화 시작
[2025-06-11T10:36:36.530Z] DEBUG: 통계 워커 초기화 시작됨
[2025-06-11T10:36:36.536Z] DEBUG: 통계 처리 시스템 초기화 완료
[2025-06-11T10:36:36.612Z] DEBUG: 브라우저 감지 시스템 초기화 시작
[2025-06-11T10:36:36.645Z] DEBUG: 브라우저 감지 시스템 초기화 완료
[2025-06-11T10:36:36.645Z] DEBUG: active-win 모듈 로드 실패, 폴백 모드 사용: {
  "code": "ERR_DLOPEN_FAILED"
}
[2025-06-11T10:36:36.710Z] DEBUG: 워커 초기화 완료: 2025-06-11T10:36:36.574Z
[2025-06-11T10:36:36.710Z] DEBUG: 대기 중인 작업 0개 처리 시작
[2025-06-11T10:36:38.533Z] DEBUG: 설정에 따라 자동 모니터링 시작
[2025-06-11T10:36:38.533Z] DEBUG: 타이핑 추적 시작됨
[2025-06-11T11:05:41.138Z] DEBUG: [UpdateManager] Auto-update disabled in development mode
[2025-06-11T11:05:41.234Z] DEBUG: 설정 로드 중...
[2025-06-11T11:05:41.235Z] DEBUG: 설정 로드 완료: {
  "enabledCategories": {
    "docs": true,
    "office": true,
    "coding": true,
    "sns": true,
    "browser": true,
    "game": false,
    "media": true,
    "other": true
  },
  "autoStartMonitoring": true,
  "resumeAfterIdle": true,
  "idleTimeout": 300,
  "theme": "system",
  "windowMode": "windowed",
  "darkMode": false,
  "minimizeToTray": true,
  "showTrayNotifications": true,
  "enableMiniView": true,
  "enableAnimations": true,
  "fontSize": 14,
  "fontFamily": "system-ui",
  "useHardwareAcceleration": false,
  "enableGPUAcceleration": true,
  "gpuAccelerationLevel": 1,
  "processingMode": "auto",
  "reduceMemoryInBackground": true,
  "enableMemoryOptimization": true,
  "enableBackgroundCleanup": true,
  "garbageCollectionInterval": 60000,
  "maxMemoryThreshold": 100,
  "memoryCleanupInterval": 300000,
  "memoryThreshold": 80,
  "autoCleanupLogs": true,
  "maxHistoryItems": 500,
  "logRetentionDays": 30,
  "enableDataCollection": true,
  "enableAnalytics": false,
  "dataRetentionDays": 30,
  "enableAutoSave": true,
  "autoSaveInterval": 10000,
  "enableWPMDisplay": true,
  "enableAccuracyDisplay": true,
  "enableRealTimeStats": true,
  "enableTypingSound": false,
  "enableKeyboardShortcuts": true,
  "statsFilePath": "typing-stats.json",
  "keyboard": {
    "autoStart": true,
    "enableHangulSupport": true,
    "enableJamoTracking": true,
    "hangulMode": "auto",
    "jamoSeparation": true,
    "trackingInterval": 50
  },
  "windowSettings": {
    "miniSize": {
      "width": 400,
      "height": 300
    },
    "opacity": 1,
    "alwaysOnTop": false,
    "autoHide": false,
    "position": {
      "x": 100,
      "y": 100
    }
  },
  "windowOpacity": 1,
  "alwaysOnTop": false,
  "enableSystemMonitoring": true,
  "enablePerformanceLogging": false,
  "monitoringInterval": 1000,
  "enableCPUMonitoring": true,
  "enableMemoryMonitoring": true,
  "enableDiskMonitoring": false,
  "enableNotifications": true,
  "enableTrayNotifications": true,
  "enableDebugMode": true,
  "enableConsoleLogging": true,
  "enableErrorReporting": true,
  "logLevel": "debug",
  "__internal__": {
    "migrations": {
      "version": "36.4.0"
    }
  }
}
[2025-06-11T11:05:41.235Z] DEBUG: 설정 관리자 IPC 핸들러 등록 완료
[2025-06-11T11:05:41.256Z] DEBUG: 추적 관련 IPC 핸들러 등록 중...
[2025-06-11T11:05:41.256Z] DEBUG: 추적 관련 IPC 핸들러 등록 완료
[2025-06-11T11:05:41.256Z] DEBUG: 키보드 관련 IPC 핸들러 등록 중...
[2025-06-11T11:05:41.301Z] DEBUG: 키보드 리스너 설정 성공
[2025-06-11T11:05:41.256Z] DEBUG: 키보드 관련 IPC 핸들러 등록 완료
[2025-06-11T11:05:41.301Z] DEBUG: 데이터 동기화 모듈 초기화 중...
[2025-06-11T11:05:41.301Z] DEBUG: 데이터베이스 클라이언트가 없어 폴백 모드로 실행
[2025-06-11T11:05:41.301Z] DEBUG: 키보드 핸들러 초기화 완료
[2025-06-11T11:05:41.301Z] DEBUG: 통계 처리 시스템 초기화 시작
[2025-06-11T11:05:41.307Z] DEBUG: 통계 처리 시스템 초기화 완료
[2025-06-11T11:05:41.302Z] DEBUG: 통계 워커 초기화 시작됨
[2025-06-11T11:05:41.372Z] DEBUG: 브라우저 감지 시스템 초기화 시작
[2025-06-11T11:05:41.393Z] DEBUG: 브라우저 감지 시스템 초기화 완료
[2025-06-11T11:05:41.393Z] DEBUG: active-win 모듈 로드 실패, 폴백 모드 사용: {
  "code": "ERR_DLOPEN_FAILED"
}
[2025-06-11T11:05:41.465Z] DEBUG: 워커 초기화 완료: 2025-06-11T11:05:41.347Z
[2025-06-11T11:05:41.465Z] DEBUG: 대기 중인 작업 0개 처리 시작
[2025-06-11T11:05:43.302Z] DEBUG: 설정에 따라 자동 모니터링 시작
[2025-06-11T11:05:43.303Z] DEBUG: 타이핑 추적 시작됨
[2025-06-11T11:10:38.318Z] DEBUG: GPU 설정 변경 알림 전송
[2025-06-11T11:10:39.677Z] DEBUG: [UpdateManager] Auto-update disabled in development mode
[2025-06-11T11:10:39.741Z] DEBUG: 설정 로드 중...
[2025-06-11T11:10:39.742Z] DEBUG: 레거시 설정 발견, 마이그레이션 중...
[2025-06-11T11:10:39.743Z] DEBUG: 설정 로드 완료: {
  "enabledCategories": {
    "docs": true,
    "office": true,
    "coding": true,
    "sns": true,
    "browser": true,
    "game": false,
    "media": true,
    "other": true
  },
  "autoStartMonitoring": true,
  "resumeAfterIdle": true,
  "idleTimeout": 300,
  "theme": "system",
  "windowMode": "windowed",
  "darkMode": false,
  "minimizeToTray": true,
  "showTrayNotifications": true,
  "enableMiniView": true,
  "enableAnimations": true,
  "fontSize": 14,
  "fontFamily": "system-ui",
  "useHardwareAcceleration": false,
  "enableGPUAcceleration": false,
  "gpuAccelerationLevel": 1,
  "processingMode": "auto",
  "reduceMemoryInBackground": true,
  "enableMemoryOptimization": true,
  "enableBackgroundCleanup": true,
  "garbageCollectionInterval": 60000,
  "maxMemoryThreshold": 100,
  "memoryCleanupInterval": 300000,
  "memoryThreshold": 80,
  "autoCleanupLogs": true,
  "maxHistoryItems": 500,
  "logRetentionDays": 30,
  "enableDataCollection": true,
  "enableAnalytics": false,
  "dataRetentionDays": 30,
  "enableAutoSave": true,
  "autoSaveInterval": 10000,
  "enableWPMDisplay": true,
  "enableAccuracyDisplay": true,
  "enableRealTimeStats": true,
  "enableTypingSound": false,
  "enableKeyboardShortcuts": true,
  "statsFilePath": "typing-stats.json",
  "keyboard": {
    "autoStart": true,
    "enableHangulSupport": true,
    "enableJamoTracking": true,
    "hangulMode": "auto",
    "jamoSeparation": true,
    "trackingInterval": 50
  },
  "windowSettings": {
    "miniSize": {
      "width": 400,
      "height": 300
    },
    "opacity": 1,
    "alwaysOnTop": false,
    "autoHide": false,
    "position": {
      "x": 100,
      "y": 100
    }
  },
  "windowOpacity": 1,
  "alwaysOnTop": false,
  "enableSystemMonitoring": true,
  "enablePerformanceLogging": false,
  "monitoringInterval": 1000,
  "enableCPUMonitoring": true,
  "enableMemoryMonitoring": true,
  "enableDiskMonitoring": false,
  "enableNotifications": true,
  "enableTrayNotifications": true,
  "enableDebugMode": true,
  "enableConsoleLogging": true,
  "enableErrorReporting": true,
  "logLevel": "debug",
  "__internal__": {
    "migrations": {
      "version": "36.4.0"
    }
  }
}
[2025-06-11T11:10:39.743Z] DEBUG: 설정 관리자 IPC 핸들러 등록 완료
[2025-06-11T11:10:39.753Z] DEBUG: 키보드 관련 IPC 핸들러 등록 중...
[2025-06-11T11:10:39.753Z] DEBUG: 키보드 관련 IPC 핸들러 등록 완료
[2025-06-11T11:10:39.793Z] DEBUG: 키보드 리스너 설정 성공
[2025-06-11T11:10:39.753Z] DEBUG: 추적 관련 IPC 핸들러 등록 중...
[2025-06-11T11:10:39.753Z] DEBUG: 추적 관련 IPC 핸들러 등록 완료
[2025-06-11T11:10:39.793Z] DEBUG: 키보드 핸들러 초기화 완료
[2025-06-11T11:10:39.793Z] DEBUG: 데이터 동기화 모듈 초기화 중...
[2025-06-11T11:10:39.793Z] DEBUG: 데이터베이스 클라이언트가 없어 폴백 모드로 실행
[2025-06-11T11:10:39.793Z] DEBUG: 통계 처리 시스템 초기화 시작
[2025-06-11T11:10:39.794Z] DEBUG: 통계 워커 초기화 시작됨
[2025-06-11T11:10:39.796Z] DEBUG: 통계 처리 시스템 초기화 완료
[2025-06-11T11:10:39.839Z] DEBUG: 브라우저 감지 시스템 초기화 시작
[2025-06-11T11:10:39.861Z] DEBUG: active-win 모듈 로드 실패, 폴백 모드 사용: {
  "code": "ERR_DLOPEN_FAILED"
}
[2025-06-11T11:10:39.861Z] DEBUG: 브라우저 감지 시스템 초기화 완료
[2025-06-11T11:10:39.898Z] DEBUG: 워커 초기화 완료: 2025-06-11T11:10:39.823Z
[2025-06-11T11:10:39.898Z] DEBUG: 대기 중인 작업 0개 처리 시작
[2025-06-11T11:10:41.796Z] DEBUG: 설정에 따라 자동 모니터링 시작
[2025-06-11T11:10:41.796Z] DEBUG: 타이핑 추적 시작됨
[2025-06-11T11:10:45.863Z] DEBUG: [UpdateManager] Auto-update disabled in development mode
[2025-06-11T11:10:45.906Z] DEBUG: 설정 로드 중...
[2025-06-11T11:10:45.907Z] DEBUG: 레거시 설정 발견, 마이그레이션 중...
[2025-06-11T11:10:45.907Z] DEBUG: 설정 로드 완료: {
  "enabledCategories": {
    "docs": true,
    "office": true,
    "coding": true,
    "sns": true,
    "browser": true,
    "game": false,
    "media": true,
    "other": true
  },
  "autoStartMonitoring": true,
  "resumeAfterIdle": true,
  "idleTimeout": 300,
  "theme": "system",
  "windowMode": "windowed",
  "darkMode": false,
  "minimizeToTray": true,
  "showTrayNotifications": true,
  "enableMiniView": true,
  "enableAnimations": true,
  "fontSize": 14,
  "fontFamily": "system-ui",
  "useHardwareAcceleration": false,
  "enableGPUAcceleration": false,
  "gpuAccelerationLevel": 1,
  "processingMode": "auto",
  "reduceMemoryInBackground": true,
  "enableMemoryOptimization": true,
  "enableBackgroundCleanup": true,
  "garbageCollectionInterval": 60000,
  "maxMemoryThreshold": 100,
  "memoryCleanupInterval": 300000,
  "memoryThreshold": 80,
  "autoCleanupLogs": true,
  "maxHistoryItems": 500,
  "logRetentionDays": 30,
  "enableDataCollection": true,
  "enableAnalytics": false,
  "dataRetentionDays": 30,
  "enableAutoSave": true,
  "autoSaveInterval": 10000,
  "enableWPMDisplay": true,
  "enableAccuracyDisplay": true,
  "enableRealTimeStats": true,
  "enableTypingSound": false,
  "enableKeyboardShortcuts": true,
  "statsFilePath": "typing-stats.json",
  "keyboard": {
    "autoStart": true,
    "enableHangulSupport": true,
    "enableJamoTracking": true,
    "hangulMode": "auto",
    "jamoSeparation": true,
    "trackingInterval": 50
  },
  "windowSettings": {
    "miniSize": {
      "width": 400,
      "height": 300
    },
    "opacity": 1,
    "alwaysOnTop": false,
    "autoHide": false,
    "position": {
      "x": 100,
      "y": 100
    }
  },
  "windowOpacity": 1,
  "alwaysOnTop": false,
  "enableSystemMonitoring": true,
  "enablePerformanceLogging": false,
  "monitoringInterval": 1000,
  "enableCPUMonitoring": true,
  "enableMemoryMonitoring": true,
  "enableDiskMonitoring": false,
  "enableNotifications": true,
  "enableTrayNotifications": true,
  "enableDebugMode": true,
  "enableConsoleLogging": true,
  "enableErrorReporting": true,
  "logLevel": "debug",
  "__internal__": {
    "migrations": {
      "version": "36.4.0"
    }
  }
}
[2025-06-11T11:10:45.907Z] DEBUG: 설정 관리자 IPC 핸들러 등록 완료
[2025-06-11T11:10:45.917Z] DEBUG: 키보드 관련 IPC 핸들러 등록 중...
[2025-06-11T11:10:45.917Z] DEBUG: 키보드 관련 IPC 핸들러 등록 완료
[2025-06-11T11:10:45.917Z] DEBUG: 추적 관련 IPC 핸들러 등록 중...
[2025-06-11T11:10:45.917Z] DEBUG: 추적 관련 IPC 핸들러 등록 완료
[2025-06-11T11:10:45.958Z] DEBUG: 키보드 리스너 설정 성공
[2025-06-11T11:10:45.958Z] DEBUG: 데이터 동기화 모듈 초기화 중...
[2025-06-11T11:10:45.958Z] DEBUG: 데이터베이스 클라이언트가 없어 폴백 모드로 실행
[2025-06-11T11:10:45.958Z] DEBUG: 키보드 핸들러 초기화 완료
[2025-06-11T11:10:45.958Z] DEBUG: 통계 처리 시스템 초기화 시작
[2025-06-11T11:10:45.959Z] DEBUG: 통계 워커 초기화 시작됨
[2025-06-11T11:10:45.961Z] DEBUG: 통계 처리 시스템 초기화 완료
[2025-06-11T11:10:46.004Z] DEBUG: 브라우저 감지 시스템 초기화 시작
[2025-06-11T11:10:46.014Z] DEBUG: 브라우저 감지 시스템 초기화 완료
[2025-06-11T11:10:46.014Z] DEBUG: active-win 모듈 로드 실패, 폴백 모드 사용: {
  "code": "ERR_DLOPEN_FAILED"
}
[2025-06-11T11:10:46.051Z] DEBUG: 대기 중인 작업 0개 처리 시작
[2025-06-11T11:10:46.051Z] DEBUG: 워커 초기화 완료: 2025-06-11T11:10:45.987Z
[2025-06-11T11:10:47.959Z] DEBUG: 설정에 따라 자동 모니터링 시작
[2025-06-11T11:10:47.959Z] DEBUG: 타이핑 추적 시작됨
[2025-06-11T11:11:14.079Z] DEBUG: GPU 설정 변경 알림 전송
[2025-06-11T11:11:14.982Z] DEBUG: [UpdateManager] Auto-update disabled in development mode
[2025-06-11T11:11:15.038Z] DEBUG: 설정 로드 중...
[2025-06-11T11:11:15.039Z] DEBUG: 레거시 설정 발견, 마이그레이션 중...
[2025-06-11T11:11:15.039Z] DEBUG: 설정 로드 완료: {
  "enabledCategories": {
    "docs": true,
    "office": true,
    "coding": true,
    "sns": true,
    "browser": true,
    "game": false,
    "media": true,
    "other": true
  },
  "autoStartMonitoring": true,
  "resumeAfterIdle": true,
  "idleTimeout": 300,
  "theme": "system",
  "windowMode": "windowed",
  "darkMode": false,
  "minimizeToTray": true,
  "showTrayNotifications": true,
  "enableMiniView": true,
  "enableAnimations": true,
  "fontSize": 14,
  "fontFamily": "system-ui",
  "useHardwareAcceleration": false,
  "enableGPUAcceleration": true,
  "gpuAccelerationLevel": 1,
  "processingMode": "auto",
  "reduceMemoryInBackground": true,
  "enableMemoryOptimization": true,
  "enableBackgroundCleanup": true,
  "garbageCollectionInterval": 60000,
  "maxMemoryThreshold": 100,
  "memoryCleanupInterval": 300000,
  "memoryThreshold": 80,
  "autoCleanupLogs": true,
  "maxHistoryItems": 500,
  "logRetentionDays": 30,
  "enableDataCollection": true,
  "enableAnalytics": false,
  "dataRetentionDays": 30,
  "enableAutoSave": true,
  "autoSaveInterval": 10000,
  "enableWPMDisplay": true,
  "enableAccuracyDisplay": true,
  "enableRealTimeStats": true,
  "enableTypingSound": false,
  "enableKeyboardShortcuts": true,
  "statsFilePath": "typing-stats.json",
  "keyboard": {
    "autoStart": true,
    "enableHangulSupport": true,
    "enableJamoTracking": true,
    "hangulMode": "auto",
    "jamoSeparation": true,
    "trackingInterval": 50
  },
  "windowSettings": {
    "miniSize": {
      "width": 400,
      "height": 300
    },
    "opacity": 1,
    "alwaysOnTop": false,
    "autoHide": false,
    "position": {
      "x": 100,
      "y": 100
    }
  },
  "windowOpacity": 1,
  "alwaysOnTop": false,
  "enableSystemMonitoring": true,
  "enablePerformanceLogging": false,
  "monitoringInterval": 1000,
  "enableCPUMonitoring": true,
  "enableMemoryMonitoring": true,
  "enableDiskMonitoring": false,
  "enableNotifications": true,
  "enableTrayNotifications": true,
  "enableDebugMode": true,
  "enableConsoleLogging": true,
  "enableErrorReporting": true,
  "logLevel": "debug",
  "__internal__": {
    "migrations": {
      "version": "36.4.0"
    }
  }
}
[2025-06-11T11:11:15.039Z] DEBUG: 설정 관리자 IPC 핸들러 등록 완료
[2025-06-11T11:11:15.049Z] DEBUG: 키보드 관련 IPC 핸들러 등록 중...
[2025-06-11T11:11:15.049Z] DEBUG: 키보드 관련 IPC 핸들러 등록 완료
[2025-06-11T11:11:15.049Z] DEBUG: 추적 관련 IPC 핸들러 등록 중...
[2025-06-11T11:11:15.049Z] DEBUG: 추적 관련 IPC 핸들러 등록 완료
[2025-06-11T11:11:15.085Z] DEBUG: 키보드 리스너 설정 성공
[2025-06-11T11:11:15.085Z] DEBUG: 데이터 동기화 모듈 초기화 중...
[2025-06-11T11:11:15.085Z] DEBUG: 데이터베이스 클라이언트가 없어 폴백 모드로 실행
[2025-06-11T11:11:15.085Z] DEBUG: 키보드 핸들러 초기화 완료
[2025-06-11T11:11:15.086Z] DEBUG: 통계 처리 시스템 초기화 시작
[2025-06-11T11:11:15.086Z] DEBUG: 통계 워커 초기화 시작됨
[2025-06-11T11:11:15.088Z] DEBUG: 통계 처리 시스템 초기화 완료
[2025-06-11T11:11:15.131Z] DEBUG: 브라우저 감지 시스템 초기화 시작
[2025-06-11T11:11:15.152Z] DEBUG: 브라우저 감지 시스템 초기화 완료
[2025-06-11T11:11:15.152Z] DEBUG: active-win 모듈 로드 실패, 폴백 모드 사용: {
  "code": "ERR_DLOPEN_FAILED"
}
[2025-06-11T11:11:15.200Z] DEBUG: 대기 중인 작업 0개 처리 시작
[2025-06-11T11:11:15.200Z] DEBUG: 워커 초기화 완료: 2025-06-11T11:11:15.117Z
[2025-06-11T11:11:17.090Z] DEBUG: 설정에 따라 자동 모니터링 시작
[2025-06-11T11:11:17.090Z] DEBUG: 타이핑 추적 시작됨
[2025-06-11T11:21:54.687Z] DEBUG: [UpdateManager] Auto-update disabled in development mode
[2025-06-11T11:21:54.835Z] DEBUG: 설정 로드 중...
[2025-06-11T11:21:54.837Z] DEBUG: 레거시 설정 발견, 마이그레이션 중...
[2025-06-11T11:21:54.837Z] DEBUG: 설정 로드 완료: {
  "enabledCategories": {
    "docs": true,
    "office": true,
    "coding": true,
    "sns": true,
    "browser": true,
    "game": false,
    "media": true,
    "other": true
  },
  "autoStartMonitoring": true,
  "resumeAfterIdle": true,
  "idleTimeout": 300,
  "theme": "system",
  "windowMode": "windowed",
  "darkMode": false,
  "minimizeToTray": true,
  "showTrayNotifications": true,
  "enableMiniView": true,
  "enableAnimations": true,
  "fontSize": 14,
  "fontFamily": "system-ui",
  "useHardwareAcceleration": false,
  "enableGPUAcceleration": true,
  "gpuAccelerationLevel": 1,
  "processingMode": "auto",
  "reduceMemoryInBackground": true,
  "enableMemoryOptimization": true,
  "enableBackgroundCleanup": true,
  "garbageCollectionInterval": 60000,
  "maxMemoryThreshold": 100,
  "memoryCleanupInterval": 300000,
  "memoryThreshold": 80,
  "autoCleanupLogs": true,
  "maxHistoryItems": 500,
  "logRetentionDays": 30,
  "enableDataCollection": true,
  "enableAnalytics": false,
  "dataRetentionDays": 30,
  "enableAutoSave": true,
  "autoSaveInterval": 10000,
  "enableWPMDisplay": true,
  "enableAccuracyDisplay": true,
  "enableRealTimeStats": true,
  "enableTypingSound": false,
  "enableKeyboardShortcuts": true,
  "statsFilePath": "typing-stats.json",
  "keyboard": {
    "autoStart": true,
    "enableHangulSupport": true,
    "enableJamoTracking": true,
    "hangulMode": "auto",
    "jamoSeparation": true,
    "trackingInterval": 50
  },
  "windowSettings": {
    "miniSize": {
      "width": 400,
      "height": 300
    },
    "opacity": 1,
    "alwaysOnTop": false,
    "autoHide": false,
    "position": {
      "x": 100,
      "y": 100
    }
  },
  "windowOpacity": 1,
  "alwaysOnTop": false,
  "enableSystemMonitoring": true,
  "enablePerformanceLogging": false,
  "monitoringInterval": 1000,
  "enableCPUMonitoring": true,
  "enableMemoryMonitoring": true,
  "enableDiskMonitoring": false,
  "enableNotifications": true,
  "enableTrayNotifications": true,
  "enableDebugMode": true,
  "enableConsoleLogging": true,
  "enableErrorReporting": true,
  "logLevel": "debug",
  "__internal__": {
    "migrations": {
      "version": "36.4.0"
    }
  }
}
[2025-06-11T11:21:54.838Z] DEBUG: 설정 관리자 IPC 핸들러 등록 완료
[2025-06-11T11:21:54.883Z] DEBUG: 키보드 관련 IPC 핸들러 등록 완료
[2025-06-11T11:21:54.883Z] DEBUG: 키보드 관련 IPC 핸들러 등록 중...
[2025-06-11T11:21:54.883Z] DEBUG: 추적 관련 IPC 핸들러 등록 중...
[2025-06-11T11:21:54.883Z] DEBUG: 추적 관련 IPC 핸들러 등록 완료
[2025-06-11T11:21:54.924Z] DEBUG: 키보드 리스너 설정 성공
[2025-06-11T11:21:54.924Z] DEBUG: 데이터 동기화 모듈 초기화 중...
[2025-06-11T11:21:54.924Z] DEBUG: 데이터베이스 클라이언트가 없어 폴백 모드로 실행
[2025-06-11T11:21:54.924Z] DEBUG: 키보드 핸들러 초기화 완료
[2025-06-11T11:21:54.924Z] DEBUG: 통계 처리 시스템 초기화 시작
[2025-06-11T11:21:54.930Z] DEBUG: 통계 처리 시스템 초기화 완료
[2025-06-11T11:21:54.925Z] DEBUG: 통계 워커 초기화 시작됨
[2025-06-11T11:21:55.020Z] DEBUG: 브라우저 감지 시스템 초기화 시작
[2025-06-11T11:21:55.039Z] DEBUG: active-win 모듈 로드 실패, 폴백 모드 사용: {
  "code": "ERR_DLOPEN_FAILED"
}
[2025-06-11T11:21:55.039Z] DEBUG: 브라우저 감지 시스템 초기화 완료
[2025-06-11T11:21:55.115Z] DEBUG: 워커 초기화 완료: 2025-06-11T11:21:54.964Z
[2025-06-11T11:21:55.115Z] DEBUG: 대기 중인 작업 0개 처리 시작
[2025-06-11T11:21:56.927Z] DEBUG: 설정에 따라 자동 모니터링 시작
[2025-06-11T11:21:56.927Z] DEBUG: 타이핑 추적 시작됨
