[2025-06-14T00:11:44.576Z] DEBUG: [UpdateManager] Auto-update disabled in development mode
[2025-06-14T00:11:44.703Z] DEBUG: 설정 로드 중...
[2025-06-14T00:11:44.704Z] DEBUG: 레거시 설정 발견, 마이그레이션 중...
[2025-06-14T00:11:44.704Z] DEBUG: 설정 로드 완료: {
  "enabledCategories": {
    "docs": true,
    "office": true,
    "coding": true,
    "sns": true,
    "browser": true,
    "game": false,
    "media": true,
    "other": true
  },
  "autoStartMonitoring": true,
  "resumeAfterIdle": true,
  "idleTimeout": 300,
  "theme": "system",
  "windowMode": "windowed",
  "darkMode": false,
  "minimizeToTray": true,
  "showTrayNotifications": true,
  "enableMiniView": true,
  "enableAnimations": true,
  "fontSize": 14,
  "fontFamily": "system-ui",
  "useHardwareAcceleration": false,
  "enableGPUAcceleration": true,
  "gpuAccelerationLevel": 1,
  "processingMode": "auto",
  "reduceMemoryInBackground": true,
  "enableMemoryOptimization": true,
  "enableBackgroundCleanup": true,
  "garbageCollectionInterval": 60000,
  "maxMemoryThreshold": 100,
  "memoryCleanupInterval": 300000,
  "memoryThreshold": 80,
  "autoCleanupLogs": true,
  "maxHistoryItems": 500,
  "logRetentionDays": 30,
  "enableDataCollection": true,
  "enableAnalytics": false,
  "dataRetentionDays": 30,
  "enableAutoSave": true,
  "autoSaveInterval": 10000,
  "enableWPMDisplay": true,
  "enableAccuracyDisplay": true,
  "enableRealTimeStats": true,
  "enableTypingSound": false,
  "enableKeyboardShortcuts": true,
  "statsFilePath": "typing-stats.json",
  "keyboard": {
    "autoStart": true,
    "enableHangulSupport": true,
    "enableJamoTracking": true,
    "hangulMode": "auto",
    "jamoSeparation": true,
    "trackingInterval": 50
  },
  "windowSettings": {
    "miniSize": {
      "width": 400,
      "height": 300
    },
    "opacity": 1,
    "alwaysOnTop": false,
    "autoHide": false,
    "position": {
      "x": 100,
      "y": 100
    }
  },
  "windowOpacity": 1,
  "alwaysOnTop": false,
  "enableSystemMonitoring": true,
  "enablePerformanceLogging": false,
  "monitoringInterval": 1000,
  "enableCPUMonitoring": true,
  "enableMemoryMonitoring": true,
  "enableDiskMonitoring": false,
  "enableNotifications": true,
  "enableTrayNotifications": true,
  "enableDebugMode": true,
  "enableConsoleLogging": true,
  "enableErrorReporting": true,
  "logLevel": "debug",
  "__internal__": {
    "migrations": {
      "version": "36.4.0"
    }
  }
}
[2025-06-14T00:11:44.737Z] DEBUG: 키보드 관련 IPC 핸들러 등록 중...
[2025-06-14T00:11:44.737Z] DEBUG: 추적 관련 IPC 핸들러 등록 중...
[2025-06-14T00:11:44.737Z] DEBUG: 키보드 관련 IPC 핸들러 등록 완료
[2025-06-14T00:11:44.737Z] DEBUG: 추적 관련 IPC 핸들러 등록 완료
[2025-06-14T00:11:44.782Z] DEBUG: 데이터 동기화 모듈 초기화 중...
[2025-06-14T00:11:44.705Z] DEBUG: 설정 관리자 IPC 핸들러 등록 완료
[2025-06-14T00:11:44.782Z] DEBUG: 키보드 핸들러 초기화 완료
[2025-06-14T00:11:44.782Z] DEBUG: 데이터베이스 클라이언트가 없어 폴백 모드로 실행
[2025-06-14T00:11:44.782Z] DEBUG: 통계 처리 시스템 초기화 시작
[2025-06-14T00:11:44.782Z] DEBUG: 키보드 리스너 설정 성공
[2025-06-14T00:11:44.783Z] DEBUG: 통계 워커 초기화 시작됨
[2025-06-14T00:11:44.792Z] DEBUG: 통계 처리 시스템 초기화 완료
[2025-06-14T00:11:44.860Z] DEBUG: 브라우저 감지 시스템 초기화 시작
[2025-06-14T00:11:44.891Z] DEBUG: active-win 모듈 로드 실패, 폴백 모드 사용: {
  "code": "ERR_DLOPEN_FAILED"
}
[2025-06-14T00:11:44.891Z] DEBUG: 브라우저 감지 시스템 초기화 완료
[2025-06-14T00:11:44.982Z] DEBUG: 워커 초기화 완료: 2025-06-14T00:11:44.820Z
[2025-06-14T00:11:44.982Z] DEBUG: 대기 중인 작업 0개 처리 시작
[2025-06-14T00:11:46.784Z] DEBUG: 설정에 따라 자동 모니터링 시작
[2025-06-14T00:11:46.784Z] DEBUG: 타이핑 추적 시작됨
[2025-06-14T00:20:36.443Z] DEBUG: [UpdateManager] Auto-update disabled in development mode
[2025-06-14T00:20:36.606Z] DEBUG: 설정 로드 중...
[2025-06-14T00:20:36.608Z] DEBUG: 레거시 설정 발견, 마이그레이션 중...
[2025-06-14T00:20:36.608Z] DEBUG: 설정 로드 완료: {
  "enabledCategories": {
    "docs": true,
    "office": true,
    "coding": true,
    "sns": true,
    "browser": true,
    "game": false,
    "media": true,
    "other": true
  },
  "autoStartMonitoring": true,
  "resumeAfterIdle": true,
  "idleTimeout": 300,
  "theme": "system",
  "windowMode": "windowed",
  "darkMode": false,
  "minimizeToTray": true,
  "showTrayNotifications": true,
  "enableMiniView": true,
  "enableAnimations": true,
  "fontSize": 14,
  "fontFamily": "system-ui",
  "useHardwareAcceleration": false,
  "enableGPUAcceleration": true,
  "gpuAccelerationLevel": 1,
  "processingMode": "auto",
  "reduceMemoryInBackground": true,
  "enableMemoryOptimization": true,
  "enableBackgroundCleanup": true,
  "garbageCollectionInterval": 60000,
  "maxMemoryThreshold": 100,
  "memoryCleanupInterval": 300000,
  "memoryThreshold": 80,
  "autoCleanupLogs": true,
  "maxHistoryItems": 500,
  "logRetentionDays": 30,
  "enableDataCollection": true,
  "enableAnalytics": false,
  "dataRetentionDays": 30,
  "enableAutoSave": true,
  "autoSaveInterval": 10000,
  "enableWPMDisplay": true,
  "enableAccuracyDisplay": true,
  "enableRealTimeStats": true,
  "enableTypingSound": false,
  "enableKeyboardShortcuts": true,
  "statsFilePath": "typing-stats.json",
  "keyboard": {
    "autoStart": true,
    "enableHangulSupport": true,
    "enableJamoTracking": true,
    "hangulMode": "auto",
    "jamoSeparation": true,
    "trackingInterval": 50
  },
  "windowSettings": {
    "miniSize": {
      "width": 400,
      "height": 300
    },
    "opacity": 1,
    "alwaysOnTop": false,
    "autoHide": false,
    "position": {
      "x": 100,
      "y": 100
    }
  },
  "windowOpacity": 1,
  "alwaysOnTop": false,
  "enableSystemMonitoring": true,
  "enablePerformanceLogging": false,
  "monitoringInterval": 1000,
  "enableCPUMonitoring": true,
  "enableMemoryMonitoring": true,
  "enableDiskMonitoring": false,
  "enableNotifications": true,
  "enableTrayNotifications": true,
  "enableDebugMode": true,
  "enableConsoleLogging": true,
  "enableErrorReporting": true,
  "logLevel": "debug",
  "__internal__": {
    "migrations": {
      "version": "36.4.0"
    }
  }
}
[2025-06-14T00:20:36.608Z] DEBUG: 설정 관리자 IPC 핸들러 등록 완료
[2025-06-14T00:20:36.639Z] DEBUG: 키보드 관련 IPC 핸들러 등록 중...
[2025-06-14T00:20:36.640Z] DEBUG: 키보드 관련 IPC 핸들러 등록 완료
[2025-06-14T00:20:36.685Z] DEBUG: 키보드 리스너 설정 성공
[2025-06-14T00:20:36.640Z] DEBUG: 추적 관련 IPC 핸들러 등록 완료
[2025-06-14T00:20:36.685Z] DEBUG: 통계 처리 시스템 초기화 시작
[2025-06-14T00:20:36.685Z] DEBUG: 데이터 동기화 모듈 초기화 중...
[2025-06-14T00:20:36.685Z] DEBUG: 키보드 핸들러 초기화 완료
[2025-06-14T00:20:36.685Z] DEBUG: 데이터베이스 클라이언트가 없어 폴백 모드로 실행
[2025-06-14T00:20:36.705Z] DEBUG: 통계 처리 시스템 초기화 완료
[2025-06-14T00:20:36.686Z] DEBUG: 통계 워커 초기화 시작됨
[2025-06-14T00:20:36.640Z] DEBUG: 추적 관련 IPC 핸들러 등록 중...
[2025-06-14T00:20:36.794Z] DEBUG: 브라우저 감지 시스템 초기화 시작
[2025-06-14T00:20:36.821Z] DEBUG: 브라우저 감지 시스템 초기화 완료
[2025-06-14T00:20:36.821Z] DEBUG: active-win 모듈 로드 실패, 폴백 모드 사용: {
  "code": "ERR_DLOPEN_FAILED"
}
[2025-06-14T00:20:36.912Z] DEBUG: 대기 중인 작업 0개 처리 시작
[2025-06-14T00:20:36.912Z] DEBUG: 워커 초기화 완료: 2025-06-14T00:20:36.783Z
[2025-06-14T00:20:38.686Z] DEBUG: 설정에 따라 자동 모니터링 시작
[2025-06-14T00:20:38.687Z] DEBUG: 타이핑 추적 시작됨
[2025-06-14T01:10:01.374Z] DEBUG: [UpdateManager] Auto-update disabled in development mode
[2025-06-14T01:10:01.595Z] DEBUG: 설정 로드 중...
[2025-06-14T01:10:01.597Z] DEBUG: 레거시 설정 발견, 마이그레이션 중...
[2025-06-14T01:10:01.597Z] DEBUG: 설정 로드 완료: {
  "enabledCategories": {
    "docs": true,
    "office": true,
    "coding": true,
    "sns": true,
    "browser": true,
    "game": false,
    "media": true,
    "other": true
  },
  "autoStartMonitoring": true,
  "resumeAfterIdle": true,
  "idleTimeout": 300,
  "theme": "system",
  "windowMode": "windowed",
  "darkMode": false,
  "minimizeToTray": true,
  "showTrayNotifications": true,
  "enableMiniView": true,
  "enableAnimations": true,
  "fontSize": 14,
  "fontFamily": "system-ui",
  "useHardwareAcceleration": false,
  "enableGPUAcceleration": true,
  "gpuAccelerationLevel": 1,
  "processingMode": "auto",
  "reduceMemoryInBackground": true,
  "enableMemoryOptimization": true,
  "enableBackgroundCleanup": true,
  "garbageCollectionInterval": 60000,
  "maxMemoryThreshold": 100,
  "memoryCleanupInterval": 300000,
  "memoryThreshold": 80,
  "autoCleanupLogs": true,
  "maxHistoryItems": 500,
  "logRetentionDays": 30,
  "enableDataCollection": true,
  "enableAnalytics": false,
  "dataRetentionDays": 30,
  "enableAutoSave": true,
  "autoSaveInterval": 10000,
  "enableWPMDisplay": true,
  "enableAccuracyDisplay": true,
  "enableRealTimeStats": true,
  "enableTypingSound": false,
  "enableKeyboardShortcuts": true,
  "statsFilePath": "typing-stats.json",
  "keyboard": {
    "autoStart": true,
    "enableHangulSupport": true,
    "enableJamoTracking": true,
    "hangulMode": "auto",
    "jamoSeparation": true,
    "trackingInterval": 50
  },
  "windowSettings": {
    "miniSize": {
      "width": 400,
      "height": 300
    },
    "opacity": 1,
    "alwaysOnTop": false,
    "autoHide": false,
    "position": {
      "x": 100,
      "y": 100
    }
  },
  "windowOpacity": 1,
  "alwaysOnTop": false,
  "enableSystemMonitoring": true,
  "enablePerformanceLogging": false,
  "monitoringInterval": 1000,
  "enableCPUMonitoring": true,
  "enableMemoryMonitoring": true,
  "enableDiskMonitoring": false,
  "enableNotifications": true,
  "enableTrayNotifications": true,
  "enableDebugMode": true,
  "enableConsoleLogging": true,
  "enableErrorReporting": true,
  "logLevel": "debug",
  "__internal__": {
    "migrations": {
      "version": "36.4.0"
    }
  }
}
[2025-06-14T01:10:01.598Z] DEBUG: 설정 관리자 IPC 핸들러 등록 완료
[2025-06-14T01:10:01.681Z] DEBUG: 추적 관련 IPC 핸들러 등록 완료
[2025-06-14T01:10:01.681Z] DEBUG: 추적 관련 IPC 핸들러 등록 중...
[2025-06-14T01:10:01.756Z] DEBUG: 키보드 리스너 설정 성공
[2025-06-14T01:10:01.756Z] DEBUG: 키보드 핸들러 초기화 완료
[2025-06-14T01:10:01.681Z] DEBUG: 키보드 관련 IPC 핸들러 등록 중...
[2025-06-14T01:10:01.681Z] DEBUG: 키보드 관련 IPC 핸들러 등록 완료
[2025-06-14T01:10:01.756Z] DEBUG: 데이터 동기화 모듈 초기화 중...
[2025-06-14T01:10:01.756Z] DEBUG: 데이터베이스 클라이언트가 없어 폴백 모드로 실행
[2025-06-14T01:10:01.757Z] DEBUG: 통계 처리 시스템 초기화 시작
[2025-06-14T01:10:01.758Z] DEBUG: 통계 워커 초기화 시작됨
[2025-06-14T01:10:01.762Z] DEBUG: 통계 처리 시스템 초기화 완료
[2025-06-14T01:10:01.856Z] DEBUG: 브라우저 감지 시스템 초기화 시작
[2025-06-14T01:10:01.881Z] DEBUG: 브라우저 감지 시스템 초기화 완료
[2025-06-14T01:10:01.881Z] DEBUG: active-win 모듈 로드 실패, 폴백 모드 사용: {
  "code": "ERR_DLOPEN_FAILED"
}
[2025-06-14T01:10:01.969Z] DEBUG: 워커 초기화 완료: 2025-06-14T01:10:01.904Z
[2025-06-14T01:10:01.969Z] DEBUG: 대기 중인 작업 0개 처리 시작
[2025-06-14T01:10:03.759Z] DEBUG: 설정에 따라 자동 모니터링 시작
[2025-06-14T01:10:03.760Z] DEBUG: 타이핑 추적 시작됨
[2025-06-14T03:19:57.419Z] DEBUG: [UpdateManager] Auto-update disabled in development mode
[2025-06-14T03:19:57.587Z] DEBUG: 설정 로드 중...
[2025-06-14T03:19:57.588Z] DEBUG: 레거시 설정 발견, 마이그레이션 중...
[2025-06-14T03:19:57.589Z] DEBUG: 설정 로드 완료: {
  "enabledCategories": {
    "docs": true,
    "office": true,
    "coding": true,
    "sns": true,
    "browser": true,
    "game": false,
    "media": true,
    "other": true
  },
  "autoStartMonitoring": true,
  "resumeAfterIdle": true,
  "idleTimeout": 300,
  "theme": "system",
  "windowMode": "windowed",
  "darkMode": false,
  "minimizeToTray": true,
  "showTrayNotifications": true,
  "enableMiniView": true,
  "enableAnimations": true,
  "fontSize": 14,
  "fontFamily": "system-ui",
  "useHardwareAcceleration": false,
  "enableGPUAcceleration": true,
  "gpuAccelerationLevel": 1,
  "processingMode": "auto",
  "reduceMemoryInBackground": true,
  "enableMemoryOptimization": true,
  "enableBackgroundCleanup": true,
  "garbageCollectionInterval": 60000,
  "maxMemoryThreshold": 100,
  "memoryCleanupInterval": 300000,
  "memoryThreshold": 80,
  "autoCleanupLogs": true,
  "maxHistoryItems": 500,
  "logRetentionDays": 30,
  "enableDataCollection": true,
  "enableAnalytics": false,
  "dataRetentionDays": 30,
  "enableAutoSave": true,
  "autoSaveInterval": 10000,
  "enableWPMDisplay": true,
  "enableAccuracyDisplay": true,
  "enableRealTimeStats": true,
  "enableTypingSound": false,
  "enableKeyboardShortcuts": true,
  "statsFilePath": "typing-stats.json",
  "keyboard": {
    "autoStart": true,
    "enableHangulSupport": true,
    "enableJamoTracking": true,
    "hangulMode": "auto",
    "jamoSeparation": true,
    "trackingInterval": 50
  },
  "windowSettings": {
    "miniSize": {
      "width": 400,
      "height": 300
    },
    "opacity": 1,
    "alwaysOnTop": false,
    "autoHide": false,
    "position": {
      "x": 100,
      "y": 100
    }
  },
  "windowOpacity": 1,
  "alwaysOnTop": false,
  "enableSystemMonitoring": true,
  "enablePerformanceLogging": false,
  "monitoringInterval": 1000,
  "enableCPUMonitoring": true,
  "enableMemoryMonitoring": true,
  "enableDiskMonitoring": false,
  "enableNotifications": true,
  "enableTrayNotifications": true,
  "enableDebugMode": true,
  "enableConsoleLogging": true,
  "enableErrorReporting": true,
  "logLevel": "debug",
  "__internal__": {
    "migrations": {
      "version": "36.4.0"
    }
  }
}
[2025-06-14T03:19:57.638Z] DEBUG: 추적 관련 IPC 핸들러 등록 중...
[2025-06-14T03:19:57.638Z] DEBUG: 키보드 관련 IPC 핸들러 등록 중...
[2025-06-14T03:19:57.638Z] DEBUG: 추적 관련 IPC 핸들러 등록 완료
[2025-06-14T03:19:57.589Z] DEBUG: 설정 관리자 IPC 핸들러 등록 완료
[2025-06-14T03:19:57.638Z] DEBUG: 키보드 관련 IPC 핸들러 등록 완료
[2025-06-14T03:19:57.686Z] DEBUG: 데이터베이스 클라이언트가 없어 폴백 모드로 실행
[2025-06-14T03:19:57.686Z] DEBUG: 데이터 동기화 모듈 초기화 중...
[2025-06-14T03:19:57.686Z] DEBUG: 키보드 리스너 설정 성공
[2025-06-14T03:19:57.686Z] DEBUG: 키보드 핸들러 초기화 완료
[2025-06-14T03:19:57.686Z] DEBUG: 통계 처리 시스템 초기화 시작
[2025-06-14T03:19:57.688Z] DEBUG: 통계 워커 초기화 시작됨
[2025-06-14T03:19:57.693Z] DEBUG: 통계 처리 시스템 초기화 완료
[2025-06-14T03:19:57.789Z] DEBUG: 브라우저 감지 시스템 초기화 시작
[2025-06-14T03:19:57.818Z] DEBUG: active-win 모듈 로드 실패, 폴백 모드 사용: {
  "code": "ERR_DLOPEN_FAILED"
}
[2025-06-14T03:19:57.818Z] DEBUG: 브라우저 감지 시스템 초기화 완료
[2025-06-14T03:19:57.920Z] DEBUG: 워커 초기화 완료: 2025-06-14T03:19:57.721Z
[2025-06-14T03:19:57.920Z] DEBUG: 대기 중인 작업 0개 처리 시작
[2025-06-14T03:19:59.687Z] DEBUG: 타이핑 추적 시작됨
[2025-06-14T03:19:59.687Z] DEBUG: 설정에 따라 자동 모니터링 시작
[2025-06-14T06:41:45.399Z] DEBUG: [UpdateManager] Auto-update disabled in development mode
[2025-06-14T06:41:45.516Z] DEBUG: 설정 로드 중...
[2025-06-14T06:41:45.519Z] DEBUG: 레거시 설정 발견, 마이그레이션 중...
[2025-06-14T06:41:45.519Z] DEBUG: 설정 관리자 IPC 핸들러 등록 완료
[2025-06-14T06:41:45.519Z] DEBUG: 설정 로드 완료: {
  "enabledCategories": {
    "docs": true,
    "office": true,
    "coding": true,
    "sns": true,
    "browser": true,
    "game": false,
    "media": true,
    "other": true
  },
  "autoStartMonitoring": true,
  "resumeAfterIdle": true,
  "idleTimeout": 300,
  "theme": "system",
  "windowMode": "windowed",
  "darkMode": false,
  "minimizeToTray": true,
  "showTrayNotifications": true,
  "enableMiniView": true,
  "enableAnimations": true,
  "fontSize": 14,
  "fontFamily": "system-ui",
  "useHardwareAcceleration": false,
  "enableGPUAcceleration": true,
  "gpuAccelerationLevel": 1,
  "processingMode": "auto",
  "reduceMemoryInBackground": true,
  "enableMemoryOptimization": true,
  "enableBackgroundCleanup": true,
  "garbageCollectionInterval": 60000,
  "maxMemoryThreshold": 100,
  "memoryCleanupInterval": 300000,
  "memoryThreshold": 80,
  "autoCleanupLogs": true,
  "maxHistoryItems": 500,
  "logRetentionDays": 30,
  "enableDataCollection": true,
  "enableAnalytics": false,
  "dataRetentionDays": 30,
  "enableAutoSave": true,
  "autoSaveInterval": 10000,
  "enableWPMDisplay": true,
  "enableAccuracyDisplay": true,
  "enableRealTimeStats": true,
  "enableTypingSound": false,
  "enableKeyboardShortcuts": true,
  "statsFilePath": "typing-stats.json",
  "keyboard": {
    "autoStart": true,
    "enableHangulSupport": true,
    "enableJamoTracking": true,
    "hangulMode": "auto",
    "jamoSeparation": true,
    "trackingInterval": 50
  },
  "windowSettings": {
    "miniSize": {
      "width": 400,
      "height": 300
    },
    "opacity": 1,
    "alwaysOnTop": false,
    "autoHide": false,
    "position": {
      "x": 100,
      "y": 100
    }
  },
  "windowOpacity": 1,
  "alwaysOnTop": false,
  "enableSystemMonitoring": true,
  "enablePerformanceLogging": false,
  "monitoringInterval": 1000,
  "enableCPUMonitoring": true,
  "enableMemoryMonitoring": true,
  "enableDiskMonitoring": false,
  "enableNotifications": true,
  "enableTrayNotifications": true,
  "enableDebugMode": true,
  "enableConsoleLogging": true,
  "enableErrorReporting": true,
  "logLevel": "debug",
  "__internal__": {
    "migrations": {
      "version": "36.4.0"
    }
  }
}
[2025-06-14T06:41:45.557Z] DEBUG: 키보드 관련 IPC 핸들러 등록 중...
[2025-06-14T06:41:45.557Z] DEBUG: 키보드 관련 IPC 핸들러 등록 완료
[2025-06-14T06:41:45.557Z] DEBUG: 추적 관련 IPC 핸들러 등록 중...
[2025-06-14T06:41:45.557Z] DEBUG: 추적 관련 IPC 핸들러 등록 완료
[2025-06-14T06:41:45.606Z] DEBUG: 키보드 리스너 설정 성공
[2025-06-14T06:41:45.606Z] DEBUG: 키보드 핸들러 초기화 완료
[2025-06-14T06:41:45.606Z] DEBUG: 데이터 동기화 모듈 초기화 중...
[2025-06-14T06:41:45.606Z] DEBUG: 데이터베이스 클라이언트가 없어 폴백 모드로 실행
[2025-06-14T06:41:45.606Z] DEBUG: 통계 처리 시스템 초기화 시작
[2025-06-14T06:41:45.607Z] DEBUG: 통계 워커 초기화 시작됨
[2025-06-14T06:41:45.612Z] DEBUG: 통계 처리 시스템 초기화 완료
[2025-06-14T06:41:45.684Z] DEBUG: 브라우저 감지 시스템 초기화 시작
[2025-06-14T06:41:45.713Z] DEBUG: active-win 모듈 로드 실패, 폴백 모드 사용: {
  "code": "ERR_DLOPEN_FAILED"
}
[2025-06-14T06:41:45.713Z] DEBUG: 브라우저 감지 시스템 초기화 완료
[2025-06-14T06:41:45.802Z] DEBUG: 워커 초기화 완료: 2025-06-14T06:41:45.646Z
[2025-06-14T06:41:45.802Z] DEBUG: 대기 중인 작업 0개 처리 시작
[2025-06-14T06:41:47.606Z] DEBUG: 설정에 따라 자동 모니터링 시작
[2025-06-14T06:41:47.606Z] DEBUG: 타이핑 추적 시작됨
[2025-06-14T06:45:29.507Z] DEBUG: GPU 설정 변경 알림 전송
[2025-06-14T06:45:33.710Z] DEBUG: [UpdateManager] Auto-update disabled in development mode
[2025-06-14T06:45:33.783Z] DEBUG: 설정 로드 중...
[2025-06-14T06:45:33.784Z] DEBUG: 레거시 설정 발견, 마이그레이션 중...
[2025-06-14T06:45:33.784Z] DEBUG: 설정 로드 완료: {
  "enabledCategories": {
    "docs": true,
    "office": true,
    "coding": true,
    "sns": true,
    "browser": true,
    "game": false,
    "media": true,
    "other": true
  },
  "autoStartMonitoring": true,
  "resumeAfterIdle": true,
  "idleTimeout": 300,
  "theme": "system",
  "windowMode": "windowed",
  "darkMode": false,
  "minimizeToTray": true,
  "showTrayNotifications": true,
  "enableMiniView": true,
  "enableAnimations": true,
  "fontSize": 14,
  "fontFamily": "system-ui",
  "useHardwareAcceleration": false,
  "enableGPUAcceleration": false,
  "gpuAccelerationLevel": 1,
  "processingMode": "auto",
  "reduceMemoryInBackground": true,
  "enableMemoryOptimization": true,
  "enableBackgroundCleanup": true,
  "garbageCollectionInterval": 60000,
  "maxMemoryThreshold": 100,
  "memoryCleanupInterval": 300000,
  "memoryThreshold": 80,
  "autoCleanupLogs": true,
  "maxHistoryItems": 500,
  "logRetentionDays": 30,
  "enableDataCollection": true,
  "enableAnalytics": false,
  "dataRetentionDays": 30,
  "enableAutoSave": true,
  "autoSaveInterval": 10000,
  "enableWPMDisplay": true,
  "enableAccuracyDisplay": true,
  "enableRealTimeStats": true,
  "enableTypingSound": false,
  "enableKeyboardShortcuts": true,
  "statsFilePath": "typing-stats.json",
  "keyboard": {
    "autoStart": true,
    "enableHangulSupport": true,
    "enableJamoTracking": true,
    "hangulMode": "auto",
    "jamoSeparation": true,
    "trackingInterval": 50
  },
  "windowSettings": {
    "miniSize": {
      "width": 400,
      "height": 300
    },
    "opacity": 1,
    "alwaysOnTop": false,
    "autoHide": false,
    "position": {
      "x": 100,
      "y": 100
    }
  },
  "windowOpacity": 1,
  "alwaysOnTop": false,
  "enableSystemMonitoring": true,
  "enablePerformanceLogging": false,
  "monitoringInterval": 1000,
  "enableCPUMonitoring": true,
  "enableMemoryMonitoring": true,
  "enableDiskMonitoring": false,
  "enableNotifications": true,
  "enableTrayNotifications": true,
  "enableDebugMode": true,
  "enableConsoleLogging": true,
  "enableErrorReporting": true,
  "logLevel": "debug",
  "__internal__": {
    "migrations": {
      "version": "36.4.0"
    }
  }
}
[2025-06-14T06:45:33.784Z] DEBUG: 설정 관리자 IPC 핸들러 등록 완료
[2025-06-14T06:45:33.796Z] DEBUG: 추적 관련 IPC 핸들러 등록 중...
[2025-06-14T06:45:33.796Z] DEBUG: 추적 관련 IPC 핸들러 등록 완료
[2025-06-14T06:45:33.796Z] DEBUG: 키보드 관련 IPC 핸들러 등록 완료
[2025-06-14T06:45:33.796Z] DEBUG: 키보드 관련 IPC 핸들러 등록 중...
[2025-06-14T06:45:33.830Z] DEBUG: 키보드 리스너 설정 성공
[2025-06-14T06:45:33.830Z] DEBUG: 키보드 핸들러 초기화 완료
[2025-06-14T06:45:33.830Z] DEBUG: 데이터 동기화 모듈 초기화 중...
[2025-06-14T06:45:33.830Z] DEBUG: 데이터베이스 클라이언트가 없어 폴백 모드로 실행
[2025-06-14T06:45:33.830Z] DEBUG: 통계 처리 시스템 초기화 시작
[2025-06-14T06:45:33.831Z] DEBUG: 통계 워커 초기화 시작됨
[2025-06-14T06:45:33.833Z] DEBUG: 통계 처리 시스템 초기화 완료
[2025-06-14T06:45:33.877Z] DEBUG: 브라우저 감지 시스템 초기화 시작
[2025-06-14T06:45:33.904Z] DEBUG: active-win 모듈 로드 실패, 폴백 모드 사용: {
  "code": "ERR_DLOPEN_FAILED"
}
[2025-06-14T06:45:33.904Z] DEBUG: 브라우저 감지 시스템 초기화 완료
[2025-06-14T06:45:33.969Z] DEBUG: 대기 중인 작업 0개 처리 시작
[2025-06-14T06:45:33.969Z] DEBUG: 워커 초기화 완료: 2025-06-14T06:45:33.863Z
[2025-06-14T06:45:35.831Z] DEBUG: 설정에 따라 자동 모니터링 시작
[2025-06-14T06:45:35.832Z] DEBUG: 타이핑 추적 시작됨
[2025-06-14T07:14:53.493Z] DEBUG: [UpdateManager] Auto-update disabled in development mode
[2025-06-14T07:14:53.623Z] DEBUG: 설정 로드 중...
[2025-06-14T07:14:53.625Z] DEBUG: 레거시 설정 발견, 마이그레이션 중...
[2025-06-14T07:14:53.625Z] DEBUG: 설정 관리자 IPC 핸들러 등록 완료
[2025-06-14T07:14:53.670Z] DEBUG: 키보드 관련 IPC 핸들러 등록 완료
[2025-06-14T07:14:53.625Z] DEBUG: 설정 로드 완료: {
  "enabledCategories": {
    "docs": true,
    "office": true,
    "coding": true,
    "sns": true,
    "browser": true,
    "game": false,
    "media": true,
    "other": true
  },
  "autoStartMonitoring": true,
  "resumeAfterIdle": true,
  "idleTimeout": 300,
  "theme": "system",
  "windowMode": "windowed",
  "darkMode": false,
  "minimizeToTray": true,
  "showTrayNotifications": true,
  "enableMiniView": true,
  "enableAnimations": true,
  "fontSize": 14,
  "fontFamily": "system-ui",
  "useHardwareAcceleration": false,
  "enableGPUAcceleration": false,
  "gpuAccelerationLevel": 1,
  "processingMode": "auto",
  "reduceMemoryInBackground": true,
  "enableMemoryOptimization": true,
  "enableBackgroundCleanup": true,
  "garbageCollectionInterval": 60000,
  "maxMemoryThreshold": 100,
  "memoryCleanupInterval": 300000,
  "memoryThreshold": 80,
  "autoCleanupLogs": true,
  "maxHistoryItems": 500,
  "logRetentionDays": 30,
  "enableDataCollection": true,
  "enableAnalytics": false,
  "dataRetentionDays": 30,
  "enableAutoSave": true,
  "autoSaveInterval": 10000,
  "enableWPMDisplay": true,
  "enableAccuracyDisplay": true,
  "enableRealTimeStats": true,
  "enableTypingSound": false,
  "enableKeyboardShortcuts": true,
  "statsFilePath": "typing-stats.json",
  "keyboard": {
    "autoStart": true,
    "enableHangulSupport": true,
    "enableJamoTracking": true,
    "hangulMode": "auto",
    "jamoSeparation": true,
    "trackingInterval": 50
  },
  "windowSettings": {
    "miniSize": {
      "width": 400,
      "height": 300
    },
    "opacity": 1,
    "alwaysOnTop": false,
    "autoHide": false,
    "position": {
      "x": 100,
      "y": 100
    }
  },
  "windowOpacity": 1,
  "alwaysOnTop": false,
  "enableSystemMonitoring": true,
  "enablePerformanceLogging": false,
  "monitoringInterval": 1000,
  "enableCPUMonitoring": true,
  "enableMemoryMonitoring": true,
  "enableDiskMonitoring": false,
  "enableNotifications": true,
  "enableTrayNotifications": true,
  "enableDebugMode": true,
  "enableConsoleLogging": true,
  "enableErrorReporting": true,
  "logLevel": "debug",
  "__internal__": {
    "migrations": {
      "version": "36.4.0"
    }
  }
}
[2025-06-14T07:14:53.670Z] DEBUG: 키보드 관련 IPC 핸들러 등록 중...
[2025-06-14T07:14:53.670Z] DEBUG: 추적 관련 IPC 핸들러 등록 중...
[2025-06-14T07:14:53.670Z] DEBUG: 추적 관련 IPC 핸들러 등록 완료
[2025-06-14T07:14:53.709Z] DEBUG: 데이터 동기화 모듈 초기화 중...
[2025-06-14T07:14:53.709Z] DEBUG: 키보드 리스너 설정 성공
[2025-06-14T07:14:53.709Z] DEBUG: 키보드 핸들러 초기화 완료
[2025-06-14T07:14:53.710Z] DEBUG: 데이터베이스 클라이언트가 없어 폴백 모드로 실행
[2025-06-14T07:14:53.711Z] DEBUG: 통계 워커 초기화 시작됨
[2025-06-14T07:14:53.716Z] DEBUG: 통계 처리 시스템 초기화 완료
[2025-06-14T07:14:53.710Z] DEBUG: 통계 처리 시스템 초기화 시작
[2025-06-14T07:14:53.793Z] DEBUG: 브라우저 감지 시스템 초기화 시작
[2025-06-14T07:14:53.819Z] DEBUG: 브라우저 감지 시스템 초기화 완료
[2025-06-14T07:14:53.819Z] DEBUG: active-win 모듈 로드 실패, 폴백 모드 사용: {
  "code": "ERR_DLOPEN_FAILED"
}
[2025-06-14T07:14:53.903Z] DEBUG: 워커 초기화 완료: 2025-06-14T07:14:53.748Z
[2025-06-14T07:14:53.903Z] DEBUG: 대기 중인 작업 0개 처리 시작
[2025-06-14T07:14:55.711Z] DEBUG: 설정에 따라 자동 모니터링 시작
[2025-06-14T07:14:55.711Z] DEBUG: 타이핑 추적 시작됨
[2025-06-14T07:31:01.775Z] DEBUG: [UpdateManager] Auto-update disabled in development mode
[2025-06-14T07:31:01.911Z] DEBUG: 설정 로드 중...
[2025-06-14T07:31:01.913Z] DEBUG: 레거시 설정 발견, 마이그레이션 중...
[2025-06-14T07:31:01.913Z] DEBUG: 설정 로드 완료: {
  "enabledCategories": {
    "docs": true,
    "office": true,
    "coding": true,
    "sns": true,
    "browser": true,
    "game": false,
    "media": true,
    "other": true
  },
  "autoStartMonitoring": true,
  "resumeAfterIdle": true,
  "idleTimeout": 300,
  "theme": "system",
  "windowMode": "windowed",
  "darkMode": false,
  "minimizeToTray": true,
  "showTrayNotifications": true,
  "enableMiniView": true,
  "enableAnimations": true,
  "fontSize": 14,
  "fontFamily": "system-ui",
  "useHardwareAcceleration": false,
  "enableGPUAcceleration": false,
  "gpuAccelerationLevel": 1,
  "processingMode": "auto",
  "reduceMemoryInBackground": true,
  "enableMemoryOptimization": true,
  "enableBackgroundCleanup": true,
  "garbageCollectionInterval": 60000,
  "maxMemoryThreshold": 100,
  "memoryCleanupInterval": 300000,
  "memoryThreshold": 80,
  "autoCleanupLogs": true,
  "maxHistoryItems": 500,
  "logRetentionDays": 30,
  "enableDataCollection": true,
  "enableAnalytics": false,
  "dataRetentionDays": 30,
  "enableAutoSave": true,
  "autoSaveInterval": 10000,
  "enableWPMDisplay": true,
  "enableAccuracyDisplay": true,
  "enableRealTimeStats": true,
  "enableTypingSound": false,
  "enableKeyboardShortcuts": true,
  "statsFilePath": "typing-stats.json",
  "keyboard": {
    "autoStart": true,
    "enableHangulSupport": true,
    "enableJamoTracking": true,
    "hangulMode": "auto",
    "jamoSeparation": true,
    "trackingInterval": 50
  },
  "windowSettings": {
    "miniSize": {
      "width": 400,
      "height": 300
    },
    "opacity": 1,
    "alwaysOnTop": false,
    "autoHide": false,
    "position": {
      "x": 100,
      "y": 100
    }
  },
  "windowOpacity": 1,
  "alwaysOnTop": false,
  "enableSystemMonitoring": true,
  "enablePerformanceLogging": false,
  "monitoringInterval": 1000,
  "enableCPUMonitoring": true,
  "enableMemoryMonitoring": true,
  "enableDiskMonitoring": false,
  "enableNotifications": true,
  "enableTrayNotifications": true,
  "enableDebugMode": true,
  "enableConsoleLogging": true,
  "enableErrorReporting": true,
  "logLevel": "debug",
  "__internal__": {
    "migrations": {
      "version": "36.4.0"
    }
  }
}
[2025-06-14T07:31:01.951Z] DEBUG: 키보드 관련 IPC 핸들러 등록 중...
[2025-06-14T07:31:01.951Z] DEBUG: 키보드 관련 IPC 핸들러 등록 완료
[2025-06-14T07:31:01.951Z] DEBUG: 추적 관련 IPC 핸들러 등록 완료
[2025-06-14T07:31:01.913Z] DEBUG: 설정 관리자 IPC 핸들러 등록 완료
[2025-06-14T07:31:01.951Z] DEBUG: 추적 관련 IPC 핸들러 등록 중...
[2025-06-14T07:31:01.999Z] DEBUG: 키보드 리스너 설정 성공
[2025-06-14T07:31:01.999Z] DEBUG: 키보드 핸들러 초기화 완료
[2025-06-14T07:31:01.999Z] DEBUG: 데이터 동기화 모듈 초기화 중...
[2025-06-14T07:31:01.999Z] DEBUG: 데이터베이스 클라이언트가 없어 폴백 모드로 실행
[2025-06-14T07:31:01.999Z] DEBUG: 통계 처리 시스템 초기화 시작
[2025-06-14T07:31:02.006Z] DEBUG: 통계 처리 시스템 초기화 완료
[2025-06-14T07:31:02.000Z] DEBUG: 통계 워커 초기화 시작됨
[2025-06-14T07:31:02.095Z] DEBUG: 브라우저 감지 시스템 초기화 시작
[2025-06-14T07:31:02.117Z] DEBUG: active-win 모듈 로드 실패, 폴백 모드 사용: {
  "code": "ERR_DLOPEN_FAILED"
}
[2025-06-14T07:31:02.117Z] DEBUG: 브라우저 감지 시스템 초기화 완료
[2025-06-14T07:31:02.226Z] DEBUG: 워커 초기화 완료: 2025-06-14T07:31:02.037Z
[2025-06-14T07:31:02.226Z] DEBUG: 대기 중인 작업 0개 처리 시작
[2025-06-14T07:31:03.999Z] DEBUG: 설정에 따라 자동 모니터링 시작
[2025-06-14T07:31:03.999Z] DEBUG: 타이핑 추적 시작됨
[2025-06-14T07:41:09.732Z] DEBUG: [UpdateManager] Auto-update disabled in development mode
[2025-06-14T07:41:09.942Z] DEBUG: 설정 로드 중...
[2025-06-14T07:41:09.945Z] DEBUG: 레거시 설정 발견, 마이그레이션 중...
[2025-06-14T07:41:09.946Z] DEBUG: 설정 관리자 IPC 핸들러 등록 완료
[2025-06-14T07:41:09.945Z] DEBUG: 설정 로드 완료: {
  "enabledCategories": {
    "docs": true,
    "office": true,
    "coding": true,
    "sns": true,
    "browser": true,
    "game": false,
    "media": true,
    "other": true
  },
  "autoStartMonitoring": true,
  "resumeAfterIdle": true,
  "idleTimeout": 300,
  "theme": "system",
  "windowMode": "windowed",
  "darkMode": false,
  "minimizeToTray": true,
  "showTrayNotifications": true,
  "enableMiniView": true,
  "enableAnimations": true,
  "fontSize": 14,
  "fontFamily": "system-ui",
  "useHardwareAcceleration": false,
  "enableGPUAcceleration": false,
  "gpuAccelerationLevel": 1,
  "processingMode": "auto",
  "reduceMemoryInBackground": true,
  "enableMemoryOptimization": true,
  "enableBackgroundCleanup": true,
  "garbageCollectionInterval": 60000,
  "maxMemoryThreshold": 100,
  "memoryCleanupInterval": 300000,
  "memoryThreshold": 80,
  "autoCleanupLogs": true,
  "maxHistoryItems": 500,
  "logRetentionDays": 30,
  "enableDataCollection": true,
  "enableAnalytics": false,
  "dataRetentionDays": 30,
  "enableAutoSave": true,
  "autoSaveInterval": 10000,
  "enableWPMDisplay": true,
  "enableAccuracyDisplay": true,
  "enableRealTimeStats": true,
  "enableTypingSound": false,
  "enableKeyboardShortcuts": true,
  "statsFilePath": "typing-stats.json",
  "keyboard": {
    "autoStart": true,
    "enableHangulSupport": true,
    "enableJamoTracking": true,
    "hangulMode": "auto",
    "jamoSeparation": true,
    "trackingInterval": 50
  },
  "windowSettings": {
    "miniSize": {
      "width": 400,
      "height": 300
    },
    "opacity": 1,
    "alwaysOnTop": false,
    "autoHide": false,
    "position": {
      "x": 100,
      "y": 100
    }
  },
  "windowOpacity": 1,
  "alwaysOnTop": false,
  "enableSystemMonitoring": true,
  "enablePerformanceLogging": false,
  "monitoringInterval": 1000,
  "enableCPUMonitoring": true,
  "enableMemoryMonitoring": true,
  "enableDiskMonitoring": false,
  "enableNotifications": true,
  "enableTrayNotifications": true,
  "enableDebugMode": true,
  "enableConsoleLogging": true,
  "enableErrorReporting": true,
  "logLevel": "debug",
  "__internal__": {
    "migrations": {
      "version": "36.4.0"
    }
  }
}
[2025-06-14T07:41:10.006Z] DEBUG: 키보드 관련 IPC 핸들러 등록 완료
[2025-06-14T07:41:10.006Z] DEBUG: 추적 관련 IPC 핸들러 등록 중...
[2025-06-14T07:41:10.006Z] DEBUG: 키보드 관련 IPC 핸들러 등록 중...
[2025-06-14T07:41:10.056Z] DEBUG: 키보드 리스너 설정 성공
[2025-06-14T07:41:10.006Z] DEBUG: 추적 관련 IPC 핸들러 등록 완료
[2025-06-14T07:41:10.056Z] DEBUG: 키보드 핸들러 초기화 완료
[2025-06-14T07:41:10.056Z] DEBUG: 데이터 동기화 모듈 초기화 중...
[2025-06-14T07:41:10.056Z] DEBUG: 통계 처리 시스템 초기화 시작
[2025-06-14T07:41:10.057Z] DEBUG: 통계 워커 초기화 시작됨
[2025-06-14T07:41:10.062Z] DEBUG: 통계 처리 시스템 초기화 완료
[2025-06-14T07:41:10.056Z] DEBUG: 데이터베이스 클라이언트가 없어 폴백 모드로 실행
[2025-06-14T07:41:10.187Z] DEBUG: 브라우저 감지 시스템 초기화 시작
[2025-06-14T07:41:10.216Z] DEBUG: 브라우저 감지 시스템 초기화 완료
[2025-06-14T07:41:10.215Z] DEBUG: active-win 모듈 로드 실패, 폴백 모드 사용: {
  "code": "ERR_DLOPEN_FAILED"
}
[2025-06-14T07:41:10.353Z] DEBUG: 워커 초기화 완료: 2025-06-14T07:41:10.121Z
[2025-06-14T07:41:10.353Z] DEBUG: 대기 중인 작업 0개 처리 시작
[2025-06-14T07:41:11.971Z] DEBUG: 설정에 따라 자동 모니터링 시작
[2025-06-14T07:41:11.972Z] DEBUG: 타이핑 추적 시작됨
[2025-06-14T07:44:27.604Z] DEBUG: [UpdateManager] Auto-update disabled in development mode
[2025-06-14T07:44:27.814Z] DEBUG: 설정 로드 중...
[2025-06-14T07:44:27.816Z] DEBUG: 레거시 설정 발견, 마이그레이션 중...
[2025-06-14T07:44:27.816Z] DEBUG: 설정 로드 완료: {
  "enabledCategories": {
    "docs": true,
    "office": true,
    "coding": true,
    "sns": true,
    "browser": true,
    "game": false,
    "media": true,
    "other": true
  },
  "autoStartMonitoring": true,
  "resumeAfterIdle": true,
  "idleTimeout": 300,
  "theme": "system",
  "windowMode": "windowed",
  "darkMode": false,
  "minimizeToTray": true,
  "showTrayNotifications": true,
  "enableMiniView": true,
  "enableAnimations": true,
  "fontSize": 14,
  "fontFamily": "system-ui",
  "useHardwareAcceleration": false,
  "enableGPUAcceleration": false,
  "gpuAccelerationLevel": 1,
  "processingMode": "auto",
  "reduceMemoryInBackground": true,
  "enableMemoryOptimization": true,
  "enableBackgroundCleanup": true,
  "garbageCollectionInterval": 60000,
  "maxMemoryThreshold": 100,
  "memoryCleanupInterval": 300000,
  "memoryThreshold": 80,
  "autoCleanupLogs": true,
  "maxHistoryItems": 500,
  "logRetentionDays": 30,
  "enableDataCollection": true,
  "enableAnalytics": false,
  "dataRetentionDays": 30,
  "enableAutoSave": true,
  "autoSaveInterval": 10000,
  "enableWPMDisplay": true,
  "enableAccuracyDisplay": true,
  "enableRealTimeStats": true,
  "enableTypingSound": false,
  "enableKeyboardShortcuts": true,
  "statsFilePath": "typing-stats.json",
  "keyboard": {
    "autoStart": true,
    "enableHangulSupport": true,
    "enableJamoTracking": true,
    "hangulMode": "auto",
    "jamoSeparation": true,
    "trackingInterval": 50
  },
  "windowSettings": {
    "miniSize": {
      "width": 400,
      "height": 300
    },
    "opacity": 1,
    "alwaysOnTop": false,
    "autoHide": false,
    "position": {
      "x": 100,
      "y": 100
    }
  },
  "windowOpacity": 1,
  "alwaysOnTop": false,
  "enableSystemMonitoring": true,
  "enablePerformanceLogging": false,
  "monitoringInterval": 1000,
  "enableCPUMonitoring": true,
  "enableMemoryMonitoring": true,
  "enableDiskMonitoring": false,
  "enableNotifications": true,
  "enableTrayNotifications": true,
  "enableDebugMode": true,
  "enableConsoleLogging": true,
  "enableErrorReporting": true,
  "logLevel": "debug",
  "__internal__": {
    "migrations": {
      "version": "36.4.0"
    }
  }
}
[2025-06-14T07:44:27.898Z] DEBUG: 키보드 관련 IPC 핸들러 등록 완료
[2025-06-14T07:44:27.898Z] DEBUG: 추적 관련 IPC 핸들러 등록 중...
[2025-06-14T07:44:27.898Z] DEBUG: 추적 관련 IPC 핸들러 등록 완료
[2025-06-14T07:44:27.816Z] DEBUG: 설정 관리자 IPC 핸들러 등록 완료
[2025-06-14T07:44:27.898Z] DEBUG: 키보드 관련 IPC 핸들러 등록 중...
[2025-06-14T07:44:27.966Z] DEBUG: 키보드 핸들러 초기화 완료
[2025-06-14T07:44:27.966Z] DEBUG: 키보드 리스너 설정 성공
[2025-06-14T07:44:27.966Z] DEBUG: 데이터 동기화 모듈 초기화 중...
[2025-06-14T07:44:27.966Z] DEBUG: 데이터베이스 클라이언트가 없어 폴백 모드로 실행
[2025-06-14T07:44:27.967Z] DEBUG: 통계 처리 시스템 초기화 시작
[2025-06-14T07:44:27.968Z] DEBUG: 통계 워커 초기화 시작됨
[2025-06-14T07:44:27.978Z] DEBUG: 통계 처리 시스템 초기화 완료
[2025-06-14T07:44:28.098Z] DEBUG: 브라우저 감지 시스템 초기화 시작
[2025-06-14T07:44:28.124Z] DEBUG: active-win 모듈 로드 실패, 폴백 모드 사용: {
  "code": "ERR_DLOPEN_FAILED"
}
[2025-06-14T07:44:28.124Z] DEBUG: 브라우저 감지 시스템 초기화 완료
[2025-06-14T07:44:28.255Z] DEBUG: 워커 초기화 완료: 2025-06-14T07:44:28.020Z
[2025-06-14T07:44:28.255Z] DEBUG: 대기 중인 작업 0개 처리 시작
[2025-06-14T07:44:29.971Z] DEBUG: 타이핑 추적 시작됨
[2025-06-14T07:44:29.970Z] DEBUG: 설정에 따라 자동 모니터링 시작
[2025-06-14T07:49:52.939Z] DEBUG: [UpdateManager] Auto-update disabled in development mode
[2025-06-14T07:49:53.199Z] DEBUG: 설정 로드 중...
[2025-06-14T07:49:53.201Z] DEBUG: 레거시 설정 발견, 마이그레이션 중...
[2025-06-14T07:49:53.202Z] DEBUG: 설정 로드 완료: {
  "enabledCategories": {
    "docs": true,
    "office": true,
    "coding": true,
    "sns": true,
    "browser": true,
    "game": false,
    "media": true,
    "other": true
  },
  "autoStartMonitoring": true,
  "resumeAfterIdle": true,
  "idleTimeout": 300,
  "theme": "system",
  "windowMode": "windowed",
  "darkMode": false,
  "minimizeToTray": true,
  "showTrayNotifications": true,
  "enableMiniView": true,
  "enableAnimations": true,
  "fontSize": 14,
  "fontFamily": "system-ui",
  "useHardwareAcceleration": false,
  "enableGPUAcceleration": false,
  "gpuAccelerationLevel": 1,
  "processingMode": "auto",
  "reduceMemoryInBackground": true,
  "enableMemoryOptimization": true,
  "enableBackgroundCleanup": true,
  "garbageCollectionInterval": 60000,
  "maxMemoryThreshold": 100,
  "memoryCleanupInterval": 300000,
  "memoryThreshold": 80,
  "autoCleanupLogs": true,
  "maxHistoryItems": 500,
  "logRetentionDays": 30,
  "enableDataCollection": true,
  "enableAnalytics": false,
  "dataRetentionDays": 30,
  "enableAutoSave": true,
  "autoSaveInterval": 10000,
  "enableWPMDisplay": true,
  "enableAccuracyDisplay": true,
  "enableRealTimeStats": true,
  "enableTypingSound": false,
  "enableKeyboardShortcuts": true,
  "statsFilePath": "typing-stats.json",
  "keyboard": {
    "autoStart": true,
    "enableHangulSupport": true,
    "enableJamoTracking": true,
    "hangulMode": "auto",
    "jamoSeparation": true,
    "trackingInterval": 50
  },
  "windowSettings": {
    "miniSize": {
      "width": 400,
      "height": 300
    },
    "opacity": 1,
    "alwaysOnTop": false,
    "autoHide": false,
    "position": {
      "x": 100,
      "y": 100
    }
  },
  "windowOpacity": 1,
  "alwaysOnTop": false,
  "enableSystemMonitoring": true,
  "enablePerformanceLogging": false,
  "monitoringInterval": 1000,
  "enableCPUMonitoring": true,
  "enableMemoryMonitoring": true,
  "enableDiskMonitoring": false,
  "enableNotifications": true,
  "enableTrayNotifications": true,
  "enableDebugMode": true,
  "enableConsoleLogging": true,
  "enableErrorReporting": true,
  "logLevel": "debug",
  "__internal__": {
    "migrations": {
      "version": "36.4.0"
    }
  }
}
[2025-06-14T07:49:53.303Z] DEBUG: 키보드 관련 IPC 핸들러 등록 완료
[2025-06-14T07:49:53.202Z] DEBUG: 설정 관리자 IPC 핸들러 등록 완료
[2025-06-14T07:49:53.303Z] DEBUG: 키보드 관련 IPC 핸들러 등록 중...
[2025-06-14T07:49:53.303Z] DEBUG: 추적 관련 IPC 핸들러 등록 중...
[2025-06-14T07:49:53.303Z] DEBUG: 추적 관련 IPC 핸들러 등록 완료
[2025-06-14T07:49:53.347Z] DEBUG: 키보드 핸들러 초기화 완료
[2025-06-14T07:49:53.347Z] DEBUG: 키보드 리스너 설정 성공
[2025-06-14T07:49:53.347Z] DEBUG: 데이터 동기화 모듈 초기화 중...
[2025-06-14T07:49:53.347Z] DEBUG: 데이터베이스 클라이언트가 없어 폴백 모드로 실행
[2025-06-14T07:49:53.347Z] DEBUG: 통계 처리 시스템 초기화 시작
[2025-06-14T07:49:53.349Z] DEBUG: 통계 워커 초기화 시작됨
[2025-06-14T07:49:53.355Z] DEBUG: 통계 처리 시스템 초기화 완료
[2025-06-14T07:49:53.467Z] DEBUG: 브라우저 감지 시스템 초기화 시작
[2025-06-14T07:49:53.507Z] DEBUG: 브라우저 감지 시스템 초기화 완료
[2025-06-14T07:49:53.507Z] DEBUG: active-win 모듈 로드 실패, 폴백 모드 사용: {
  "code": "ERR_DLOPEN_FAILED"
}
[2025-06-14T07:49:53.657Z] DEBUG: 워커 초기화 완료: 2025-06-14T07:49:53.398Z
[2025-06-14T07:49:53.657Z] DEBUG: 대기 중인 작업 0개 처리 시작
[2025-06-14T07:49:55.350Z] DEBUG: 설정에 따라 자동 모니터링 시작
[2025-06-14T07:49:55.351Z] DEBUG: 타이핑 추적 시작됨
[2025-06-14T08:00:42.361Z] DEBUG: [UpdateManager] Auto-update disabled in development mode
[2025-06-14T08:00:42.494Z] DEBUG: 설정 로드 중...
[2025-06-14T08:00:42.498Z] DEBUG: 레거시 설정 발견, 마이그레이션 중...
[2025-06-14T08:00:42.498Z] DEBUG: 설정 관리자 IPC 핸들러 등록 완료
[2025-06-14T08:00:42.498Z] DEBUG: 설정 로드 완료: {
  "enabledCategories": {
    "docs": true,
    "office": true,
    "coding": true,
    "sns": true,
    "browser": true,
    "game": false,
    "media": true,
    "other": true
  },
  "autoStartMonitoring": true,
  "resumeAfterIdle": true,
  "idleTimeout": 300,
  "theme": "system",
  "windowMode": "windowed",
  "darkMode": false,
  "minimizeToTray": true,
  "showTrayNotifications": true,
  "enableMiniView": true,
  "enableAnimations": true,
  "fontSize": 14,
  "fontFamily": "system-ui",
  "useHardwareAcceleration": false,
  "enableGPUAcceleration": false,
  "gpuAccelerationLevel": 1,
  "processingMode": "auto",
  "reduceMemoryInBackground": true,
  "enableMemoryOptimization": true,
  "enableBackgroundCleanup": true,
  "garbageCollectionInterval": 60000,
  "maxMemoryThreshold": 100,
  "memoryCleanupInterval": 300000,
  "memoryThreshold": 80,
  "autoCleanupLogs": true,
  "maxHistoryItems": 500,
  "logRetentionDays": 30,
  "enableDataCollection": true,
  "enableAnalytics": false,
  "dataRetentionDays": 30,
  "enableAutoSave": true,
  "autoSaveInterval": 10000,
  "enableWPMDisplay": true,
  "enableAccuracyDisplay": true,
  "enableRealTimeStats": true,
  "enableTypingSound": false,
  "enableKeyboardShortcuts": true,
  "statsFilePath": "typing-stats.json",
  "keyboard": {
    "autoStart": true,
    "enableHangulSupport": true,
    "enableJamoTracking": true,
    "hangulMode": "auto",
    "jamoSeparation": true,
    "trackingInterval": 50
  },
  "windowSettings": {
    "miniSize": {
      "width": 400,
      "height": 300
    },
    "opacity": 1,
    "alwaysOnTop": false,
    "autoHide": false,
    "position": {
      "x": 100,
      "y": 100
    }
  },
  "windowOpacity": 1,
  "alwaysOnTop": false,
  "enableSystemMonitoring": true,
  "enablePerformanceLogging": false,
  "monitoringInterval": 1000,
  "enableCPUMonitoring": true,
  "enableMemoryMonitoring": true,
  "enableDiskMonitoring": false,
  "enableNotifications": true,
  "enableTrayNotifications": true,
  "enableDebugMode": true,
  "enableConsoleLogging": true,
  "enableErrorReporting": true,
  "logLevel": "debug",
  "__internal__": {
    "migrations": {
      "version": "36.4.0"
    }
  }
}
[2025-06-14T08:00:42.557Z] DEBUG: 키보드 관련 IPC 핸들러 등록 중...
[2025-06-14T08:00:42.557Z] DEBUG: 키보드 관련 IPC 핸들러 등록 완료
[2025-06-14T08:00:42.558Z] DEBUG: 추적 관련 IPC 핸들러 등록 중...
[2025-06-14T08:00:42.558Z] DEBUG: 추적 관련 IPC 핸들러 등록 완료
[2025-06-14T08:00:42.610Z] DEBUG: 키보드 리스너 설정 성공
[2025-06-14T08:00:42.610Z] DEBUG: 키보드 핸들러 초기화 완료
[2025-06-14T08:00:42.611Z] DEBUG: 데이터베이스 클라이언트가 없어 폴백 모드로 실행
[2025-06-14T08:00:42.610Z] DEBUG: 데이터 동기화 모듈 초기화 중...
[2025-06-14T08:00:42.611Z] DEBUG: 통계 처리 시스템 초기화 시작
[2025-06-14T08:00:42.613Z] DEBUG: 통계 워커 초기화 시작됨
[2025-06-14T08:00:42.629Z] DEBUG: 통계 처리 시스템 초기화 완료
[2025-06-14T08:00:42.984Z] DEBUG: 브라우저 감지 시스템 초기화 시작
[2025-06-14T08:00:43.259Z] DEBUG: active-win 모듈 로드 실패, 폴백 모드 사용: {
  "code": "ERR_DLOPEN_FAILED"
}
[2025-06-14T08:00:43.259Z] DEBUG: 브라우저 감지 시스템 초기화 완료
[2025-06-14T08:00:44.164Z] DEBUG: 워커 초기화 완료: 2025-06-14T08:00:42.728Z
[2025-06-14T08:00:44.169Z] DEBUG: 대기 중인 작업 0개 처리 시작
[2025-06-14T08:00:44.622Z] DEBUG: 타이핑 추적 시작됨
[2025-06-14T08:00:44.622Z] DEBUG: 설정에 따라 자동 모니터링 시작
[2025-06-14T09:48:03.545Z] DEBUG: [UpdateManager] Auto-update disabled in development mode
[2025-06-14T09:48:03.736Z] DEBUG: 설정 로드 중...
[2025-06-14T09:48:03.738Z] DEBUG: 레거시 설정 발견, 마이그레이션 중...
[2025-06-14T09:48:03.738Z] DEBUG: 설정 로드 완료: {
  "enabledCategories": {
    "docs": true,
    "office": true,
    "coding": true,
    "sns": true,
    "browser": true,
    "game": false,
    "media": true,
    "other": true
  },
  "autoStartMonitoring": true,
  "resumeAfterIdle": true,
  "idleTimeout": 300,
  "theme": "system",
  "windowMode": "windowed",
  "darkMode": false,
  "minimizeToTray": true,
  "showTrayNotifications": true,
  "enableMiniView": true,
  "enableAnimations": true,
  "fontSize": 14,
  "fontFamily": "system-ui",
  "useHardwareAcceleration": false,
  "enableGPUAcceleration": false,
  "gpuAccelerationLevel": 1,
  "processingMode": "auto",
  "reduceMemoryInBackground": true,
  "enableMemoryOptimization": true,
  "enableBackgroundCleanup": true,
  "garbageCollectionInterval": 60000,
  "maxMemoryThreshold": 100,
  "memoryCleanupInterval": 300000,
  "memoryThreshold": 80,
  "autoCleanupLogs": true,
  "maxHistoryItems": 500,
  "logRetentionDays": 30,
  "enableDataCollection": true,
  "enableAnalytics": false,
  "dataRetentionDays": 30,
  "enableAutoSave": true,
  "autoSaveInterval": 10000,
  "enableWPMDisplay": true,
  "enableAccuracyDisplay": true,
  "enableRealTimeStats": true,
  "enableTypingSound": false,
  "enableKeyboardShortcuts": true,
  "statsFilePath": "typing-stats.json",
  "keyboard": {
    "autoStart": true,
    "enableHangulSupport": true,
    "enableJamoTracking": true,
    "hangulMode": "auto",
    "jamoSeparation": true,
    "trackingInterval": 50
  },
  "windowSettings": {
    "miniSize": {
      "width": 400,
      "height": 300
    },
    "opacity": 1,
    "alwaysOnTop": false,
    "autoHide": false,
    "position": {
      "x": 100,
      "y": 100
    }
  },
  "windowOpacity": 1,
  "alwaysOnTop": false,
  "enableSystemMonitoring": true,
  "enablePerformanceLogging": false,
  "monitoringInterval": 1000,
  "enableCPUMonitoring": true,
  "enableMemoryMonitoring": true,
  "enableDiskMonitoring": false,
  "enableNotifications": true,
  "enableTrayNotifications": true,
  "enableDebugMode": true,
  "enableConsoleLogging": true,
  "enableErrorReporting": true,
  "logLevel": "debug",
  "__internal__": {
    "migrations": {
      "version": "36.4.0"
    }
  }
}
[2025-06-14T09:48:03.738Z] DEBUG: 설정 관리자 IPC 핸들러 등록 완료
[2025-06-14T09:48:03.864Z] DEBUG: 키보드 관련 IPC 핸들러 등록 중...
[2025-06-14T09:48:03.864Z] DEBUG: 키보드 관련 IPC 핸들러 등록 완료
[2025-06-14T09:48:03.864Z] DEBUG: 추적 관련 IPC 핸들러 등록 완료
[2025-06-14T09:48:03.864Z] DEBUG: 추적 관련 IPC 핸들러 등록 중...
[2025-06-14T09:48:03.914Z] DEBUG: 키보드 리스너 설정 성공
[2025-06-14T09:48:03.914Z] DEBUG: 키보드 핸들러 초기화 완료
[2025-06-14T09:48:03.914Z] DEBUG: 데이터 동기화 모듈 초기화 중...
[2025-06-14T09:48:03.914Z] DEBUG: 데이터베이스 클라이언트가 없어 폴백 모드로 실행
[2025-06-14T09:48:03.915Z] DEBUG: 통계 처리 시스템 초기화 시작
[2025-06-14T09:48:03.920Z] DEBUG: 통계 워커 초기화 시작됨
[2025-06-14T09:48:03.932Z] DEBUG: 통계 처리 시스템 초기화 완료
[2025-06-14T09:48:04.056Z] DEBUG: 브라우저 감지 시스템 초기화 완료
[2025-06-14T09:48:04.026Z] DEBUG: 브라우저 감지 시스템 초기화 시작
[2025-06-14T09:48:04.056Z] DEBUG: active-win 모듈 로드 실패, 폴백 모드 사용: {
  "code": "ERR_DLOPEN_FAILED"
}
[2025-06-14T09:48:04.160Z] DEBUG: 워커 초기화 완료: 2025-06-14T09:48:03.970Z
[2025-06-14T09:48:04.160Z] DEBUG: 대기 중인 작업 0개 처리 시작
[2025-06-14T09:48:05.916Z] DEBUG: 설정에 따라 자동 모니터링 시작
[2025-06-14T09:48:05.916Z] DEBUG: 타이핑 추적 시작됨
[2025-06-14T10:23:29.481Z] DEBUG: [UpdateManager] Auto-update disabled in development mode
[2025-06-14T10:23:29.775Z] DEBUG: 설정 로드 중...
[2025-06-14T10:23:29.779Z] DEBUG: 레거시 설정 발견, 마이그레이션 중...
[2025-06-14T10:23:29.779Z] DEBUG: 설정 로드 완료: {
  "enabledCategories": {
    "docs": true,
    "office": true,
    "coding": true,
    "sns": true,
    "browser": true,
    "game": false,
    "media": true,
    "other": true
  },
  "autoStartMonitoring": true,
  "resumeAfterIdle": true,
  "idleTimeout": 300,
  "theme": "system",
  "windowMode": "windowed",
  "darkMode": false,
  "minimizeToTray": true,
  "showTrayNotifications": true,
  "enableMiniView": true,
  "enableAnimations": true,
  "fontSize": 14,
  "fontFamily": "system-ui",
  "useHardwareAcceleration": false,
  "enableGPUAcceleration": false,
  "gpuAccelerationLevel": 1,
  "processingMode": "auto",
  "reduceMemoryInBackground": true,
  "enableMemoryOptimization": true,
  "enableBackgroundCleanup": true,
  "garbageCollectionInterval": 60000,
  "maxMemoryThreshold": 100,
  "memoryCleanupInterval": 300000,
  "memoryThreshold": 80,
  "autoCleanupLogs": true,
  "maxHistoryItems": 500,
  "logRetentionDays": 30,
  "enableDataCollection": true,
  "enableAnalytics": false,
  "dataRetentionDays": 30,
  "enableAutoSave": true,
  "autoSaveInterval": 10000,
  "enableWPMDisplay": true,
  "enableAccuracyDisplay": true,
  "enableRealTimeStats": true,
  "enableTypingSound": false,
  "enableKeyboardShortcuts": true,
  "statsFilePath": "typing-stats.json",
  "keyboard": {
    "autoStart": true,
    "enableHangulSupport": true,
    "enableJamoTracking": true,
    "hangulMode": "auto",
    "jamoSeparation": true,
    "trackingInterval": 50
  },
  "windowSettings": {
    "miniSize": {
      "width": 400,
      "height": 300
    },
    "opacity": 1,
    "alwaysOnTop": false,
    "autoHide": false,
    "position": {
      "x": 100,
      "y": 100
    }
  },
  "windowOpacity": 1,
  "alwaysOnTop": false,
  "enableSystemMonitoring": true,
  "enablePerformanceLogging": false,
  "monitoringInterval": 1000,
  "enableCPUMonitoring": true,
  "enableMemoryMonitoring": true,
  "enableDiskMonitoring": false,
  "enableNotifications": true,
  "enableTrayNotifications": true,
  "enableDebugMode": true,
  "enableConsoleLogging": true,
  "enableErrorReporting": true,
  "logLevel": "debug",
  "__internal__": {
    "migrations": {
      "version": "36.4.0"
    }
  }
}
[2025-06-14T10:23:29.841Z] DEBUG: 키보드 관련 IPC 핸들러 등록 중...
[2025-06-14T10:23:29.779Z] DEBUG: 설정 관리자 IPC 핸들러 등록 완료
[2025-06-14T10:23:29.841Z] DEBUG: 추적 관련 IPC 핸들러 등록 중...
[2025-06-14T10:23:29.841Z] DEBUG: 키보드 관련 IPC 핸들러 등록 완료
[2025-06-14T10:23:29.841Z] DEBUG: 추적 관련 IPC 핸들러 등록 완료
[2025-06-14T10:23:29.884Z] DEBUG: 키보드 리스너 설정 성공
[2025-06-14T10:23:29.884Z] DEBUG: 키보드 핸들러 초기화 완료
[2025-06-14T10:23:29.884Z] DEBUG: 데이터 동기화 모듈 초기화 중...
[2025-06-14T10:23:29.884Z] DEBUG: 데이터베이스 클라이언트가 없어 폴백 모드로 실행
[2025-06-14T10:23:29.884Z] DEBUG: 통계 처리 시스템 초기화 시작
[2025-06-14T10:23:29.886Z] DEBUG: 통계 워커 초기화 시작됨
[2025-06-14T10:23:29.891Z] DEBUG: 통계 처리 시스템 초기화 완료
[2025-06-14T10:23:30.011Z] DEBUG: 브라우저 감지 시스템 초기화 시작
[2025-06-14T10:23:30.039Z] DEBUG: active-win 모듈 로드 실패, 폴백 모드 사용: {
  "code": "ERR_DLOPEN_FAILED"
}
[2025-06-14T10:23:30.039Z] DEBUG: 브라우저 감지 시스템 초기화 완료
[2025-06-14T10:23:30.165Z] DEBUG: 대기 중인 작업 0개 처리 시작
[2025-06-14T10:23:30.165Z] DEBUG: 워커 초기화 완료: 2025-06-14T10:23:29.929Z
[2025-06-14T10:23:31.885Z] DEBUG: 타이핑 추적 시작됨
[2025-06-14T10:23:31.885Z] DEBUG: 설정에 따라 자동 모니터링 시작
[2025-06-14T10:38:41.367Z] DEBUG: [UpdateManager] Auto-update disabled in development mode
[2025-06-14T10:38:41.505Z] DEBUG: 설정 로드 중...
[2025-06-14T10:38:41.506Z] DEBUG: 레거시 설정 발견, 마이그레이션 중...
[2025-06-14T10:38:41.506Z] DEBUG: 설정 관리자 IPC 핸들러 등록 완료
[2025-06-14T10:38:41.610Z] DEBUG: 키보드 관련 IPC 핸들러 등록 중...
[2025-06-14T10:38:41.506Z] DEBUG: 설정 로드 완료: {
  "enabledCategories": {
    "docs": true,
    "office": true,
    "coding": true,
    "sns": true,
    "browser": true,
    "game": false,
    "media": true,
    "other": true
  },
  "autoStartMonitoring": true,
  "resumeAfterIdle": true,
  "idleTimeout": 300,
  "theme": "system",
  "windowMode": "windowed",
  "darkMode": false,
  "minimizeToTray": true,
  "showTrayNotifications": true,
  "enableMiniView": true,
  "enableAnimations": true,
  "fontSize": 14,
  "fontFamily": "system-ui",
  "useHardwareAcceleration": false,
  "enableGPUAcceleration": false,
  "gpuAccelerationLevel": 1,
  "processingMode": "auto",
  "reduceMemoryInBackground": true,
  "enableMemoryOptimization": true,
  "enableBackgroundCleanup": true,
  "garbageCollectionInterval": 60000,
  "maxMemoryThreshold": 100,
  "memoryCleanupInterval": 300000,
  "memoryThreshold": 80,
  "autoCleanupLogs": true,
  "maxHistoryItems": 500,
  "logRetentionDays": 30,
  "enableDataCollection": true,
  "enableAnalytics": false,
  "dataRetentionDays": 30,
  "enableAutoSave": true,
  "autoSaveInterval": 10000,
  "enableWPMDisplay": true,
  "enableAccuracyDisplay": true,
  "enableRealTimeStats": true,
  "enableTypingSound": false,
  "enableKeyboardShortcuts": true,
  "statsFilePath": "typing-stats.json",
  "keyboard": {
    "autoStart": true,
    "enableHangulSupport": true,
    "enableJamoTracking": true,
    "hangulMode": "auto",
    "jamoSeparation": true,
    "trackingInterval": 50
  },
  "windowSettings": {
    "miniSize": {
      "width": 400,
      "height": 300
    },
    "opacity": 1,
    "alwaysOnTop": false,
    "autoHide": false,
    "position": {
      "x": 100,
      "y": 100
    }
  },
  "windowOpacity": 1,
  "alwaysOnTop": false,
  "enableSystemMonitoring": true,
  "enablePerformanceLogging": false,
  "monitoringInterval": 1000,
  "enableCPUMonitoring": true,
  "enableMemoryMonitoring": true,
  "enableDiskMonitoring": false,
  "enableNotifications": true,
  "enableTrayNotifications": true,
  "enableDebugMode": true,
  "enableConsoleLogging": true,
  "enableErrorReporting": true,
  "logLevel": "debug",
  "__internal__": {
    "migrations": {
      "version": "36.4.0"
    }
  }
}
[2025-06-14T10:38:41.610Z] DEBUG: 추적 관련 IPC 핸들러 등록 중...
[2025-06-14T10:38:41.610Z] DEBUG: 추적 관련 IPC 핸들러 등록 완료
[2025-06-14T10:38:41.610Z] DEBUG: 키보드 관련 IPC 핸들러 등록 완료
[2025-06-14T10:38:41.666Z] DEBUG: 데이터 동기화 모듈 초기화 중...
[2025-06-14T10:38:41.666Z] DEBUG: 키보드 핸들러 초기화 완료
[2025-06-14T10:38:41.666Z] DEBUG: 키보드 리스너 설정 성공
[2025-06-14T10:38:41.666Z] DEBUG: 데이터베이스 클라이언트가 없어 폴백 모드로 실행
[2025-06-14T10:38:41.666Z] DEBUG: 통계 처리 시스템 초기화 시작
[2025-06-14T10:38:41.667Z] DEBUG: 통계 워커 초기화 시작됨
[2025-06-14T10:38:41.672Z] DEBUG: 통계 처리 시스템 초기화 완료
[2025-06-14T10:38:41.774Z] DEBUG: 브라우저 감지 시스템 초기화 시작
[2025-06-14T10:38:41.803Z] DEBUG: active-win 모듈 로드 실패, 폴백 모드 사용: {
  "code": "ERR_DLOPEN_FAILED"
}
[2025-06-14T10:38:41.803Z] DEBUG: 브라우저 감지 시스템 초기화 완료
[2025-06-14T10:38:41.904Z] DEBUG: 대기 중인 작업 0개 처리 시작
[2025-06-14T10:38:41.904Z] DEBUG: 워커 초기화 완료: 2025-06-14T10:38:41.723Z
[2025-06-14T10:38:43.668Z] DEBUG: 설정에 따라 자동 모니터링 시작
[2025-06-14T10:38:43.668Z] DEBUG: 타이핑 추적 시작됨
[2025-06-14T11:17:14.108Z] DEBUG: [UpdateManager] Auto-update disabled in development mode
[2025-06-14T11:17:14.304Z] DEBUG: 설정 로드 중...
[2025-06-14T11:17:14.306Z] DEBUG: 레거시 설정 발견, 마이그레이션 중...
[2025-06-14T11:17:14.306Z] DEBUG: 설정 관리자 IPC 핸들러 등록 완료
[2025-06-14T11:17:14.306Z] DEBUG: 설정 로드 완료: {
  "enabledCategories": {
    "docs": true,
    "office": true,
    "coding": true,
    "sns": true,
    "browser": true,
    "game": false,
    "media": true,
    "other": true
  },
  "autoStartMonitoring": true,
  "resumeAfterIdle": true,
  "idleTimeout": 300,
  "theme": "system",
  "windowMode": "windowed",
  "darkMode": false,
  "minimizeToTray": true,
  "showTrayNotifications": true,
  "enableMiniView": true,
  "enableAnimations": true,
  "fontSize": 14,
  "fontFamily": "system-ui",
  "useHardwareAcceleration": false,
  "enableGPUAcceleration": false,
  "gpuAccelerationLevel": 1,
  "processingMode": "auto",
  "reduceMemoryInBackground": true,
  "enableMemoryOptimization": true,
  "enableBackgroundCleanup": true,
  "garbageCollectionInterval": 60000,
  "maxMemoryThreshold": 100,
  "memoryCleanupInterval": 300000,
  "memoryThreshold": 80,
  "autoCleanupLogs": true,
  "maxHistoryItems": 500,
  "logRetentionDays": 30,
  "enableDataCollection": true,
  "enableAnalytics": false,
  "dataRetentionDays": 30,
  "enableAutoSave": true,
  "autoSaveInterval": 10000,
  "enableWPMDisplay": true,
  "enableAccuracyDisplay": true,
  "enableRealTimeStats": true,
  "enableTypingSound": false,
  "enableKeyboardShortcuts": true,
  "statsFilePath": "typing-stats.json",
  "keyboard": {
    "autoStart": true,
    "enableHangulSupport": true,
    "enableJamoTracking": true,
    "hangulMode": "auto",
    "jamoSeparation": true,
    "trackingInterval": 50
  },
  "windowSettings": {
    "miniSize": {
      "width": 400,
      "height": 300
    },
    "opacity": 1,
    "alwaysOnTop": false,
    "autoHide": false,
    "position": {
      "x": 100,
      "y": 100
    }
  },
  "windowOpacity": 1,
  "alwaysOnTop": false,
  "enableSystemMonitoring": true,
  "enablePerformanceLogging": false,
  "monitoringInterval": 1000,
  "enableCPUMonitoring": true,
  "enableMemoryMonitoring": true,
  "enableDiskMonitoring": false,
  "enableNotifications": true,
  "enableTrayNotifications": true,
  "enableDebugMode": true,
  "enableConsoleLogging": true,
  "enableErrorReporting": true,
  "logLevel": "debug",
  "__internal__": {
    "migrations": {
      "version": "36.4.0"
    }
  }
}
[2025-06-14T11:17:14.375Z] DEBUG: 키보드 관련 IPC 핸들러 등록 완료
[2025-06-14T11:17:14.375Z] DEBUG: 키보드 관련 IPC 핸들러 등록 중...
[2025-06-14T11:17:14.375Z] DEBUG: 추적 관련 IPC 핸들러 등록 중...
[2025-06-14T11:17:14.375Z] DEBUG: 추적 관련 IPC 핸들러 등록 완료
[2025-06-14T11:17:14.424Z] DEBUG: 키보드 리스너 설정 성공
[2025-06-14T11:17:14.424Z] DEBUG: 키보드 핸들러 초기화 완료
[2025-06-14T11:17:14.425Z] DEBUG: 통계 처리 시스템 초기화 시작
[2025-06-14T11:17:14.424Z] DEBUG: 데이터베이스 클라이언트가 없어 폴백 모드로 실행
[2025-06-14T11:17:14.424Z] DEBUG: 데이터 동기화 모듈 초기화 중...
[2025-06-14T11:17:14.429Z] DEBUG: 통계 워커 초기화 시작됨
[2025-06-14T11:17:14.442Z] DEBUG: 통계 처리 시스템 초기화 완료
[2025-06-14T11:17:14.572Z] DEBUG: 브라우저 감지 시스템 초기화 시작
[2025-06-14T11:17:14.611Z] DEBUG: active-win 모듈 로드 실패, 폴백 모드 사용: {
  "code": "ERR_DLOPEN_FAILED"
}
[2025-06-14T11:17:14.611Z] DEBUG: 브라우저 감지 시스템 초기화 완료
[2025-06-14T11:17:14.769Z] DEBUG: 워커 초기화 완료: 2025-06-14T11:17:14.509Z
[2025-06-14T11:17:14.769Z] DEBUG: 대기 중인 작업 0개 처리 시작
[2025-06-14T11:17:16.426Z] DEBUG: 타이핑 추적 시작됨
[2025-06-14T11:17:16.426Z] DEBUG: 설정에 따라 자동 모니터링 시작
[2025-06-14T11:28:11.465Z] DEBUG: [UpdateManager] Auto-update disabled in development mode
[2025-06-14T11:28:11.678Z] DEBUG: 설정 로드 중...
[2025-06-14T11:28:11.679Z] DEBUG: 레거시 설정 발견, 마이그레이션 중...
[2025-06-14T11:28:11.680Z] DEBUG: 설정 로드 완료: {
  "enabledCategories": {
    "docs": true,
    "office": true,
    "coding": true,
    "sns": true,
    "browser": true,
    "game": false,
    "media": true,
    "other": true
  },
  "autoStartMonitoring": true,
  "resumeAfterIdle": true,
  "idleTimeout": 300,
  "theme": "system",
  "windowMode": "windowed",
  "darkMode": false,
  "minimizeToTray": true,
  "showTrayNotifications": true,
  "enableMiniView": true,
  "enableAnimations": true,
  "fontSize": 14,
  "fontFamily": "system-ui",
  "useHardwareAcceleration": false,
  "enableGPUAcceleration": false,
  "gpuAccelerationLevel": 1,
  "processingMode": "auto",
  "reduceMemoryInBackground": true,
  "enableMemoryOptimization": true,
  "enableBackgroundCleanup": true,
  "garbageCollectionInterval": 60000,
  "maxMemoryThreshold": 100,
  "memoryCleanupInterval": 300000,
  "memoryThreshold": 80,
  "autoCleanupLogs": true,
  "maxHistoryItems": 500,
  "logRetentionDays": 30,
  "enableDataCollection": true,
  "enableAnalytics": false,
  "dataRetentionDays": 30,
  "enableAutoSave": true,
  "autoSaveInterval": 10000,
  "enableWPMDisplay": true,
  "enableAccuracyDisplay": true,
  "enableRealTimeStats": true,
  "enableTypingSound": false,
  "enableKeyboardShortcuts": true,
  "statsFilePath": "typing-stats.json",
  "keyboard": {
    "autoStart": true,
    "enableHangulSupport": true,
    "enableJamoTracking": true,
    "hangulMode": "auto",
    "jamoSeparation": true,
    "trackingInterval": 50
  },
  "windowSettings": {
    "miniSize": {
      "width": 400,
      "height": 300
    },
    "opacity": 1,
    "alwaysOnTop": false,
    "autoHide": false,
    "position": {
      "x": 100,
      "y": 100
    }
  },
  "windowOpacity": 1,
  "alwaysOnTop": false,
  "enableSystemMonitoring": true,
  "enablePerformanceLogging": false,
  "monitoringInterval": 1000,
  "enableCPUMonitoring": true,
  "enableMemoryMonitoring": true,
  "enableDiskMonitoring": false,
  "enableNotifications": true,
  "enableTrayNotifications": true,
  "enableDebugMode": true,
  "enableConsoleLogging": true,
  "enableErrorReporting": true,
  "logLevel": "debug",
  "__internal__": {
    "migrations": {
      "version": "36.4.0"
    }
  }
}
[2025-06-14T11:28:11.777Z] DEBUG: 추적 관련 IPC 핸들러 등록 완료
[2025-06-14T11:28:11.680Z] DEBUG: 설정 관리자 IPC 핸들러 등록 완료
[2025-06-14T11:28:11.777Z] DEBUG: 키보드 관련 IPC 핸들러 등록 중...
[2025-06-14T11:28:11.777Z] DEBUG: 추적 관련 IPC 핸들러 등록 중...
[2025-06-14T11:28:11.777Z] DEBUG: 키보드 관련 IPC 핸들러 등록 완료
[2025-06-14T11:28:11.840Z] DEBUG: 키보드 리스너 설정 성공
[2025-06-14T11:28:11.840Z] DEBUG: 키보드 핸들러 초기화 완료
[2025-06-14T11:28:11.840Z] DEBUG: 데이터베이스 클라이언트가 없어 폴백 모드로 실행
[2025-06-14T11:28:11.840Z] DEBUG: 데이터 동기화 모듈 초기화 중...
[2025-06-14T11:28:11.840Z] DEBUG: 통계 처리 시스템 초기화 시작
[2025-06-14T11:28:11.841Z] DEBUG: 통계 워커 초기화 시작됨
[2025-06-14T11:28:11.848Z] DEBUG: 통계 처리 시스템 초기화 완료
[2025-06-14T11:28:11.988Z] DEBUG: 브라우저 감지 시스템 초기화 시작
[2025-06-14T11:28:12.026Z] DEBUG: 브라우저 감지 시스템 초기화 완료
[2025-06-14T11:28:12.026Z] DEBUG: active-win 모듈 로드 실패, 폴백 모드 사용: {
  "code": "ERR_DLOPEN_FAILED"
}
[2025-06-14T11:28:12.154Z] DEBUG: 워커 초기화 완료: 2025-06-14T11:28:11.894Z
[2025-06-14T11:28:12.154Z] DEBUG: 대기 중인 작업 0개 처리 시작
[2025-06-14T11:28:13.841Z] DEBUG: 설정에 따라 자동 모니터링 시작
[2025-06-14T11:28:13.841Z] DEBUG: 타이핑 추적 시작됨
[2025-06-14T12:04:31.910Z] DEBUG: [UpdateManager] Auto-update disabled in development mode
[2025-06-14T12:04:32.125Z] DEBUG: 설정 로드 중...
[2025-06-14T12:04:32.128Z] DEBUG: 레거시 설정 발견, 마이그레이션 중...
[2025-06-14T12:04:32.128Z] DEBUG: 설정 관리자 IPC 핸들러 등록 완료
[2025-06-14T12:04:32.196Z] DEBUG: 키보드 관련 IPC 핸들러 등록 중...
[2025-06-14T12:04:32.128Z] DEBUG: 설정 로드 완료: {
  "enabledCategories": {
    "docs": true,
    "office": true,
    "coding": true,
    "sns": true,
    "browser": true,
    "game": false,
    "media": true,
    "other": true
  },
  "autoStartMonitoring": true,
  "resumeAfterIdle": true,
  "idleTimeout": 300,
  "theme": "system",
  "windowMode": "windowed",
  "darkMode": false,
  "minimizeToTray": true,
  "showTrayNotifications": true,
  "enableMiniView": true,
  "enableAnimations": true,
  "fontSize": 14,
  "fontFamily": "system-ui",
  "useHardwareAcceleration": false,
  "enableGPUAcceleration": false,
  "gpuAccelerationLevel": 1,
  "processingMode": "auto",
  "reduceMemoryInBackground": true,
  "enableMemoryOptimization": true,
  "enableBackgroundCleanup": true,
  "garbageCollectionInterval": 60000,
  "maxMemoryThreshold": 100,
  "memoryCleanupInterval": 300000,
  "memoryThreshold": 80,
  "autoCleanupLogs": true,
  "maxHistoryItems": 500,
  "logRetentionDays": 30,
  "enableDataCollection": true,
  "enableAnalytics": false,
  "dataRetentionDays": 30,
  "enableAutoSave": true,
  "autoSaveInterval": 10000,
  "enableWPMDisplay": true,
  "enableAccuracyDisplay": true,
  "enableRealTimeStats": true,
  "enableTypingSound": false,
  "enableKeyboardShortcuts": true,
  "statsFilePath": "typing-stats.json",
  "keyboard": {
    "autoStart": true,
    "enableHangulSupport": true,
    "enableJamoTracking": true,
    "hangulMode": "auto",
    "jamoSeparation": true,
    "trackingInterval": 50
  },
  "windowSettings": {
    "miniSize": {
      "width": 400,
      "height": 300
    },
    "opacity": 1,
    "alwaysOnTop": false,
    "autoHide": false,
    "position": {
      "x": 100,
      "y": 100
    }
  },
  "windowOpacity": 1,
  "alwaysOnTop": false,
  "enableSystemMonitoring": true,
  "enablePerformanceLogging": false,
  "monitoringInterval": 1000,
  "enableCPUMonitoring": true,
  "enableMemoryMonitoring": true,
  "enableDiskMonitoring": false,
  "enableNotifications": true,
  "enableTrayNotifications": true,
  "enableDebugMode": true,
  "enableConsoleLogging": true,
  "enableErrorReporting": true,
  "logLevel": "debug",
  "__internal__": {
    "migrations": {
      "version": "36.4.0"
    }
  }
}
[2025-06-14T12:04:32.196Z] DEBUG: 추적 관련 IPC 핸들러 등록 중...
[2025-06-14T12:04:32.196Z] DEBUG: 추적 관련 IPC 핸들러 등록 완료
[2025-06-14T12:04:32.242Z] DEBUG: 키보드 핸들러 초기화 완료
[2025-06-14T12:04:32.196Z] DEBUG: 키보드 관련 IPC 핸들러 등록 완료
[2025-06-14T12:04:32.243Z] DEBUG: 데이터베이스 클라이언트가 없어 폴백 모드로 실행
[2025-06-14T12:04:32.242Z] DEBUG: 데이터 동기화 모듈 초기화 중...
[2025-06-14T12:04:32.242Z] DEBUG: 키보드 리스너 설정 성공
[2025-06-14T12:04:32.243Z] DEBUG: 통계 처리 시스템 초기화 시작
[2025-06-14T12:04:32.253Z] DEBUG: 통계 처리 시스템 초기화 완료
[2025-06-14T12:04:32.244Z] DEBUG: 통계 워커 초기화 시작됨
[2025-06-14T12:04:32.391Z] DEBUG: 브라우저 감지 시스템 초기화 시작
[2025-06-14T12:04:32.431Z] DEBUG: active-win 모듈 로드 실패, 폴백 모드 사용: {
  "code": "ERR_DLOPEN_FAILED"
}
[2025-06-14T12:04:32.431Z] DEBUG: 브라우저 감지 시스템 초기화 완료
[2025-06-14T12:04:32.698Z] DEBUG: 워커 초기화 완료: 2025-06-14T12:04:32.304Z
[2025-06-14T12:04:32.698Z] DEBUG: 대기 중인 작업 0개 처리 시작
[2025-06-14T12:04:34.243Z] DEBUG: 설정에 따라 자동 모니터링 시작
[2025-06-14T12:04:34.244Z] DEBUG: 타이핑 추적 시작됨
[2025-06-14T12:04:41.879Z] DEBUG: 설정 변경 적용: enableRealTimeAnalysis = true
[2025-06-14T12:04:41.879Z] DEBUG: 설정 변경 적용: enablePatternLearning = true
[2025-06-14T12:04:41.879Z] DEBUG: 설정 변경 적용: statsCollectionInterval = 5
[2025-06-14T12:04:41.879Z] DEBUG: 설정 변경 적용: enableTypingAnalysis = true
[2025-06-14T12:04:41.879Z] DEBUG: GPU 설정 변경 알림 전송
[2025-06-14T12:04:41.879Z] DEBUG: 테마 변경 적용: dark
[2025-06-14T12:04:41.879Z] DEBUG: 설정 변경 적용: enableGPUFallback = true
[2025-06-14T12:04:41.879Z] DEBUG: 설정 변경 적용: enabledCategories = [object Object]
[2025-06-14T12:04:41.879Z] DEBUG: 설정 변경 적용: enableKeyboardDetection = true
[2025-06-14T12:04:41.879Z] DEBUG: 설정 변경 적용: enableDebugMode = false
[2025-06-14T12:04:41.879Z] DEBUG: 설정 변경 적용: logLevel = info
[2025-06-14T12:16:14.105Z] DEBUG: [UpdateManager] Auto-update disabled in development mode
[2025-06-14T12:16:14.280Z] DEBUG: 설정 로드 중...
[2025-06-14T12:16:14.283Z] DEBUG: 레거시 설정 발견, 마이그레이션 중...
[2025-06-14T12:16:14.283Z] DEBUG: 카테고리 설정 업데이트됨
[2025-06-14T12:16:14.283Z] DEBUG: 설정 로드 완료: {
  "enabledCategories": {
    "docs": true,
    "office": true,
    "coding": true,
    "sns": true,
    "browser": true,
    "game": true,
    "media": true,
    "other": true
  },
  "autoStartMonitoring": true,
  "resumeAfterIdle": true,
  "idleTimeout": 300,
  "theme": "dark",
  "windowMode": "windowed",
  "darkMode": false,
  "minimizeToTray": true,
  "showTrayNotifications": true,
  "enableMiniView": true,
  "enableAnimations": true,
  "fontSize": 14,
  "fontFamily": "system-ui",
  "useHardwareAcceleration": false,
  "enableGPUAcceleration": true,
  "gpuAccelerationLevel": 1,
  "processingMode": "auto",
  "reduceMemoryInBackground": true,
  "enableMemoryOptimization": true,
  "enableBackgroundCleanup": true,
  "garbageCollectionInterval": 60000,
  "maxMemoryThreshold": 100,
  "memoryCleanupInterval": 300000,
  "memoryThreshold": 80,
  "autoCleanupLogs": true,
  "maxHistoryItems": 500,
  "logRetentionDays": 30,
  "enableDataCollection": true,
  "enableAnalytics": false,
  "dataRetentionDays": 30,
  "enableAutoSave": true,
  "autoSaveInterval": 10000,
  "enableWPMDisplay": true,
  "enableAccuracyDisplay": true,
  "enableRealTimeStats": true,
  "enableTypingSound": false,
  "enableKeyboardShortcuts": true,
  "statsFilePath": "typing-stats.json",
  "keyboard": {
    "autoStart": true,
    "enableHangulSupport": true,
    "enableJamoTracking": true,
    "hangulMode": "auto",
    "jamoSeparation": true,
    "trackingInterval": 50
  },
  "windowSettings": {
    "miniSize": {
      "width": 400,
      "height": 300
    },
    "opacity": 1,
    "alwaysOnTop": false,
    "autoHide": false,
    "position": {
      "x": 100,
      "y": 100
    }
  },
  "windowOpacity": 1,
  "alwaysOnTop": false,
  "enableSystemMonitoring": true,
  "enablePerformanceLogging": false,
  "monitoringInterval": 1000,
  "enableCPUMonitoring": true,
  "enableMemoryMonitoring": true,
  "enableDiskMonitoring": false,
  "enableNotifications": true,
  "enableTrayNotifications": true,
  "enableDebugMode": false,
  "enableConsoleLogging": true,
  "enableErrorReporting": true,
  "logLevel": "info",
  "__internal__": {
    "migrations": {
      "version": "36.4.0"
    }
  },
  "enableTypingAnalysis": true,
  "enableRealTimeAnalysis": true,
  "statsCollectionInterval": 5,
  "enableKeyboardDetection": true,
  "enablePatternLearning": true,
  "enableGPUFallback": true
}
[2025-06-14T12:16:14.284Z] DEBUG: 설정 관리자 IPC 핸들러 등록 완료
[2025-06-14T12:16:14.364Z] DEBUG: 추적 관련 IPC 핸들러 등록 중...
[2025-06-14T12:16:14.364Z] DEBUG: 추적 관련 IPC 핸들러 등록 완료
[2025-06-14T12:16:14.364Z] DEBUG: 키보드 관련 IPC 핸들러 등록 완료
[2025-06-14T12:16:14.364Z] DEBUG: 키보드 관련 IPC 핸들러 등록 중...
[2025-06-14T12:16:14.411Z] DEBUG: 키보드 리스너 설정 성공
[2025-06-14T12:16:14.411Z] DEBUG: 데이터 동기화 모듈 초기화 중...
[2025-06-14T12:16:14.411Z] DEBUG: 데이터베이스 클라이언트가 없어 폴백 모드로 실행
[2025-06-14T12:16:14.411Z] DEBUG: 통계 처리 시스템 초기화 시작
[2025-06-14T12:16:14.412Z] DEBUG: 통계 워커 초기화 시작됨
[2025-06-14T12:16:14.418Z] DEBUG: 통계 처리 시스템 초기화 완료
[2025-06-14T12:16:14.411Z] DEBUG: 키보드 핸들러 초기화 완료
[2025-06-14T12:16:14.515Z] DEBUG: 브라우저 감지 시스템 초기화 시작
[2025-06-14T12:16:14.541Z] DEBUG: active-win 모듈 로드 실패, 폴백 모드 사용: {
  "code": "ERR_DLOPEN_FAILED"
}
[2025-06-14T12:16:14.541Z] DEBUG: 브라우저 감지 시스템 초기화 완료
[2025-06-14T12:16:14.643Z] DEBUG: 워커 초기화 완료: 2025-06-14T12:16:14.454Z
[2025-06-14T12:16:14.643Z] DEBUG: 대기 중인 작업 0개 처리 시작
[2025-06-14T12:16:16.429Z] DEBUG: 설정에 따라 자동 모니터링 시작
[2025-06-14T12:16:16.429Z] DEBUG: 타이핑 추적 시작됨
[2025-06-14T12:16:21.046Z] DEBUG: 설정 변경 적용: enabledCategories = [object Object]
[2025-06-14T12:17:19.520Z] DEBUG: [UpdateManager] Auto-update disabled in development mode
[2025-06-14T12:17:20.181Z] DEBUG: 설정 로드 중...
[2025-06-14T12:21:21.431Z] DEBUG: [UpdateManager] Auto-update disabled in development mode
[2025-06-14T12:21:21.578Z] DEBUG: 설정 로드 중...
[2025-06-14T12:21:21.580Z] DEBUG: 레거시 설정 발견, 마이그레이션 중...
[2025-06-14T12:21:21.580Z] DEBUG: 설정 로드 완료: {
  "enabledCategories": {
    "docs": true,
    "office": true,
    "coding": true,
    "sns": true,
    "browser": true,
    "game": true,
    "media": true,
    "other": true
  },
  "autoStartMonitoring": true,
  "resumeAfterIdle": true,
  "idleTimeout": 300,
  "theme": "dark",
  "windowMode": "windowed",
  "darkMode": false,
  "minimizeToTray": true,
  "showTrayNotifications": true,
  "enableMiniView": true,
  "enableAnimations": true,
  "fontSize": 14,
  "fontFamily": "system-ui",
  "useHardwareAcceleration": false,
  "enableGPUAcceleration": true,
  "gpuAccelerationLevel": 1,
  "processingMode": "auto",
  "reduceMemoryInBackground": true,
  "enableMemoryOptimization": true,
  "enableBackgroundCleanup": true,
  "garbageCollectionInterval": 60000,
  "maxMemoryThreshold": 100,
  "memoryCleanupInterval": 300000,
  "memoryThreshold": 80,
  "autoCleanupLogs": true,
  "maxHistoryItems": 500,
  "logRetentionDays": 30,
  "enableDataCollection": true,
  "enableAnalytics": false,
  "dataRetentionDays": 30,
  "enableAutoSave": true,
  "autoSaveInterval": 10000,
  "enableWPMDisplay": true,
  "enableAccuracyDisplay": true,
  "enableRealTimeStats": true,
  "enableTypingSound": false,
  "enableKeyboardShortcuts": true,
  "statsFilePath": "typing-stats.json",
  "keyboard": {
    "autoStart": true,
    "enableHangulSupport": true,
    "enableJamoTracking": true,
    "hangulMode": "auto",
    "jamoSeparation": true,
    "trackingInterval": 50
  },
  "windowSettings": {
    "miniSize": {
      "width": 400,
      "height": 300
    },
    "opacity": 1,
    "alwaysOnTop": false,
    "autoHide": false,
    "position": {
      "x": 100,
      "y": 100
    }
  },
  "windowOpacity": 1,
  "alwaysOnTop": false,
  "enableSystemMonitoring": true,
  "enablePerformanceLogging": false,
  "monitoringInterval": 1000,
  "enableCPUMonitoring": true,
  "enableMemoryMonitoring": true,
  "enableDiskMonitoring": false,
  "enableNotifications": true,
  "enableTrayNotifications": true,
  "enableDebugMode": false,
  "enableConsoleLogging": true,
  "enableErrorReporting": true,
  "logLevel": "info",
  "__internal__": {
    "migrations": {
      "version": "36.4.0"
    }
  },
  "enableTypingAnalysis": true,
  "enableRealTimeAnalysis": true,
  "statsCollectionInterval": 5,
  "enableKeyboardDetection": true,
  "enablePatternLearning": true,
  "enableGPUFallback": true
}
[2025-06-14T12:21:21.580Z] DEBUG: 카테고리 설정 업데이트됨
[2025-06-14T12:21:21.580Z] DEBUG: 설정 관리자 IPC 핸들러 등록 완료
[2025-06-14T12:21:21.617Z] DEBUG: 키보드 관련 IPC 핸들러 등록 중...
[2025-06-14T12:21:21.617Z] DEBUG: 추적 관련 IPC 핸들러 등록 중...
[2025-06-14T12:21:21.671Z] DEBUG: 키보드 리스너 설정 성공
[2025-06-14T12:21:21.617Z] DEBUG: 추적 관련 IPC 핸들러 등록 완료
[2025-06-14T12:21:21.617Z] DEBUG: 키보드 관련 IPC 핸들러 등록 완료
[2025-06-14T12:21:21.671Z] DEBUG: 데이터 동기화 모듈 초기화 중...
[2025-06-14T12:21:21.671Z] DEBUG: 키보드 핸들러 초기화 완료
[2025-06-14T12:21:21.671Z] DEBUG: 데이터베이스 클라이언트가 없어 폴백 모드로 실행
[2025-06-14T12:21:21.671Z] DEBUG: 통계 처리 시스템 초기화 시작
[2025-06-14T12:21:21.673Z] DEBUG: 통계 워커 초기화 시작됨
[2025-06-14T12:21:21.677Z] DEBUG: 통계 처리 시스템 초기화 완료
[2025-06-14T12:21:21.769Z] DEBUG: 브라우저 감지 시스템 초기화 시작
[2025-06-14T12:21:21.797Z] DEBUG: 브라우저 감지 시스템 초기화 완료
[2025-06-14T12:21:21.797Z] DEBUG: active-win 모듈 로드 실패, 폴백 모드 사용: {
  "code": "ERR_DLOPEN_FAILED"
}
[2025-06-14T12:21:21.889Z] DEBUG: 워커 초기화 완료: 2025-06-14T12:21:21.711Z
[2025-06-14T12:21:21.889Z] DEBUG: 대기 중인 작업 0개 처리 시작
[2025-06-14T12:21:23.671Z] DEBUG: 설정에 따라 자동 모니터링 시작
[2025-06-14T12:21:23.671Z] DEBUG: 타이핑 추적 시작됨
[2025-06-14T12:23:01.637Z] DEBUG: 설정 변경 적용: enableMemoryOptimization = false
[2025-06-14T12:23:01.638Z] DEBUG: 설정 변경 적용: enabledCategories = [object Object]
[2025-06-14T12:23:01.638Z] DEBUG: 테마 변경 적용: system
[2025-06-14T12:31:14.167Z] DEBUG: [UpdateManager] Auto-update disabled in development mode
[2025-06-14T12:31:14.372Z] DEBUG: 설정 로드 중...
[2025-06-14T12:31:14.374Z] DEBUG: 레거시 설정 발견, 마이그레이션 중...
[2025-06-14T12:31:14.374Z] DEBUG: 설정 로드 완료: {
  "enabledCategories": {
    "docs": true,
    "office": true,
    "coding": true,
    "sns": true,
    "browser": true,
    "game": true,
    "media": true,
    "other": true
  },
  "autoStartMonitoring": true,
  "resumeAfterIdle": true,
  "idleTimeout": 300,
  "theme": "system",
  "windowMode": "windowed",
  "darkMode": false,
  "minimizeToTray": true,
  "showTrayNotifications": true,
  "enableMiniView": true,
  "enableAnimations": true,
  "fontSize": 14,
  "fontFamily": "system-ui",
  "useHardwareAcceleration": false,
  "enableGPUAcceleration": true,
  "gpuAccelerationLevel": 1,
  "processingMode": "auto",
  "reduceMemoryInBackground": true,
  "enableMemoryOptimization": false,
  "enableBackgroundCleanup": true,
  "garbageCollectionInterval": 60000,
  "maxMemoryThreshold": 100,
  "memoryCleanupInterval": 300000,
  "memoryThreshold": 80,
  "autoCleanupLogs": true,
  "maxHistoryItems": 500,
  "logRetentionDays": 30,
  "enableDataCollection": true,
  "enableAnalytics": false,
  "dataRetentionDays": 30,
  "enableAutoSave": true,
  "autoSaveInterval": 10000,
  "enableWPMDisplay": true,
  "enableAccuracyDisplay": true,
  "enableRealTimeStats": true,
  "enableTypingSound": false,
  "enableKeyboardShortcuts": true,
  "statsFilePath": "typing-stats.json",
  "keyboard": {
    "autoStart": true,
    "enableHangulSupport": true,
    "enableJamoTracking": true,
    "hangulMode": "auto",
    "jamoSeparation": true,
    "trackingInterval": 50
  },
  "windowSettings": {
    "miniSize": {
      "width": 400,
      "height": 300
    },
    "opacity": 1,
    "alwaysOnTop": false,
    "autoHide": false,
    "position": {
      "x": 100,
      "y": 100
    }
  },
  "windowOpacity": 1,
  "alwaysOnTop": false,
  "enableSystemMonitoring": true,
  "enablePerformanceLogging": false,
  "monitoringInterval": 1000,
  "enableCPUMonitoring": true,
  "enableMemoryMonitoring": true,
  "enableDiskMonitoring": false,
  "enableNotifications": true,
  "enableTrayNotifications": true,
  "enableDebugMode": false,
  "enableConsoleLogging": true,
  "enableErrorReporting": true,
  "logLevel": "info",
  "__internal__": {
    "migrations": {
      "version": "36.4.0"
    }
  },
  "enableTypingAnalysis": true,
  "enableRealTimeAnalysis": true,
  "statsCollectionInterval": 5,
  "enableKeyboardDetection": true,
  "enablePatternLearning": true,
  "enableGPUFallback": true
}
[2025-06-14T12:31:14.374Z] DEBUG: 카테고리 설정 업데이트됨
[2025-06-14T12:31:14.374Z] DEBUG: 설정 관리자 IPC 핸들러 등록 완료
[2025-06-14T12:31:14.449Z] DEBUG: 추적 관련 IPC 핸들러 등록 중...
[2025-06-14T12:31:14.449Z] DEBUG: 키보드 관련 IPC 핸들러 등록 완료
[2025-06-14T12:31:14.449Z] DEBUG: 키보드 관련 IPC 핸들러 등록 중...
[2025-06-14T12:31:14.449Z] DEBUG: 추적 관련 IPC 핸들러 등록 완료
[2025-06-14T12:31:14.492Z] DEBUG: 키보드 핸들러 초기화 완료
[2025-06-14T12:31:14.492Z] DEBUG: 데이터 동기화 모듈 초기화 중...
[2025-06-14T12:31:14.492Z] DEBUG: 데이터베이스 클라이언트가 없어 폴백 모드로 실행
[2025-06-14T12:31:14.492Z] DEBUG: 키보드 리스너 설정 성공
[2025-06-14T12:31:14.493Z] DEBUG: 통계 워커 초기화 시작됨
[2025-06-14T12:31:14.492Z] DEBUG: 통계 처리 시스템 초기화 시작
[2025-06-14T12:31:14.498Z] DEBUG: 통계 처리 시스템 초기화 완료
[2025-06-14T12:31:14.582Z] DEBUG: 브라우저 감지 시스템 초기화 시작
[2025-06-14T12:31:14.614Z] DEBUG: active-win 모듈 로드 실패, 폴백 모드 사용: {
  "code": "ERR_DLOPEN_FAILED"
}
[2025-06-14T12:31:14.614Z] DEBUG: 브라우저 감지 시스템 초기화 완료
[2025-06-14T12:31:14.770Z] DEBUG: 대기 중인 작업 0개 처리 시작
[2025-06-14T12:31:14.770Z] DEBUG: 워커 초기화 완료: 2025-06-14T12:31:14.533Z
[2025-06-14T12:31:16.494Z] DEBUG: 설정에 따라 자동 모니터링 시작
[2025-06-14T12:31:16.494Z] DEBUG: 타이핑 추적 시작됨
[2025-06-14T12:31:21.985Z] DEBUG: 설정 변경 적용: enableMemoryOptimization = true
[2025-06-14T12:31:21.985Z] DEBUG: 설정 변경 적용: enabledCategories = [object Object]
[2025-06-14T12:57:54.162Z] DEBUG: [UpdateManager] Auto-update disabled in development mode
[2025-06-14T12:57:54.377Z] DEBUG: 설정 로드 중...
[2025-06-14T12:57:54.379Z] DEBUG: 레거시 설정 발견, 마이그레이션 중...
[2025-06-14T12:57:54.380Z] DEBUG: 카테고리 설정 업데이트됨
[2025-06-14T12:57:54.380Z] DEBUG: 설정 관리자 IPC 핸들러 등록 완료
[2025-06-14T12:57:54.482Z] DEBUG: 키보드 관련 IPC 핸들러 등록 완료
[2025-06-14T12:57:54.482Z] DEBUG: 추적 관련 IPC 핸들러 등록 중...
[2025-06-14T12:57:54.482Z] DEBUG: 추적 관련 IPC 핸들러 등록 완료
[2025-06-14T12:57:54.380Z] DEBUG: 설정 로드 완료: {
  "enabledCategories": {
    "docs": true,
    "office": true,
    "coding": true,
    "sns": true,
    "browser": true,
    "game": true,
    "media": true,
    "other": true
  },
  "autoStartMonitoring": true,
  "resumeAfterIdle": true,
  "idleTimeout": 300,
  "theme": "system",
  "windowMode": "windowed",
  "darkMode": false,
  "minimizeToTray": true,
  "showTrayNotifications": true,
  "enableMiniView": true,
  "enableAnimations": true,
  "fontSize": 14,
  "fontFamily": "system-ui",
  "useHardwareAcceleration": false,
  "enableGPUAcceleration": true,
  "gpuAccelerationLevel": 1,
  "processingMode": "auto",
  "reduceMemoryInBackground": true,
  "enableMemoryOptimization": true,
  "enableBackgroundCleanup": true,
  "garbageCollectionInterval": 60000,
  "maxMemoryThreshold": 100,
  "memoryCleanupInterval": 300000,
  "memoryThreshold": 80,
  "autoCleanupLogs": true,
  "maxHistoryItems": 500,
  "logRetentionDays": 30,
  "enableDataCollection": true,
  "enableAnalytics": false,
  "dataRetentionDays": 30,
  "enableAutoSave": true,
  "autoSaveInterval": 10000,
  "enableWPMDisplay": true,
  "enableAccuracyDisplay": true,
  "enableRealTimeStats": true,
  "enableTypingSound": false,
  "enableKeyboardShortcuts": true,
  "statsFilePath": "typing-stats.json",
  "enableTypingAnalysis": true,
  "enableRealTimeAnalysis": true,
  "statsCollectionInterval": 5,
  "enableKeyboardDetection": true,
  "enablePatternLearning": true,
  "keyboard": {
    "autoStart": true,
    "enableHangulSupport": true,
    "enableJamoTracking": true,
    "hangulMode": "auto",
    "jamoSeparation": true,
    "trackingInterval": 50
  },
  "windowSettings": {
    "miniSize": {
      "width": 400,
      "height": 300
    },
    "opacity": 1,
    "alwaysOnTop": false,
    "autoHide": false,
    "position": {
      "x": 100,
      "y": 100
    }
  },
  "windowOpacity": 1,
  "alwaysOnTop": false,
  "enableSystemMonitoring": true,
  "enablePerformanceLogging": false,
  "monitoringInterval": 1000,
  "enableCPUMonitoring": true,
  "enableMemoryMonitoring": true,
  "enableDiskMonitoring": false,
  "enableNotifications": true,
  "enableTrayNotifications": true,
  "enableDebugMode": false,
  "enableConsoleLogging": true,
  "enableErrorReporting": true,
  "logLevel": "info",
  "__internal__": {
    "migrations": {
      "version": "36.4.0"
    }
  },
  "enableGPUFallback": true
}
[2025-06-14T12:57:54.482Z] DEBUG: 키보드 관련 IPC 핸들러 등록 중...
[2025-06-14T12:57:54.543Z] DEBUG: 키보드 리스너 설정 성공
[2025-06-14T12:57:54.543Z] DEBUG: 키보드 핸들러 초기화 완료
[2025-06-14T12:57:54.763Z] DEBUG: 설정 로드 중...
[2025-06-14T12:57:54.764Z] DEBUG: 레거시 설정 발견, 마이그레이션 중...
[2025-06-14T12:57:54.764Z] DEBUG: 카테고리 설정 업데이트됨
[2025-06-14T12:57:54.766Z] DEBUG: 데이터베이스 클라이언트가 없어 폴백 모드로 실행
[2025-06-14T12:57:54.764Z] DEBUG: 설정 로드 완료: {
  "enabledCategories": {
    "docs": true,
    "office": true,
    "coding": true,
    "sns": true,
    "browser": true,
    "game": true,
    "media": true,
    "other": true
  },
  "autoStartMonitoring": true,
  "resumeAfterIdle": true,
  "idleTimeout": 300,
  "theme": "system",
  "windowMode": "windowed",
  "darkMode": false,
  "minimizeToTray": true,
  "showTrayNotifications": true,
  "enableMiniView": true,
  "enableAnimations": true,
  "fontSize": 14,
  "fontFamily": "system-ui",
  "useHardwareAcceleration": false,
  "enableGPUAcceleration": true,
  "gpuAccelerationLevel": 1,
  "processingMode": "auto",
  "reduceMemoryInBackground": true,
  "enableMemoryOptimization": true,
  "enableBackgroundCleanup": true,
  "garbageCollectionInterval": 60000,
  "maxMemoryThreshold": 100,
  "memoryCleanupInterval": 300000,
  "memoryThreshold": 80,
  "autoCleanupLogs": true,
  "maxHistoryItems": 500,
  "logRetentionDays": 30,
  "enableDataCollection": true,
  "enableAnalytics": false,
  "dataRetentionDays": 30,
  "enableAutoSave": true,
  "autoSaveInterval": 10000,
  "enableWPMDisplay": true,
  "enableAccuracyDisplay": true,
  "enableRealTimeStats": true,
  "enableTypingSound": false,
  "enableKeyboardShortcuts": true,
  "statsFilePath": "typing-stats.json",
  "enableTypingAnalysis": true,
  "enableRealTimeAnalysis": true,
  "statsCollectionInterval": 5,
  "enableKeyboardDetection": true,
  "enablePatternLearning": true,
  "keyboard": {
    "autoStart": true,
    "enableHangulSupport": true,
    "enableJamoTracking": true,
    "hangulMode": "auto",
    "jamoSeparation": true,
    "trackingInterval": 50
  },
  "windowSettings": {
    "miniSize": {
      "width": 400,
      "height": 300
    },
    "opacity": 1,
    "alwaysOnTop": false,
    "autoHide": false,
    "position": {
      "x": 100,
      "y": 100
    }
  },
  "windowOpacity": 1,
  "alwaysOnTop": false,
  "enableSystemMonitoring": true,
  "enablePerformanceLogging": false,
  "monitoringInterval": 1000,
  "enableCPUMonitoring": true,
  "enableMemoryMonitoring": true,
  "enableDiskMonitoring": false,
  "enableNotifications": true,
  "enableTrayNotifications": true,
  "enableDebugMode": false,
  "enableConsoleLogging": true,
  "enableErrorReporting": true,
  "logLevel": "info",
  "__internal__": {
    "migrations": {
      "version": "36.4.0"
    }
  },
  "enableGPUFallback": true
}
[2025-06-14T12:57:54.766Z] DEBUG: 통계 처리 시스템 초기화 시작
[2025-06-14T12:57:54.766Z] DEBUG: 데이터 동기화 모듈 초기화 중...
[2025-06-14T12:57:54.767Z] DEBUG: 통계 워커 초기화 시작됨
[2025-06-14T12:57:54.767Z] DEBUG: 브라우저 감지 시스템 초기화 시작
[2025-06-14T12:57:54.767Z] DEBUG: 통계 처리 시스템 초기화 완료
[2025-06-14T12:57:54.813Z] DEBUG: 브라우저 감지 시스템 초기화 완료
[2025-06-14T12:57:54.813Z] DEBUG: active-win 모듈 로드 실패, 폴백 모드 사용: {
  "code": "ERR_DLOPEN_FAILED"
}
[2025-06-14T12:57:54.818Z] DEBUG: 대기 중인 작업 0개 처리 시작
[2025-06-14T12:57:54.818Z] DEBUG: 워커 초기화 완료: 2025-06-14T12:57:54.817Z
[2025-06-14T12:57:56.568Z] DEBUG: 설정에 따라 자동 모니터링 시작
[2025-06-14T12:57:56.570Z] DEBUG: 타이핑 추적 시작됨
[2025-06-14T12:58:00.540Z] DEBUG: 설정 변경 적용: enabledCategories = [object Object]
[2025-06-14T12:58:00.540Z] DEBUG: 테마 변경 적용: dark
[2025-06-14T12:58:00.540Z] DEBUG: 설정 변경 적용: statsCollectionInterval = 5
[2025-06-14T12:58:00.540Z] DEBUG: 설정 변경 적용: keyboard = [object Object]
[2025-06-14T12:58:00.541Z] DEBUG: 설정 변경 적용: logLevel = info
[2025-06-14T12:58:00.541Z] DEBUG: 설정 변경 적용: enableGPUFallback = true
[2025-06-14T12:58:00.541Z] DEBUG: 설정 변경 적용: enableDebugMode = false
[2025-06-14T12:58:00.540Z] DEBUG: 설정 변경 적용: windowSettings = [object Object]
[2025-06-14T13:23:05.871Z] DEBUG: [UpdateManager] Auto-update disabled in development mode
[2025-06-14T13:23:06.034Z] DEBUG: 설정 로드 중...
[2025-06-14T13:23:06.035Z] DEBUG: 레거시 설정 발견, 마이그레이션 중...
[2025-06-14T13:23:06.035Z] DEBUG: 카테고리 설정 업데이트됨
[2025-06-14T13:23:06.036Z] DEBUG: 설정 관리자 IPC 핸들러 등록 완료
[2025-06-14T13:23:06.104Z] DEBUG: 키보드 관련 IPC 핸들러 등록 완료
[2025-06-14T13:23:06.035Z] DEBUG: 설정 로드 완료: {
  "enabledCategories": {
    "docs": true,
    "office": true,
    "coding": true,
    "sns": true,
    "browser": true,
    "game": true,
    "media": true,
    "other": true
  },
  "autoStartMonitoring": true,
  "resumeAfterIdle": true,
  "idleTimeout": 300,
  "theme": "dark",
  "windowMode": "windowed",
  "darkMode": false,
  "minimizeToTray": true,
  "showTrayNotifications": true,
  "enableMiniView": true,
  "enableAnimations": true,
  "fontSize": 14,
  "fontFamily": "system-ui",
  "useHardwareAcceleration": false,
  "enableGPUAcceleration": true,
  "gpuAccelerationLevel": 1,
  "processingMode": "auto",
  "reduceMemoryInBackground": true,
  "enableMemoryOptimization": true,
  "enableBackgroundCleanup": true,
  "garbageCollectionInterval": 60000,
  "maxMemoryThreshold": 100,
  "memoryCleanupInterval": 300000,
  "memoryThreshold": 80,
  "autoCleanupLogs": true,
  "maxHistoryItems": 500,
  "logRetentionDays": 30,
  "enableDataCollection": true,
  "enableAnalytics": false,
  "dataRetentionDays": 30,
  "enableAutoSave": true,
  "autoSaveInterval": 10000,
  "enableWPMDisplay": true,
  "enableAccuracyDisplay": true,
  "enableRealTimeStats": true,
  "enableTypingSound": false,
  "enableKeyboardShortcuts": true,
  "statsFilePath": "typing-stats.json",
  "enableTypingAnalysis": true,
  "enableRealTimeAnalysis": true,
  "statsCollectionInterval": 5,
  "enableKeyboardDetection": true,
  "enablePatternLearning": true,
  "keyboard": {
    "autoStart": true,
    "enableHangulSupport": true,
    "enableJamoTracking": true,
    "hangulMode": "auto",
    "jamoSeparation": true,
    "trackingInterval": 50
  },
  "windowSettings": {
    "miniSize": {
      "width": 400,
      "height": 300
    },
    "opacity": 1,
    "alwaysOnTop": false,
    "autoHide": false,
    "position": {
      "x": 100,
      "y": 100
    }
  },
  "windowOpacity": 1,
  "alwaysOnTop": false,
  "enableSystemMonitoring": true,
  "enablePerformanceLogging": false,
  "monitoringInterval": 1000,
  "enableCPUMonitoring": true,
  "enableMemoryMonitoring": true,
  "enableDiskMonitoring": false,
  "enableNotifications": true,
  "enableTrayNotifications": true,
  "enableDebugMode": false,
  "enableConsoleLogging": true,
  "enableErrorReporting": true,
  "logLevel": "info",
  "enableGPUFallback": true,
  "__internal__": {
    "migrations": {
      "version": "36.4.0"
    }
  }
}
[2025-06-14T13:23:06.104Z] DEBUG: 추적 관련 IPC 핸들러 등록 중...
[2025-06-14T13:23:06.104Z] DEBUG: 키보드 관련 IPC 핸들러 등록 중...
[2025-06-14T13:23:06.104Z] DEBUG: 추적 관련 IPC 핸들러 등록 완료
[2025-06-14T13:23:06.155Z] DEBUG: 데이터베이스 클라이언트가 없어 폴백 모드로 실행
[2025-06-14T13:23:06.155Z] DEBUG: 키보드 핸들러 초기화 완료
[2025-06-14T13:23:06.154Z] DEBUG: 키보드 리스너 설정 성공
[2025-06-14T13:23:06.155Z] DEBUG: 데이터 동기화 모듈 초기화 중...
[2025-06-14T13:23:06.160Z] DEBUG: 통계 처리 시스템 초기화 시작
[2025-06-14T13:23:06.161Z] DEBUG: 통계 워커 초기화 시작됨
[2025-06-14T13:23:06.289Z] DEBUG: 통계 처리 시스템 초기화 완료
[2025-06-14T13:23:06.289Z] DEBUG: 브라우저 감지 시스템 초기화 시작
[2025-06-14T13:23:06.314Z] DEBUG: 브라우저 감지 시스템 초기화 완료
[2025-06-14T13:23:06.314Z] DEBUG: active-win 모듈 로드 실패, 폴백 모드 사용: {
  "code": "ERR_DLOPEN_FAILED"
}
[2025-06-14T13:23:06.450Z] DEBUG: 대기 중인 작업 0개 처리 시작
[2025-06-14T13:23:06.450Z] DEBUG: 워커 초기화 완료: 2025-06-14T13:23:06.205Z
[2025-06-14T13:23:08.155Z] DEBUG: 타이핑 추적 시작됨
[2025-06-14T13:23:08.155Z] DEBUG: 설정에 따라 자동 모니터링 시작
[2025-06-14T13:23:12.362Z] DEBUG: 설정 변경 적용: keyboard = [object Object]
[2025-06-14T13:23:12.362Z] DEBUG: 설정 변경 적용: windowSettings = [object Object]
[2025-06-14T13:23:12.362Z] DEBUG: 설정 변경 적용: enabledCategories = [object Object]
[2025-06-14T23:47:08.550Z] DEBUG: [UpdateManager] Auto-update disabled in development mode
[2025-06-14T23:47:08.707Z] DEBUG: 설정 로드 중...
[2025-06-14T23:47:08.709Z] DEBUG: 레거시 설정 발견, 마이그레이션 중...
[2025-06-14T23:47:08.709Z] DEBUG: 설정 로드 완료: {
  "enabledCategories": {
    "docs": true,
    "office": true,
    "coding": true,
    "sns": true,
    "browser": true,
    "game": true,
    "media": true,
    "other": true
  },
  "autoStartMonitoring": true,
  "resumeAfterIdle": true,
  "idleTimeout": 300,
  "theme": "dark",
  "windowMode": "windowed",
  "darkMode": false,
  "minimizeToTray": true,
  "showTrayNotifications": true,
  "enableMiniView": true,
  "enableAnimations": true,
  "fontSize": 14,
  "fontFamily": "system-ui",
  "useHardwareAcceleration": false,
  "enableGPUAcceleration": true,
  "gpuAccelerationLevel": 1,
  "processingMode": "auto",
  "reduceMemoryInBackground": true,
  "enableMemoryOptimization": true,
  "enableBackgroundCleanup": true,
  "garbageCollectionInterval": 60000,
  "maxMemoryThreshold": 100,
  "memoryCleanupInterval": 300000,
  "memoryThreshold": 80,
  "autoCleanupLogs": true,
  "maxHistoryItems": 500,
  "logRetentionDays": 30,
  "enableDataCollection": true,
  "enableAnalytics": false,
  "dataRetentionDays": 30,
  "enableAutoSave": true,
  "autoSaveInterval": 10000,
  "enableWPMDisplay": true,
  "enableAccuracyDisplay": true,
  "enableRealTimeStats": true,
  "enableTypingSound": false,
  "enableKeyboardShortcuts": true,
  "statsFilePath": "typing-stats.json",
  "enableTypingAnalysis": true,
  "enableRealTimeAnalysis": true,
  "statsCollectionInterval": 5,
  "enableKeyboardDetection": true,
  "enablePatternLearning": true,
  "keyboard": {
    "autoStart": true,
    "enableHangulSupport": true,
    "enableJamoTracking": true,
    "hangulMode": "auto",
    "jamoSeparation": true,
    "trackingInterval": 50
  },
  "windowSettings": {
    "miniSize": {
      "width": 400,
      "height": 300
    },
    "opacity": 1,
    "alwaysOnTop": false,
    "autoHide": false,
    "position": {
      "x": 100,
      "y": 100
    }
  },
  "windowOpacity": 1,
  "alwaysOnTop": false,
  "enableSystemMonitoring": true,
  "enablePerformanceLogging": false,
  "monitoringInterval": 1000,
  "enableCPUMonitoring": true,
  "enableMemoryMonitoring": true,
  "enableDiskMonitoring": false,
  "enableNotifications": true,
  "enableTrayNotifications": true,
  "enableDebugMode": false,
  "enableConsoleLogging": true,
  "enableErrorReporting": true,
  "logLevel": "info",
  "enableGPUFallback": true,
  "__internal__": {
    "migrations": {
      "version": "36.4.0"
    }
  }
}
[2025-06-14T23:47:08.709Z] DEBUG: 카테고리 설정 업데이트됨
[2025-06-14T23:47:08.709Z] DEBUG: 설정 관리자 IPC 핸들러 등록 완료
[2025-06-14T23:47:08.760Z] DEBUG: 키보드 관련 IPC 핸들러 등록 중...
[2025-06-14T23:47:08.760Z] DEBUG: 추적 관련 IPC 핸들러 등록 중...
[2025-06-14T23:47:08.761Z] DEBUG: 추적 관련 IPC 핸들러 등록 완료
[2025-06-14T23:47:08.812Z] DEBUG: 키보드 리스너 설정 성공
[2025-06-14T23:47:08.760Z] DEBUG: 키보드 관련 IPC 핸들러 등록 완료
[2025-06-14T23:47:08.812Z] DEBUG: 데이터베이스 클라이언트가 없어 폴백 모드로 실행
[2025-06-14T23:47:08.812Z] DEBUG: 데이터 동기화 모듈 초기화 중...
[2025-06-14T23:47:08.820Z] DEBUG: 통계 워커 초기화 시작됨
[2025-06-14T23:47:08.818Z] DEBUG: 통계 처리 시스템 초기화 시작
[2025-06-14T23:47:08.812Z] DEBUG: 키보드 핸들러 초기화 완료
[2025-06-14T23:47:08.934Z] DEBUG: 통계 처리 시스템 초기화 완료
[2025-06-14T23:47:08.934Z] DEBUG: 브라우저 감지 시스템 초기화 시작
[2025-06-14T23:47:08.964Z] DEBUG: active-win 모듈 로드 실패, 폴백 모드 사용: {
  "code": "ERR_DLOPEN_FAILED"
}
[2025-06-14T23:47:08.964Z] DEBUG: 브라우저 감지 시스템 초기화 완료
[2025-06-14T23:47:09.119Z] DEBUG: 워커 초기화 완료: 2025-06-14T23:47:08.858Z
[2025-06-14T23:47:09.120Z] DEBUG: 대기 중인 작업 0개 처리 시작
[2025-06-14T23:47:10.813Z] DEBUG: 설정에 따라 자동 모니터링 시작
[2025-06-14T23:47:10.813Z] DEBUG: 타이핑 추적 시작됨
[2025-06-14T23:47:14.327Z] DEBUG: 설정 변경 적용: enabledCategories = [object Object]
[2025-06-14T23:47:14.327Z] DEBUG: 설정 변경 적용: keyboard = [object Object]
[2025-06-14T23:47:14.327Z] DEBUG: 설정 변경 적용: windowSettings = [object Object]
