[2025-06-09T16:39:28.946Z] DEBUG: [UpdateManager] Auto-update disabled in development mode
[2025-06-09T16:39:29.029Z] DEBUG: 설정 로드 중...
[2025-06-09T16:39:29.026Z] DEBUG: 설정 관리자 초기화 중...
[2025-06-09T16:39:29.047Z] DEBUG: 설정 로드 완료: {
  "enabledCategories": {
    "docs": true,
    "office": true,
    "coding": true,
    "sns": true,
    "browser": true,
    "game": false,
    "media": true,
    "other": true
  },
  "autoStartMonitoring": true,
  "resumeAfterIdle": true,
  "idleTimeout": 300,
  "theme": "system",
  "windowMode": "windowed",
  "darkMode": false,
  "minimizeToTray": true,
  "showTrayNotifications": true,
  "enableMiniView": true,
  "enableAnimations": true,
  "fontSize": 14,
  "fontFamily": "system-ui",
  "useHardwareAcceleration": false,
  "enableGPUAcceleration": true,
  "gpuAccelerationLevel": 1,
  "processingMode": "auto",
  "reduceMemoryInBackground": true,
  "enableMemoryOptimization": true,
  "enableBackgroundCleanup": true,
  "garbageCollectionInterval": 60000,
  "maxMemoryThreshold": 100,
  "memoryCleanupInterval": 300000,
  "memoryThreshold": 80,
  "autoCleanupLogs": true,
  "maxHistoryItems": 500,
  "logRetentionDays": 30,
  "enableDataCollection": true,
  "enableAnalytics": false,
  "dataRetentionDays": 30,
  "enableAutoSave": true,
  "autoSaveInterval": 10000,
  "enableWPMDisplay": true,
  "enableAccuracyDisplay": true,
  "enableRealTimeStats": true,
  "enableTypingSound": false,
  "enableKeyboardShortcuts": true,
  "statsFilePath": "typing-stats.json",
  "keyboard": {
    "autoStart": true,
    "enableHangulSupport": true,
    "enableJamoTracking": true,
    "hangulMode": "auto",
    "jamoSeparation": true,
    "trackingInterval": 50
  },
  "windowSettings": {
    "miniSize": {
      "width": 400,
      "height": 300
    },
    "opacity": 1,
    "alwaysOnTop": false,
    "autoHide": false,
    "position": {
      "x": 100,
      "y": 100
    }
  },
  "windowOpacity": 1,
  "alwaysOnTop": false,
  "enableSystemMonitoring": true,
  "enablePerformanceLogging": false,
  "monitoringInterval": 1000,
  "enableCPUMonitoring": true,
  "enableMemoryMonitoring": true,
  "enableDiskMonitoring": false,
  "enableNotifications": true,
  "enableTrayNotifications": true,
  "enableDebugMode": false,
  "enableConsoleLogging": true,
  "enableErrorReporting": true,
  "logLevel": "info",
  "__internal__": {
    "migrations": {
      "version": "36.4.0"
    }
  }
}
[2025-06-09T16:39:29.048Z] DEBUG: 설정 관리자 초기화 완료
[2025-06-09T16:39:29.072Z] DEBUG: 키보드 관련 IPC 핸들러 등록 완료
[2025-06-09T16:39:29.072Z] DEBUG: 추적 관련 IPC 핸들러 등록 중...
[2025-06-09T16:39:29.048Z] DEBUG: 설정 관리자 IPC 핸들러 등록 완료
[2025-06-09T16:39:29.072Z] DEBUG: 키보드 관련 IPC 핸들러 등록 중...
[2025-06-09T16:39:29.124Z] DEBUG: 데이터 동기화 모듈 초기화 중...
[2025-06-09T16:39:29.124Z] DEBUG: 키보드 핸들러 초기화 완료
[2025-06-09T16:39:29.124Z] DEBUG: 데이터베이스 클라이언트가 없어 폴백 모드로 실행
[2025-06-09T16:39:29.123Z] DEBUG: 키보드 리스너 설정 성공
[2025-06-09T16:39:29.072Z] DEBUG: 추적 관련 IPC 핸들러 등록 완료
[2025-06-09T16:39:29.124Z] DEBUG: 통계 처리 시스템 초기화 시작
[2025-06-09T16:39:29.125Z] DEBUG: 통계 처리 시스템 초기화 완료
[2025-06-09T16:39:29.125Z] DEBUG: 통계 워커 초기화 시작됨
[2025-06-09T16:39:29.199Z] DEBUG: 브라우저 감지 시스템 초기화 시작
[2025-06-09T16:39:29.221Z] DEBUG: active-win 모듈 로드 실패, 폴백 모드 사용: {
  "code": "ERR_DLOPEN_FAILED"
}
[2025-06-09T16:39:29.221Z] DEBUG: 브라우저 감지 시스템 초기화 완료
[2025-06-09T16:39:29.306Z] DEBUG: 워커 초기화 완료: 2025-06-09T16:39:29.160Z
[2025-06-09T16:39:29.306Z] DEBUG: 대기 중인 작업 0개 처리 시작
[2025-06-09T16:39:31.126Z] DEBUG: 설정에 따라 자동 모니터링 시작
[2025-06-09T16:39:31.126Z] DEBUG: 타이핑 추적 시작됨
[2025-06-09T16:42:19.407Z] DEBUG: [UpdateManager] Auto-update disabled in development mode
[2025-06-09T16:42:19.490Z] DEBUG: 설정 관리자 초기화 중...
[2025-06-09T16:42:19.492Z] DEBUG: 설정 로드 중...
[2025-06-09T16:42:19.513Z] DEBUG: 설정 로드 완료: {
  "enabledCategories": {
    "docs": true,
    "office": true,
    "coding": true,
    "sns": true,
    "browser": true,
    "game": false,
    "media": true,
    "other": true
  },
  "autoStartMonitoring": true,
  "resumeAfterIdle": true,
  "idleTimeout": 300,
  "theme": "system",
  "windowMode": "windowed",
  "darkMode": false,
  "minimizeToTray": true,
  "showTrayNotifications": true,
  "enableMiniView": true,
  "enableAnimations": true,
  "fontSize": 14,
  "fontFamily": "system-ui",
  "useHardwareAcceleration": false,
  "enableGPUAcceleration": true,
  "gpuAccelerationLevel": 1,
  "processingMode": "auto",
  "reduceMemoryInBackground": true,
  "enableMemoryOptimization": true,
  "enableBackgroundCleanup": true,
  "garbageCollectionInterval": 60000,
  "maxMemoryThreshold": 100,
  "memoryCleanupInterval": 300000,
  "memoryThreshold": 80,
  "autoCleanupLogs": true,
  "maxHistoryItems": 500,
  "logRetentionDays": 30,
  "enableDataCollection": true,
  "enableAnalytics": false,
  "dataRetentionDays": 30,
  "enableAutoSave": true,
  "autoSaveInterval": 10000,
  "enableWPMDisplay": true,
  "enableAccuracyDisplay": true,
  "enableRealTimeStats": true,
  "enableTypingSound": false,
  "enableKeyboardShortcuts": true,
  "statsFilePath": "typing-stats.json",
  "keyboard": {
    "autoStart": true,
    "enableHangulSupport": true,
    "enableJamoTracking": true,
    "hangulMode": "auto",
    "jamoSeparation": true,
    "trackingInterval": 50
  },
  "windowSettings": {
    "miniSize": {
      "width": 400,
      "height": 300
    },
    "opacity": 1,
    "alwaysOnTop": false,
    "autoHide": false,
    "position": {
      "x": 100,
      "y": 100
    }
  },
  "windowOpacity": 1,
  "alwaysOnTop": false,
  "enableSystemMonitoring": true,
  "enablePerformanceLogging": false,
  "monitoringInterval": 1000,
  "enableCPUMonitoring": true,
  "enableMemoryMonitoring": true,
  "enableDiskMonitoring": false,
  "enableNotifications": true,
  "enableTrayNotifications": true,
  "enableDebugMode": false,
  "enableConsoleLogging": true,
  "enableErrorReporting": true,
  "logLevel": "info",
  "__internal__": {
    "migrations": {
      "version": "36.4.0"
    }
  }
}
[2025-06-09T16:42:19.513Z] DEBUG: 설정 관리자 IPC 핸들러 등록 완료
[2025-06-09T16:42:19.534Z] DEBUG: 키보드 관련 IPC 핸들러 등록 중...
[2025-06-09T16:42:19.534Z] DEBUG: 추적 관련 IPC 핸들러 등록 중...
[2025-06-09T16:42:19.534Z] DEBUG: 추적 관련 IPC 핸들러 등록 완료
[2025-06-09T16:42:19.513Z] DEBUG: 설정 관리자 초기화 완료
[2025-06-09T16:42:19.577Z] DEBUG: 키보드 리스너 설정 성공
[2025-06-09T16:42:19.577Z] DEBUG: 키보드 핸들러 초기화 완료
[2025-06-09T16:42:19.577Z] DEBUG: 데이터 동기화 모듈 초기화 중...
[2025-06-09T16:42:19.577Z] DEBUG: 데이터베이스 클라이언트가 없어 폴백 모드로 실행
[2025-06-09T16:42:19.577Z] DEBUG: 통계 처리 시스템 초기화 시작
[2025-06-09T16:42:19.579Z] DEBUG: 통계 워커 초기화 시작됨
[2025-06-09T16:42:19.579Z] DEBUG: 통계 처리 시스템 초기화 완료
[2025-06-09T16:42:19.534Z] DEBUG: 키보드 관련 IPC 핸들러 등록 완료
[2025-06-09T16:42:19.647Z] DEBUG: 브라우저 감지 시스템 초기화 시작
[2025-06-09T16:42:19.670Z] DEBUG: active-win 모듈 로드 실패, 폴백 모드 사용: {
  "code": "ERR_DLOPEN_FAILED"
}
[2025-06-09T16:42:19.670Z] DEBUG: 브라우저 감지 시스템 초기화 완료
[2025-06-09T16:42:19.767Z] DEBUG: 워커 초기화 완료: 2025-06-09T16:42:19.626Z
[2025-06-09T16:42:19.767Z] DEBUG: 대기 중인 작업 0개 처리 시작
[2025-06-09T16:42:21.578Z] DEBUG: 설정에 따라 자동 모니터링 시작
[2025-06-09T16:42:21.578Z] DEBUG: 타이핑 추적 시작됨
[2025-06-09T16:44:18.592Z] DEBUG: [UpdateManager] Auto-update disabled in development mode
[2025-06-09T16:44:18.642Z] DEBUG: 설정 로드 중...
[2025-06-09T16:44:18.640Z] DEBUG: 설정 관리자 초기화 중...
[2025-06-09T16:44:18.674Z] DEBUG: 설정 관리자 IPC 핸들러 등록 완료
[2025-06-09T16:44:18.674Z] DEBUG: 설정 관리자 초기화 완료
[2025-06-09T16:44:18.674Z] DEBUG: 설정 로드 완료: {
  "enabledCategories": {
    "docs": true,
    "office": true,
    "coding": true,
    "sns": true,
    "browser": true,
    "game": false,
    "media": true,
    "other": true
  },
  "autoStartMonitoring": true,
  "resumeAfterIdle": true,
  "idleTimeout": 300,
  "theme": "system",
  "windowMode": "windowed",
  "darkMode": false,
  "minimizeToTray": true,
  "showTrayNotifications": true,
  "enableMiniView": true,
  "enableAnimations": true,
  "fontSize": 14,
  "fontFamily": "system-ui",
  "useHardwareAcceleration": false,
  "enableGPUAcceleration": true,
  "gpuAccelerationLevel": 1,
  "processingMode": "auto",
  "reduceMemoryInBackground": true,
  "enableMemoryOptimization": true,
  "enableBackgroundCleanup": true,
  "garbageCollectionInterval": 60000,
  "maxMemoryThreshold": 100,
  "memoryCleanupInterval": 300000,
  "memoryThreshold": 80,
  "autoCleanupLogs": true,
  "maxHistoryItems": 500,
  "logRetentionDays": 30,
  "enableDataCollection": true,
  "enableAnalytics": false,
  "dataRetentionDays": 30,
  "enableAutoSave": true,
  "autoSaveInterval": 10000,
  "enableWPMDisplay": true,
  "enableAccuracyDisplay": true,
  "enableRealTimeStats": true,
  "enableTypingSound": false,
  "enableKeyboardShortcuts": true,
  "statsFilePath": "typing-stats.json",
  "keyboard": {
    "autoStart": true,
    "enableHangulSupport": true,
    "enableJamoTracking": true,
    "hangulMode": "auto",
    "jamoSeparation": true,
    "trackingInterval": 50
  },
  "windowSettings": {
    "miniSize": {
      "width": 400,
      "height": 300
    },
    "opacity": 1,
    "alwaysOnTop": false,
    "autoHide": false,
    "position": {
      "x": 100,
      "y": 100
    }
  },
  "windowOpacity": 1,
  "alwaysOnTop": false,
  "enableSystemMonitoring": true,
  "enablePerformanceLogging": false,
  "monitoringInterval": 1000,
  "enableCPUMonitoring": true,
  "enableMemoryMonitoring": true,
  "enableDiskMonitoring": false,
  "enableNotifications": true,
  "enableTrayNotifications": true,
  "enableDebugMode": false,
  "enableConsoleLogging": true,
  "enableErrorReporting": true,
  "logLevel": "info",
  "__internal__": {
    "migrations": {
      "version": "36.4.0"
    }
  }
}
[2025-06-09T16:44:18.689Z] DEBUG: 키보드 관련 IPC 핸들러 등록 중...
[2025-06-09T16:44:18.689Z] DEBUG: 키보드 관련 IPC 핸들러 등록 완료
[2025-06-09T16:44:18.689Z] DEBUG: 추적 관련 IPC 핸들러 등록 중...
[2025-06-09T16:44:18.689Z] DEBUG: 추적 관련 IPC 핸들러 등록 완료
[2025-06-09T16:44:18.725Z] DEBUG: 키보드 핸들러 초기화 완료
[2025-06-09T16:44:18.726Z] DEBUG: 데이터 동기화 모듈 초기화 중...
[2025-06-09T16:44:18.725Z] DEBUG: 키보드 리스너 설정 성공
[2025-06-09T16:44:18.726Z] DEBUG: 데이터베이스 클라이언트가 없어 폴백 모드로 실행
[2025-06-09T16:44:18.726Z] DEBUG: 통계 처리 시스템 초기화 시작
[2025-06-09T16:44:18.726Z] DEBUG: 통계 워커 초기화 시작됨
[2025-06-09T16:44:18.727Z] DEBUG: 통계 처리 시스템 초기화 완료
[2025-06-09T16:44:18.771Z] DEBUG: 브라우저 감지 시스템 초기화 시작
[2025-06-09T16:44:18.798Z] DEBUG: active-win 모듈 로드 실패, 폴백 모드 사용: {
  "code": "ERR_DLOPEN_FAILED"
}
[2025-06-09T16:44:18.798Z] DEBUG: 브라우저 감지 시스템 초기화 완료
[2025-06-09T16:44:18.886Z] DEBUG: 워커 초기화 완료: 2025-06-09T16:44:18.760Z
[2025-06-09T16:44:18.886Z] DEBUG: 대기 중인 작업 0개 처리 시작
[2025-06-09T16:44:20.729Z] DEBUG: 설정에 따라 자동 모니터링 시작
[2025-06-09T16:44:20.729Z] DEBUG: 타이핑 추적 시작됨
[2025-06-09T16:45:25.375Z] DEBUG: [UpdateManager] Auto-update disabled in development mode
[2025-06-09T16:45:25.465Z] DEBUG: 설정 관리자 초기화 중...
[2025-06-09T16:45:25.474Z] DEBUG: 설정 로드 중...
[2025-06-09T16:45:25.489Z] DEBUG: 설정 로드 완료: {
  "enabledCategories": {
    "docs": true,
    "office": true,
    "coding": true,
    "sns": true,
    "browser": true,
    "game": false,
    "media": true,
    "other": true
  },
  "autoStartMonitoring": true,
  "resumeAfterIdle": true,
  "idleTimeout": 300,
  "theme": "system",
  "windowMode": "windowed",
  "darkMode": false,
  "minimizeToTray": true,
  "showTrayNotifications": true,
  "enableMiniView": true,
  "enableAnimations": true,
  "fontSize": 14,
  "fontFamily": "system-ui",
  "useHardwareAcceleration": false,
  "enableGPUAcceleration": true,
  "gpuAccelerationLevel": 1,
  "processingMode": "auto",
  "reduceMemoryInBackground": true,
  "enableMemoryOptimization": true,
  "enableBackgroundCleanup": true,
  "garbageCollectionInterval": 60000,
  "maxMemoryThreshold": 100,
  "memoryCleanupInterval": 300000,
  "memoryThreshold": 80,
  "autoCleanupLogs": true,
  "maxHistoryItems": 500,
  "logRetentionDays": 30,
  "enableDataCollection": true,
  "enableAnalytics": false,
  "dataRetentionDays": 30,
  "enableAutoSave": true,
  "autoSaveInterval": 10000,
  "enableWPMDisplay": true,
  "enableAccuracyDisplay": true,
  "enableRealTimeStats": true,
  "enableTypingSound": false,
  "enableKeyboardShortcuts": true,
  "statsFilePath": "typing-stats.json",
  "keyboard": {
    "autoStart": true,
    "enableHangulSupport": true,
    "enableJamoTracking": true,
    "hangulMode": "auto",
    "jamoSeparation": true,
    "trackingInterval": 50
  },
  "windowSettings": {
    "miniSize": {
      "width": 400,
      "height": 300
    },
    "opacity": 1,
    "alwaysOnTop": false,
    "autoHide": false,
    "position": {
      "x": 100,
      "y": 100
    }
  },
  "windowOpacity": 1,
  "alwaysOnTop": false,
  "enableSystemMonitoring": true,
  "enablePerformanceLogging": false,
  "monitoringInterval": 1000,
  "enableCPUMonitoring": true,
  "enableMemoryMonitoring": true,
  "enableDiskMonitoring": false,
  "enableNotifications": true,
  "enableTrayNotifications": true,
  "enableDebugMode": false,
  "enableConsoleLogging": true,
  "enableErrorReporting": true,
  "logLevel": "info",
  "__internal__": {
    "migrations": {
      "version": "36.4.0"
    }
  }
}
[2025-06-09T16:45:25.489Z] DEBUG: 설정 관리자 IPC 핸들러 등록 완료
[2025-06-09T16:45:25.489Z] DEBUG: 설정 관리자 초기화 완료
[2025-06-09T16:45:25.516Z] DEBUG: 키보드 관련 IPC 핸들러 등록 중...
[2025-06-09T16:45:25.516Z] DEBUG: 추적 관련 IPC 핸들러 등록 중...
[2025-06-09T16:45:25.516Z] DEBUG: 키보드 관련 IPC 핸들러 등록 완료
[2025-06-09T16:45:25.516Z] DEBUG: 추적 관련 IPC 핸들러 등록 완료
[2025-06-09T16:45:25.560Z] DEBUG: 데이터 동기화 모듈 초기화 중...
[2025-06-09T16:45:25.560Z] DEBUG: 키보드 리스너 설정 성공
[2025-06-09T16:45:25.560Z] DEBUG: 키보드 핸들러 초기화 완료
[2025-06-09T16:45:25.560Z] DEBUG: 데이터베이스 클라이언트가 없어 폴백 모드로 실행
[2025-06-09T16:45:25.561Z] DEBUG: 통계 처리 시스템 초기화 시작
[2025-06-09T16:45:25.562Z] DEBUG: 통계 처리 시스템 초기화 완료
[2025-06-09T16:45:25.561Z] DEBUG: 통계 워커 초기화 시작됨
[2025-06-09T16:45:25.634Z] DEBUG: 브라우저 감지 시스템 초기화 시작
[2025-06-09T16:45:25.665Z] DEBUG: active-win 모듈 로드 실패, 폴백 모드 사용: {
  "code": "ERR_DLOPEN_FAILED"
}
[2025-06-09T16:45:25.665Z] DEBUG: 브라우저 감지 시스템 초기화 완료
[2025-06-09T16:45:25.766Z] DEBUG: 대기 중인 작업 0개 처리 시작
[2025-06-09T16:45:25.765Z] DEBUG: 워커 초기화 완료: 2025-06-09T16:45:25.595Z
[2025-06-09T16:45:27.566Z] DEBUG: 설정에 따라 자동 모니터링 시작
[2025-06-09T16:45:27.566Z] DEBUG: 타이핑 추적 시작됨
[2025-06-09T17:05:48.519Z] DEBUG: [UpdateManager] Auto-update disabled in development mode
[2025-06-09T17:05:48.604Z] DEBUG: 설정 관리자 초기화 중...
[2025-06-09T17:05:48.606Z] DEBUG: 설정 로드 중...
[2025-06-09T17:05:48.620Z] DEBUG: 설정 로드 완료: {
  "enabledCategories": {
    "docs": true,
    "office": true,
    "coding": true,
    "sns": true,
    "browser": true,
    "game": false,
    "media": true,
    "other": true
  },
  "autoStartMonitoring": true,
  "resumeAfterIdle": true,
  "idleTimeout": 300,
  "theme": "system",
  "windowMode": "windowed",
  "darkMode": false,
  "minimizeToTray": true,
  "showTrayNotifications": true,
  "enableMiniView": true,
  "enableAnimations": true,
  "fontSize": 14,
  "fontFamily": "system-ui",
  "useHardwareAcceleration": false,
  "enableGPUAcceleration": true,
  "gpuAccelerationLevel": 1,
  "processingMode": "auto",
  "reduceMemoryInBackground": true,
  "enableMemoryOptimization": true,
  "enableBackgroundCleanup": true,
  "garbageCollectionInterval": 60000,
  "maxMemoryThreshold": 100,
  "memoryCleanupInterval": 300000,
  "memoryThreshold": 80,
  "autoCleanupLogs": true,
  "maxHistoryItems": 500,
  "logRetentionDays": 30,
  "enableDataCollection": true,
  "enableAnalytics": false,
  "dataRetentionDays": 30,
  "enableAutoSave": true,
  "autoSaveInterval": 10000,
  "enableWPMDisplay": true,
  "enableAccuracyDisplay": true,
  "enableRealTimeStats": true,
  "enableTypingSound": false,
  "enableKeyboardShortcuts": true,
  "statsFilePath": "typing-stats.json",
  "keyboard": {
    "autoStart": true,
    "enableHangulSupport": true,
    "enableJamoTracking": true,
    "hangulMode": "auto",
    "jamoSeparation": true,
    "trackingInterval": 50
  },
  "windowSettings": {
    "miniSize": {
      "width": 400,
      "height": 300
    },
    "opacity": 1,
    "alwaysOnTop": false,
    "autoHide": false,
    "position": {
      "x": 100,
      "y": 100
    }
  },
  "windowOpacity": 1,
  "alwaysOnTop": false,
  "enableSystemMonitoring": true,
  "enablePerformanceLogging": false,
  "monitoringInterval": 1000,
  "enableCPUMonitoring": true,
  "enableMemoryMonitoring": true,
  "enableDiskMonitoring": false,
  "enableNotifications": true,
  "enableTrayNotifications": true,
  "enableDebugMode": false,
  "enableConsoleLogging": true,
  "enableErrorReporting": true,
  "logLevel": "info",
  "__internal__": {
    "migrations": {
      "version": "36.4.0"
    }
  }
}
[2025-06-09T17:05:48.645Z] DEBUG: 키보드 관련 IPC 핸들러 등록 중...
[2025-06-09T17:05:48.620Z] DEBUG: 설정 관리자 IPC 핸들러 등록 완료
[2025-06-09T17:05:48.620Z] DEBUG: 설정 관리자 초기화 완료
[2025-06-09T17:05:48.645Z] DEBUG: 키보드 관련 IPC 핸들러 등록 완료
[2025-06-09T17:05:48.645Z] DEBUG: 추적 관련 IPC 핸들러 등록 중...
[2025-06-09T17:05:48.645Z] DEBUG: 추적 관련 IPC 핸들러 등록 완료
[2025-06-09T17:05:48.689Z] DEBUG: 키보드 리스너 설정 성공
[2025-06-09T17:05:48.689Z] DEBUG: 데이터 동기화 모듈 초기화 중...
[2025-06-09T17:05:48.689Z] DEBUG: 키보드 핸들러 초기화 완료
[2025-06-09T17:05:48.689Z] DEBUG: 통계 처리 시스템 초기화 시작
[2025-06-09T17:05:48.689Z] DEBUG: 데이터베이스 클라이언트가 없어 폴백 모드로 실행
[2025-06-09T17:05:48.690Z] DEBUG: 통계 워커 초기화 시작됨
[2025-06-09T17:05:48.690Z] DEBUG: 통계 처리 시스템 초기화 완료
[2025-06-09T17:05:48.768Z] DEBUG: 브라우저 감지 시스템 초기화 시작
[2025-06-09T17:05:48.809Z] DEBUG: active-win 모듈 로드 실패, 폴백 모드 사용: {
  "code": "ERR_DLOPEN_FAILED"
}
[2025-06-09T17:05:48.809Z] DEBUG: 브라우저 감지 시스템 초기화 완료
[2025-06-09T17:05:48.908Z] DEBUG: 대기 중인 작업 0개 처리 시작
[2025-06-09T17:05:48.908Z] DEBUG: 워커 초기화 완료: 2025-06-09T17:05:48.730Z
[2025-06-09T17:05:50.691Z] DEBUG: 설정에 따라 자동 모니터링 시작
[2025-06-09T17:05:50.691Z] DEBUG: 타이핑 추적 시작됨
[2025-06-09T19:18:23.252Z] DEBUG: [UpdateManager] Auto-update disabled in development mode
[2025-06-09T19:18:23.381Z] DEBUG: 설정 관리자 초기화 중...
[2025-06-09T19:18:23.401Z] DEBUG: 디렉토리 생성됨: /Users/user/Library/Application Support/Electron/config
[2025-06-09T19:18:23.404Z] DEBUG: 디렉토리 생성됨: /Users/user/Library/Application Support/Electron/database
[2025-06-09T19:18:23.405Z] DEBUG: 디렉토리 생성됨: /Users/user/Library/Application Support/Electron/backup
[2025-06-09T19:18:23.405Z] DEBUG: userData 디렉토리 구조 생성 완료: /Users/user/Library/Application Support/Electron
[2025-06-09T19:18:23.407Z] DEBUG: 설정 로드 중...
[2025-06-09T19:18:23.408Z] DEBUG: 설정 로드 완료: {
  "enabledCategories": {
    "docs": true,
    "office": true,
    "coding": true,
    "sns": true,
    "browser": true,
    "game": false,
    "media": true,
    "other": true
  },
  "autoStartMonitoring": true,
  "resumeAfterIdle": true,
  "idleTimeout": 300,
  "theme": "system",
  "windowMode": "windowed",
  "darkMode": false,
  "minimizeToTray": true,
  "showTrayNotifications": true,
  "enableMiniView": true,
  "enableAnimations": true,
  "fontSize": 14,
  "fontFamily": "system-ui",
  "useHardwareAcceleration": false,
  "enableGPUAcceleration": true,
  "gpuAccelerationLevel": 1,
  "processingMode": "auto",
  "reduceMemoryInBackground": true,
  "enableMemoryOptimization": true,
  "enableBackgroundCleanup": true,
  "garbageCollectionInterval": 60000,
  "maxMemoryThreshold": 100,
  "memoryCleanupInterval": 300000,
  "memoryThreshold": 80,
  "autoCleanupLogs": true,
  "maxHistoryItems": 500,
  "logRetentionDays": 30,
  "enableDataCollection": true,
  "enableAnalytics": false,
  "dataRetentionDays": 30,
  "enableAutoSave": true,
  "autoSaveInterval": 10000,
  "enableWPMDisplay": true,
  "enableAccuracyDisplay": true,
  "enableRealTimeStats": true,
  "enableTypingSound": false,
  "enableKeyboardShortcuts": true,
  "statsFilePath": "typing-stats.json",
  "keyboard": {
    "autoStart": true,
    "enableHangulSupport": true,
    "enableJamoTracking": true,
    "hangulMode": "auto",
    "jamoSeparation": true,
    "trackingInterval": 50
  },
  "windowSettings": {
    "miniSize": {
      "width": 400,
      "height": 300
    },
    "opacity": 1,
    "alwaysOnTop": false,
    "autoHide": false,
    "position": {
      "x": 100,
      "y": 100
    }
  },
  "windowOpacity": 1,
  "alwaysOnTop": false,
  "enableSystemMonitoring": true,
  "enablePerformanceLogging": false,
  "monitoringInterval": 1000,
  "enableCPUMonitoring": true,
  "enableMemoryMonitoring": true,
  "enableDiskMonitoring": false,
  "enableNotifications": true,
  "enableTrayNotifications": true,
  "enableDebugMode": false,
  "enableConsoleLogging": true,
  "enableErrorReporting": true,
  "logLevel": "info",
  "__internal__": {
    "migrations": {
      "version": "36.4.0"
    }
  }
}
[2025-06-09T19:18:23.408Z] DEBUG: 설정 관리자 IPC 핸들러 등록 완료
[2025-06-09T19:18:23.442Z] DEBUG: 키보드 관련 IPC 핸들러 등록 중...
[2025-06-09T19:18:23.442Z] DEBUG: 추적 관련 IPC 핸들러 등록 완료
[2025-06-09T19:18:23.442Z] DEBUG: 키보드 관련 IPC 핸들러 등록 완료
[2025-06-09T19:18:23.408Z] DEBUG: 설정 관리자 초기화 완료
[2025-06-09T19:18:23.489Z] DEBUG: 키보드 핸들러 초기화 완료
[2025-06-09T19:18:23.442Z] DEBUG: 추적 관련 IPC 핸들러 등록 중...
[2025-06-09T19:18:23.489Z] DEBUG: 데이터 동기화 모듈 초기화 중...
[2025-06-09T19:18:23.489Z] DEBUG: 데이터베이스 클라이언트가 없어 폴백 모드로 실행
[2025-06-09T19:18:23.489Z] DEBUG: 키보드 리스너 설정 성공
[2025-06-09T19:18:23.489Z] DEBUG: 통계 처리 시스템 초기화 시작
[2025-06-09T19:18:23.490Z] DEBUG: 통계 처리 시스템 초기화 완료
[2025-06-09T19:18:23.490Z] DEBUG: 통계 워커 초기화 시작됨
[2025-06-09T19:18:23.577Z] DEBUG: 브라우저 감지 시스템 초기화 시작
[2025-06-09T19:18:23.603Z] DEBUG: 브라우저 감지 시스템 초기화 완료
[2025-06-09T19:18:23.603Z] DEBUG: active-win 모듈 로드 실패, 폴백 모드 사용: {
  "code": "ERR_DLOPEN_FAILED"
}
[2025-06-09T19:18:23.712Z] DEBUG: 워커 초기화 완료: 2025-06-09T19:18:23.529Z
[2025-06-09T19:18:23.712Z] DEBUG: 대기 중인 작업 0개 처리 시작
[2025-06-09T19:18:25.492Z] DEBUG: 설정에 따라 자동 모니터링 시작
[2025-06-09T19:18:25.492Z] DEBUG: 타이핑 추적 시작됨
[2025-06-09T23:10:56.498Z] DEBUG: [UpdateManager] Auto-update disabled in development mode
[2025-06-09T23:10:56.583Z] DEBUG: 설정 관리자 초기화 중...
[2025-06-09T23:10:56.604Z] DEBUG: userData 디렉토리 구조 생성 완료: /Users/user/Library/Application Support/Electron
[2025-06-09T23:10:56.606Z] DEBUG: 설정 로드 중...
[2025-06-09T23:10:56.607Z] DEBUG: 설정 관리자 IPC 핸들러 등록 완료
[2025-06-09T23:10:56.607Z] DEBUG: 설정 관리자 초기화 완료
[2025-06-09T23:10:56.607Z] DEBUG: 설정 로드 완료: {
  "enabledCategories": {
    "docs": true,
    "office": true,
    "coding": true,
    "sns": true,
    "browser": true,
    "game": false,
    "media": true,
    "other": true
  },
  "autoStartMonitoring": true,
  "resumeAfterIdle": true,
  "idleTimeout": 300,
  "theme": "system",
  "windowMode": "windowed",
  "darkMode": false,
  "minimizeToTray": true,
  "showTrayNotifications": true,
  "enableMiniView": true,
  "enableAnimations": true,
  "fontSize": 14,
  "fontFamily": "system-ui",
  "useHardwareAcceleration": false,
  "enableGPUAcceleration": true,
  "gpuAccelerationLevel": 1,
  "processingMode": "auto",
  "reduceMemoryInBackground": true,
  "enableMemoryOptimization": true,
  "enableBackgroundCleanup": true,
  "garbageCollectionInterval": 60000,
  "maxMemoryThreshold": 100,
  "memoryCleanupInterval": 300000,
  "memoryThreshold": 80,
  "autoCleanupLogs": true,
  "maxHistoryItems": 500,
  "logRetentionDays": 30,
  "enableDataCollection": true,
  "enableAnalytics": false,
  "dataRetentionDays": 30,
  "enableAutoSave": true,
  "autoSaveInterval": 10000,
  "enableWPMDisplay": true,
  "enableAccuracyDisplay": true,
  "enableRealTimeStats": true,
  "enableTypingSound": false,
  "enableKeyboardShortcuts": true,
  "statsFilePath": "typing-stats.json",
  "keyboard": {
    "autoStart": true,
    "enableHangulSupport": true,
    "enableJamoTracking": true,
    "hangulMode": "auto",
    "jamoSeparation": true,
    "trackingInterval": 50
  },
  "windowSettings": {
    "miniSize": {
      "width": 400,
      "height": 300
    },
    "opacity": 1,
    "alwaysOnTop": false,
    "autoHide": false,
    "position": {
      "x": 100,
      "y": 100
    }
  },
  "windowOpacity": 1,
  "alwaysOnTop": false,
  "enableSystemMonitoring": true,
  "enablePerformanceLogging": false,
  "monitoringInterval": 1000,
  "enableCPUMonitoring": true,
  "enableMemoryMonitoring": true,
  "enableDiskMonitoring": false,
  "enableNotifications": true,
  "enableTrayNotifications": true,
  "enableDebugMode": false,
  "enableConsoleLogging": true,
  "enableErrorReporting": true,
  "logLevel": "info",
  "__internal__": {
    "migrations": {
      "version": "36.4.0"
    }
  }
}
[2025-06-09T23:10:56.628Z] DEBUG: 추적 관련 IPC 핸들러 등록 완료
[2025-06-09T23:10:56.628Z] DEBUG: 추적 관련 IPC 핸들러 등록 중...
[2025-06-09T23:10:56.673Z] DEBUG: 키보드 핸들러 초기화 완료
[2025-06-09T23:10:56.673Z] DEBUG: 데이터 동기화 모듈 초기화 중...
[2025-06-09T23:10:56.673Z] DEBUG: 데이터베이스 클라이언트가 없어 폴백 모드로 실행
[2025-06-09T23:10:56.673Z] DEBUG: 키보드 리스너 설정 성공
[2025-06-09T23:10:56.673Z] DEBUG: 통계 처리 시스템 초기화 시작
[2025-06-09T23:10:56.675Z] DEBUG: 통계 처리 시스템 초기화 완료
[2025-06-09T23:10:56.628Z] DEBUG: 키보드 관련 IPC 핸들러 등록 중...
[2025-06-09T23:10:56.628Z] DEBUG: 키보드 관련 IPC 핸들러 등록 완료
[2025-06-09T23:10:56.675Z] DEBUG: 통계 워커 초기화 시작됨
[2025-06-09T23:10:56.743Z] DEBUG: 브라우저 감지 시스템 초기화 시작
[2025-06-09T23:10:56.776Z] DEBUG: active-win 모듈 로드 실패, 폴백 모드 사용: {
  "code": "ERR_DLOPEN_FAILED"
}
[2025-06-09T23:10:56.776Z] DEBUG: 브라우저 감지 시스템 초기화 완료
[2025-06-09T23:10:56.870Z] DEBUG: 워커 초기화 완료: 2025-06-09T23:10:56.709Z
[2025-06-09T23:10:56.870Z] DEBUG: 대기 중인 작업 0개 처리 시작
[2025-06-09T23:10:58.675Z] DEBUG: 설정에 따라 자동 모니터링 시작
[2025-06-09T23:10:58.675Z] DEBUG: 타이핑 추적 시작됨
[2025-06-09T23:31:51.742Z] DEBUG: [UpdateManager] Auto-update disabled in development mode
[2025-06-09T23:31:51.847Z] DEBUG: 디렉토리 생성됨: /Users/user/loop/loop_6/userData
[2025-06-09T23:31:51.849Z] DEBUG: 디렉토리 생성됨: /Users/user/loop/loop_6/userData/config
[2025-06-09T23:31:51.850Z] DEBUG: 디렉토리 생성됨: /Users/user/loop/loop_6/userData/logs
[2025-06-09T23:31:51.851Z] DEBUG: 디렉토리 생성됨: /Users/user/loop/loop_6/userData/database
[2025-06-09T23:31:51.851Z] DEBUG: 디렉토리 생성됨: /Users/user/loop/loop_6/userData/backup
[2025-06-09T23:31:51.872Z] DEBUG: 설정 로드 중...
[2025-06-09T23:31:51.873Z] DEBUG: 설정 로드 완료: {
  "enabledCategories": {
    "docs": true,
    "office": true,
    "coding": true,
    "sns": true,
    "browser": true,
    "game": false,
    "media": true,
    "other": true
  },
  "autoStartMonitoring": true,
  "resumeAfterIdle": true,
  "idleTimeout": 300,
  "theme": "system",
  "windowMode": "windowed",
  "darkMode": false,
  "minimizeToTray": true,
  "showTrayNotifications": true,
  "enableMiniView": true,
  "enableAnimations": true,
  "fontSize": 14,
  "fontFamily": "system-ui",
  "useHardwareAcceleration": false,
  "enableGPUAcceleration": true,
  "gpuAccelerationLevel": 1,
  "processingMode": "auto",
  "reduceMemoryInBackground": true,
  "enableMemoryOptimization": true,
  "enableBackgroundCleanup": true,
  "garbageCollectionInterval": 60000,
  "maxMemoryThreshold": 100,
  "memoryCleanupInterval": 300000,
  "memoryThreshold": 80,
  "autoCleanupLogs": true,
  "maxHistoryItems": 500,
  "logRetentionDays": 30,
  "enableDataCollection": true,
  "enableAnalytics": false,
  "dataRetentionDays": 30,
  "enableAutoSave": true,
  "autoSaveInterval": 10000,
  "enableWPMDisplay": true,
  "enableAccuracyDisplay": true,
  "enableRealTimeStats": true,
  "enableTypingSound": false,
  "enableKeyboardShortcuts": true,
  "statsFilePath": "typing-stats.json",
  "keyboard": {
    "autoStart": true,
    "enableHangulSupport": true,
    "enableJamoTracking": true,
    "hangulMode": "auto",
    "jamoSeparation": true,
    "trackingInterval": 50
  },
  "windowSettings": {
    "miniSize": {
      "width": 400,
      "height": 300
    },
    "opacity": 1,
    "alwaysOnTop": false,
    "autoHide": false,
    "position": {
      "x": 100,
      "y": 100
    }
  },
  "windowOpacity": 1,
  "alwaysOnTop": false,
  "enableSystemMonitoring": true,
  "enablePerformanceLogging": false,
  "monitoringInterval": 1000,
  "enableCPUMonitoring": true,
  "enableMemoryMonitoring": true,
  "enableDiskMonitoring": false,
  "enableNotifications": true,
  "enableTrayNotifications": true,
  "enableDebugMode": true,
  "enableConsoleLogging": true,
  "enableErrorReporting": true,
  "logLevel": "debug"
}
[2025-06-09T23:31:51.873Z] DEBUG: 설정 관리자 IPC 핸들러 등록 완료
[2025-06-09T23:31:51.895Z] DEBUG: 키보드 관련 IPC 핸들러 등록 중...
[2025-06-09T23:31:51.895Z] DEBUG: 키보드 관련 IPC 핸들러 등록 완료
[2025-06-09T23:31:51.895Z] DEBUG: 추적 관련 IPC 핸들러 등록 중...
[2025-06-09T23:31:51.895Z] DEBUG: 추적 관련 IPC 핸들러 등록 완료
[2025-06-09T23:31:51.940Z] DEBUG: 키보드 리스너 설정 성공
[2025-06-09T23:31:51.940Z] DEBUG: 키보드 핸들러 초기화 완료
[2025-06-09T23:31:51.940Z] DEBUG: 데이터 동기화 모듈 초기화 중...
[2025-06-09T23:31:51.940Z] DEBUG: 데이터베이스 클라이언트가 없어 폴백 모드로 실행
[2025-06-09T23:31:51.940Z] DEBUG: 통계 처리 시스템 초기화 시작
[2025-06-09T23:31:51.941Z] DEBUG: 통계 워커 초기화 시작됨
[2025-06-09T23:31:51.941Z] DEBUG: 통계 처리 시스템 초기화 완료
[2025-06-09T23:31:52.004Z] DEBUG: 브라우저 감지 시스템 초기화 시작
[2025-06-09T23:31:52.027Z] DEBUG: active-win 모듈 로드 실패, 폴백 모드 사용: {
  "code": "ERR_DLOPEN_FAILED"
}
[2025-06-09T23:31:52.027Z] DEBUG: 브라우저 감지 시스템 초기화 완료
[2025-06-09T23:31:52.125Z] DEBUG: 워커 초기화 완료: 2025-06-09T23:31:51.984Z
[2025-06-09T23:31:52.125Z] DEBUG: 대기 중인 작업 0개 처리 시작
[2025-06-09T23:31:53.940Z] DEBUG: 타이핑 추적 시작됨
[2025-06-09T23:31:53.940Z] DEBUG: 설정에 따라 자동 모니터링 시작
[2025-06-09T23:53:00.894Z] DEBUG: [UpdateManager] Auto-update disabled in development mode
[2025-06-09T23:53:01.015Z] DEBUG: 설정 로드 중...
[2025-06-09T23:53:01.016Z] DEBUG: 설정 관리자 IPC 핸들러 등록 완료
[2025-06-09T23:53:01.015Z] DEBUG: 설정 로드 완료: {
  "enabledCategories": {
    "docs": true,
    "office": true,
    "coding": true,
    "sns": true,
    "browser": true,
    "game": false,
    "media": true,
    "other": true
  },
  "autoStartMonitoring": true,
  "resumeAfterIdle": true,
  "idleTimeout": 300,
  "theme": "system",
  "windowMode": "windowed",
  "darkMode": false,
  "minimizeToTray": true,
  "showTrayNotifications": true,
  "enableMiniView": true,
  "enableAnimations": true,
  "fontSize": 14,
  "fontFamily": "system-ui",
  "useHardwareAcceleration": false,
  "enableGPUAcceleration": true,
  "gpuAccelerationLevel": 1,
  "processingMode": "auto",
  "reduceMemoryInBackground": true,
  "enableMemoryOptimization": true,
  "enableBackgroundCleanup": true,
  "garbageCollectionInterval": 60000,
  "maxMemoryThreshold": 100,
  "memoryCleanupInterval": 300000,
  "memoryThreshold": 80,
  "autoCleanupLogs": true,
  "maxHistoryItems": 500,
  "logRetentionDays": 30,
  "enableDataCollection": true,
  "enableAnalytics": false,
  "dataRetentionDays": 30,
  "enableAutoSave": true,
  "autoSaveInterval": 10000,
  "enableWPMDisplay": true,
  "enableAccuracyDisplay": true,
  "enableRealTimeStats": true,
  "enableTypingSound": false,
  "enableKeyboardShortcuts": true,
  "statsFilePath": "typing-stats.json",
  "keyboard": {
    "autoStart": true,
    "enableHangulSupport": true,
    "enableJamoTracking": true,
    "hangulMode": "auto",
    "jamoSeparation": true,
    "trackingInterval": 50
  },
  "windowSettings": {
    "miniSize": {
      "width": 400,
      "height": 300
    },
    "opacity": 1,
    "alwaysOnTop": false,
    "autoHide": false,
    "position": {
      "x": 100,
      "y": 100
    }
  },
  "windowOpacity": 1,
  "alwaysOnTop": false,
  "enableSystemMonitoring": true,
  "enablePerformanceLogging": false,
  "monitoringInterval": 1000,
  "enableCPUMonitoring": true,
  "enableMemoryMonitoring": true,
  "enableDiskMonitoring": false,
  "enableNotifications": true,
  "enableTrayNotifications": true,
  "enableDebugMode": true,
  "enableConsoleLogging": true,
  "enableErrorReporting": true,
  "logLevel": "debug",
  "__internal__": {
    "migrations": {
      "version": "36.4.0"
    }
  }
}
[2025-06-09T23:53:01.034Z] DEBUG: 추적 관련 IPC 핸들러 등록 중...
[2025-06-09T23:53:01.034Z] DEBUG: 추적 관련 IPC 핸들러 등록 완료
[2025-06-09T23:53:01.034Z] DEBUG: 키보드 관련 IPC 핸들러 등록 중...
[2025-06-09T23:53:01.079Z] DEBUG: 키보드 리스너 설정 성공
[2025-06-09T23:53:01.079Z] DEBUG: 키보드 핸들러 초기화 완료
[2025-06-09T23:53:01.034Z] DEBUG: 키보드 관련 IPC 핸들러 등록 완료
[2025-06-09T23:53:01.079Z] DEBUG: 데이터베이스 클라이언트가 없어 폴백 모드로 실행
[2025-06-09T23:53:01.079Z] DEBUG: 통계 처리 시스템 초기화 시작
[2025-06-09T23:53:01.080Z] DEBUG: 통계 워커 초기화 시작됨
[2025-06-09T23:53:01.079Z] DEBUG: 데이터 동기화 모듈 초기화 중...
[2025-06-09T23:53:01.080Z] DEBUG: 통계 처리 시스템 초기화 완료
[2025-06-09T23:53:01.145Z] DEBUG: 브라우저 감지 시스템 초기화 시작
[2025-06-09T23:53:01.167Z] DEBUG: 브라우저 감지 시스템 초기화 완료
[2025-06-09T23:53:01.167Z] DEBUG: active-win 모듈 로드 실패, 폴백 모드 사용: {
  "code": "ERR_DLOPEN_FAILED"
}
[2025-06-09T23:53:01.276Z] DEBUG: 대기 중인 작업 0개 처리 시작
[2025-06-09T23:53:01.276Z] DEBUG: 워커 초기화 완료: 2025-06-09T23:53:01.120Z
[2025-06-09T23:53:03.082Z] DEBUG: 설정에 따라 자동 모니터링 시작
[2025-06-09T23:53:03.082Z] DEBUG: 타이핑 추적 시작됨
[2025-06-09T23:54:53.756Z] DEBUG: [UpdateManager] Auto-update disabled in development mode
[2025-06-09T23:54:53.858Z] DEBUG: 설정 로드 중...
[2025-06-09T23:54:53.858Z] DEBUG: 설정 관리자 IPC 핸들러 등록 완료
[2025-06-09T23:54:53.858Z] DEBUG: 설정 로드 완료: {
  "enabledCategories": {
    "docs": true,
    "office": true,
    "coding": true,
    "sns": true,
    "browser": true,
    "game": false,
    "media": true,
    "other": true
  },
  "autoStartMonitoring": true,
  "resumeAfterIdle": true,
  "idleTimeout": 300,
  "theme": "system",
  "windowMode": "windowed",
  "darkMode": false,
  "minimizeToTray": true,
  "showTrayNotifications": true,
  "enableMiniView": true,
  "enableAnimations": true,
  "fontSize": 14,
  "fontFamily": "system-ui",
  "useHardwareAcceleration": false,
  "enableGPUAcceleration": true,
  "gpuAccelerationLevel": 1,
  "processingMode": "auto",
  "reduceMemoryInBackground": true,
  "enableMemoryOptimization": true,
  "enableBackgroundCleanup": true,
  "garbageCollectionInterval": 60000,
  "maxMemoryThreshold": 100,
  "memoryCleanupInterval": 300000,
  "memoryThreshold": 80,
  "autoCleanupLogs": true,
  "maxHistoryItems": 500,
  "logRetentionDays": 30,
  "enableDataCollection": true,
  "enableAnalytics": false,
  "dataRetentionDays": 30,
  "enableAutoSave": true,
  "autoSaveInterval": 10000,
  "enableWPMDisplay": true,
  "enableAccuracyDisplay": true,
  "enableRealTimeStats": true,
  "enableTypingSound": false,
  "enableKeyboardShortcuts": true,
  "statsFilePath": "typing-stats.json",
  "keyboard": {
    "autoStart": true,
    "enableHangulSupport": true,
    "enableJamoTracking": true,
    "hangulMode": "auto",
    "jamoSeparation": true,
    "trackingInterval": 50
  },
  "windowSettings": {
    "miniSize": {
      "width": 400,
      "height": 300
    },
    "opacity": 1,
    "alwaysOnTop": false,
    "autoHide": false,
    "position": {
      "x": 100,
      "y": 100
    }
  },
  "windowOpacity": 1,
  "alwaysOnTop": false,
  "enableSystemMonitoring": true,
  "enablePerformanceLogging": false,
  "monitoringInterval": 1000,
  "enableCPUMonitoring": true,
  "enableMemoryMonitoring": true,
  "enableDiskMonitoring": false,
  "enableNotifications": true,
  "enableTrayNotifications": true,
  "enableDebugMode": true,
  "enableConsoleLogging": true,
  "enableErrorReporting": true,
  "logLevel": "debug",
  "__internal__": {
    "migrations": {
      "version": "36.4.0"
    }
  }
}
[2025-06-09T23:54:53.882Z] DEBUG: 키보드 관련 IPC 핸들러 등록 중...
[2025-06-09T23:54:53.882Z] DEBUG: 키보드 관련 IPC 핸들러 등록 완료
[2025-06-09T23:54:53.882Z] DEBUG: 추적 관련 IPC 핸들러 등록 중...
[2025-06-09T23:54:53.882Z] DEBUG: 추적 관련 IPC 핸들러 등록 완료
[2025-06-09T23:54:53.926Z] DEBUG: 키보드 리스너 설정 성공
[2025-06-09T23:54:53.926Z] DEBUG: 키보드 핸들러 초기화 완료
[2025-06-09T23:54:53.926Z] DEBUG: 데이터 동기화 모듈 초기화 중...
[2025-06-09T23:54:53.926Z] DEBUG: 데이터베이스 클라이언트가 없어 폴백 모드로 실행
[2025-06-09T23:54:53.926Z] DEBUG: 통계 처리 시스템 초기화 시작
[2025-06-09T23:54:53.928Z] DEBUG: 통계 처리 시스템 초기화 완료
[2025-06-09T23:54:53.928Z] DEBUG: 통계 워커 초기화 시작됨
[2025-06-09T23:54:53.996Z] DEBUG: 브라우저 감지 시스템 초기화 시작
[2025-06-09T23:54:54.021Z] DEBUG: active-win 모듈 로드 실패, 폴백 모드 사용: {
  "code": "ERR_DLOPEN_FAILED"
}
[2025-06-09T23:54:54.021Z] DEBUG: 브라우저 감지 시스템 초기화 완료
[2025-06-09T23:54:54.142Z] DEBUG: 워커 초기화 완료: 2025-06-09T23:54:53.962Z
[2025-06-09T23:54:54.142Z] DEBUG: 대기 중인 작업 0개 처리 시작
[2025-06-09T23:54:55.929Z] DEBUG: 설정에 따라 자동 모니터링 시작
[2025-06-09T23:54:55.929Z] DEBUG: 타이핑 추적 시작됨
