[2025-06-15T00:06:59.804Z] DEBUG: [UpdateManager] Auto-update disabled in development mode
[2025-06-15T00:06:59.956Z] DEBUG: 설정 로드 중...
[2025-06-15T00:06:59.957Z] DEBUG: 레거시 설정 발견, 마이그레이션 중...
[2025-06-15T00:06:59.957Z] DEBUG: 카테고리 설정 업데이트됨
[2025-06-15T00:06:59.957Z] DEBUG: 설정 로드 완료: {
  "enabledCategories": {
    "docs": true,
    "office": true,
    "coding": true,
    "sns": true,
    "browser": true,
    "game": true,
    "media": true,
    "other": true
  },
  "autoStartMonitoring": true,
  "resumeAfterIdle": true,
  "idleTimeout": 300,
  "theme": "dark",
  "windowMode": "windowed",
  "darkMode": false,
  "minimizeToTray": true,
  "showTrayNotifications": true,
  "enableMiniView": true,
  "enableAnimations": true,
  "fontSize": 14,
  "fontFamily": "system-ui",
  "useHardwareAcceleration": false,
  "enableGPUAcceleration": true,
  "gpuAccelerationLevel": 1,
  "processingMode": "auto",
  "reduceMemoryInBackground": true,
  "enableMemoryOptimization": true,
  "enableBackgroundCleanup": true,
  "garbageCollectionInterval": 60000,
  "maxMemoryThreshold": 100,
  "memoryCleanupInterval": 300000,
  "memoryThreshold": 80,
  "autoCleanupLogs": true,
  "maxHistoryItems": 500,
  "logRetentionDays": 30,
  "enableDataCollection": true,
  "enableAnalytics": false,
  "dataRetentionDays": 30,
  "enableAutoSave": true,
  "autoSaveInterval": 10000,
  "enableWPMDisplay": true,
  "enableAccuracyDisplay": true,
  "enableRealTimeStats": true,
  "enableTypingSound": false,
  "enableKeyboardShortcuts": true,
  "statsFilePath": "typing-stats.json",
  "enableTypingAnalysis": true,
  "enableRealTimeAnalysis": true,
  "statsCollectionInterval": 5,
  "enableKeyboardDetection": true,
  "enablePatternLearning": true,
  "keyboard": {
    "autoStart": true,
    "enableHangulSupport": true,
    "enableJamoTracking": true,
    "hangulMode": "auto",
    "jamoSeparation": true,
    "trackingInterval": 50
  },
  "windowSettings": {
    "miniSize": {
      "width": 400,
      "height": 300
    },
    "opacity": 1,
    "alwaysOnTop": false,
    "autoHide": false,
    "position": {
      "x": 100,
      "y": 100
    }
  },
  "windowOpacity": 1,
  "alwaysOnTop": false,
  "enableSystemMonitoring": true,
  "enablePerformanceLogging": false,
  "monitoringInterval": 1000,
  "enableCPUMonitoring": true,
  "enableMemoryMonitoring": true,
  "enableDiskMonitoring": false,
  "enableNotifications": true,
  "enableTrayNotifications": true,
  "enableDebugMode": false,
  "enableConsoleLogging": true,
  "enableErrorReporting": true,
  "logLevel": "info",
  "enableGPUFallback": true,
  "__internal__": {
    "migrations": {
      "version": "36.4.0"
    }
  }
}
[2025-06-15T00:06:59.957Z] DEBUG: 설정 관리자 IPC 핸들러 등록 완료
[2025-06-15T00:07:00.036Z] DEBUG: 키보드 관련 IPC 핸들러 등록 중...
[2025-06-15T00:07:00.036Z] DEBUG: 키보드 관련 IPC 핸들러 등록 완료
[2025-06-15T00:07:00.036Z] DEBUG: 추적 관련 IPC 핸들러 등록 중...
[2025-06-15T00:07:00.036Z] DEBUG: 추적 관련 IPC 핸들러 등록 완료
[2025-06-15T00:07:00.077Z] DEBUG: 키보드 리스너 설정 성공
[2025-06-15T00:07:00.077Z] DEBUG: 키보드 핸들러 초기화 완료
[2025-06-15T00:07:00.077Z] DEBUG: 데이터 동기화 모듈 초기화 중...
[2025-06-15T00:07:00.077Z] DEBUG: 데이터베이스 클라이언트가 없어 폴백 모드로 실행
[2025-06-15T00:07:00.083Z] DEBUG: 통계 처리 시스템 초기화 시작
[2025-06-15T00:07:00.084Z] DEBUG: 통계 워커 초기화 시작됨
[2025-06-15T00:07:00.189Z] DEBUG: 통계 처리 시스템 초기화 완료
[2025-06-15T00:07:00.189Z] DEBUG: 브라우저 감지 시스템 초기화 시작
[2025-06-15T00:07:00.216Z] DEBUG: 브라우저 감지 시스템 초기화 완료
[2025-06-15T00:07:00.216Z] DEBUG: active-win 모듈 로드 실패, 폴백 모드 사용: {
  "code": "ERR_DLOPEN_FAILED"
}
[2025-06-15T00:07:00.352Z] DEBUG: 워커 초기화 완료: 2025-06-15T00:07:00.125Z
[2025-06-15T00:07:00.352Z] DEBUG: 대기 중인 작업 0개 처리 시작
[2025-06-15T00:07:02.079Z] DEBUG: 설정에 따라 자동 모니터링 시작
[2025-06-15T00:07:02.079Z] DEBUG: 타이핑 추적 시작됨
[2025-06-15T00:07:27.327Z] DEBUG: 설정 변경 적용: enabledCategories = [object Object]
[2025-06-15T00:07:27.327Z] DEBUG: 테마 변경 적용: system
[2025-06-15T00:07:27.327Z] DEBUG: 설정 변경 적용: statsCollectionInterval = 30
[2025-06-15T00:07:27.327Z] DEBUG: 설정 변경 적용: keyboard = [object Object]
[2025-06-15T00:07:27.327Z] DEBUG: 설정 변경 적용: windowSettings = [object Object]
[2025-06-15T00:07:27.327Z] DEBUG: 설정 변경 적용: fontFamily = Inter, system-ui, sans-serif
[2025-06-15T00:15:33.504Z] DEBUG: [UpdateManager] Auto-update disabled in development mode
[2025-06-15T00:15:33.762Z] DEBUG: 설정 로드 중...
[2025-06-15T00:15:33.764Z] DEBUG: 레거시 설정 발견, 마이그레이션 중...
[2025-06-15T00:15:33.855Z] DEBUG: 키보드 관련 IPC 핸들러 등록 중...
[2025-06-15T00:15:33.855Z] DEBUG: 키보드 관련 IPC 핸들러 등록 완료
[2025-06-15T00:15:33.855Z] DEBUG: 추적 관련 IPC 핸들러 등록 중...
[2025-06-15T00:15:33.855Z] DEBUG: 추적 관련 IPC 핸들러 등록 완료
[2025-06-15T00:15:33.910Z] DEBUG: 키보드 리스너 설정 성공
[2025-06-15T00:15:33.910Z] DEBUG: 키보드 핸들러 초기화 완료
[2025-06-15T00:15:33.911Z] DEBUG: 데이터 동기화 모듈 초기화 중...
[2025-06-15T00:15:33.764Z] DEBUG: 설정 관리자 IPC 핸들러 등록 완료
[2025-06-15T00:15:33.911Z] DEBUG: 데이터베이스 클라이언트가 없어 폴백 모드로 실행
[2025-06-15T00:15:33.916Z] DEBUG: 통계 처리 시스템 초기화 시작
[2025-06-15T00:15:33.917Z] DEBUG: 통계 워커 초기화 시작됨
[2025-06-15T00:15:33.764Z] DEBUG: 설정 로드 완료: {
  "enabledCategories": {
    "docs": true,
    "office": true,
    "coding": true,
    "sns": true,
    "browser": true,
    "game": false,
    "media": true,
    "other": true
  },
  "autoStartMonitoring": true,
  "resumeAfterIdle": true,
  "idleTimeout": 300,
  "theme": "system",
  "windowMode": "windowed",
  "darkMode": false,
  "minimizeToTray": true,
  "showTrayNotifications": true,
  "enableMiniView": true,
  "enableAnimations": true,
  "fontSize": 14,
  "fontFamily": "Inter, system-ui, sans-serif",
  "useHardwareAcceleration": false,
  "enableGPUAcceleration": true,
  "gpuAccelerationLevel": 1,
  "processingMode": "auto",
  "reduceMemoryInBackground": true,
  "enableMemoryOptimization": true,
  "enableBackgroundCleanup": true,
  "garbageCollectionInterval": 60000,
  "maxMemoryThreshold": 100,
  "memoryCleanupInterval": 300000,
  "memoryThreshold": 80,
  "autoCleanupLogs": true,
  "maxHistoryItems": 500,
  "logRetentionDays": 30,
  "enableDataCollection": true,
  "enableAnalytics": false,
  "dataRetentionDays": 30,
  "enableAutoSave": true,
  "autoSaveInterval": 10000,
  "enableWPMDisplay": true,
  "enableAccuracyDisplay": true,
  "enableRealTimeStats": true,
  "enableTypingSound": false,
  "enableKeyboardShortcuts": true,
  "statsFilePath": "typing-stats.json",
  "enableTypingAnalysis": true,
  "enableRealTimeAnalysis": true,
  "statsCollectionInterval": 30,
  "enableKeyboardDetection": true,
  "enablePatternLearning": true,
  "keyboard": {
    "autoStart": true,
    "enableHangulSupport": true,
    "enableJamoTracking": true,
    "hangulMode": "auto",
    "jamoSeparation": true,
    "trackingInterval": 50
  },
  "windowSettings": {
    "miniSize": {
      "width": 400,
      "height": 300
    },
    "opacity": 1,
    "alwaysOnTop": false,
    "autoHide": false,
    "position": {
      "x": 100,
      "y": 100
    }
  },
  "windowOpacity": 1,
  "alwaysOnTop": false,
  "enableSystemMonitoring": true,
  "enablePerformanceLogging": false,
  "monitoringInterval": 1000,
  "enableCPUMonitoring": true,
  "enableMemoryMonitoring": true,
  "enableDiskMonitoring": false,
  "enableNotifications": true,
  "enableTrayNotifications": true,
  "enableDebugMode": false,
  "enableConsoleLogging": true,
  "enableErrorReporting": true,
  "logLevel": "info",
  "enableGPUFallback": true,
  "__internal__": {
    "migrations": {
      "version": "36.4.0"
    }
  }
}
[2025-06-15T00:15:34.032Z] DEBUG: 통계 처리 시스템 초기화 완료
[2025-06-15T00:15:34.033Z] DEBUG: 브라우저 감지 시스템 초기화 시작
[2025-06-15T00:15:34.079Z] DEBUG: 브라우저 감지 시스템 초기화 완료
[2025-06-15T00:15:34.079Z] DEBUG: active-win 모듈 로드 실패, 폴백 모드 사용: {
  "code": "ERR_DLOPEN_FAILED"
}
[2025-06-15T00:15:34.185Z] DEBUG: 워커 초기화 완료: 2025-06-15T00:15:33.960Z
[2025-06-15T00:15:34.185Z] DEBUG: 대기 중인 작업 0개 처리 시작
[2025-06-15T00:15:35.912Z] DEBUG: 설정에 따라 자동 모니터링 시작
[2025-06-15T00:15:35.912Z] DEBUG: 타이핑 추적 시작됨
[2025-06-15T01:08:30.212Z] DEBUG: [UpdateManager] Auto-update disabled in development mode
[2025-06-15T01:08:30.382Z] DEBUG: 설정 로드 중...
[2025-06-15T01:08:30.385Z] DEBUG: 레거시 설정 발견, 마이그레이션 중...
[2025-06-15T01:08:30.385Z] DEBUG: 설정 로드 완료: {
  "enabledCategories": {
    "docs": true,
    "office": true,
    "coding": true,
    "sns": true,
    "browser": true,
    "game": false,
    "media": true,
    "other": true
  },
  "autoStartMonitoring": true,
  "resumeAfterIdle": true,
  "idleTimeout": 300,
  "theme": "system",
  "windowMode": "windowed",
  "darkMode": false,
  "minimizeToTray": true,
  "showTrayNotifications": true,
  "enableMiniView": true,
  "enableAnimations": true,
  "fontSize": 14,
  "fontFamily": "Inter, system-ui, sans-serif",
  "useHardwareAcceleration": false,
  "enableGPUAcceleration": true,
  "gpuAccelerationLevel": 1,
  "processingMode": "auto",
  "reduceMemoryInBackground": true,
  "enableMemoryOptimization": true,
  "enableBackgroundCleanup": true,
  "garbageCollectionInterval": 60000,
  "maxMemoryThreshold": 100,
  "memoryCleanupInterval": 300000,
  "memoryThreshold": 80,
  "autoCleanupLogs": true,
  "maxHistoryItems": 500,
  "logRetentionDays": 30,
  "enableDataCollection": true,
  "enableAnalytics": false,
  "dataRetentionDays": 30,
  "enableAutoSave": true,
  "autoSaveInterval": 10000,
  "enableWPMDisplay": true,
  "enableAccuracyDisplay": true,
  "enableRealTimeStats": true,
  "enableTypingSound": false,
  "enableKeyboardShortcuts": true,
  "statsFilePath": "typing-stats.json",
  "enableTypingAnalysis": true,
  "enableRealTimeAnalysis": true,
  "statsCollectionInterval": 30,
  "enableKeyboardDetection": true,
  "enablePatternLearning": true,
  "keyboard": {
    "autoStart": true,
    "enableHangulSupport": true,
    "enableJamoTracking": true,
    "hangulMode": "auto",
    "jamoSeparation": true,
    "trackingInterval": 50
  },
  "windowSettings": {
    "miniSize": {
      "width": 400,
      "height": 300
    },
    "opacity": 1,
    "alwaysOnTop": false,
    "autoHide": false,
    "position": {
      "x": 100,
      "y": 100
    }
  },
  "windowOpacity": 1,
  "alwaysOnTop": false,
  "enableSystemMonitoring": true,
  "enablePerformanceLogging": false,
  "monitoringInterval": 1000,
  "enableCPUMonitoring": true,
  "enableMemoryMonitoring": true,
  "enableDiskMonitoring": false,
  "enableNotifications": true,
  "enableTrayNotifications": true,
  "enableDebugMode": false,
  "enableConsoleLogging": true,
  "enableErrorReporting": true,
  "logLevel": "info",
  "enableGPUFallback": true,
  "__internal__": {
    "migrations": {
      "version": "36.4.0"
    }
  }
}
[2025-06-15T01:08:30.385Z] DEBUG: 설정 관리자 IPC 핸들러 등록 완료
[2025-06-15T01:08:30.456Z] DEBUG: 키보드 관련 IPC 핸들러 등록 중...
[2025-06-15T01:08:30.456Z] DEBUG: 키보드 관련 IPC 핸들러 등록 완료
[2025-06-15T01:08:30.500Z] DEBUG: 키보드 리스너 설정 성공
[2025-06-15T01:08:30.500Z] DEBUG: 키보드 핸들러 초기화 완료
[2025-06-15T01:08:30.456Z] DEBUG: 추적 관련 IPC 핸들러 등록 완료
[2025-06-15T01:08:30.500Z] DEBUG: 데이터 동기화 모듈 초기화 중...
[2025-06-15T01:08:30.456Z] DEBUG: 추적 관련 IPC 핸들러 등록 중...
[2025-06-15T01:08:30.500Z] DEBUG: 데이터베이스 클라이언트가 없어 폴백 모드로 실행
[2025-06-15T01:08:30.518Z] DEBUG: 통계 처리 시스템 초기화 시작
[2025-06-15T01:08:30.521Z] DEBUG: 통계 워커 초기화 시작됨
[2025-06-15T01:08:30.685Z] DEBUG: 통계 처리 시스템 초기화 완료
[2025-06-15T01:08:30.685Z] DEBUG: 브라우저 감지 시스템 초기화 시작
[2025-06-15T01:08:30.713Z] DEBUG: 브라우저 감지 시스템 초기화 완료
[2025-06-15T01:08:30.713Z] DEBUG: active-win 모듈 로드 실패, 폴백 모드 사용: {
  "code": "ERR_DLOPEN_FAILED"
}
[2025-06-15T01:08:30.828Z] DEBUG: 워커 초기화 완료: 2025-06-15T01:08:30.554Z
[2025-06-15T01:08:30.828Z] DEBUG: 대기 중인 작업 0개 처리 시작
[2025-06-15T01:08:32.502Z] DEBUG: 타이핑 추적 시작됨
[2025-06-15T01:08:32.502Z] DEBUG: 설정에 따라 자동 모니터링 시작
[2025-06-15T01:08:36.317Z] DEBUG: 설정 변경 적용: enabledCategories = [object Object]
[2025-06-15T01:08:36.317Z] DEBUG: 설정 변경 적용: keyboard = [object Object]
[2025-06-15T01:08:36.317Z] DEBUG: 설정 변경 적용: windowSettings = [object Object]
[2025-06-15T01:08:41.224Z] DEBUG: 설정 변경 적용: enabledCategories = [object Object]
[2025-06-15T01:08:41.224Z] DEBUG: 설정 변경 적용: keyboard = [object Object]
[2025-06-15T01:08:41.224Z] DEBUG: 테마 변경 적용: dark
[2025-06-15T01:08:41.224Z] DEBUG: 설정 변경 적용: windowSettings = [object Object]
[2025-06-15T01:11:32.746Z] DEBUG: [UpdateManager] Auto-update disabled in development mode
[2025-06-15T01:11:32.921Z] DEBUG: 설정 로드 중...
[2025-06-15T01:11:32.923Z] DEBUG: 레거시 설정 발견, 마이그레이션 중...
[2025-06-15T01:11:32.923Z] DEBUG: 설정 로드 완료: {
  "enabledCategories": {
    "docs": true,
    "office": true,
    "coding": true,
    "sns": true,
    "browser": true,
    "game": false,
    "media": true,
    "other": true
  },
  "autoStartMonitoring": true,
  "resumeAfterIdle": true,
  "idleTimeout": 300,
  "theme": "dark",
  "windowMode": "windowed",
  "darkMode": false,
  "minimizeToTray": true,
  "showTrayNotifications": true,
  "enableMiniView": true,
  "enableAnimations": true,
  "fontSize": 14,
  "fontFamily": "Inter, system-ui, sans-serif",
  "useHardwareAcceleration": false,
  "enableGPUAcceleration": true,
  "gpuAccelerationLevel": 1,
  "processingMode": "auto",
  "reduceMemoryInBackground": true,
  "enableMemoryOptimization": true,
  "enableBackgroundCleanup": true,
  "garbageCollectionInterval": 60000,
  "maxMemoryThreshold": 100,
  "memoryCleanupInterval": 300000,
  "memoryThreshold": 80,
  "autoCleanupLogs": true,
  "maxHistoryItems": 500,
  "logRetentionDays": 30,
  "enableDataCollection": true,
  "enableAnalytics": false,
  "dataRetentionDays": 30,
  "enableAutoSave": true,
  "autoSaveInterval": 10000,
  "enableWPMDisplay": true,
  "enableAccuracyDisplay": true,
  "enableRealTimeStats": true,
  "enableTypingSound": false,
  "enableKeyboardShortcuts": true,
  "statsFilePath": "typing-stats.json",
  "enableTypingAnalysis": true,
  "enableRealTimeAnalysis": true,
  "statsCollectionInterval": 30,
  "enableKeyboardDetection": true,
  "enablePatternLearning": true,
  "keyboard": {
    "autoStart": true,
    "enableHangulSupport": true,
    "enableJamoTracking": true,
    "hangulMode": "auto",
    "jamoSeparation": true,
    "trackingInterval": 50
  },
  "windowSettings": {
    "miniSize": {
      "width": 400,
      "height": 300
    },
    "opacity": 1,
    "alwaysOnTop": false,
    "autoHide": false,
    "position": {
      "x": 100,
      "y": 100
    }
  },
  "windowOpacity": 1,
  "alwaysOnTop": false,
  "enableSystemMonitoring": true,
  "enablePerformanceLogging": false,
  "monitoringInterval": 1000,
  "enableCPUMonitoring": true,
  "enableMemoryMonitoring": true,
  "enableDiskMonitoring": false,
  "enableNotifications": true,
  "enableTrayNotifications": true,
  "enableDebugMode": false,
  "enableConsoleLogging": true,
  "enableErrorReporting": true,
  "logLevel": "info",
  "enableGPUFallback": true,
  "__internal__": {
    "migrations": {
      "version": "36.4.0"
    }
  }
}
[2025-06-15T01:11:32.923Z] DEBUG: 설정 관리자 IPC 핸들러 등록 완료
[2025-06-15T01:11:32.980Z] DEBUG: 키보드 관련 IPC 핸들러 등록 완료
[2025-06-15T01:11:32.980Z] DEBUG: 키보드 관련 IPC 핸들러 등록 중...
[2025-06-15T01:11:32.980Z] DEBUG: 추적 관련 IPC 핸들러 등록 중...
[2025-06-15T01:11:32.980Z] DEBUG: 추적 관련 IPC 핸들러 등록 완료
[2025-06-15T01:11:33.018Z] DEBUG: 키보드 리스너 설정 성공
[2025-06-15T01:11:33.019Z] DEBUG: 키보드 핸들러 초기화 완료
[2025-06-15T01:11:33.019Z] DEBUG: 데이터 동기화 모듈 초기화 중...
[2025-06-15T01:11:33.019Z] DEBUG: 데이터베이스 클라이언트가 없어 폴백 모드로 실행
[2025-06-15T01:11:33.023Z] DEBUG: 통계 처리 시스템 초기화 시작
[2025-06-15T01:11:33.024Z] DEBUG: 통계 워커 초기화 시작됨
[2025-06-15T01:11:33.128Z] DEBUG: 브라우저 감지 시스템 초기화 시작
[2025-06-15T01:11:33.128Z] DEBUG: 통계 처리 시스템 초기화 완료
[2025-06-15T01:11:33.165Z] DEBUG: active-win 모듈 로드 실패, 폴백 모드 사용: {
  "code": "ERR_DLOPEN_FAILED"
}
[2025-06-15T01:11:33.165Z] DEBUG: 브라우저 감지 시스템 초기화 완료
[2025-06-15T01:11:33.282Z] DEBUG: 워커 초기화 완료: 2025-06-15T01:11:33.074Z
[2025-06-15T01:11:33.282Z] DEBUG: 대기 중인 작업 0개 처리 시작
[2025-06-15T01:11:35.020Z] DEBUG: 설정에 따라 자동 모니터링 시작
[2025-06-15T01:11:35.020Z] DEBUG: 타이핑 추적 시작됨
[2025-06-15T01:11:48.359Z] DEBUG: 설정 변경 적용: enabledCategories = [object Object]
[2025-06-15T01:11:48.359Z] DEBUG: 설정 변경 적용: keyboard = [object Object]
[2025-06-15T01:11:48.359Z] DEBUG: 설정 변경 적용: windowSettings = [object Object]
[2025-06-15T01:50:45.527Z] DEBUG: [UpdateManager] Auto-update disabled in development mode
[2025-06-15T01:50:45.829Z] DEBUG: 설정 로드 중...
[2025-06-15T01:50:45.831Z] DEBUG: 레거시 설정 발견, 마이그레이션 중...
[2025-06-15T01:50:45.831Z] DEBUG: 설정 로드 완료: {
  "enabledCategories": {
    "docs": true,
    "office": true,
    "coding": true,
    "sns": true,
    "browser": true,
    "game": false,
    "media": true,
    "other": true
  },
  "autoStartMonitoring": true,
  "resumeAfterIdle": true,
  "idleTimeout": 300,
  "theme": "dark",
  "windowMode": "windowed",
  "darkMode": false,
  "minimizeToTray": true,
  "showTrayNotifications": true,
  "enableMiniView": true,
  "enableAnimations": true,
  "fontSize": 14,
  "fontFamily": "Inter, system-ui, sans-serif",
  "useHardwareAcceleration": false,
  "enableGPUAcceleration": true,
  "gpuAccelerationLevel": 1,
  "processingMode": "auto",
  "reduceMemoryInBackground": true,
  "enableMemoryOptimization": true,
  "enableBackgroundCleanup": true,
  "garbageCollectionInterval": 60000,
  "maxMemoryThreshold": 100,
  "memoryCleanupInterval": 300000,
  "memoryThreshold": 80,
  "autoCleanupLogs": true,
  "maxHistoryItems": 500,
  "logRetentionDays": 30,
  "enableDataCollection": true,
  "enableAnalytics": false,
  "dataRetentionDays": 30,
  "enableAutoSave": true,
  "autoSaveInterval": 10000,
  "enableWPMDisplay": true,
  "enableAccuracyDisplay": true,
  "enableRealTimeStats": true,
  "enableTypingSound": false,
  "enableKeyboardShortcuts": true,
  "statsFilePath": "typing-stats.json",
  "enableTypingAnalysis": true,
  "enableRealTimeAnalysis": true,
  "statsCollectionInterval": 30,
  "enableKeyboardDetection": true,
  "enablePatternLearning": true,
  "keyboard": {
    "autoStart": true,
    "enableHangulSupport": true,
    "enableJamoTracking": true,
    "hangulMode": "auto",
    "jamoSeparation": true,
    "trackingInterval": 50
  },
  "windowSettings": {
    "miniSize": {
      "width": 400,
      "height": 300
    },
    "opacity": 1,
    "alwaysOnTop": false,
    "autoHide": false,
    "position": {
      "x": 100,
      "y": 100
    }
  },
  "windowOpacity": 1,
  "alwaysOnTop": false,
  "enableSystemMonitoring": true,
  "enablePerformanceLogging": false,
  "monitoringInterval": 1000,
  "enableCPUMonitoring": true,
  "enableMemoryMonitoring": true,
  "enableDiskMonitoring": false,
  "enableNotifications": true,
  "enableTrayNotifications": true,
  "enableDebugMode": false,
  "enableConsoleLogging": true,
  "enableErrorReporting": true,
  "logLevel": "info",
  "enableGPUFallback": true,
  "__internal__": {
    "migrations": {
      "version": "36.4.0"
    }
  }
}
[2025-06-15T01:50:45.832Z] DEBUG: 설정 관리자 IPC 핸들러 등록 완료
[2025-06-15T01:50:45.908Z] DEBUG: 키보드 관련 IPC 핸들러 등록 완료
[2025-06-15T01:50:45.907Z] DEBUG: 키보드 관련 IPC 핸들러 등록 중...
[2025-06-15T01:50:45.908Z] DEBUG: 추적 관련 IPC 핸들러 등록 완료
[2025-06-15T01:50:45.908Z] DEBUG: 추적 관련 IPC 핸들러 등록 중...
[2025-06-15T01:50:45.956Z] DEBUG: 키보드 리스너 설정 성공
[2025-06-15T01:50:45.956Z] DEBUG: 키보드 핸들러 초기화 완료
[2025-06-15T01:50:45.956Z] DEBUG: 데이터 동기화 모듈 초기화 중...
[2025-06-15T01:50:45.956Z] DEBUG: 데이터베이스 클라이언트가 없어 폴백 모드로 실행
[2025-06-15T01:50:45.964Z] DEBUG: 통계 처리 시스템 초기화 시작
[2025-06-15T01:50:45.965Z] DEBUG: 통계 워커 초기화 시작됨
[2025-06-15T01:50:46.118Z] DEBUG: 통계 처리 시스템 초기화 완료
[2025-06-15T01:50:46.118Z] DEBUG: 브라우저 감지 시스템 초기화 시작
[2025-06-15T01:50:46.146Z] DEBUG: active-win 모듈 로드 실패, 폴백 모드 사용: {
  "code": "ERR_DLOPEN_FAILED"
}
[2025-06-15T01:50:46.146Z] DEBUG: 브라우저 감지 시스템 초기화 완료
[2025-06-15T01:50:46.295Z] DEBUG: 워커 초기화 완료: 2025-06-15T01:50:46.003Z
[2025-06-15T01:50:46.295Z] DEBUG: 대기 중인 작업 0개 처리 시작
[2025-06-15T01:50:47.958Z] DEBUG: 설정에 따라 자동 모니터링 시작
[2025-06-15T01:50:47.958Z] DEBUG: 타이핑 추적 시작됨
[2025-06-15T01:51:10.880Z] DEBUG: 설정 변경 적용: windowSettings = [object Object]
[2025-06-15T01:51:10.880Z] DEBUG: 설정 변경 적용: enabledCategories = [object Object]
[2025-06-15T01:51:10.880Z] DEBUG: 설정 변경 적용: keyboard = [object Object]
[2025-06-15T03:37:59.196Z] DEBUG: [UpdateManager] Auto-update disabled in development mode
[2025-06-15T03:37:59.419Z] DEBUG: 설정 로드 중...
[2025-06-15T03:37:59.422Z] DEBUG: 레거시 설정 발견, 마이그레이션 중...
[2025-06-15T03:37:59.422Z] DEBUG: 설정 로드 완료: {
  "enabledCategories": {
    "docs": true,
    "office": true,
    "coding": true,
    "sns": true,
    "browser": true,
    "game": false,
    "media": true,
    "other": true
  },
  "autoStartMonitoring": true,
  "resumeAfterIdle": true,
  "idleTimeout": 300,
  "theme": "dark",
  "windowMode": "windowed",
  "darkMode": false,
  "minimizeToTray": true,
  "showTrayNotifications": true,
  "enableMiniView": true,
  "enableAnimations": true,
  "fontSize": 14,
  "fontFamily": "Inter, system-ui, sans-serif",
  "useHardwareAcceleration": false,
  "enableGPUAcceleration": true,
  "gpuAccelerationLevel": 1,
  "processingMode": "auto",
  "reduceMemoryInBackground": true,
  "enableMemoryOptimization": true,
  "enableBackgroundCleanup": true,
  "garbageCollectionInterval": 60000,
  "maxMemoryThreshold": 100,
  "memoryCleanupInterval": 300000,
  "memoryThreshold": 80,
  "autoCleanupLogs": true,
  "maxHistoryItems": 500,
  "logRetentionDays": 30,
  "enableDataCollection": true,
  "enableAnalytics": false,
  "dataRetentionDays": 30,
  "enableAutoSave": true,
  "autoSaveInterval": 10000,
  "enableWPMDisplay": true,
  "enableAccuracyDisplay": true,
  "enableRealTimeStats": true,
  "enableTypingSound": false,
  "enableKeyboardShortcuts": true,
  "statsFilePath": "typing-stats.json",
  "enableTypingAnalysis": true,
  "enableRealTimeAnalysis": true,
  "statsCollectionInterval": 30,
  "enableKeyboardDetection": true,
  "enablePatternLearning": true,
  "keyboard": {
    "autoStart": true,
    "enableHangulSupport": true,
    "enableJamoTracking": true,
    "hangulMode": "auto",
    "jamoSeparation": true,
    "trackingInterval": 50
  },
  "windowSettings": {
    "miniSize": {
      "width": 400,
      "height": 300
    },
    "opacity": 1,
    "alwaysOnTop": false,
    "autoHide": false,
    "position": {
      "x": 100,
      "y": 100
    }
  },
  "windowOpacity": 1,
  "alwaysOnTop": false,
  "enableSystemMonitoring": true,
  "enablePerformanceLogging": false,
  "monitoringInterval": 1000,
  "enableCPUMonitoring": true,
  "enableMemoryMonitoring": true,
  "enableDiskMonitoring": false,
  "enableNotifications": true,
  "enableTrayNotifications": true,
  "enableDebugMode": false,
  "enableConsoleLogging": true,
  "enableErrorReporting": true,
  "logLevel": "info",
  "enableGPUFallback": true,
  "__internal__": {
    "migrations": {
      "version": "36.4.0"
    }
  }
}
[2025-06-15T03:37:59.423Z] DEBUG: 설정 관리자 IPC 핸들러 등록 완료
[2025-06-15T03:37:59.580Z] DEBUG: 키보드 관련 IPC 핸들러 등록 완료
[2025-06-15T03:37:59.580Z] DEBUG: 추적 관련 IPC 핸들러 등록 중...
[2025-06-15T03:37:59.580Z] DEBUG: 키보드 관련 IPC 핸들러 등록 중...
[2025-06-15T03:37:59.580Z] DEBUG: 추적 관련 IPC 핸들러 등록 완료
[2025-06-15T03:37:59.629Z] DEBUG: 키보드 리스너 설정 성공
[2025-06-15T03:37:59.629Z] DEBUG: 키보드 핸들러 초기화 완료
[2025-06-15T03:37:59.630Z] DEBUG: 데이터 동기화 모듈 초기화 중...
[2025-06-15T03:37:59.630Z] DEBUG: 데이터베이스 클라이언트가 없어 폴백 모드로 실행
[2025-06-15T03:37:59.637Z] DEBUG: 통계 워커 초기화 시작됨
[2025-06-15T03:37:59.636Z] DEBUG: 통계 처리 시스템 초기화 시작
[2025-06-15T03:37:59.846Z] DEBUG: 통계 처리 시스템 초기화 완료
[2025-06-15T03:37:59.846Z] DEBUG: 브라우저 감지 시스템 초기화 시작
[2025-06-15T03:37:59.882Z] DEBUG: 브라우저 감지 시스템 초기화 완료
[2025-06-15T03:37:59.882Z] DEBUG: active-win 모듈 로드 실패, 폴백 모드 사용: {
  "code": "ERR_DLOPEN_FAILED"
}
[2025-06-15T03:38:00.006Z] DEBUG: 워커 초기화 완료: 2025-06-15T03:37:59.693Z
[2025-06-15T03:38:00.006Z] DEBUG: 대기 중인 작업 0개 처리 시작
[2025-06-15T03:38:01.630Z] DEBUG: 설정에 따라 자동 모니터링 시작
[2025-06-15T03:38:01.631Z] DEBUG: 타이핑 추적 시작됨
[2025-06-15T03:38:04.418Z] DEBUG: 설정 변경 적용: enabledCategories = [object Object]
[2025-06-15T03:38:04.418Z] DEBUG: 설정 변경 적용: keyboard = [object Object]
[2025-06-15T03:38:04.418Z] DEBUG: 설정 변경 적용: windowSettings = [object Object]
[2025-06-15T03:38:54.581Z] DEBUG: 설정 변경 적용: enabledCategories = [object Object]
[2025-06-15T03:38:54.582Z] DEBUG: 설정 변경 적용: keyboard = [object Object]
[2025-06-15T03:38:54.582Z] DEBUG: 설정 변경 적용: windowSettings = [object Object]
[2025-06-15T03:39:52.518Z] DEBUG: 설정 변경 적용: windowSettings = [object Object]
[2025-06-15T03:39:52.518Z] DEBUG: 설정 변경 적용: enabledCategories = [object Object]
[2025-06-15T03:39:52.518Z] DEBUG: 설정 변경 적용: keyboard = [object Object]
[2025-06-15T03:43:37.618Z] DEBUG: [UpdateManager] Auto-update disabled in development mode
[2025-06-15T03:43:37.785Z] DEBUG: 설정 로드 중...
[2025-06-15T03:43:37.787Z] DEBUG: 레거시 설정 발견, 마이그레이션 중...
[2025-06-15T03:43:37.787Z] DEBUG: 설정 로드 완료: {
  "enabledCategories": {
    "docs": true,
    "office": true,
    "coding": true,
    "sns": true,
    "browser": true,
    "game": false,
    "media": true,
    "other": true
  },
  "autoStartMonitoring": true,
  "resumeAfterIdle": true,
  "idleTimeout": 300,
  "theme": "dark",
  "windowMode": "windowed",
  "darkMode": false,
  "minimizeToTray": true,
  "showTrayNotifications": true,
  "enableMiniView": true,
  "enableAnimations": true,
  "fontSize": 14,
  "fontFamily": "Inter, system-ui, sans-serif",
  "useHardwareAcceleration": false,
  "enableGPUAcceleration": true,
  "gpuAccelerationLevel": 1,
  "processingMode": "auto",
  "reduceMemoryInBackground": true,
  "enableMemoryOptimization": true,
  "enableBackgroundCleanup": true,
  "garbageCollectionInterval": 60000,
  "maxMemoryThreshold": 100,
  "memoryCleanupInterval": 300000,
  "memoryThreshold": 80,
  "autoCleanupLogs": true,
  "maxHistoryItems": 500,
  "logRetentionDays": 30,
  "enableDataCollection": true,
  "enableAnalytics": false,
  "dataRetentionDays": 30,
  "enableAutoSave": true,
  "autoSaveInterval": 10000,
  "enableWPMDisplay": true,
  "enableAccuracyDisplay": true,
  "enableRealTimeStats": true,
  "enableTypingSound": false,
  "enableKeyboardShortcuts": true,
  "statsFilePath": "typing-stats.json",
  "enableTypingAnalysis": true,
  "enableRealTimeAnalysis": true,
  "statsCollectionInterval": 30,
  "enableKeyboardDetection": true,
  "enablePatternLearning": true,
  "keyboard": {
    "autoStart": true,
    "enableHangulSupport": true,
    "enableJamoTracking": true,
    "hangulMode": "auto",
    "jamoSeparation": true,
    "trackingInterval": 50
  },
  "windowSettings": {
    "miniSize": {
      "width": 400,
      "height": 300
    },
    "opacity": 1,
    "alwaysOnTop": false,
    "autoHide": false,
    "position": {
      "x": 100,
      "y": 100
    }
  },
  "windowOpacity": 1,
  "alwaysOnTop": false,
  "enableSystemMonitoring": true,
  "enablePerformanceLogging": false,
  "monitoringInterval": 1000,
  "enableCPUMonitoring": true,
  "enableMemoryMonitoring": true,
  "enableDiskMonitoring": false,
  "enableNotifications": true,
  "enableTrayNotifications": true,
  "enableDebugMode": false,
  "enableConsoleLogging": true,
  "enableErrorReporting": true,
  "logLevel": "info",
  "enableGPUFallback": true,
  "__internal__": {
    "migrations": {
      "version": "36.4.0"
    }
  }
}
[2025-06-15T03:43:37.788Z] DEBUG: 설정 관리자 IPC 핸들러 등록 완료
[2025-06-15T03:43:37.848Z] DEBUG: 키보드 관련 IPC 핸들러 등록 중...
[2025-06-15T03:43:37.848Z] DEBUG: 추적 관련 IPC 핸들러 등록 중...
[2025-06-15T03:43:37.848Z] DEBUG: 추적 관련 IPC 핸들러 등록 완료
[2025-06-15T03:43:37.899Z] DEBUG: 키보드 리스너 설정 성공
[2025-06-15T03:43:37.899Z] DEBUG: 키보드 핸들러 초기화 완료
[2025-06-15T03:43:37.848Z] DEBUG: 키보드 관련 IPC 핸들러 등록 완료
[2025-06-15T03:43:37.900Z] DEBUG: 데이터 동기화 모듈 초기화 중...
[2025-06-15T03:43:37.900Z] DEBUG: 데이터베이스 클라이언트가 없어 폴백 모드로 실행
[2025-06-15T03:43:37.904Z] DEBUG: 통계 처리 시스템 초기화 시작
[2025-06-15T03:43:37.906Z] DEBUG: 통계 워커 초기화 시작됨
[2025-06-15T03:43:38.043Z] DEBUG: 통계 처리 시스템 초기화 완료
[2025-06-15T03:43:38.043Z] DEBUG: 브라우저 감지 시스템 초기화 시작
[2025-06-15T03:43:38.069Z] DEBUG: 브라우저 감지 시스템 초기화 완료
[2025-06-15T03:43:38.069Z] DEBUG: active-win 모듈 로드 실패, 폴백 모드 사용: {
  "code": "ERR_DLOPEN_FAILED"
}
[2025-06-15T03:43:38.179Z] DEBUG: 워커 초기화 완료: 2025-06-15T03:43:37.947Z
[2025-06-15T03:43:38.179Z] DEBUG: 대기 중인 작업 0개 처리 시작
[2025-06-15T03:43:39.904Z] DEBUG: 타이핑 추적 시작됨
[2025-06-15T03:43:39.902Z] DEBUG: 설정에 따라 자동 모니터링 시작
[2025-06-15T03:56:59.889Z] DEBUG: [UpdateManager] Auto-update disabled in development mode
[2025-06-15T03:57:00.067Z] DEBUG: 설정 로드 중...
[2025-06-15T03:57:00.069Z] DEBUG: 레거시 설정 발견, 마이그레이션 중...
[2025-06-15T03:57:00.069Z] DEBUG: 설정 관리자 IPC 핸들러 등록 완료
[2025-06-15T03:57:00.143Z] DEBUG: 키보드 관련 IPC 핸들러 등록 중...
[2025-06-15T03:57:00.069Z] DEBUG: 설정 로드 완료: {
  "enabledCategories": {
    "docs": true,
    "office": true,
    "coding": true,
    "sns": true,
    "browser": true,
    "game": false,
    "media": true,
    "other": true
  },
  "autoStartMonitoring": true,
  "resumeAfterIdle": true,
  "idleTimeout": 300,
  "theme": "dark",
  "windowMode": "windowed",
  "darkMode": false,
  "minimizeToTray": true,
  "showTrayNotifications": true,
  "enableMiniView": true,
  "enableAnimations": true,
  "fontSize": 14,
  "fontFamily": "Inter, system-ui, sans-serif",
  "useHardwareAcceleration": false,
  "enableGPUAcceleration": true,
  "gpuAccelerationLevel": 1,
  "processingMode": "auto",
  "reduceMemoryInBackground": true,
  "enableMemoryOptimization": true,
  "enableBackgroundCleanup": true,
  "garbageCollectionInterval": 60000,
  "maxMemoryThreshold": 100,
  "memoryCleanupInterval": 300000,
  "memoryThreshold": 80,
  "autoCleanupLogs": true,
  "maxHistoryItems": 500,
  "logRetentionDays": 30,
  "enableDataCollection": true,
  "enableAnalytics": false,
  "dataRetentionDays": 30,
  "enableAutoSave": true,
  "autoSaveInterval": 10000,
  "enableWPMDisplay": true,
  "enableAccuracyDisplay": true,
  "enableRealTimeStats": true,
  "enableTypingSound": false,
  "enableKeyboardShortcuts": true,
  "statsFilePath": "typing-stats.json",
  "enableTypingAnalysis": true,
  "enableRealTimeAnalysis": true,
  "statsCollectionInterval": 30,
  "enableKeyboardDetection": true,
  "enablePatternLearning": true,
  "keyboard": {
    "autoStart": true,
    "enableHangulSupport": true,
    "enableJamoTracking": true,
    "hangulMode": "auto",
    "jamoSeparation": true,
    "trackingInterval": 50
  },
  "windowSettings": {
    "miniSize": {
      "width": 400,
      "height": 300
    },
    "opacity": 1,
    "alwaysOnTop": false,
    "autoHide": false,
    "position": {
      "x": 100,
      "y": 100
    }
  },
  "windowOpacity": 1,
  "alwaysOnTop": false,
  "enableSystemMonitoring": true,
  "enablePerformanceLogging": false,
  "monitoringInterval": 1000,
  "enableCPUMonitoring": true,
  "enableMemoryMonitoring": true,
  "enableDiskMonitoring": false,
  "enableNotifications": true,
  "enableTrayNotifications": true,
  "enableDebugMode": false,
  "enableConsoleLogging": true,
  "enableErrorReporting": true,
  "logLevel": "info",
  "enableGPUFallback": true,
  "__internal__": {
    "migrations": {
      "version": "36.4.0"
    }
  }
}
[2025-06-15T03:57:00.143Z] DEBUG: 키보드 관련 IPC 핸들러 등록 완료
[2025-06-15T03:57:00.143Z] DEBUG: 추적 관련 IPC 핸들러 등록 중...
[2025-06-15T03:57:00.143Z] DEBUG: 추적 관련 IPC 핸들러 등록 완료
[2025-06-15T03:57:00.199Z] DEBUG: 키보드 리스너 설정 성공
[2025-06-15T03:57:00.199Z] DEBUG: 키보드 핸들러 초기화 완료
[2025-06-15T03:57:00.199Z] DEBUG: 데이터베이스 클라이언트가 없어 폴백 모드로 실행
[2025-06-15T03:57:00.199Z] DEBUG: 데이터 동기화 모듈 초기화 중...
[2025-06-15T03:57:00.207Z] DEBUG: 통계 처리 시스템 초기화 시작
[2025-06-15T03:57:00.209Z] DEBUG: 통계 워커 초기화 시작됨
[2025-06-15T03:57:00.315Z] DEBUG: 통계 처리 시스템 초기화 완료
[2025-06-15T03:57:00.315Z] DEBUG: 브라우저 감지 시스템 초기화 시작
[2025-06-15T03:57:00.346Z] DEBUG: 브라우저 감지 시스템 초기화 완료
[2025-06-15T03:57:00.345Z] DEBUG: active-win 모듈 로드 실패, 폴백 모드 사용: {
  "code": "ERR_DLOPEN_FAILED"
}
[2025-06-15T03:57:00.499Z] DEBUG: 워커 초기화 완료: 2025-06-15T03:57:00.271Z
[2025-06-15T03:57:00.499Z] DEBUG: 대기 중인 작업 0개 처리 시작
[2025-06-15T03:57:02.202Z] DEBUG: 설정에 따라 자동 모니터링 시작
[2025-06-15T03:57:02.203Z] DEBUG: 타이핑 추적 시작됨
[2025-06-15T03:57:42.064Z] DEBUG: 설정 변경 적용: windowSettings = [object Object]
[2025-06-15T03:57:42.064Z] DEBUG: 설정 변경 적용: enabledCategories = [object Object]
[2025-06-15T03:57:42.064Z] DEBUG: 설정 변경 적용: keyboard = [object Object]
[2025-06-15T06:32:23.631Z] DEBUG: [UpdateManager] Auto-update disabled in development mode
[2025-06-15T06:32:23.780Z] DEBUG: 설정 로드 중...
[2025-06-15T06:32:23.782Z] DEBUG: 레거시 설정 발견, 마이그레이션 중...
[2025-06-15T06:32:23.783Z] DEBUG: 설정 로드 완료: {
  "enabledCategories": {
    "docs": true,
    "office": true,
    "coding": true,
    "sns": true,
    "browser": true,
    "game": false,
    "media": true,
    "other": true
  },
  "autoStartMonitoring": true,
  "resumeAfterIdle": true,
  "idleTimeout": 300,
  "theme": "dark",
  "windowMode": "windowed",
  "darkMode": false,
  "minimizeToTray": true,
  "showTrayNotifications": true,
  "enableMiniView": true,
  "enableAnimations": true,
  "fontSize": 14,
  "fontFamily": "Inter, system-ui, sans-serif",
  "useHardwareAcceleration": false,
  "enableGPUAcceleration": true,
  "gpuAccelerationLevel": 1,
  "processingMode": "auto",
  "reduceMemoryInBackground": true,
  "enableMemoryOptimization": true,
  "enableBackgroundCleanup": true,
  "garbageCollectionInterval": 60000,
  "maxMemoryThreshold": 100,
  "memoryCleanupInterval": 300000,
  "memoryThreshold": 80,
  "autoCleanupLogs": true,
  "maxHistoryItems": 500,
  "logRetentionDays": 30,
  "enableDataCollection": true,
  "enableAnalytics": false,
  "dataRetentionDays": 30,
  "enableAutoSave": true,
  "autoSaveInterval": 10000,
  "enableWPMDisplay": true,
  "enableAccuracyDisplay": true,
  "enableRealTimeStats": true,
  "enableTypingSound": false,
  "enableKeyboardShortcuts": true,
  "statsFilePath": "typing-stats.json",
  "enableTypingAnalysis": true,
  "enableRealTimeAnalysis": true,
  "statsCollectionInterval": 30,
  "enableKeyboardDetection": true,
  "enablePatternLearning": true,
  "keyboard": {
    "autoStart": true,
    "enableHangulSupport": true,
    "enableJamoTracking": true,
    "hangulMode": "auto",
    "jamoSeparation": true,
    "trackingInterval": 50
  },
  "windowSettings": {
    "miniSize": {
      "width": 400,
      "height": 300
    },
    "opacity": 1,
    "alwaysOnTop": false,
    "autoHide": false,
    "position": {
      "x": 100,
      "y": 100
    }
  },
  "windowOpacity": 1,
  "alwaysOnTop": false,
  "enableSystemMonitoring": true,
  "enablePerformanceLogging": false,
  "monitoringInterval": 1000,
  "enableCPUMonitoring": true,
  "enableMemoryMonitoring": true,
  "enableDiskMonitoring": false,
  "enableNotifications": true,
  "enableTrayNotifications": true,
  "enableDebugMode": false,
  "enableConsoleLogging": true,
  "enableErrorReporting": true,
  "logLevel": "info",
  "enableGPUFallback": true,
  "__internal__": {
    "migrations": {
      "version": "36.4.0"
    }
  }
}
[2025-06-15T06:32:23.783Z] DEBUG: 설정 관리자 IPC 핸들러 등록 완료
[2025-06-15T06:32:23.845Z] DEBUG: 키보드 관련 IPC 핸들러 등록 중...
[2025-06-15T06:32:23.845Z] DEBUG: 키보드 관련 IPC 핸들러 등록 완료
[2025-06-15T06:32:23.845Z] DEBUG: 추적 관련 IPC 핸들러 등록 중...
[2025-06-15T06:32:23.845Z] DEBUG: 추적 관련 IPC 핸들러 등록 완료
[2025-06-15T06:32:23.893Z] DEBUG: 키보드 리스너 설정 성공
[2025-06-15T06:32:23.893Z] DEBUG: 키보드 핸들러 초기화 완료
[2025-06-15T06:32:23.894Z] DEBUG: 데이터베이스 클라이언트가 없어 폴백 모드로 실행
[2025-06-15T06:32:23.894Z] DEBUG: 데이터 동기화 모듈 초기화 중...
[2025-06-15T06:32:23.898Z] DEBUG: 통계 처리 시스템 초기화 시작
[2025-06-15T06:32:23.899Z] DEBUG: 통계 워커 초기화 시작됨
[2025-06-15T06:32:24.018Z] DEBUG: 통계 처리 시스템 초기화 완료
[2025-06-15T06:32:24.018Z] DEBUG: 브라우저 감지 시스템 초기화 시작
[2025-06-15T06:32:24.054Z] DEBUG: active-win 모듈 로드 실패, 폴백 모드 사용: {
  "code": "ERR_DLOPEN_FAILED"
}
[2025-06-15T06:32:24.054Z] DEBUG: 브라우저 감지 시스템 초기화 완료
[2025-06-15T06:32:24.148Z] DEBUG: 대기 중인 작업 0개 처리 시작
[2025-06-15T06:32:24.148Z] DEBUG: 워커 초기화 완료: 2025-06-15T06:32:23.933Z
[2025-06-15T06:32:25.893Z] DEBUG: 설정에 따라 자동 모니터링 시작
[2025-06-15T06:32:25.894Z] DEBUG: 타이핑 추적 시작됨
[2025-06-15T06:32:30.671Z] DEBUG: 설정 변경 적용: keyboard = [object Object]
[2025-06-15T06:32:30.671Z] DEBUG: 설정 변경 적용: windowSettings = [object Object]
[2025-06-15T06:32:30.671Z] DEBUG: 설정 변경 적용: enabledCategories = [object Object]
[2025-06-15T06:33:28.188Z] DEBUG: 설정 변경 적용: enabledCategories = [object Object]
[2025-06-15T06:33:28.188Z] DEBUG: 설정 변경 적용: windowSettings = [object Object]
[2025-06-15T06:33:28.188Z] DEBUG: 설정 변경 적용: keyboard = [object Object]
[2025-06-15T06:34:15.273Z] DEBUG: [UpdateManager] Auto-update disabled in development mode
[2025-06-15T06:34:15.415Z] DEBUG: 설정 로드 중...
[2025-06-15T06:34:15.416Z] DEBUG: 레거시 설정 발견, 마이그레이션 중...
[2025-06-15T06:34:15.455Z] DEBUG: 키보드 관련 IPC 핸들러 등록 중...
[2025-06-15T06:34:15.417Z] DEBUG: 설정 관리자 IPC 핸들러 등록 완료
[2025-06-15T06:34:15.455Z] DEBUG: 추적 관련 IPC 핸들러 등록 중...
[2025-06-15T06:34:15.455Z] DEBUG: 키보드 관련 IPC 핸들러 등록 완료
[2025-06-15T06:34:15.416Z] DEBUG: 설정 로드 완료: {
  "enabledCategories": {
    "docs": true,
    "office": true,
    "coding": true,
    "sns": true,
    "browser": true,
    "game": false,
    "media": true,
    "other": true
  },
  "autoStartMonitoring": true,
  "resumeAfterIdle": true,
  "idleTimeout": 300,
  "theme": "dark",
  "windowMode": "windowed",
  "darkMode": false,
  "minimizeToTray": true,
  "showTrayNotifications": true,
  "enableMiniView": true,
  "enableAnimations": true,
  "fontSize": 14,
  "fontFamily": "Inter, system-ui, sans-serif",
  "useHardwareAcceleration": false,
  "enableGPUAcceleration": true,
  "gpuAccelerationLevel": 1,
  "processingMode": "auto",
  "reduceMemoryInBackground": true,
  "enableMemoryOptimization": true,
  "enableBackgroundCleanup": true,
  "garbageCollectionInterval": 60000,
  "maxMemoryThreshold": 100,
  "memoryCleanupInterval": 300000,
  "memoryThreshold": 80,
  "autoCleanupLogs": true,
  "maxHistoryItems": 500,
  "logRetentionDays": 30,
  "enableDataCollection": true,
  "enableAnalytics": false,
  "dataRetentionDays": 30,
  "enableAutoSave": true,
  "autoSaveInterval": 10000,
  "enableWPMDisplay": true,
  "enableAccuracyDisplay": true,
  "enableRealTimeStats": true,
  "enableTypingSound": false,
  "enableKeyboardShortcuts": true,
  "statsFilePath": "typing-stats.json",
  "enableTypingAnalysis": true,
  "enableRealTimeAnalysis": true,
  "statsCollectionInterval": 30,
  "enableKeyboardDetection": true,
  "enablePatternLearning": true,
  "keyboard": {
    "autoStart": true,
    "enableHangulSupport": true,
    "enableJamoTracking": true,
    "hangulMode": "auto",
    "jamoSeparation": true,
    "trackingInterval": 50
  },
  "windowSettings": {
    "miniSize": {
      "width": 400,
      "height": 300
    },
    "opacity": 1,
    "alwaysOnTop": false,
    "autoHide": false,
    "position": {
      "x": 100,
      "y": 100
    }
  },
  "windowOpacity": 1,
  "alwaysOnTop": false,
  "enableSystemMonitoring": true,
  "enablePerformanceLogging": false,
  "monitoringInterval": 1000,
  "enableCPUMonitoring": true,
  "enableMemoryMonitoring": true,
  "enableDiskMonitoring": false,
  "enableNotifications": true,
  "enableTrayNotifications": true,
  "enableDebugMode": false,
  "enableConsoleLogging": true,
  "enableErrorReporting": true,
  "logLevel": "info",
  "enableGPUFallback": true,
  "__internal__": {
    "migrations": {
      "version": "36.4.0"
    }
  }
}
[2025-06-15T06:34:15.455Z] DEBUG: 추적 관련 IPC 핸들러 등록 완료
[2025-06-15T06:34:15.500Z] DEBUG: 키보드 리스너 설정 성공
[2025-06-15T06:34:15.500Z] DEBUG: 데이터 동기화 모듈 초기화 중...
[2025-06-15T06:34:15.500Z] DEBUG: 데이터베이스 클라이언트가 없어 폴백 모드로 실행
[2025-06-15T06:34:15.500Z] DEBUG: 키보드 핸들러 초기화 완료
[2025-06-15T06:34:15.506Z] DEBUG: 통계 워커 초기화 시작됨
[2025-06-15T06:34:15.505Z] DEBUG: 통계 처리 시스템 초기화 시작
[2025-06-15T06:34:15.600Z] DEBUG: 통계 처리 시스템 초기화 완료
[2025-06-15T06:34:15.627Z] DEBUG: 브라우저 감지 시스템 초기화 완료
[2025-06-15T06:34:15.627Z] DEBUG: active-win 모듈 로드 실패, 폴백 모드 사용: {
  "code": "ERR_DLOPEN_FAILED"
}
[2025-06-15T06:34:15.601Z] DEBUG: 브라우저 감지 시스템 초기화 시작
[2025-06-15T06:34:15.706Z] DEBUG: 워커 초기화 완료: 2025-06-15T06:34:15.539Z
[2025-06-15T06:34:15.706Z] DEBUG: 대기 중인 작업 0개 처리 시작
[2025-06-15T06:34:17.502Z] DEBUG: 설정에 따라 자동 모니터링 시작
[2025-06-15T06:34:17.502Z] DEBUG: 타이핑 추적 시작됨
[2025-06-15T06:41:03.955Z] DEBUG: [UpdateManager] Auto-update disabled in development mode
[2025-06-15T06:41:04.202Z] DEBUG: 설정 로드 중...
[2025-06-15T06:41:04.207Z] DEBUG: 레거시 설정 발견, 마이그레이션 중...
[2025-06-15T06:41:04.208Z] DEBUG: 설정 로드 완료: {
  "enabledCategories": {
    "docs": true,
    "office": true,
    "coding": true,
    "sns": true,
    "browser": true,
    "game": false,
    "media": true,
    "other": true
  },
  "autoStartMonitoring": true,
  "resumeAfterIdle": true,
  "idleTimeout": 300,
  "theme": "dark",
  "windowMode": "windowed",
  "darkMode": false,
  "minimizeToTray": true,
  "showTrayNotifications": true,
  "enableMiniView": true,
  "enableAnimations": true,
  "fontSize": 14,
  "fontFamily": "Inter, system-ui, sans-serif",
  "useHardwareAcceleration": false,
  "enableGPUAcceleration": true,
  "gpuAccelerationLevel": 1,
  "processingMode": "auto",
  "reduceMemoryInBackground": true,
  "enableMemoryOptimization": true,
  "enableBackgroundCleanup": true,
  "garbageCollectionInterval": 60000,
  "maxMemoryThreshold": 100,
  "memoryCleanupInterval": 300000,
  "memoryThreshold": 80,
  "autoCleanupLogs": true,
  "maxHistoryItems": 500,
  "logRetentionDays": 30,
  "enableDataCollection": true,
  "enableAnalytics": false,
  "dataRetentionDays": 30,
  "enableAutoSave": true,
  "autoSaveInterval": 10000,
  "enableWPMDisplay": true,
  "enableAccuracyDisplay": true,
  "enableRealTimeStats": true,
  "enableTypingSound": false,
  "enableKeyboardShortcuts": true,
  "statsFilePath": "typing-stats.json",
  "enableTypingAnalysis": true,
  "enableRealTimeAnalysis": true,
  "statsCollectionInterval": 30,
  "enableKeyboardDetection": true,
  "enablePatternLearning": true,
  "keyboard": {
    "autoStart": true,
    "enableHangulSupport": true,
    "enableJamoTracking": true,
    "hangulMode": "auto",
    "jamoSeparation": true,
    "trackingInterval": 50
  },
  "windowSettings": {
    "miniSize": {
      "width": 400,
      "height": 300
    },
    "opacity": 1,
    "alwaysOnTop": false,
    "autoHide": false,
    "position": {
      "x": 100,
      "y": 100
    }
  },
  "windowOpacity": 1,
  "alwaysOnTop": false,
  "enableSystemMonitoring": true,
  "enablePerformanceLogging": false,
  "monitoringInterval": 1000,
  "enableCPUMonitoring": true,
  "enableMemoryMonitoring": true,
  "enableDiskMonitoring": false,
  "enableNotifications": true,
  "enableTrayNotifications": true,
  "enableDebugMode": false,
  "enableConsoleLogging": true,
  "enableErrorReporting": true,
  "logLevel": "info",
  "enableGPUFallback": true,
  "__internal__": {
    "migrations": {
      "version": "36.4.0"
    }
  }
}
[2025-06-15T06:41:04.272Z] DEBUG: 키보드 관련 IPC 핸들러 등록 중...
[2025-06-15T06:41:04.272Z] DEBUG: 키보드 관련 IPC 핸들러 등록 완료
[2025-06-15T06:41:04.272Z] DEBUG: 추적 관련 IPC 핸들러 등록 완료
[2025-06-15T06:41:04.272Z] DEBUG: 추적 관련 IPC 핸들러 등록 중...
[2025-06-15T06:41:04.208Z] DEBUG: 설정 관리자 IPC 핸들러 등록 완료
[2025-06-15T06:41:04.330Z] DEBUG: 키보드 리스너 설정 성공
[2025-06-15T06:41:04.330Z] DEBUG: 키보드 핸들러 초기화 완료
[2025-06-15T06:41:04.331Z] DEBUG: 데이터 동기화 모듈 초기화 중...
[2025-06-15T06:41:04.331Z] DEBUG: 데이터베이스 클라이언트가 없어 폴백 모드로 실행
[2025-06-15T06:41:04.338Z] DEBUG: 통계 처리 시스템 초기화 시작
[2025-06-15T06:41:04.339Z] DEBUG: 통계 워커 초기화 시작됨
[2025-06-15T06:41:04.492Z] DEBUG: 통계 처리 시스템 초기화 완료
[2025-06-15T06:41:04.523Z] DEBUG: active-win 모듈 로드 실패, 폴백 모드 사용: {
  "code": "ERR_DLOPEN_FAILED"
}
[2025-06-15T06:41:04.523Z] DEBUG: 브라우저 감지 시스템 초기화 완료
[2025-06-15T06:41:04.492Z] DEBUG: 브라우저 감지 시스템 초기화 시작
[2025-06-15T06:41:04.675Z] DEBUG: 워커 초기화 완료: 2025-06-15T06:41:04.394Z
[2025-06-15T06:41:04.675Z] DEBUG: 대기 중인 작업 0개 처리 시작
[2025-06-15T06:41:06.331Z] DEBUG: 설정에 따라 자동 모니터링 시작
[2025-06-15T06:41:06.332Z] DEBUG: 타이핑 추적 시작됨
[2025-06-15T06:41:15.035Z] DEBUG: 설정 변경 적용: enabledCategories = [object Object]
[2025-06-15T06:41:15.035Z] DEBUG: 테마 변경 적용: system
[2025-06-15T06:41:15.035Z] DEBUG: 설정 변경 적용: fontFamily = system-ui
[2025-06-15T06:41:15.035Z] DEBUG: 설정 변경 적용: enableRealTimeAnalysis = false
[2025-06-15T06:41:15.035Z] DEBUG: 설정 변경 적용: statsFilePath = 
[2025-06-15T06:41:15.035Z] DEBUG: 설정 변경 적용: keyboard = [object Object]
[2025-06-15T06:41:15.035Z] DEBUG: 설정 변경 적용: enablePatternLearning = false
[2025-06-15T06:41:15.035Z] DEBUG: 설정 변경 적용: enableCPUMonitoring = false
[2025-06-15T06:41:15.035Z] DEBUG: 설정 변경 적용: statsCollectionInterval = 5000
[2025-06-15T06:41:15.035Z] DEBUG: 설정 변경 적용: enableSystemMonitoring = false
[2025-06-15T06:41:15.035Z] DEBUG: 설정 변경 적용: windowSettings = [object Object]
[2025-06-15T06:41:15.035Z] DEBUG: 설정 변경 적용: monitoringInterval = 5000
[2025-06-15T06:41:15.035Z] DEBUG: 설정 변경 적용: enableMemoryMonitoring = false
[2025-06-15T06:41:15.035Z] DEBUG: 설정 변경 적용: enableConsoleLogging = false
[2025-06-15T06:41:22.392Z] DEBUG: 설정 변경 적용: enabledCategories = [object Object]
[2025-06-15T06:41:22.392Z] DEBUG: 테마 변경 적용: dark
[2025-06-15T06:41:22.392Z] DEBUG: 설정 변경 적용: enableAnimations = false
[2025-06-15T06:41:22.392Z] DEBUG: 설정 변경 적용: keyboard = [object Object]
[2025-06-15T06:41:22.392Z] DEBUG: 설정 변경 적용: windowSettings = [object Object]
[2025-06-15T07:05:01.604Z] DEBUG: [UpdateManager] Auto-update disabled in development mode
[2025-06-15T07:05:01.737Z] DEBUG: 설정 로드 중...
[2025-06-15T07:05:01.741Z] DEBUG: 레거시 설정 발견, 마이그레이션 중...
[2025-06-15T07:05:01.741Z] DEBUG: 설정 관리자 IPC 핸들러 등록 완료
[2025-06-15T07:05:01.825Z] DEBUG: 키보드 관련 IPC 핸들러 등록 중...
[2025-06-15T07:05:01.741Z] DEBUG: 설정 로드 완료: {
  "enabledCategories": {
    "docs": true,
    "office": true,
    "coding": true,
    "sns": true,
    "browser": true,
    "game": false,
    "media": true,
    "other": true
  },
  "autoStartMonitoring": true,
  "resumeAfterIdle": true,
  "idleTimeout": 300,
  "theme": "dark",
  "windowMode": "windowed",
  "darkMode": false,
  "minimizeToTray": true,
  "showTrayNotifications": true,
  "enableMiniView": true,
  "enableAnimations": false,
  "fontSize": 14,
  "fontFamily": "system-ui",
  "useHardwareAcceleration": false,
  "enableGPUAcceleration": true,
  "gpuAccelerationLevel": 1,
  "processingMode": "auto",
  "reduceMemoryInBackground": true,
  "enableMemoryOptimization": true,
  "enableBackgroundCleanup": true,
  "garbageCollectionInterval": 60000,
  "maxMemoryThreshold": 100,
  "memoryCleanupInterval": 300000,
  "memoryThreshold": 80,
  "autoCleanupLogs": true,
  "maxHistoryItems": 500,
  "logRetentionDays": 30,
  "enableDataCollection": true,
  "enableAnalytics": false,
  "dataRetentionDays": 30,
  "enableAutoSave": true,
  "autoSaveInterval": 10000,
  "enableWPMDisplay": true,
  "enableAccuracyDisplay": true,
  "enableRealTimeStats": true,
  "enableTypingSound": false,
  "enableKeyboardShortcuts": true,
  "statsFilePath": "",
  "enableTypingAnalysis": true,
  "enableRealTimeAnalysis": false,
  "statsCollectionInterval": 5000,
  "enableKeyboardDetection": true,
  "enablePatternLearning": false,
  "keyboard": {
    "autoStart": true,
    "enableHangulSupport": true,
    "enableJamoTracking": false,
    "hangulMode": "auto",
    "jamoSeparation": false,
    "trackingInterval": 100
  },
  "windowSettings": {
    "miniSize": {
      "width": 300,
      "height": 200
    },
    "opacity": 0.9,
    "alwaysOnTop": false,
    "autoHide": false,
    "position": {
      "x": 0,
      "y": 0
    }
  },
  "windowOpacity": 1,
  "alwaysOnTop": false,
  "enableSystemMonitoring": false,
  "enablePerformanceLogging": false,
  "monitoringInterval": 5000,
  "enableCPUMonitoring": false,
  "enableMemoryMonitoring": false,
  "enableDiskMonitoring": false,
  "enableNotifications": true,
  "enableTrayNotifications": true,
  "enableDebugMode": false,
  "enableConsoleLogging": false,
  "enableErrorReporting": true,
  "logLevel": "info",
  "enableGPUFallback": true,
  "__internal__": {
    "migrations": {
      "version": "36.4.0"
    }
  }
}
[2025-06-15T07:05:01.825Z] DEBUG: 추적 관련 IPC 핸들러 등록 중...
[2025-06-15T07:05:01.825Z] DEBUG: 키보드 관련 IPC 핸들러 등록 완료
[2025-06-15T07:05:01.880Z] DEBUG: 키보드 핸들러 초기화 완료
[2025-06-15T07:05:01.880Z] DEBUG: 키보드 리스너 설정 성공
[2025-06-15T07:05:01.880Z] DEBUG: 데이터 동기화 모듈 초기화 중...
[2025-06-15T07:05:01.880Z] DEBUG: 데이터베이스 클라이언트가 없어 폴백 모드로 실행
[2025-06-15T07:05:01.886Z] DEBUG: 통계 워커 초기화 시작됨
[2025-06-15T07:05:01.825Z] DEBUG: 추적 관련 IPC 핸들러 등록 완료
[2025-06-15T07:05:01.885Z] DEBUG: 통계 처리 시스템 초기화 시작
[2025-06-15T07:05:02.044Z] DEBUG: 통계 처리 시스템 초기화 완료
[2025-06-15T07:05:02.044Z] DEBUG: 브라우저 감지 시스템 초기화 시작
[2025-06-15T07:05:02.074Z] DEBUG: 브라우저 감지 시스템 초기화 완료
[2025-06-15T07:05:02.074Z] DEBUG: active-win 모듈 로드 실패, 폴백 모드 사용: {
  "code": "ERR_DLOPEN_FAILED"
}
[2025-06-15T07:05:02.204Z] DEBUG: 워커 초기화 완료: 2025-06-15T07:05:01.930Z
[2025-06-15T07:05:02.204Z] DEBUG: 대기 중인 작업 0개 처리 시작
[2025-06-15T07:05:03.881Z] DEBUG: 설정에 따라 자동 모니터링 시작
[2025-06-15T07:05:03.882Z] DEBUG: 타이핑 추적 시작됨
[2025-06-15T07:05:13.311Z] DEBUG: 설정 변경 적용: enabledCategories = [object Object]
[2025-06-15T07:05:13.311Z] DEBUG: 설정 변경 적용: keyboard = [object Object]
[2025-06-15T07:05:13.311Z] DEBUG: 설정 변경 적용: windowSettings = [object Object]
[2025-06-15T07:05:13.311Z] DEBUG: 창 모드 변경 적용: fullscreenAutoHide
[2025-06-15T07:05:18.796Z] DEBUG: 설정 변경 적용: windowSettings = [object Object]
[2025-06-15T07:05:18.796Z] DEBUG: 설정 변경 적용: keyboard = [object Object]
[2025-06-15T07:05:18.796Z] DEBUG: 설정 변경 적용: enabledCategories = [object Object]
[2025-06-15T07:05:18.796Z] DEBUG: 설정 변경 적용: enableNotifications = false
[2025-06-15T07:05:31.363Z] DEBUG: 설정 변경 적용: enabledCategories = [object Object]
[2025-06-15T07:05:31.363Z] DEBUG: 설정 변경 적용: keyboard = [object Object]
[2025-06-15T07:05:31.363Z] DEBUG: 설정 변경 적용: windowSettings = [object Object]
[2025-06-15T07:05:46.393Z] DEBUG: 설정 변경 적용: enabledCategories = [object Object]
[2025-06-15T07:05:46.393Z] DEBUG: 설정 변경 적용: enableNotifications = true
[2025-06-15T07:05:46.393Z] DEBUG: 설정 변경 적용: windowSettings = [object Object]
[2025-06-15T07:05:46.393Z] DEBUG: 설정 변경 적용: keyboard = [object Object]
[2025-06-15T07:33:46.752Z] DEBUG: [UpdateManager] Auto-update disabled in development mode
[2025-06-15T07:33:46.903Z] DEBUG: 설정 로드 중...
[2025-06-15T07:33:46.907Z] DEBUG: 레거시 설정 발견, 마이그레이션 중...
[2025-06-15T07:33:46.908Z] DEBUG: 설정 로드 완료: {
  "enabledCategories": {
    "docs": true,
    "office": true,
    "coding": true,
    "sns": true,
    "browser": true,
    "game": false,
    "media": true,
    "other": true
  },
  "autoStartMonitoring": true,
  "resumeAfterIdle": true,
  "idleTimeout": 300,
  "theme": "dark",
  "windowMode": "fullscreenAutoHide",
  "darkMode": false,
  "minimizeToTray": true,
  "showTrayNotifications": true,
  "enableMiniView": true,
  "enableAnimations": false,
  "fontSize": 14,
  "fontFamily": "system-ui",
  "useHardwareAcceleration": false,
  "enableGPUAcceleration": true,
  "gpuAccelerationLevel": 1,
  "processingMode": "auto",
  "reduceMemoryInBackground": true,
  "enableMemoryOptimization": true,
  "enableBackgroundCleanup": true,
  "garbageCollectionInterval": 60000,
  "maxMemoryThreshold": 100,
  "memoryCleanupInterval": 300000,
  "memoryThreshold": 80,
  "autoCleanupLogs": true,
  "maxHistoryItems": 500,
  "logRetentionDays": 30,
  "enableDataCollection": true,
  "enableAnalytics": false,
  "dataRetentionDays": 30,
  "enableAutoSave": true,
  "autoSaveInterval": 10000,
  "enableWPMDisplay": true,
  "enableAccuracyDisplay": true,
  "enableRealTimeStats": true,
  "enableTypingSound": false,
  "enableKeyboardShortcuts": true,
  "statsFilePath": "",
  "enableTypingAnalysis": true,
  "enableRealTimeAnalysis": false,
  "statsCollectionInterval": 5000,
  "enableKeyboardDetection": true,
  "enablePatternLearning": false,
  "keyboard": {
    "autoStart": true,
    "enableHangulSupport": true,
    "enableJamoTracking": false,
    "hangulMode": "auto",
    "jamoSeparation": false,
    "trackingInterval": 100
  },
  "windowSettings": {
    "miniSize": {
      "width": 300,
      "height": 200
    },
    "opacity": 0.9,
    "alwaysOnTop": false,
    "autoHide": false,
    "position": {
      "x": 0,
      "y": 0
    }
  },
  "windowOpacity": 1,
  "alwaysOnTop": false,
  "enableSystemMonitoring": false,
  "enablePerformanceLogging": false,
  "monitoringInterval": 5000,
  "enableCPUMonitoring": false,
  "enableMemoryMonitoring": false,
  "enableDiskMonitoring": false,
  "enableNotifications": true,
  "enableTrayNotifications": true,
  "enableDebugMode": false,
  "enableConsoleLogging": false,
  "enableErrorReporting": true,
  "logLevel": "info",
  "enableGPUFallback": true,
  "__internal__": {
    "migrations": {
      "version": "36.4.0"
    }
  }
}
[2025-06-15T07:33:47.021Z] DEBUG: 키보드 관련 IPC 핸들러 등록 완료
[2025-06-15T07:33:47.021Z] DEBUG: 키보드 관련 IPC 핸들러 등록 중...
[2025-06-15T07:33:46.908Z] DEBUG: 설정 관리자 IPC 핸들러 등록 완료
[2025-06-15T07:33:47.021Z] DEBUG: 추적 관련 IPC 핸들러 등록 중...
[2025-06-15T07:33:47.021Z] DEBUG: 추적 관련 IPC 핸들러 등록 완료
[2025-06-15T07:33:47.094Z] DEBUG: 키보드 핸들러 초기화 완료
[2025-06-15T07:33:47.094Z] DEBUG: 데이터 동기화 모듈 초기화 중...
[2025-06-15T07:33:47.102Z] DEBUG: 통계 처리 시스템 초기화 시작
[2025-06-15T07:33:47.103Z] DEBUG: 통계 워커 초기화 시작됨
[2025-06-15T07:33:47.094Z] DEBUG: 키보드 리스너 설정 성공
[2025-06-15T07:33:47.094Z] DEBUG: 데이터베이스 클라이언트가 없어 폴백 모드로 실행
[2025-06-15T07:33:47.221Z] DEBUG: 통계 처리 시스템 초기화 완료
[2025-06-15T07:33:47.221Z] DEBUG: 브라우저 감지 시스템 초기화 시작
[2025-06-15T07:33:47.249Z] DEBUG: 브라우저 감지 시스템 초기화 완료
[2025-06-15T07:33:47.249Z] DEBUG: active-win 모듈 로드 실패, 폴백 모드 사용: {
  "code": "ERR_DLOPEN_FAILED"
}
[2025-06-15T07:33:47.353Z] DEBUG: 대기 중인 작업 0개 처리 시작
[2025-06-15T07:33:47.353Z] DEBUG: 워커 초기화 완료: 2025-06-15T07:33:47.138Z
[2025-06-15T07:33:49.095Z] DEBUG: 설정에 따라 자동 모니터링 시작
[2025-06-15T07:33:49.095Z] DEBUG: 타이핑 추적 시작됨
[2025-06-15T07:34:03.726Z] DEBUG: 설정 변경 적용: keyboard = [object Object]
[2025-06-15T07:34:03.726Z] DEBUG: 설정 변경 적용: enabledCategories = [object Object]
[2025-06-15T07:34:03.726Z] DEBUG: 설정 변경 적용: windowSettings = [object Object]
[2025-06-15T07:34:03.726Z] DEBUG: 설정 변경 적용: enableAnimations = true
[2025-06-15T07:34:06.097Z] DEBUG: 설정 변경 적용: keyboard = [object Object]
[2025-06-15T07:34:06.097Z] DEBUG: 설정 변경 적용: enabledCategories = [object Object]
[2025-06-15T07:34:06.097Z] DEBUG: 설정 변경 적용: windowSettings = [object Object]
[2025-06-15T07:34:06.097Z] DEBUG: 설정 변경 적용: enableAnimations = false
[2025-06-15T07:34:33.259Z] DEBUG: 설정 변경 적용: enabledCategories = [object Object]
[2025-06-15T07:34:33.259Z] DEBUG: 설정 변경 적용: dataRetentionDays = 28
[2025-06-15T07:34:33.259Z] DEBUG: 설정 변경 적용: keyboard = [object Object]
[2025-06-15T07:34:33.259Z] DEBUG: 설정 변경 적용: windowSettings = [object Object]
[2025-06-15T07:34:34.366Z] DEBUG: 설정 변경 적용: enabledCategories = [object Object]
[2025-06-15T07:34:34.366Z] DEBUG: 설정 변경 적용: windowSettings = [object Object]
[2025-06-15T07:34:34.366Z] DEBUG: 설정 변경 적용: keyboard = [object Object]
[2025-06-15T07:34:39.548Z] DEBUG: 설정 변경 적용: enabledCategories = [object Object]
[2025-06-15T07:34:39.548Z] DEBUG: 설정 변경 적용: enableAnimations = true
[2025-06-15T07:34:39.548Z] DEBUG: 설정 변경 적용: keyboard = [object Object]
[2025-06-15T07:34:39.548Z] DEBUG: 설정 변경 적용: windowSettings = [object Object]
[2025-06-15T07:46:20.741Z] DEBUG: [UpdateManager] Auto-update disabled in development mode
[2025-06-15T07:46:20.922Z] DEBUG: 설정 로드 중...
[2025-06-15T07:46:20.924Z] DEBUG: 레거시 설정 발견, 마이그레이션 중...
[2025-06-15T07:46:20.984Z] DEBUG: 키보드 관련 IPC 핸들러 등록 중...
[2025-06-15T07:46:20.924Z] DEBUG: 설정 관리자 IPC 핸들러 등록 완료
[2025-06-15T07:46:20.984Z] DEBUG: 키보드 관련 IPC 핸들러 등록 완료
[2025-06-15T07:46:20.985Z] DEBUG: 추적 관련 IPC 핸들러 등록 완료
[2025-06-15T07:46:20.984Z] DEBUG: 추적 관련 IPC 핸들러 등록 중...
[2025-06-15T07:46:21.018Z] DEBUG: 키보드 리스너 설정 성공
[2025-06-15T07:46:21.018Z] DEBUG: 키보드 핸들러 초기화 완료
[2025-06-15T07:46:21.019Z] DEBUG: 데이터 동기화 모듈 초기화 중...
[2025-06-15T07:46:21.019Z] DEBUG: 데이터베이스 클라이언트가 없어 폴백 모드로 실행
[2025-06-15T07:46:21.028Z] DEBUG: 통계 처리 시스템 초기화 시작
[2025-06-15T07:46:21.029Z] DEBUG: 통계 워커 초기화 시작됨
[2025-06-15T07:46:20.924Z] DEBUG: 설정 로드 완료: {
  "enabledCategories": {
    "docs": true,
    "office": true,
    "coding": true,
    "sns": true,
    "browser": true,
    "game": true,
    "media": true,
    "other": true
  },
  "autoStartMonitoring": true,
  "resumeAfterIdle": true,
  "idleTimeout": 300,
  "theme": "dark",
  "windowMode": "fullscreenAutoHide",
  "darkMode": false,
  "minimizeToTray": true,
  "showTrayNotifications": true,
  "enableMiniView": true,
  "enableAnimations": true,
  "fontSize": 14,
  "fontFamily": "system-ui",
  "useHardwareAcceleration": false,
  "enableGPUAcceleration": true,
  "gpuAccelerationLevel": 1,
  "processingMode": "auto",
  "reduceMemoryInBackground": true,
  "enableMemoryOptimization": true,
  "enableBackgroundCleanup": true,
  "garbageCollectionInterval": 60000,
  "maxMemoryThreshold": 100,
  "memoryCleanupInterval": 300000,
  "memoryThreshold": 80,
  "autoCleanupLogs": true,
  "maxHistoryItems": 500,
  "logRetentionDays": 30,
  "enableDataCollection": true,
  "enableAnalytics": false,
  "dataRetentionDays": 28,
  "enableAutoSave": true,
  "autoSaveInterval": 10000,
  "enableWPMDisplay": true,
  "enableAccuracyDisplay": true,
  "enableRealTimeStats": true,
  "enableTypingSound": false,
  "enableKeyboardShortcuts": true,
  "statsFilePath": "",
  "enableTypingAnalysis": true,
  "enableRealTimeAnalysis": false,
  "statsCollectionInterval": 5000,
  "enableKeyboardDetection": true,
  "enablePatternLearning": false,
  "keyboard": {
    "autoStart": true,
    "enableHangulSupport": true,
    "enableJamoTracking": false,
    "hangulMode": "auto",
    "jamoSeparation": false,
    "trackingInterval": 100
  },
  "windowSettings": {
    "miniSize": {
      "width": 300,
      "height": 200
    },
    "opacity": 0.9,
    "alwaysOnTop": false,
    "autoHide": false,
    "position": {
      "x": 0,
      "y": 0
    }
  },
  "windowOpacity": 1,
  "alwaysOnTop": false,
  "enableSystemMonitoring": false,
  "enablePerformanceLogging": false,
  "monitoringInterval": 5000,
  "enableCPUMonitoring": false,
  "enableMemoryMonitoring": false,
  "enableDiskMonitoring": false,
  "enableNotifications": true,
  "enableTrayNotifications": true,
  "enableDebugMode": false,
  "enableConsoleLogging": false,
  "enableErrorReporting": true,
  "logLevel": "info",
  "enableGPUFallback": true,
  "__internal__": {
    "migrations": {
      "version": "36.4.0"
    }
  }
}
[2025-06-15T07:46:21.145Z] DEBUG: 통계 처리 시스템 초기화 완료
[2025-06-15T07:46:21.145Z] DEBUG: 브라우저 감지 시스템 초기화 시작
[2025-06-15T07:46:21.172Z] DEBUG: active-win 모듈 로드 실패, 폴백 모드 사용: {
  "code": "ERR_DLOPEN_FAILED"
}
[2025-06-15T07:46:21.172Z] DEBUG: 브라우저 감지 시스템 초기화 완료
[2025-06-15T07:46:21.281Z] DEBUG: 대기 중인 작업 0개 처리 시작
[2025-06-15T07:46:21.281Z] DEBUG: 워커 초기화 완료: 2025-06-15T07:46:21.064Z
[2025-06-15T07:46:23.019Z] DEBUG: 설정에 따라 자동 모니터링 시작
[2025-06-15T07:46:23.019Z] DEBUG: 타이핑 추적 시작됨
[2025-06-15T07:46:26.038Z] DEBUG: 설정 변경 적용: windowSettings = [object Object]
[2025-06-15T07:46:26.038Z] DEBUG: 설정 변경 적용: keyboard = [object Object]
[2025-06-15T07:46:26.038Z] DEBUG: 설정 변경 적용: enableAnimations = false
[2025-06-15T07:46:26.038Z] DEBUG: 설정 변경 적용: enabledCategories = [object Object]
[2025-06-15T07:57:24.021Z] DEBUG: [UpdateManager] Auto-update disabled in development mode
[2025-06-15T07:57:24.549Z] DEBUG: 설정 로드 중...
[2025-06-15T07:57:24.555Z] DEBUG: 레거시 설정 발견, 마이그레이션 중...
[2025-06-15T07:57:24.555Z] DEBUG: 설정 로드 완료: {
  "enabledCategories": {
    "docs": true,
    "office": true,
    "coding": true,
    "sns": true,
    "browser": true,
    "game": true,
    "media": true,
    "other": true
  },
  "autoStartMonitoring": true,
  "resumeAfterIdle": true,
  "idleTimeout": 300,
  "theme": "dark",
  "windowMode": "fullscreenAutoHide",
  "darkMode": false,
  "minimizeToTray": true,
  "showTrayNotifications": true,
  "enableMiniView": true,
  "enableAnimations": false,
  "fontSize": 14,
  "fontFamily": "system-ui",
  "useHardwareAcceleration": false,
  "enableGPUAcceleration": true,
  "gpuAccelerationLevel": 1,
  "processingMode": "auto",
  "reduceMemoryInBackground": true,
  "enableMemoryOptimization": true,
  "enableBackgroundCleanup": true,
  "garbageCollectionInterval": 60000,
  "maxMemoryThreshold": 100,
  "memoryCleanupInterval": 300000,
  "memoryThreshold": 80,
  "autoCleanupLogs": true,
  "maxHistoryItems": 500,
  "logRetentionDays": 30,
  "enableDataCollection": true,
  "enableAnalytics": false,
  "dataRetentionDays": 28,
  "enableAutoSave": true,
  "autoSaveInterval": 10000,
  "enableWPMDisplay": true,
  "enableAccuracyDisplay": true,
  "enableRealTimeStats": true,
  "enableTypingSound": false,
  "enableKeyboardShortcuts": true,
  "statsFilePath": "",
  "enableTypingAnalysis": true,
  "enableRealTimeAnalysis": false,
  "statsCollectionInterval": 5000,
  "enableKeyboardDetection": true,
  "enablePatternLearning": false,
  "keyboard": {
    "autoStart": true,
    "enableHangulSupport": true,
    "enableJamoTracking": false,
    "hangulMode": "auto",
    "jamoSeparation": false,
    "trackingInterval": 100
  },
  "windowSettings": {
    "miniSize": {
      "width": 300,
      "height": 200
    },
    "opacity": 0.9,
    "alwaysOnTop": false,
    "autoHide": false,
    "position": {
      "x": 0,
      "y": 0
    }
  },
  "windowOpacity": 1,
  "alwaysOnTop": false,
  "enableSystemMonitoring": false,
  "enablePerformanceLogging": false,
  "monitoringInterval": 5000,
  "enableCPUMonitoring": false,
  "enableMemoryMonitoring": false,
  "enableDiskMonitoring": false,
  "enableNotifications": true,
  "enableTrayNotifications": true,
  "enableDebugMode": false,
  "enableConsoleLogging": false,
  "enableErrorReporting": true,
  "logLevel": "info",
  "enableGPUFallback": true,
  "__internal__": {
    "migrations": {
      "version": "36.4.0"
    }
  }
}
[2025-06-15T07:57:24.556Z] DEBUG: 설정 관리자 IPC 핸들러 등록 완료
[2025-06-15T07:57:24.637Z] DEBUG: 키보드 관련 IPC 핸들러 등록 완료
[2025-06-15T07:57:24.637Z] DEBUG: 추적 관련 IPC 핸들러 등록 완료
[2025-06-15T07:57:24.637Z] DEBUG: 추적 관련 IPC 핸들러 등록 중...
[2025-06-15T07:57:24.636Z] DEBUG: 키보드 관련 IPC 핸들러 등록 중...
[2025-06-15T07:57:24.749Z] DEBUG: 키보드 리스너 설정 성공
[2025-06-15T07:57:24.749Z] DEBUG: 키보드 핸들러 초기화 완료
[2025-06-15T07:57:24.750Z] DEBUG: 데이터 동기화 모듈 초기화 중...
[2025-06-15T07:57:24.750Z] DEBUG: 데이터베이스 클라이언트가 없어 폴백 모드로 실행
[2025-06-15T07:57:24.761Z] DEBUG: 통계 처리 시스템 초기화 시작
[2025-06-15T07:57:24.762Z] DEBUG: 통계 워커 초기화 시작됨
[2025-06-15T07:57:24.918Z] DEBUG: 통계 처리 시스템 초기화 완료
[2025-06-15T07:57:24.918Z] DEBUG: 브라우저 감지 시스템 초기화 시작
[2025-06-15T07:57:24.948Z] DEBUG: active-win 모듈 로드 실패, 폴백 모드 사용: {
  "code": "ERR_DLOPEN_FAILED"
}
[2025-06-15T07:57:24.948Z] DEBUG: 브라우저 감지 시스템 초기화 완료
[2025-06-15T07:57:25.082Z] DEBUG: 대기 중인 작업 0개 처리 시작
[2025-06-15T07:57:25.082Z] DEBUG: 워커 초기화 완료: 2025-06-15T07:57:24.825Z
[2025-06-15T07:57:26.756Z] DEBUG: 설정에 따라 자동 모니터링 시작
[2025-06-15T07:57:26.756Z] DEBUG: 타이핑 추적 시작됨
[2025-06-15T07:57:41.750Z] DEBUG: 설정 변경 적용: keyboard = [object Object]
[2025-06-15T07:57:41.750Z] DEBUG: 설정 변경 적용: windowSettings = [object Object]
[2025-06-15T07:57:41.750Z] DEBUG: 설정 변경 적용: enableAnimations = true
[2025-06-15T07:57:41.750Z] DEBUG: 설정 변경 적용: enabledCategories = [object Object]
[2025-06-15T08:21:53.139Z] DEBUG: [UpdateManager] Auto-update disabled in development mode
[2025-06-15T08:21:53.467Z] DEBUG: 설정 로드 중...
[2025-06-15T08:21:53.471Z] DEBUG: 레거시 설정 발견, 마이그레이션 중...
[2025-06-15T08:21:53.471Z] DEBUG: 설정 로드 완료: {
  "enabledCategories": {
    "docs": true,
    "office": true,
    "coding": true,
    "sns": true,
    "browser": true,
    "game": true,
    "media": true,
    "other": true
  },
  "autoStartMonitoring": true,
  "resumeAfterIdle": true,
  "idleTimeout": 300,
  "theme": "dark",
  "windowMode": "fullscreenAutoHide",
  "darkMode": false,
  "minimizeToTray": true,
  "showTrayNotifications": true,
  "enableMiniView": true,
  "enableAnimations": true,
  "fontSize": 14,
  "fontFamily": "system-ui",
  "useHardwareAcceleration": false,
  "enableGPUAcceleration": true,
  "gpuAccelerationLevel": 1,
  "processingMode": "auto",
  "reduceMemoryInBackground": true,
  "enableMemoryOptimization": true,
  "enableBackgroundCleanup": true,
  "garbageCollectionInterval": 60000,
  "maxMemoryThreshold": 100,
  "memoryCleanupInterval": 300000,
  "memoryThreshold": 80,
  "autoCleanupLogs": true,
  "maxHistoryItems": 500,
  "logRetentionDays": 30,
  "enableDataCollection": true,
  "enableAnalytics": false,
  "dataRetentionDays": 28,
  "enableAutoSave": true,
  "autoSaveInterval": 10000,
  "enableWPMDisplay": true,
  "enableAccuracyDisplay": true,
  "enableRealTimeStats": true,
  "enableTypingSound": false,
  "enableKeyboardShortcuts": true,
  "statsFilePath": "",
  "enableTypingAnalysis": true,
  "enableRealTimeAnalysis": false,
  "statsCollectionInterval": 5000,
  "enableKeyboardDetection": true,
  "enablePatternLearning": false,
  "keyboard": {
    "autoStart": true,
    "enableHangulSupport": true,
    "enableJamoTracking": false,
    "hangulMode": "auto",
    "jamoSeparation": false,
    "trackingInterval": 100
  },
  "windowSettings": {
    "miniSize": {
      "width": 300,
      "height": 200
    },
    "opacity": 0.9,
    "alwaysOnTop": false,
    "autoHide": false,
    "position": {
      "x": 0,
      "y": 0
    }
  },
  "windowOpacity": 1,
  "alwaysOnTop": false,
  "enableSystemMonitoring": false,
  "enablePerformanceLogging": false,
  "monitoringInterval": 5000,
  "enableCPUMonitoring": false,
  "enableMemoryMonitoring": false,
  "enableDiskMonitoring": false,
  "enableNotifications": true,
  "enableTrayNotifications": true,
  "enableDebugMode": false,
  "enableConsoleLogging": false,
  "enableErrorReporting": true,
  "logLevel": "info",
  "enableGPUFallback": true,
  "__internal__": {
    "migrations": {
      "version": "36.4.0"
    }
  }
}
[2025-06-15T08:21:53.747Z] DEBUG: 키보드 관련 IPC 핸들러 등록 완료
[2025-06-15T08:21:53.747Z] DEBUG: 추적 관련 IPC 핸들러 등록 완료
[2025-06-15T08:21:53.747Z] DEBUG: 추적 관련 IPC 핸들러 등록 중...
[2025-06-15T08:21:53.747Z] DEBUG: 키보드 관련 IPC 핸들러 등록 중...
[2025-06-15T08:21:53.795Z] DEBUG: 키보드 핸들러 초기화 완료
[2025-06-15T08:21:53.795Z] DEBUG: 키보드 리스너 설정 성공
[2025-06-15T08:21:53.795Z] DEBUG: 데이터베이스 클라이언트가 없어 폴백 모드로 실행
[2025-06-15T08:21:53.795Z] DEBUG: 데이터 동기화 모듈 초기화 중...
[2025-06-15T08:21:53.801Z] DEBUG: 통계 워커 초기화 시작됨
[2025-06-15T08:21:53.800Z] DEBUG: 통계 처리 시스템 초기화 시작
[2025-06-15T08:21:53.474Z] DEBUG: 설정 관리자 IPC 핸들러 등록 완료
[2025-06-15T08:21:53.933Z] DEBUG: 통계 처리 시스템 초기화 완료
[2025-06-15T08:21:53.933Z] DEBUG: 브라우저 감지 시스템 초기화 시작
[2025-06-15T08:21:53.961Z] DEBUG: active-win 모듈 로드 실패, 폴백 모드 사용: {
  "code": "ERR_DLOPEN_FAILED"
}
[2025-06-15T08:21:53.961Z] DEBUG: 브라우저 감지 시스템 초기화 완료
[2025-06-15T08:21:54.051Z] DEBUG: 워커 초기화 완료: 2025-06-15T08:21:53.852Z
[2025-06-15T08:21:54.051Z] DEBUG: 대기 중인 작업 0개 처리 시작
[2025-06-15T08:21:55.799Z] DEBUG: 설정에 따라 자동 모니터링 시작
[2025-06-15T08:21:55.799Z] DEBUG: 타이핑 추적 시작됨
[2025-06-15T08:22:00.828Z] DEBUG: 설정 변경 적용: enableAnimations = false
[2025-06-15T08:22:00.828Z] DEBUG: 설정 변경 적용: windowSettings = [object Object]
[2025-06-15T08:22:00.828Z] DEBUG: 설정 변경 적용: keyboard = [object Object]
[2025-06-15T08:22:00.827Z] DEBUG: 설정 변경 적용: enabledCategories = [object Object]
[2025-06-15T08:22:08.069Z] DEBUG: GPU 설정 변경 알림 전송
[2025-06-15T08:22:10.800Z] DEBUG: [UpdateManager] Auto-update disabled in development mode
[2025-06-15T08:22:10.865Z] DEBUG: 설정 로드 중...
[2025-06-15T08:22:10.866Z] DEBUG: 레거시 설정 발견, 마이그레이션 중...
[2025-06-15T08:22:10.866Z] DEBUG: 설정 로드 완료: {
  "enabledCategories": {
    "docs": true,
    "office": true,
    "coding": true,
    "sns": true,
    "browser": true,
    "game": true,
    "media": true,
    "other": true
  },
  "autoStartMonitoring": true,
  "resumeAfterIdle": true,
  "idleTimeout": 300,
  "theme": "dark",
  "windowMode": "fullscreenAutoHide",
  "darkMode": false,
  "minimizeToTray": true,
  "showTrayNotifications": true,
  "enableMiniView": true,
  "enableAnimations": false,
  "fontSize": 14,
  "fontFamily": "system-ui",
  "useHardwareAcceleration": false,
  "enableGPUAcceleration": false,
  "gpuAccelerationLevel": 1,
  "processingMode": "auto",
  "reduceMemoryInBackground": true,
  "enableMemoryOptimization": true,
  "enableBackgroundCleanup": true,
  "garbageCollectionInterval": 60000,
  "maxMemoryThreshold": 100,
  "memoryCleanupInterval": 300000,
  "memoryThreshold": 80,
  "autoCleanupLogs": true,
  "maxHistoryItems": 500,
  "logRetentionDays": 30,
  "enableDataCollection": true,
  "enableAnalytics": false,
  "dataRetentionDays": 28,
  "enableAutoSave": true,
  "autoSaveInterval": 10000,
  "enableWPMDisplay": true,
  "enableAccuracyDisplay": true,
  "enableRealTimeStats": true,
  "enableTypingSound": false,
  "enableKeyboardShortcuts": true,
  "statsFilePath": "",
  "enableTypingAnalysis": true,
  "enableRealTimeAnalysis": false,
  "statsCollectionInterval": 5000,
  "enableKeyboardDetection": true,
  "enablePatternLearning": false,
  "keyboard": {
    "autoStart": true,
    "enableHangulSupport": true,
    "enableJamoTracking": false,
    "hangulMode": "auto",
    "jamoSeparation": false,
    "trackingInterval": 100
  },
  "windowSettings": {
    "miniSize": {
      "width": 300,
      "height": 200
    },
    "opacity": 0.9,
    "alwaysOnTop": false,
    "autoHide": false,
    "position": {
      "x": 0,
      "y": 0
    }
  },
  "windowOpacity": 1,
  "alwaysOnTop": false,
  "enableSystemMonitoring": false,
  "enablePerformanceLogging": false,
  "monitoringInterval": 5000,
  "enableCPUMonitoring": false,
  "enableMemoryMonitoring": false,
  "enableDiskMonitoring": false,
  "enableNotifications": true,
  "enableTrayNotifications": true,
  "enableDebugMode": false,
  "enableConsoleLogging": false,
  "enableErrorReporting": true,
  "logLevel": "info",
  "enableGPUFallback": true,
  "__internal__": {
    "migrations": {
      "version": "36.4.0"
    }
  }
}
[2025-06-15T08:22:10.866Z] DEBUG: 설정 관리자 IPC 핸들러 등록 완료
[2025-06-15T08:22:10.876Z] DEBUG: 키보드 관련 IPC 핸들러 등록 중...
[2025-06-15T08:22:10.876Z] DEBUG: 키보드 관련 IPC 핸들러 등록 완료
[2025-06-15T08:22:10.876Z] DEBUG: 추적 관련 IPC 핸들러 등록 중...
[2025-06-15T08:22:10.876Z] DEBUG: 추적 관련 IPC 핸들러 등록 완료
[2025-06-15T08:22:10.922Z] DEBUG: 키보드 리스너 설정 성공
[2025-06-15T08:22:10.922Z] DEBUG: 키보드 핸들러 초기화 완료
[2025-06-15T08:22:10.922Z] DEBUG: 데이터 동기화 모듈 초기화 중...
[2025-06-15T08:22:10.922Z] DEBUG: 데이터베이스 클라이언트가 없어 폴백 모드로 실행
[2025-06-15T08:22:10.924Z] DEBUG: 통계 처리 시스템 초기화 시작
[2025-06-15T08:22:10.925Z] DEBUG: 통계 워커 초기화 시작됨
[2025-06-15T08:22:10.990Z] DEBUG: 통계 처리 시스템 초기화 완료
[2025-06-15T08:22:10.990Z] DEBUG: 브라우저 감지 시스템 초기화 시작
[2025-06-15T08:22:11.012Z] DEBUG: active-win 모듈 로드 실패, 폴백 모드 사용: {
  "code": "ERR_DLOPEN_FAILED"
}
[2025-06-15T08:22:11.012Z] DEBUG: 브라우저 감지 시스템 초기화 완료
[2025-06-15T08:22:11.077Z] DEBUG: 워커 초기화 완료: 2025-06-15T08:22:10.957Z
[2025-06-15T08:22:11.077Z] DEBUG: 대기 중인 작업 0개 처리 시작
[2025-06-15T08:22:12.924Z] DEBUG: 설정에 따라 자동 모니터링 시작
[2025-06-15T08:22:12.924Z] DEBUG: 타이핑 추적 시작됨
[2025-06-15T08:22:15.794Z] DEBUG: 설정 변경 적용: enabledCategories = [object Object]
[2025-06-15T08:22:15.794Z] DEBUG: 설정 변경 적용: enableAnimations = true
[2025-06-15T08:22:15.794Z] DEBUG: 설정 변경 적용: keyboard = [object Object]
[2025-06-15T08:22:15.794Z] DEBUG: 설정 변경 적용: windowSettings = [object Object]
[2025-06-15T08:22:25.402Z] DEBUG: GPU 설정 변경 알림 전송
[2025-06-15T08:22:28.241Z] DEBUG: [UpdateManager] Auto-update disabled in development mode
[2025-06-15T08:22:28.314Z] DEBUG: 설정 로드 중...
[2025-06-15T08:22:28.316Z] DEBUG: 레거시 설정 발견, 마이그레이션 중...
[2025-06-15T08:22:28.316Z] DEBUG: 설정 로드 완료: {
  "enabledCategories": {
    "docs": true,
    "office": true,
    "coding": true,
    "sns": true,
    "browser": true,
    "game": true,
    "media": true,
    "other": true
  },
  "autoStartMonitoring": true,
  "resumeAfterIdle": true,
  "idleTimeout": 300,
  "theme": "dark",
  "windowMode": "fullscreenAutoHide",
  "darkMode": false,
  "minimizeToTray": true,
  "showTrayNotifications": true,
  "enableMiniView": true,
  "enableAnimations": true,
  "fontSize": 14,
  "fontFamily": "system-ui",
  "useHardwareAcceleration": false,
  "enableGPUAcceleration": true,
  "gpuAccelerationLevel": 1,
  "processingMode": "auto",
  "reduceMemoryInBackground": true,
  "enableMemoryOptimization": true,
  "enableBackgroundCleanup": true,
  "garbageCollectionInterval": 60000,
  "maxMemoryThreshold": 100,
  "memoryCleanupInterval": 300000,
  "memoryThreshold": 80,
  "autoCleanupLogs": true,
  "maxHistoryItems": 500,
  "logRetentionDays": 30,
  "enableDataCollection": true,
  "enableAnalytics": false,
  "dataRetentionDays": 28,
  "enableAutoSave": true,
  "autoSaveInterval": 10000,
  "enableWPMDisplay": true,
  "enableAccuracyDisplay": true,
  "enableRealTimeStats": true,
  "enableTypingSound": false,
  "enableKeyboardShortcuts": true,
  "statsFilePath": "",
  "enableTypingAnalysis": true,
  "enableRealTimeAnalysis": false,
  "statsCollectionInterval": 5000,
  "enableKeyboardDetection": true,
  "enablePatternLearning": false,
  "keyboard": {
    "autoStart": true,
    "enableHangulSupport": true,
    "enableJamoTracking": false,
    "hangulMode": "auto",
    "jamoSeparation": false,
    "trackingInterval": 100
  },
  "windowSettings": {
    "miniSize": {
      "width": 300,
      "height": 200
    },
    "opacity": 0.9,
    "alwaysOnTop": false,
    "autoHide": false,
    "position": {
      "x": 0,
      "y": 0
    }
  },
  "windowOpacity": 1,
  "alwaysOnTop": false,
  "enableSystemMonitoring": false,
  "enablePerformanceLogging": false,
  "monitoringInterval": 5000,
  "enableCPUMonitoring": false,
  "enableMemoryMonitoring": false,
  "enableDiskMonitoring": false,
  "enableNotifications": true,
  "enableTrayNotifications": true,
  "enableDebugMode": false,
  "enableConsoleLogging": false,
  "enableErrorReporting": true,
  "logLevel": "info",
  "enableGPUFallback": true,
  "__internal__": {
    "migrations": {
      "version": "36.4.0"
    }
  }
}
[2025-06-15T08:22:28.326Z] DEBUG: 키보드 관련 IPC 핸들러 등록 완료
[2025-06-15T08:22:28.326Z] DEBUG: 추적 관련 IPC 핸들러 등록 중...
[2025-06-15T08:22:28.326Z] DEBUG: 키보드 관련 IPC 핸들러 등록 중...
[2025-06-15T08:22:28.326Z] DEBUG: 추적 관련 IPC 핸들러 등록 완료
[2025-06-15T08:22:28.366Z] DEBUG: 키보드 핸들러 초기화 완료
[2025-06-15T08:22:28.366Z] DEBUG: 데이터 동기화 모듈 초기화 중...
[2025-06-15T08:22:28.366Z] DEBUG: 데이터베이스 클라이언트가 없어 폴백 모드로 실행
[2025-06-15T08:22:28.368Z] DEBUG: 통계 처리 시스템 초기화 시작
[2025-06-15T08:22:28.366Z] DEBUG: 키보드 리스너 설정 성공
[2025-06-15T08:22:28.369Z] DEBUG: 통계 워커 초기화 시작됨
[2025-06-15T08:22:28.316Z] DEBUG: 설정 관리자 IPC 핸들러 등록 완료
[2025-06-15T08:22:28.438Z] DEBUG: 통계 처리 시스템 초기화 완료
[2025-06-15T08:22:28.438Z] DEBUG: 브라우저 감지 시스템 초기화 시작
[2025-06-15T08:22:28.464Z] DEBUG: active-win 모듈 로드 실패, 폴백 모드 사용: {
  "code": "ERR_DLOPEN_FAILED"
}
[2025-06-15T08:22:28.464Z] DEBUG: 브라우저 감지 시스템 초기화 완료
[2025-06-15T08:22:28.525Z] DEBUG: 대기 중인 작업 0개 처리 시작
[2025-06-15T08:22:28.525Z] DEBUG: 워커 초기화 완료: 2025-06-15T08:22:28.405Z
[2025-06-15T08:22:30.367Z] DEBUG: 설정에 따라 자동 모니터링 시작
[2025-06-15T08:22:30.367Z] DEBUG: 타이핑 추적 시작됨
[2025-06-15T08:22:39.436Z] DEBUG: [UpdateManager] Auto-update disabled in development mode
[2025-06-15T08:22:39.490Z] DEBUG: 설정 로드 중...
[2025-06-15T08:22:39.491Z] DEBUG: 레거시 설정 발견, 마이그레이션 중...
[2025-06-15T08:22:39.492Z] DEBUG: 설정 로드 완료: {
  "enabledCategories": {
    "docs": true,
    "office": true,
    "coding": true,
    "sns": true,
    "browser": true,
    "game": true,
    "media": true,
    "other": true
  },
  "autoStartMonitoring": true,
  "resumeAfterIdle": true,
  "idleTimeout": 300,
  "theme": "dark",
  "windowMode": "fullscreenAutoHide",
  "darkMode": false,
  "minimizeToTray": true,
  "showTrayNotifications": true,
  "enableMiniView": true,
  "enableAnimations": true,
  "fontSize": 14,
  "fontFamily": "system-ui",
  "useHardwareAcceleration": false,
  "enableGPUAcceleration": true,
  "gpuAccelerationLevel": 1,
  "processingMode": "auto",
  "reduceMemoryInBackground": true,
  "enableMemoryOptimization": true,
  "enableBackgroundCleanup": true,
  "garbageCollectionInterval": 60000,
  "maxMemoryThreshold": 100,
  "memoryCleanupInterval": 300000,
  "memoryThreshold": 80,
  "autoCleanupLogs": true,
  "maxHistoryItems": 500,
  "logRetentionDays": 30,
  "enableDataCollection": true,
  "enableAnalytics": false,
  "dataRetentionDays": 28,
  "enableAutoSave": true,
  "autoSaveInterval": 10000,
  "enableWPMDisplay": true,
  "enableAccuracyDisplay": true,
  "enableRealTimeStats": true,
  "enableTypingSound": false,
  "enableKeyboardShortcuts": true,
  "statsFilePath": "",
  "enableTypingAnalysis": true,
  "enableRealTimeAnalysis": false,
  "statsCollectionInterval": 5000,
  "enableKeyboardDetection": true,
  "enablePatternLearning": false,
  "keyboard": {
    "autoStart": true,
    "enableHangulSupport": true,
    "enableJamoTracking": false,
    "hangulMode": "auto",
    "jamoSeparation": false,
    "trackingInterval": 100
  },
  "windowSettings": {
    "miniSize": {
      "width": 300,
      "height": 200
    },
    "opacity": 0.9,
    "alwaysOnTop": false,
    "autoHide": false,
    "position": {
      "x": 0,
      "y": 0
    }
  },
  "windowOpacity": 1,
  "alwaysOnTop": false,
  "enableSystemMonitoring": false,
  "enablePerformanceLogging": false,
  "monitoringInterval": 5000,
  "enableCPUMonitoring": false,
  "enableMemoryMonitoring": false,
  "enableDiskMonitoring": false,
  "enableNotifications": true,
  "enableTrayNotifications": true,
  "enableDebugMode": false,
  "enableConsoleLogging": false,
  "enableErrorReporting": true,
  "logLevel": "info",
  "enableGPUFallback": true,
  "__internal__": {
    "migrations": {
      "version": "36.4.0"
    }
  }
}
[2025-06-15T08:22:39.502Z] DEBUG: 키보드 관련 IPC 핸들러 등록 완료
[2025-06-15T08:22:39.502Z] DEBUG: 키보드 관련 IPC 핸들러 등록 중...
[2025-06-15T08:22:39.492Z] DEBUG: 설정 관리자 IPC 핸들러 등록 완료
[2025-06-15T08:22:39.502Z] DEBUG: 추적 관련 IPC 핸들러 등록 중...
[2025-06-15T08:22:39.502Z] DEBUG: 추적 관련 IPC 핸들러 등록 완료
[2025-06-15T08:22:39.537Z] DEBUG: 키보드 리스너 설정 성공
[2025-06-15T08:22:39.537Z] DEBUG: 키보드 핸들러 초기화 완료
[2025-06-15T08:22:39.538Z] DEBUG: 데이터 동기화 모듈 초기화 중...
[2025-06-15T08:22:39.538Z] DEBUG: 데이터베이스 클라이언트가 없어 폴백 모드로 실행
[2025-06-15T08:22:39.540Z] DEBUG: 통계 처리 시스템 초기화 시작
[2025-06-15T08:22:39.541Z] DEBUG: 통계 워커 초기화 시작됨
[2025-06-15T08:22:39.606Z] DEBUG: 통계 처리 시스템 초기화 완료
[2025-06-15T08:22:39.606Z] DEBUG: 브라우저 감지 시스템 초기화 시작
[2025-06-15T08:22:39.626Z] DEBUG: active-win 모듈 로드 실패, 폴백 모드 사용: {
  "code": "ERR_DLOPEN_FAILED"
}
[2025-06-15T08:22:39.627Z] DEBUG: 브라우저 감지 시스템 초기화 완료
[2025-06-15T08:22:39.696Z] DEBUG: 워커 초기화 완료: 2025-06-15T08:22:39.577Z
[2025-06-15T08:22:39.696Z] DEBUG: 대기 중인 작업 0개 처리 시작
[2025-06-15T08:22:41.540Z] DEBUG: 설정에 따라 자동 모니터링 시작
[2025-06-15T08:22:41.540Z] DEBUG: 타이핑 추적 시작됨
[2025-06-15T14:16:11.798Z] DEBUG: [UpdateManager] Auto-update disabled in development mode
[2025-06-15T14:16:11.962Z] DEBUG: 설정 로드 중...
[2025-06-15T14:16:11.964Z] DEBUG: 레거시 설정 발견, 마이그레이션 중...
[2025-06-15T14:16:11.964Z] DEBUG: 설정 로드 완료: {
  "enabledCategories": {
    "docs": true,
    "office": true,
    "coding": true,
    "sns": true,
    "browser": true,
    "game": true,
    "media": true,
    "other": true
  },
  "autoStartMonitoring": true,
  "resumeAfterIdle": true,
  "idleTimeout": 300,
  "theme": "dark",
  "windowMode": "fullscreenAutoHide",
  "darkMode": false,
  "minimizeToTray": true,
  "showTrayNotifications": true,
  "enableMiniView": true,
  "enableAnimations": true,
  "fontSize": 14,
  "fontFamily": "system-ui",
  "useHardwareAcceleration": false,
  "enableGPUAcceleration": true,
  "gpuAccelerationLevel": 1,
  "processingMode": "auto",
  "reduceMemoryInBackground": true,
  "enableMemoryOptimization": true,
  "enableBackgroundCleanup": true,
  "garbageCollectionInterval": 60000,
  "maxMemoryThreshold": 100,
  "memoryCleanupInterval": 300000,
  "memoryThreshold": 80,
  "autoCleanupLogs": true,
  "maxHistoryItems": 500,
  "logRetentionDays": 30,
  "enableDataCollection": true,
  "enableAnalytics": false,
  "dataRetentionDays": 28,
  "enableAutoSave": true,
  "autoSaveInterval": 10000,
  "enableWPMDisplay": true,
  "enableAccuracyDisplay": true,
  "enableRealTimeStats": true,
  "enableTypingSound": false,
  "enableKeyboardShortcuts": true,
  "statsFilePath": "",
  "enableTypingAnalysis": true,
  "enableRealTimeAnalysis": false,
  "statsCollectionInterval": 5000,
  "enableKeyboardDetection": true,
  "enablePatternLearning": false,
  "keyboard": {
    "autoStart": true,
    "enableHangulSupport": true,
    "enableJamoTracking": false,
    "hangulMode": "auto",
    "jamoSeparation": false,
    "trackingInterval": 100
  },
  "windowSettings": {
    "miniSize": {
      "width": 300,
      "height": 200
    },
    "opacity": 0.9,
    "alwaysOnTop": false,
    "autoHide": false,
    "position": {
      "x": 0,
      "y": 0
    }
  },
  "windowOpacity": 1,
  "alwaysOnTop": false,
  "enableSystemMonitoring": false,
  "enablePerformanceLogging": false,
  "monitoringInterval": 5000,
  "enableCPUMonitoring": false,
  "enableMemoryMonitoring": false,
  "enableDiskMonitoring": false,
  "enableNotifications": true,
  "enableTrayNotifications": true,
  "enableDebugMode": false,
  "enableConsoleLogging": false,
  "enableErrorReporting": true,
  "logLevel": "info",
  "enableGPUFallback": true,
  "__internal__": {
    "migrations": {
      "version": "36.4.0"
    }
  }
}
[2025-06-15T14:16:11.964Z] DEBUG: 설정 관리자 IPC 핸들러 등록 완료
[2025-06-15T14:16:12.017Z] DEBUG: 키보드 관련 IPC 핸들러 등록 중...
[2025-06-15T14:16:12.017Z] DEBUG: 키보드 관련 IPC 핸들러 등록 완료
[2025-06-15T14:16:12.017Z] DEBUG: 추적 관련 IPC 핸들러 등록 중...
[2025-06-15T14:16:12.017Z] DEBUG: 추적 관련 IPC 핸들러 등록 완료
[2025-06-15T14:16:12.068Z] DEBUG: 키보드 리스너 설정 성공
[2025-06-15T14:16:12.069Z] DEBUG: 키보드 핸들러 초기화 완료
[2025-06-15T14:16:12.069Z] DEBUG: 데이터 동기화 모듈 초기화 중...
[2025-06-15T14:16:12.069Z] DEBUG: 데이터베이스 클라이언트가 없어 폴백 모드로 실행
[2025-06-15T14:16:12.073Z] DEBUG: 통계 처리 시스템 초기화 시작
[2025-06-15T14:16:12.075Z] DEBUG: 통계 워커 초기화 시작됨
[2025-06-15T14:16:12.192Z] DEBUG: 통계 처리 시스템 초기화 완료
[2025-06-15T14:16:12.192Z] DEBUG: 브라우저 감지 시스템 초기화 시작
[2025-06-15T14:16:12.219Z] DEBUG: active-win 모듈 로드 실패, 폴백 모드 사용: {
  "code": "ERR_DLOPEN_FAILED"
}
[2025-06-15T14:16:12.219Z] DEBUG: 브라우저 감지 시스템 초기화 완료
[2025-06-15T14:16:12.344Z] DEBUG: 대기 중인 작업 0개 처리 시작
[2025-06-15T14:16:12.344Z] DEBUG: 워커 초기화 완료: 2025-06-15T14:16:12.114Z
[2025-06-15T14:16:14.071Z] DEBUG: 설정에 따라 자동 모니터링 시작
[2025-06-15T14:16:14.071Z] DEBUG: 타이핑 추적 시작됨
