[2025-06-12T03:28:31.658Z] DEBUG: [UpdateManager] Auto-update disabled in development mode
[2025-06-12T03:28:31.792Z] DEBUG: 설정 로드 중...
[2025-06-12T03:28:31.794Z] DEBUG: 레거시 설정 발견, 마이그레이션 중...
[2025-06-12T03:28:31.794Z] DEBUG: 설정 로드 완료: {
  "enabledCategories": {
    "docs": true,
    "office": true,
    "coding": true,
    "sns": true,
    "browser": true,
    "game": false,
    "media": true,
    "other": true
  },
  "autoStartMonitoring": true,
  "resumeAfterIdle": true,
  "idleTimeout": 300,
  "theme": "system",
  "windowMode": "windowed",
  "darkMode": false,
  "minimizeToTray": true,
  "showTrayNotifications": true,
  "enableMiniView": true,
  "enableAnimations": true,
  "fontSize": 14,
  "fontFamily": "system-ui",
  "useHardwareAcceleration": false,
  "enableGPUAcceleration": true,
  "gpuAccelerationLevel": 1,
  "processingMode": "auto",
  "reduceMemoryInBackground": true,
  "enableMemoryOptimization": true,
  "enableBackgroundCleanup": true,
  "garbageCollectionInterval": 60000,
  "maxMemoryThreshold": 100,
  "memoryCleanupInterval": 300000,
  "memoryThreshold": 80,
  "autoCleanupLogs": true,
  "maxHistoryItems": 500,
  "logRetentionDays": 30,
  "enableDataCollection": true,
  "enableAnalytics": false,
  "dataRetentionDays": 30,
  "enableAutoSave": true,
  "autoSaveInterval": 10000,
  "enableWPMDisplay": true,
  "enableAccuracyDisplay": true,
  "enableRealTimeStats": true,
  "enableTypingSound": false,
  "enableKeyboardShortcuts": true,
  "statsFilePath": "typing-stats.json",
  "keyboard": {
    "autoStart": true,
    "enableHangulSupport": true,
    "enableJamoTracking": true,
    "hangulMode": "auto",
    "jamoSeparation": true,
    "trackingInterval": 50
  },
  "windowSettings": {
    "miniSize": {
      "width": 400,
      "height": 300
    },
    "opacity": 1,
    "alwaysOnTop": false,
    "autoHide": false,
    "position": {
      "x": 100,
      "y": 100
    }
  },
  "windowOpacity": 1,
  "alwaysOnTop": false,
  "enableSystemMonitoring": true,
  "enablePerformanceLogging": false,
  "monitoringInterval": 1000,
  "enableCPUMonitoring": true,
  "enableMemoryMonitoring": true,
  "enableDiskMonitoring": false,
  "enableNotifications": true,
  "enableTrayNotifications": true,
  "enableDebugMode": true,
  "enableConsoleLogging": true,
  "enableErrorReporting": true,
  "logLevel": "debug",
  "__internal__": {
    "migrations": {
      "version": "36.4.0"
    }
  }
}
[2025-06-12T03:28:31.794Z] DEBUG: 설정 관리자 IPC 핸들러 등록 완료
[2025-06-12T03:28:31.831Z] DEBUG: 키보드 관련 IPC 핸들러 등록 중...
[2025-06-12T03:28:31.831Z] DEBUG: 추적 관련 IPC 핸들러 등록 중...
[2025-06-12T03:28:31.831Z] DEBUG: 추적 관련 IPC 핸들러 등록 완료
[2025-06-12T03:28:31.874Z] DEBUG: 데이터 동기화 모듈 초기화 중...
[2025-06-12T03:28:31.874Z] DEBUG: 키보드 리스너 설정 성공
[2025-06-12T03:28:31.831Z] DEBUG: 키보드 관련 IPC 핸들러 등록 완료
[2025-06-12T03:28:31.874Z] DEBUG: 키보드 핸들러 초기화 완료
[2025-06-12T03:28:31.874Z] DEBUG: 데이터베이스 클라이언트가 없어 폴백 모드로 실행
[2025-06-12T03:28:31.874Z] DEBUG: 통계 처리 시스템 초기화 시작
[2025-06-12T03:28:31.880Z] DEBUG: 통계 처리 시스템 초기화 완료
[2025-06-12T03:28:31.875Z] DEBUG: 통계 워커 초기화 시작됨
[2025-06-12T03:28:31.958Z] DEBUG: 브라우저 감지 시스템 초기화 시작
[2025-06-12T03:28:31.984Z] DEBUG: 브라우저 감지 시스템 초기화 완료
[2025-06-12T03:28:31.984Z] DEBUG: active-win 모듈 로드 실패, 폴백 모드 사용: {
  "code": "ERR_DLOPEN_FAILED"
}
[2025-06-12T03:28:32.072Z] DEBUG: 워커 초기화 완료: 2025-06-12T03:28:31.917Z
[2025-06-12T03:28:32.072Z] DEBUG: 대기 중인 작업 0개 처리 시작
[2025-06-12T03:28:33.876Z] DEBUG: 설정에 따라 자동 모니터링 시작
[2025-06-12T03:28:33.876Z] DEBUG: 타이핑 추적 시작됨
[2025-06-12T04:23:44.567Z] DEBUG: [UpdateManager] Auto-update disabled in development mode
[2025-06-12T04:23:44.692Z] DEBUG: 설정 로드 중...
[2025-06-12T04:23:44.693Z] DEBUG: 레거시 설정 발견, 마이그레이션 중...
[2025-06-12T04:23:44.718Z] DEBUG: 키보드 관련 IPC 핸들러 등록 중...
[2025-06-12T04:23:44.718Z] DEBUG: 키보드 관련 IPC 핸들러 등록 완료
[2025-06-12T04:23:44.693Z] DEBUG: 설정 관리자 IPC 핸들러 등록 완료
[2025-06-12T04:23:44.718Z] DEBUG: 추적 관련 IPC 핸들러 등록 중...
[2025-06-12T04:23:44.693Z] DEBUG: 설정 로드 완료: {
  "enabledCategories": {
    "docs": true,
    "office": true,
    "coding": true,
    "sns": true,
    "browser": true,
    "game": false,
    "media": true,
    "other": true
  },
  "autoStartMonitoring": true,
  "resumeAfterIdle": true,
  "idleTimeout": 300,
  "theme": "system",
  "windowMode": "windowed",
  "darkMode": false,
  "minimizeToTray": true,
  "showTrayNotifications": true,
  "enableMiniView": true,
  "enableAnimations": true,
  "fontSize": 14,
  "fontFamily": "system-ui",
  "useHardwareAcceleration": false,
  "enableGPUAcceleration": true,
  "gpuAccelerationLevel": 1,
  "processingMode": "auto",
  "reduceMemoryInBackground": true,
  "enableMemoryOptimization": true,
  "enableBackgroundCleanup": true,
  "garbageCollectionInterval": 60000,
  "maxMemoryThreshold": 100,
  "memoryCleanupInterval": 300000,
  "memoryThreshold": 80,
  "autoCleanupLogs": true,
  "maxHistoryItems": 500,
  "logRetentionDays": 30,
  "enableDataCollection": true,
  "enableAnalytics": false,
  "dataRetentionDays": 30,
  "enableAutoSave": true,
  "autoSaveInterval": 10000,
  "enableWPMDisplay": true,
  "enableAccuracyDisplay": true,
  "enableRealTimeStats": true,
  "enableTypingSound": false,
  "enableKeyboardShortcuts": true,
  "statsFilePath": "typing-stats.json",
  "keyboard": {
    "autoStart": true,
    "enableHangulSupport": true,
    "enableJamoTracking": true,
    "hangulMode": "auto",
    "jamoSeparation": true,
    "trackingInterval": 50
  },
  "windowSettings": {
    "miniSize": {
      "width": 400,
      "height": 300
    },
    "opacity": 1,
    "alwaysOnTop": false,
    "autoHide": false,
    "position": {
      "x": 100,
      "y": 100
    }
  },
  "windowOpacity": 1,
  "alwaysOnTop": false,
  "enableSystemMonitoring": true,
  "enablePerformanceLogging": false,
  "monitoringInterval": 1000,
  "enableCPUMonitoring": true,
  "enableMemoryMonitoring": true,
  "enableDiskMonitoring": false,
  "enableNotifications": true,
  "enableTrayNotifications": true,
  "enableDebugMode": true,
  "enableConsoleLogging": true,
  "enableErrorReporting": true,
  "logLevel": "debug",
  "__internal__": {
    "migrations": {
      "version": "36.4.0"
    }
  }
}
[2025-06-12T04:23:44.718Z] DEBUG: 추적 관련 IPC 핸들러 등록 완료
[2025-06-12T04:23:44.765Z] DEBUG: 키보드 리스너 설정 성공
[2025-06-12T04:23:44.765Z] DEBUG: 키보드 핸들러 초기화 완료
[2025-06-12T04:23:44.765Z] DEBUG: 데이터베이스 클라이언트가 없어 폴백 모드로 실행
[2025-06-12T04:23:44.765Z] DEBUG: 데이터 동기화 모듈 초기화 중...
[2025-06-12T04:23:44.765Z] DEBUG: 통계 처리 시스템 초기화 시작
[2025-06-12T04:23:44.766Z] DEBUG: 통계 워커 초기화 시작됨
[2025-06-12T04:23:44.771Z] DEBUG: 통계 처리 시스템 초기화 완료
[2025-06-12T04:23:44.843Z] DEBUG: 브라우저 감지 시스템 초기화 시작
[2025-06-12T04:23:44.868Z] DEBUG: active-win 모듈 로드 실패, 폴백 모드 사용: {
  "code": "ERR_DLOPEN_FAILED"
}
[2025-06-12T04:23:44.868Z] DEBUG: 브라우저 감지 시스템 초기화 완료
[2025-06-12T04:23:44.932Z] DEBUG: 워커 초기화 완료: 2025-06-12T04:23:44.804Z
[2025-06-12T04:23:44.932Z] DEBUG: 대기 중인 작업 0개 처리 시작
[2025-06-12T04:23:46.767Z] DEBUG: 설정에 따라 자동 모니터링 시작
[2025-06-12T04:23:46.767Z] DEBUG: 타이핑 추적 시작됨
[2025-06-12T04:53:45.083Z] DEBUG: [UpdateManager] Auto-update disabled in development mode
[2025-06-12T04:53:45.239Z] DEBUG: 설정 로드 중...
[2025-06-12T04:53:45.241Z] DEBUG: 레거시 설정 발견, 마이그레이션 중...
[2025-06-12T04:53:45.283Z] DEBUG: 키보드 관련 IPC 핸들러 등록 중...
[2025-06-12T04:53:45.283Z] DEBUG: 키보드 관련 IPC 핸들러 등록 완료
[2025-06-12T04:53:45.241Z] DEBUG: 설정 관리자 IPC 핸들러 등록 완료
[2025-06-12T04:53:45.241Z] DEBUG: 설정 로드 완료: {
  "enabledCategories": {
    "docs": true,
    "office": true,
    "coding": true,
    "sns": true,
    "browser": true,
    "game": false,
    "media": true,
    "other": true
  },
  "autoStartMonitoring": true,
  "resumeAfterIdle": true,
  "idleTimeout": 300,
  "theme": "system",
  "windowMode": "windowed",
  "darkMode": false,
  "minimizeToTray": true,
  "showTrayNotifications": true,
  "enableMiniView": true,
  "enableAnimations": true,
  "fontSize": 14,
  "fontFamily": "system-ui",
  "useHardwareAcceleration": false,
  "enableGPUAcceleration": true,
  "gpuAccelerationLevel": 1,
  "processingMode": "auto",
  "reduceMemoryInBackground": true,
  "enableMemoryOptimization": true,
  "enableBackgroundCleanup": true,
  "garbageCollectionInterval": 60000,
  "maxMemoryThreshold": 100,
  "memoryCleanupInterval": 300000,
  "memoryThreshold": 80,
  "autoCleanupLogs": true,
  "maxHistoryItems": 500,
  "logRetentionDays": 30,
  "enableDataCollection": true,
  "enableAnalytics": false,
  "dataRetentionDays": 30,
  "enableAutoSave": true,
  "autoSaveInterval": 10000,
  "enableWPMDisplay": true,
  "enableAccuracyDisplay": true,
  "enableRealTimeStats": true,
  "enableTypingSound": false,
  "enableKeyboardShortcuts": true,
  "statsFilePath": "typing-stats.json",
  "keyboard": {
    "autoStart": true,
    "enableHangulSupport": true,
    "enableJamoTracking": true,
    "hangulMode": "auto",
    "jamoSeparation": true,
    "trackingInterval": 50
  },
  "windowSettings": {
    "miniSize": {
      "width": 400,
      "height": 300
    },
    "opacity": 1,
    "alwaysOnTop": false,
    "autoHide": false,
    "position": {
      "x": 100,
      "y": 100
    }
  },
  "windowOpacity": 1,
  "alwaysOnTop": false,
  "enableSystemMonitoring": true,
  "enablePerformanceLogging": false,
  "monitoringInterval": 1000,
  "enableCPUMonitoring": true,
  "enableMemoryMonitoring": true,
  "enableDiskMonitoring": false,
  "enableNotifications": true,
  "enableTrayNotifications": true,
  "enableDebugMode": true,
  "enableConsoleLogging": true,
  "enableErrorReporting": true,
  "logLevel": "debug",
  "__internal__": {
    "migrations": {
      "version": "36.4.0"
    }
  }
}
[2025-06-12T04:53:45.283Z] DEBUG: 추적 관련 IPC 핸들러 등록 중...
[2025-06-12T04:53:45.283Z] DEBUG: 추적 관련 IPC 핸들러 등록 완료
[2025-06-12T04:53:45.326Z] DEBUG: 키보드 리스너 설정 성공
[2025-06-12T04:53:45.326Z] DEBUG: 데이터 동기화 모듈 초기화 중...
[2025-06-12T04:53:45.326Z] DEBUG: 키보드 핸들러 초기화 완료
[2025-06-12T04:53:45.326Z] DEBUG: 데이터베이스 클라이언트가 없어 폴백 모드로 실행
[2025-06-12T04:53:45.327Z] DEBUG: 통계 워커 초기화 시작됨
[2025-06-12T04:53:45.333Z] DEBUG: 통계 처리 시스템 초기화 완료
[2025-06-12T04:53:45.326Z] DEBUG: 통계 처리 시스템 초기화 시작
[2025-06-12T04:53:45.414Z] DEBUG: 브라우저 감지 시스템 초기화 시작
[2025-06-12T04:53:45.440Z] DEBUG: active-win 모듈 로드 실패, 폴백 모드 사용: {
  "code": "ERR_DLOPEN_FAILED"
}
[2025-06-12T04:53:45.441Z] DEBUG: 브라우저 감지 시스템 초기화 완료
[2025-06-12T04:53:45.501Z] DEBUG: 대기 중인 작업 0개 처리 시작
[2025-06-12T04:53:45.501Z] DEBUG: 워커 초기화 완료: 2025-06-12T04:53:45.365Z
[2025-06-12T04:53:47.326Z] DEBUG: 타이핑 추적 시작됨
[2025-06-12T04:53:47.326Z] DEBUG: 설정에 따라 자동 모니터링 시작
[2025-06-12T05:14:19.650Z] DEBUG: [UpdateManager] Auto-update disabled in development mode
[2025-06-12T05:14:19.811Z] DEBUG: 설정 로드 중...
[2025-06-12T05:14:19.813Z] DEBUG: 레거시 설정 발견, 마이그레이션 중...
[2025-06-12T05:14:19.813Z] DEBUG: 설정 로드 완료: {
  "enabledCategories": {
    "docs": true,
    "office": true,
    "coding": true,
    "sns": true,
    "browser": true,
    "game": false,
    "media": true,
    "other": true
  },
  "autoStartMonitoring": true,
  "resumeAfterIdle": true,
  "idleTimeout": 300,
  "theme": "system",
  "windowMode": "windowed",
  "darkMode": false,
  "minimizeToTray": true,
  "showTrayNotifications": true,
  "enableMiniView": true,
  "enableAnimations": true,
  "fontSize": 14,
  "fontFamily": "system-ui",
  "useHardwareAcceleration": false,
  "enableGPUAcceleration": true,
  "gpuAccelerationLevel": 1,
  "processingMode": "auto",
  "reduceMemoryInBackground": true,
  "enableMemoryOptimization": true,
  "enableBackgroundCleanup": true,
  "garbageCollectionInterval": 60000,
  "maxMemoryThreshold": 100,
  "memoryCleanupInterval": 300000,
  "memoryThreshold": 80,
  "autoCleanupLogs": true,
  "maxHistoryItems": 500,
  "logRetentionDays": 30,
  "enableDataCollection": true,
  "enableAnalytics": false,
  "dataRetentionDays": 30,
  "enableAutoSave": true,
  "autoSaveInterval": 10000,
  "enableWPMDisplay": true,
  "enableAccuracyDisplay": true,
  "enableRealTimeStats": true,
  "enableTypingSound": false,
  "enableKeyboardShortcuts": true,
  "statsFilePath": "typing-stats.json",
  "keyboard": {
    "autoStart": true,
    "enableHangulSupport": true,
    "enableJamoTracking": true,
    "hangulMode": "auto",
    "jamoSeparation": true,
    "trackingInterval": 50
  },
  "windowSettings": {
    "miniSize": {
      "width": 400,
      "height": 300
    },
    "opacity": 1,
    "alwaysOnTop": false,
    "autoHide": false,
    "position": {
      "x": 100,
      "y": 100
    }
  },
  "windowOpacity": 1,
  "alwaysOnTop": false,
  "enableSystemMonitoring": true,
  "enablePerformanceLogging": false,
  "monitoringInterval": 1000,
  "enableCPUMonitoring": true,
  "enableMemoryMonitoring": true,
  "enableDiskMonitoring": false,
  "enableNotifications": true,
  "enableTrayNotifications": true,
  "enableDebugMode": true,
  "enableConsoleLogging": true,
  "enableErrorReporting": true,
  "logLevel": "debug",
  "__internal__": {
    "migrations": {
      "version": "36.4.0"
    }
  }
}
[2025-06-12T05:14:19.852Z] DEBUG: 키보드 관련 IPC 핸들러 등록 중...
[2025-06-12T05:14:19.813Z] DEBUG: 설정 관리자 IPC 핸들러 등록 완료
[2025-06-12T05:14:19.852Z] DEBUG: 키보드 관련 IPC 핸들러 등록 완료
[2025-06-12T05:14:19.852Z] DEBUG: 추적 관련 IPC 핸들러 등록 중...
[2025-06-12T05:14:19.852Z] DEBUG: 추적 관련 IPC 핸들러 등록 완료
[2025-06-12T05:14:19.894Z] DEBUG: 키보드 리스너 설정 성공
[2025-06-12T05:14:19.894Z] DEBUG: 키보드 핸들러 초기화 완료
[2025-06-12T05:14:19.894Z] DEBUG: 데이터 동기화 모듈 초기화 중...
[2025-06-12T05:14:19.894Z] DEBUG: 데이터베이스 클라이언트가 없어 폴백 모드로 실행
[2025-06-12T05:14:19.894Z] DEBUG: 통계 처리 시스템 초기화 시작
[2025-06-12T05:14:19.901Z] DEBUG: 통계 처리 시스템 초기화 완료
[2025-06-12T05:14:19.895Z] DEBUG: 통계 워커 초기화 시작됨
[2025-06-12T05:14:19.997Z] DEBUG: 브라우저 감지 시스템 초기화 시작
[2025-06-12T05:14:20.025Z] DEBUG: active-win 모듈 로드 실패, 폴백 모드 사용: {
  "code": "ERR_DLOPEN_FAILED"
}
[2025-06-12T05:14:20.025Z] DEBUG: 브라우저 감지 시스템 초기화 완료
[2025-06-12T05:14:20.107Z] DEBUG: 대기 중인 작업 0개 처리 시작
[2025-06-12T05:14:20.107Z] DEBUG: 워커 초기화 완료: 2025-06-12T05:14:19.938Z
[2025-06-12T05:14:21.895Z] DEBUG: 설정에 따라 자동 모니터링 시작
[2025-06-12T05:14:21.896Z] DEBUG: 타이핑 추적 시작됨
[2025-06-12T06:38:11.472Z] DEBUG: [UpdateManager] Auto-update disabled in development mode
[2025-06-12T06:38:11.611Z] DEBUG: 설정 로드 중...
[2025-06-12T06:38:11.613Z] DEBUG: 레거시 설정 발견, 마이그레이션 중...
[2025-06-12T06:38:11.613Z] DEBUG: 설정 로드 완료: {
  "enabledCategories": {
    "docs": true,
    "office": true,
    "coding": true,
    "sns": true,
    "browser": true,
    "game": false,
    "media": true,
    "other": true
  },
  "autoStartMonitoring": true,
  "resumeAfterIdle": true,
  "idleTimeout": 300,
  "theme": "system",
  "windowMode": "windowed",
  "darkMode": false,
  "minimizeToTray": true,
  "showTrayNotifications": true,
  "enableMiniView": true,
  "enableAnimations": true,
  "fontSize": 14,
  "fontFamily": "system-ui",
  "useHardwareAcceleration": false,
  "enableGPUAcceleration": true,
  "gpuAccelerationLevel": 1,
  "processingMode": "auto",
  "reduceMemoryInBackground": true,
  "enableMemoryOptimization": true,
  "enableBackgroundCleanup": true,
  "garbageCollectionInterval": 60000,
  "maxMemoryThreshold": 100,
  "memoryCleanupInterval": 300000,
  "memoryThreshold": 80,
  "autoCleanupLogs": true,
  "maxHistoryItems": 500,
  "logRetentionDays": 30,
  "enableDataCollection": true,
  "enableAnalytics": false,
  "dataRetentionDays": 30,
  "enableAutoSave": true,
  "autoSaveInterval": 10000,
  "enableWPMDisplay": true,
  "enableAccuracyDisplay": true,
  "enableRealTimeStats": true,
  "enableTypingSound": false,
  "enableKeyboardShortcuts": true,
  "statsFilePath": "typing-stats.json",
  "keyboard": {
    "autoStart": true,
    "enableHangulSupport": true,
    "enableJamoTracking": true,
    "hangulMode": "auto",
    "jamoSeparation": true,
    "trackingInterval": 50
  },
  "windowSettings": {
    "miniSize": {
      "width": 400,
      "height": 300
    },
    "opacity": 1,
    "alwaysOnTop": false,
    "autoHide": false,
    "position": {
      "x": 100,
      "y": 100
    }
  },
  "windowOpacity": 1,
  "alwaysOnTop": false,
  "enableSystemMonitoring": true,
  "enablePerformanceLogging": false,
  "monitoringInterval": 1000,
  "enableCPUMonitoring": true,
  "enableMemoryMonitoring": true,
  "enableDiskMonitoring": false,
  "enableNotifications": true,
  "enableTrayNotifications": true,
  "enableDebugMode": true,
  "enableConsoleLogging": true,
  "enableErrorReporting": true,
  "logLevel": "debug",
  "__internal__": {
    "migrations": {
      "version": "36.4.0"
    }
  }
}
[2025-06-12T06:38:11.613Z] DEBUG: 설정 관리자 IPC 핸들러 등록 완료
[2025-06-12T06:38:11.644Z] DEBUG: 키보드 관련 IPC 핸들러 등록 중...
[2025-06-12T06:38:11.644Z] DEBUG: 키보드 관련 IPC 핸들러 등록 완료
[2025-06-12T06:38:11.644Z] DEBUG: 추적 관련 IPC 핸들러 등록 중...
[2025-06-12T06:38:11.644Z] DEBUG: 추적 관련 IPC 핸들러 등록 완료
[2025-06-12T06:38:11.686Z] DEBUG: 키보드 리스너 설정 성공
[2025-06-12T06:38:11.686Z] DEBUG: 데이터베이스 클라이언트가 없어 폴백 모드로 실행
[2025-06-12T06:38:11.686Z] DEBUG: 키보드 핸들러 초기화 완료
[2025-06-12T06:38:11.686Z] DEBUG: 데이터 동기화 모듈 초기화 중...
[2025-06-12T06:38:11.686Z] DEBUG: 통계 처리 시스템 초기화 시작
[2025-06-12T06:38:11.687Z] DEBUG: 통계 워커 초기화 시작됨
[2025-06-12T06:38:11.692Z] DEBUG: 통계 처리 시스템 초기화 완료
[2025-06-12T06:38:11.772Z] DEBUG: 브라우저 감지 시스템 초기화 시작
[2025-06-12T06:38:11.797Z] DEBUG: active-win 모듈 로드 실패, 폴백 모드 사용: {
  "code": "ERR_DLOPEN_FAILED"
}
[2025-06-12T06:38:11.797Z] DEBUG: 브라우저 감지 시스템 초기화 완료
[2025-06-12T06:38:11.875Z] DEBUG: 워커 초기화 완료: 2025-06-12T06:38:11.724Z
[2025-06-12T06:38:11.875Z] DEBUG: 대기 중인 작업 0개 처리 시작
[2025-06-12T06:38:13.687Z] DEBUG: 설정에 따라 자동 모니터링 시작
[2025-06-12T06:38:13.688Z] DEBUG: 타이핑 추적 시작됨
[2025-06-12T06:43:44.743Z] DEBUG: [UpdateManager] Auto-update disabled in development mode
[2025-06-12T06:43:44.873Z] DEBUG: 설정 로드 중...
[2025-06-12T06:43:44.876Z] DEBUG: 레거시 설정 발견, 마이그레이션 중...
[2025-06-12T06:43:44.876Z] DEBUG: 설정 로드 완료: {
  "enabledCategories": {
    "docs": true,
    "office": true,
    "coding": true,
    "sns": true,
    "browser": true,
    "game": false,
    "media": true,
    "other": true
  },
  "autoStartMonitoring": true,
  "resumeAfterIdle": true,
  "idleTimeout": 300,
  "theme": "system",
  "windowMode": "windowed",
  "darkMode": false,
  "minimizeToTray": true,
  "showTrayNotifications": true,
  "enableMiniView": true,
  "enableAnimations": true,
  "fontSize": 14,
  "fontFamily": "system-ui",
  "useHardwareAcceleration": false,
  "enableGPUAcceleration": true,
  "gpuAccelerationLevel": 1,
  "processingMode": "auto",
  "reduceMemoryInBackground": true,
  "enableMemoryOptimization": true,
  "enableBackgroundCleanup": true,
  "garbageCollectionInterval": 60000,
  "maxMemoryThreshold": 100,
  "memoryCleanupInterval": 300000,
  "memoryThreshold": 80,
  "autoCleanupLogs": true,
  "maxHistoryItems": 500,
  "logRetentionDays": 30,
  "enableDataCollection": true,
  "enableAnalytics": false,
  "dataRetentionDays": 30,
  "enableAutoSave": true,
  "autoSaveInterval": 10000,
  "enableWPMDisplay": true,
  "enableAccuracyDisplay": true,
  "enableRealTimeStats": true,
  "enableTypingSound": false,
  "enableKeyboardShortcuts": true,
  "statsFilePath": "typing-stats.json",
  "keyboard": {
    "autoStart": true,
    "enableHangulSupport": true,
    "enableJamoTracking": true,
    "hangulMode": "auto",
    "jamoSeparation": true,
    "trackingInterval": 50
  },
  "windowSettings": {
    "miniSize": {
      "width": 400,
      "height": 300
    },
    "opacity": 1,
    "alwaysOnTop": false,
    "autoHide": false,
    "position": {
      "x": 100,
      "y": 100
    }
  },
  "windowOpacity": 1,
  "alwaysOnTop": false,
  "enableSystemMonitoring": true,
  "enablePerformanceLogging": false,
  "monitoringInterval": 1000,
  "enableCPUMonitoring": true,
  "enableMemoryMonitoring": true,
  "enableDiskMonitoring": false,
  "enableNotifications": true,
  "enableTrayNotifications": true,
  "enableDebugMode": true,
  "enableConsoleLogging": true,
  "enableErrorReporting": true,
  "logLevel": "debug",
  "__internal__": {
    "migrations": {
      "version": "36.4.0"
    }
  }
}
[2025-06-12T06:43:44.876Z] DEBUG: 설정 관리자 IPC 핸들러 등록 완료
[2025-06-12T06:43:44.902Z] DEBUG: 키보드 관련 IPC 핸들러 등록 완료
[2025-06-12T06:43:44.902Z] DEBUG: 키보드 관련 IPC 핸들러 등록 중...
[2025-06-12T06:43:44.902Z] DEBUG: 추적 관련 IPC 핸들러 등록 완료
[2025-06-12T06:43:44.902Z] DEBUG: 추적 관련 IPC 핸들러 등록 중...
[2025-06-12T06:43:44.947Z] DEBUG: 키보드 핸들러 초기화 완료
[2025-06-12T06:43:44.947Z] DEBUG: 키보드 리스너 설정 성공
[2025-06-12T06:43:44.947Z] DEBUG: 데이터베이스 클라이언트가 없어 폴백 모드로 실행
[2025-06-12T06:43:44.947Z] DEBUG: 통계 처리 시스템 초기화 시작
[2025-06-12T06:43:44.948Z] DEBUG: 통계 워커 초기화 시작됨
[2025-06-12T06:43:44.953Z] DEBUG: 통계 처리 시스템 초기화 완료
[2025-06-12T06:43:44.947Z] DEBUG: 데이터 동기화 모듈 초기화 중...
[2025-06-12T06:43:45.022Z] DEBUG: 브라우저 감지 시스템 초기화 시작
[2025-06-12T06:43:45.052Z] DEBUG: active-win 모듈 로드 실패, 폴백 모드 사용: {
  "code": "ERR_DLOPEN_FAILED"
}
[2025-06-12T06:43:45.052Z] DEBUG: 브라우저 감지 시스템 초기화 완료
[2025-06-12T06:43:45.121Z] DEBUG: 워커 초기화 완료: 2025-06-12T06:43:44.986Z
[2025-06-12T06:43:45.121Z] DEBUG: 대기 중인 작업 0개 처리 시작
[2025-06-12T06:43:46.949Z] DEBUG: 설정에 따라 자동 모니터링 시작
[2025-06-12T06:43:46.949Z] DEBUG: 타이핑 추적 시작됨
[2025-06-12T07:06:56.318Z] DEBUG: [UpdateManager] Auto-update disabled in development mode
[2025-06-12T07:06:56.417Z] DEBUG: 설정 로드 중...
[2025-06-12T07:06:56.419Z] DEBUG: 레거시 설정 발견, 마이그레이션 중...
[2025-06-12T07:06:56.419Z] DEBUG: 설정 로드 완료: {
  "enabledCategories": {
    "docs": true,
    "office": true,
    "coding": true,
    "sns": true,
    "browser": true,
    "game": false,
    "media": true,
    "other": true
  },
  "autoStartMonitoring": true,
  "resumeAfterIdle": true,
  "idleTimeout": 300,
  "theme": "system",
  "windowMode": "windowed",
  "darkMode": false,
  "minimizeToTray": true,
  "showTrayNotifications": true,
  "enableMiniView": true,
  "enableAnimations": true,
  "fontSize": 14,
  "fontFamily": "system-ui",
  "useHardwareAcceleration": false,
  "enableGPUAcceleration": true,
  "gpuAccelerationLevel": 1,
  "processingMode": "auto",
  "reduceMemoryInBackground": true,
  "enableMemoryOptimization": true,
  "enableBackgroundCleanup": true,
  "garbageCollectionInterval": 60000,
  "maxMemoryThreshold": 100,
  "memoryCleanupInterval": 300000,
  "memoryThreshold": 80,
  "autoCleanupLogs": true,
  "maxHistoryItems": 500,
  "logRetentionDays": 30,
  "enableDataCollection": true,
  "enableAnalytics": false,
  "dataRetentionDays": 30,
  "enableAutoSave": true,
  "autoSaveInterval": 10000,
  "enableWPMDisplay": true,
  "enableAccuracyDisplay": true,
  "enableRealTimeStats": true,
  "enableTypingSound": false,
  "enableKeyboardShortcuts": true,
  "statsFilePath": "typing-stats.json",
  "keyboard": {
    "autoStart": true,
    "enableHangulSupport": true,
    "enableJamoTracking": true,
    "hangulMode": "auto",
    "jamoSeparation": true,
    "trackingInterval": 50
  },
  "windowSettings": {
    "miniSize": {
      "width": 400,
      "height": 300
    },
    "opacity": 1,
    "alwaysOnTop": false,
    "autoHide": false,
    "position": {
      "x": 100,
      "y": 100
    }
  },
  "windowOpacity": 1,
  "alwaysOnTop": false,
  "enableSystemMonitoring": true,
  "enablePerformanceLogging": false,
  "monitoringInterval": 1000,
  "enableCPUMonitoring": true,
  "enableMemoryMonitoring": true,
  "enableDiskMonitoring": false,
  "enableNotifications": true,
  "enableTrayNotifications": true,
  "enableDebugMode": true,
  "enableConsoleLogging": true,
  "enableErrorReporting": true,
  "logLevel": "debug",
  "__internal__": {
    "migrations": {
      "version": "36.4.0"
    }
  }
}
[2025-06-12T07:06:56.441Z] DEBUG: 키보드 관련 IPC 핸들러 등록 완료
[2025-06-12T07:06:56.441Z] DEBUG: 키보드 관련 IPC 핸들러 등록 중...
[2025-06-12T07:06:56.441Z] DEBUG: 추적 관련 IPC 핸들러 등록 중...
[2025-06-12T07:06:56.441Z] DEBUG: 추적 관련 IPC 핸들러 등록 완료
[2025-06-12T07:06:56.419Z] DEBUG: 설정 관리자 IPC 핸들러 등록 완료
[2025-06-12T07:06:56.485Z] DEBUG: 키보드 핸들러 초기화 완료
[2025-06-12T07:06:56.485Z] DEBUG: 데이터베이스 클라이언트가 없어 폴백 모드로 실행
[2025-06-12T07:06:56.485Z] DEBUG: 통계 처리 시스템 초기화 시작
[2025-06-12T07:06:56.485Z] DEBUG: 키보드 리스너 설정 성공
[2025-06-12T07:06:56.490Z] DEBUG: 통계 처리 시스템 초기화 완료
[2025-06-12T07:06:56.486Z] DEBUG: 통계 워커 초기화 시작됨
[2025-06-12T07:06:56.485Z] DEBUG: 데이터 동기화 모듈 초기화 중...
[2025-06-12T07:06:56.564Z] DEBUG: 브라우저 감지 시스템 초기화 시작
[2025-06-12T07:06:56.589Z] DEBUG: active-win 모듈 로드 실패, 폴백 모드 사용: {
  "code": "ERR_DLOPEN_FAILED"
}
[2025-06-12T07:06:56.589Z] DEBUG: 브라우저 감지 시스템 초기화 완료
[2025-06-12T07:06:56.646Z] DEBUG: 워커 초기화 완료: 2025-06-12T07:06:56.519Z
[2025-06-12T07:06:56.646Z] DEBUG: 대기 중인 작업 0개 처리 시작
[2025-06-12T07:06:58.486Z] DEBUG: 설정에 따라 자동 모니터링 시작
[2025-06-12T07:06:58.487Z] DEBUG: 타이핑 추적 시작됨
[2025-06-12T23:48:46.259Z] DEBUG: [UpdateManager] Auto-update disabled in development mode
[2025-06-12T23:48:46.419Z] DEBUG: 설정 로드 중...
[2025-06-12T23:48:46.421Z] DEBUG: 레거시 설정 발견, 마이그레이션 중...
[2025-06-12T23:48:46.421Z] DEBUG: 설정 로드 완료: {
  "enabledCategories": {
    "docs": true,
    "office": true,
    "coding": true,
    "sns": true,
    "browser": true,
    "game": false,
    "media": true,
    "other": true
  },
  "autoStartMonitoring": true,
  "resumeAfterIdle": true,
  "idleTimeout": 300,
  "theme": "system",
  "windowMode": "windowed",
  "darkMode": false,
  "minimizeToTray": true,
  "showTrayNotifications": true,
  "enableMiniView": true,
  "enableAnimations": true,
  "fontSize": 14,
  "fontFamily": "system-ui",
  "useHardwareAcceleration": false,
  "enableGPUAcceleration": true,
  "gpuAccelerationLevel": 1,
  "processingMode": "auto",
  "reduceMemoryInBackground": true,
  "enableMemoryOptimization": true,
  "enableBackgroundCleanup": true,
  "garbageCollectionInterval": 60000,
  "maxMemoryThreshold": 100,
  "memoryCleanupInterval": 300000,
  "memoryThreshold": 80,
  "autoCleanupLogs": true,
  "maxHistoryItems": 500,
  "logRetentionDays": 30,
  "enableDataCollection": true,
  "enableAnalytics": false,
  "dataRetentionDays": 30,
  "enableAutoSave": true,
  "autoSaveInterval": 10000,
  "enableWPMDisplay": true,
  "enableAccuracyDisplay": true,
  "enableRealTimeStats": true,
  "enableTypingSound": false,
  "enableKeyboardShortcuts": true,
  "statsFilePath": "typing-stats.json",
  "keyboard": {
    "autoStart": true,
    "enableHangulSupport": true,
    "enableJamoTracking": true,
    "hangulMode": "auto",
    "jamoSeparation": true,
    "trackingInterval": 50
  },
  "windowSettings": {
    "miniSize": {
      "width": 400,
      "height": 300
    },
    "opacity": 1,
    "alwaysOnTop": false,
    "autoHide": false,
    "position": {
      "x": 100,
      "y": 100
    }
  },
  "windowOpacity": 1,
  "alwaysOnTop": false,
  "enableSystemMonitoring": true,
  "enablePerformanceLogging": false,
  "monitoringInterval": 1000,
  "enableCPUMonitoring": true,
  "enableMemoryMonitoring": true,
  "enableDiskMonitoring": false,
  "enableNotifications": true,
  "enableTrayNotifications": true,
  "enableDebugMode": true,
  "enableConsoleLogging": true,
  "enableErrorReporting": true,
  "logLevel": "debug",
  "__internal__": {
    "migrations": {
      "version": "36.4.0"
    }
  }
}
[2025-06-12T23:48:46.421Z] DEBUG: 설정 관리자 IPC 핸들러 등록 완료
[2025-06-12T23:48:46.479Z] DEBUG: 키보드 관련 IPC 핸들러 등록 완료
[2025-06-12T23:48:46.479Z] DEBUG: 키보드 관련 IPC 핸들러 등록 중...
[2025-06-12T23:48:46.479Z] DEBUG: 추적 관련 IPC 핸들러 등록 중...
[2025-06-12T23:48:46.518Z] DEBUG: 키보드 핸들러 초기화 완료
[2025-06-12T23:48:46.479Z] DEBUG: 추적 관련 IPC 핸들러 등록 완료
[2025-06-12T23:48:46.518Z] DEBUG: 키보드 리스너 설정 성공
[2025-06-12T23:48:46.518Z] DEBUG: 데이터베이스 클라이언트가 없어 폴백 모드로 실행
[2025-06-12T23:48:46.520Z] DEBUG: 통계 워커 초기화 시작됨
[2025-06-12T23:48:46.519Z] DEBUG: 통계 처리 시스템 초기화 시작
[2025-06-12T23:48:46.524Z] DEBUG: 통계 처리 시스템 초기화 완료
[2025-06-12T23:48:46.518Z] DEBUG: 데이터 동기화 모듈 초기화 중...
[2025-06-12T23:48:46.631Z] DEBUG: 브라우저 감지 시스템 초기화 시작
[2025-06-12T23:48:46.656Z] DEBUG: 브라우저 감지 시스템 초기화 완료
[2025-06-12T23:48:46.656Z] DEBUG: active-win 모듈 로드 실패, 폴백 모드 사용: {
  "code": "ERR_DLOPEN_FAILED"
}
[2025-06-12T23:48:46.718Z] DEBUG: 워커 초기화 완료: 2025-06-12T23:48:46.577Z
[2025-06-12T23:48:46.718Z] DEBUG: 대기 중인 작업 0개 처리 시작
[2025-06-12T23:48:48.518Z] DEBUG: 설정에 따라 자동 모니터링 시작
[2025-06-12T23:48:48.519Z] DEBUG: 타이핑 추적 시작됨
[2025-06-12T23:56:11.746Z] DEBUG: [UpdateManager] Auto-update disabled in development mode
[2025-06-12T23:56:11.896Z] DEBUG: 설정 로드 중...
[2025-06-12T23:56:11.898Z] DEBUG: 레거시 설정 발견, 마이그레이션 중...
[2025-06-12T23:56:11.898Z] DEBUG: 설정 로드 완료: {
  "enabledCategories": {
    "docs": true,
    "office": true,
    "coding": true,
    "sns": true,
    "browser": true,
    "game": false,
    "media": true,
    "other": true
  },
  "autoStartMonitoring": true,
  "resumeAfterIdle": true,
  "idleTimeout": 300,
  "theme": "system",
  "windowMode": "windowed",
  "darkMode": false,
  "minimizeToTray": true,
  "showTrayNotifications": true,
  "enableMiniView": true,
  "enableAnimations": true,
  "fontSize": 14,
  "fontFamily": "system-ui",
  "useHardwareAcceleration": false,
  "enableGPUAcceleration": true,
  "gpuAccelerationLevel": 1,
  "processingMode": "auto",
  "reduceMemoryInBackground": true,
  "enableMemoryOptimization": true,
  "enableBackgroundCleanup": true,
  "garbageCollectionInterval": 60000,
  "maxMemoryThreshold": 100,
  "memoryCleanupInterval": 300000,
  "memoryThreshold": 80,
  "autoCleanupLogs": true,
  "maxHistoryItems": 500,
  "logRetentionDays": 30,
  "enableDataCollection": true,
  "enableAnalytics": false,
  "dataRetentionDays": 30,
  "enableAutoSave": true,
  "autoSaveInterval": 10000,
  "enableWPMDisplay": true,
  "enableAccuracyDisplay": true,
  "enableRealTimeStats": true,
  "enableTypingSound": false,
  "enableKeyboardShortcuts": true,
  "statsFilePath": "typing-stats.json",
  "keyboard": {
    "autoStart": true,
    "enableHangulSupport": true,
    "enableJamoTracking": true,
    "hangulMode": "auto",
    "jamoSeparation": true,
    "trackingInterval": 50
  },
  "windowSettings": {
    "miniSize": {
      "width": 400,
      "height": 300
    },
    "opacity": 1,
    "alwaysOnTop": false,
    "autoHide": false,
    "position": {
      "x": 100,
      "y": 100
    }
  },
  "windowOpacity": 1,
  "alwaysOnTop": false,
  "enableSystemMonitoring": true,
  "enablePerformanceLogging": false,
  "monitoringInterval": 1000,
  "enableCPUMonitoring": true,
  "enableMemoryMonitoring": true,
  "enableDiskMonitoring": false,
  "enableNotifications": true,
  "enableTrayNotifications": true,
  "enableDebugMode": true,
  "enableConsoleLogging": true,
  "enableErrorReporting": true,
  "logLevel": "debug",
  "__internal__": {
    "migrations": {
      "version": "36.4.0"
    }
  }
}
[2025-06-12T23:56:11.943Z] DEBUG: 키보드 관련 IPC 핸들러 등록 중...
[2025-06-12T23:56:11.943Z] DEBUG: 추적 관련 IPC 핸들러 등록 완료
[2025-06-12T23:56:11.898Z] DEBUG: 설정 관리자 IPC 핸들러 등록 완료
[2025-06-12T23:56:11.984Z] DEBUG: 키보드 핸들러 초기화 완료
[2025-06-12T23:56:11.943Z] DEBUG: 추적 관련 IPC 핸들러 등록 중...
[2025-06-12T23:56:11.985Z] DEBUG: 데이터 동기화 모듈 초기화 중...
[2025-06-12T23:56:11.984Z] DEBUG: 키보드 리스너 설정 성공
[2025-06-12T23:56:11.985Z] DEBUG: 통계 처리 시스템 초기화 시작
[2025-06-12T23:56:11.986Z] DEBUG: 통계 워커 초기화 시작됨
[2025-06-12T23:56:11.991Z] DEBUG: 통계 처리 시스템 초기화 완료
[2025-06-12T23:56:11.943Z] DEBUG: 키보드 관련 IPC 핸들러 등록 완료
[2025-06-12T23:56:12.079Z] DEBUG: 브라우저 감지 시스템 초기화 시작
[2025-06-12T23:56:11.985Z] DEBUG: 데이터베이스 클라이언트가 없어 폴백 모드로 실행
[2025-06-12T23:56:12.107Z] DEBUG: 브라우저 감지 시스템 초기화 완료
[2025-06-12T23:56:12.107Z] DEBUG: active-win 모듈 로드 실패, 폴백 모드 사용: {
  "code": "ERR_DLOPEN_FAILED"
}
[2025-06-12T23:56:12.165Z] DEBUG: 대기 중인 작업 0개 처리 시작
[2025-06-12T23:56:12.165Z] DEBUG: 워커 초기화 완료: 2025-06-12T23:56:12.021Z
[2025-06-12T23:56:13.985Z] DEBUG: 설정에 따라 자동 모니터링 시작
[2025-06-12T23:56:13.985Z] DEBUG: 타이핑 추적 시작됨
