[2025-06-17T14:06:46.257Z] DEBUG: [UpdateManager] Auto-update disabled in development mode
[2025-06-17T14:06:46.423Z] DEBUG: 키보드 관련 IPC 핸들러 등록 중...
[2025-06-17T14:06:46.423Z] DEBUG: 추적 관련 IPC 핸들러 등록 중...
[2025-06-17T14:06:46.423Z] DEBUG: 키보드 관련 IPC 핸들러 등록 Completed
[2025-06-17T14:06:46.471Z] DEBUG: 키보드 리스너 Setup Success
[2025-06-17T14:06:46.472Z] DEBUG: 키보드 관련 IPC 핸들러가 이미 등록되어 있습니다
[2025-06-17T14:06:46.423Z] DEBUG: 추적 관련 IPC 핸들러 등록 Completed
[2025-06-17T14:06:46.471Z] DEBUG: 키보드 핸들러 초기화 Completed
[2025-06-17T14:06:46.499Z] DEBUG: Setup 로드 중...
[2025-06-17T14:06:46.500Z] DEBUG: Setup 로드 중...
[2025-06-17T14:06:46.500Z] DEBUG: Setup 로드 Completed: {
  "enabledCategories": {
    "docs": true,
    "office": true,
    "coding": true,
    "sns": true,
    "browser": true,
    "game": false,
    "media": true,
    "other": true
  },
  "autoStartMonitoring": true,
  "resumeAfterIdle": true,
  "idleTimeout": 300,
  "theme": "system",
  "windowMode": "windowed",
  "darkMode": false,
  "minimizeToTray": true,
  "showTrayNotifications": true,
  "enableMiniView": true,
  "enableAnimations": true,
  "fontSize": 14,
  "fontFamily": "system-ui",
  "useHardwareAcceleration": false,
  "enableGPUAcceleration": true,
  "gpuAccelerationLevel": 1,
  "processingMode": "auto",
  "reduceMemoryInBackground": true,
  "enableMemoryOptimization": true,
  "enableBackgroundCleanup": true,
  "garbageCollectionInterval": 60000,
  "maxMemoryThreshold": 100,
  "memoryCleanupInterval": 300000,
  "memoryThreshold": 80,
  "autoCleanupLogs": true,
  "maxHistoryItems": 500,
  "logRetentionDays": 30,
  "enableDataCollection": true,
  "enableAnalytics": false,
  "dataRetentionDays": 30,
  "enableAutoSave": true,
  "autoSaveInterval": 10000,
  "enableWPMDisplay": true,
  "enableAccuracyDisplay": true,
  "enableRealTimeStats": true,
  "enableTypingSound": false,
  "enableKeyboardShortcuts": true,
  "statsFilePath": "typing-stats.json",
  "enableTypingAnalysis": true,
  "enableRealTimeAnalysis": true,
  "statsCollectionInterval": 30,
  "enableKeyboardDetection": true,
  "enablePatternLearning": true,
  "keyboard": {
    "autoStart": true,
    "enableHangulSupport": true,
    "enableJamoTracking": true,
    "hangulMode": "auto",
    "jamoSeparation": true,
    "trackingInterval": 50
  },
  "windowSettings": {
    "miniSize": {
      "width": 400,
      "height": 300
    },
    "opacity": 1,
    "alwaysOnTop": false,
    "autoHide": false,
    "position": {
      "x": 100,
      "y": 100
    }
  },
  "windowOpacity": 1,
  "alwaysOnTop": false,
  "enableSystemMonitoring": true,
  "enablePerformanceLogging": false,
  "monitoringInterval": 1000,
  "enableCPUMonitoring": true,
  "enableMemoryMonitoring": true,
  "enableDiskMonitoring": false,
  "enableNotifications": true,
  "enableTrayNotifications": true,
  "enableDebugMode": true,
  "enableConsoleLogging": true,
  "enableErrorReporting": true,
  "logLevel": "debug",
  "app": {
    "version": "36.4.0"
  },
  "__internal__": {
    "migrations": {
      "version": "36.4.0"
    }
  }
}
[2025-06-17T14:06:46.501Z] DEBUG: Setup 관리자 IPC 핸들러 등록 Completed
[2025-06-17T14:06:46.553Z] DEBUG: 데이터 동기화 모듈 초기화 중...
[2025-06-17T14:06:46.553Z] DEBUG: 데이터베이스 클라이언트가 없어 폴백 모드로 실행
[2025-06-17T14:06:46.553Z] DEBUG: 통계 처리 시스템 초기화 시작
[2025-06-17T14:06:46.554Z] DEBUG: 통계 워커 초기화 Started
[2025-06-17T14:06:46.554Z] DEBUG: 통계 처리 시스템 초기화 Completed
[2025-06-17T14:06:46.554Z] DEBUG: 브라우저 감지 시스템 초기화 시작
[2025-06-17T14:06:46.555Z] DEBUG: Setup IPC 핸들러가 이미 등록되어 있습니다
[2025-06-17T14:06:46.554Z] DEBUG: macOS 브라우저 감지 모듈 로드 Completed
[2025-06-17T14:06:46.554Z] DEBUG: 브라우저 감지 시스템 초기화 Completed
[2025-06-17T14:06:46.555Z] DEBUG: Setup 로드 Completed: {
  "enabledCategories": {
    "docs": true,
    "office": true,
    "coding": true,
    "sns": true,
    "browser": true,
    "game": false,
    "media": true,
    "other": true
  },
  "autoStartMonitoring": true,
  "resumeAfterIdle": true,
  "idleTimeout": 300,
  "theme": "system",
  "windowMode": "windowed",
  "darkMode": false,
  "minimizeToTray": true,
  "showTrayNotifications": true,
  "enableMiniView": true,
  "enableAnimations": true,
  "fontSize": 14,
  "fontFamily": "system-ui",
  "useHardwareAcceleration": false,
  "enableGPUAcceleration": true,
  "gpuAccelerationLevel": 1,
  "processingMode": "auto",
  "reduceMemoryInBackground": true,
  "enableMemoryOptimization": true,
  "enableBackgroundCleanup": true,
  "garbageCollectionInterval": 60000,
  "maxMemoryThreshold": 100,
  "memoryCleanupInterval": 300000,
  "memoryThreshold": 80,
  "autoCleanupLogs": true,
  "maxHistoryItems": 500,
  "logRetentionDays": 30,
  "enableDataCollection": true,
  "enableAnalytics": false,
  "dataRetentionDays": 30,
  "enableAutoSave": true,
  "autoSaveInterval": 10000,
  "enableWPMDisplay": true,
  "enableAccuracyDisplay": true,
  "enableRealTimeStats": true,
  "enableTypingSound": false,
  "enableKeyboardShortcuts": true,
  "statsFilePath": "typing-stats.json",
  "enableTypingAnalysis": true,
  "enableRealTimeAnalysis": true,
  "statsCollectionInterval": 30,
  "enableKeyboardDetection": true,
  "enablePatternLearning": true,
  "keyboard": {
    "autoStart": true,
    "enableHangulSupport": true,
    "enableJamoTracking": true,
    "hangulMode": "auto",
    "jamoSeparation": true,
    "trackingInterval": 50
  },
  "windowSettings": {
    "miniSize": {
      "width": 400,
      "height": 300
    },
    "opacity": 1,
    "alwaysOnTop": false,
    "autoHide": false,
    "position": {
      "x": 100,
      "y": 100
    }
  },
  "windowOpacity": 1,
  "alwaysOnTop": false,
  "enableSystemMonitoring": true,
  "enablePerformanceLogging": false,
  "monitoringInterval": 1000,
  "enableCPUMonitoring": true,
  "enableMemoryMonitoring": true,
  "enableDiskMonitoring": false,
  "enableNotifications": true,
  "enableTrayNotifications": true,
  "enableDebugMode": true,
  "enableConsoleLogging": true,
  "enableErrorReporting": true,
  "logLevel": "debug",
  "app": {
    "version": "36.4.0"
  },
  "__internal__": {
    "migrations": {
      "version": "36.4.0"
    }
  }
}
[2025-06-17T14:10:21.519Z] DEBUG: [UpdateManager] Auto-update disabled in development mode
[2025-06-17T14:10:21.681Z] DEBUG: 키보드 관련 IPC 핸들러 등록 중...
[2025-06-17T14:10:21.681Z] DEBUG: 추적 관련 IPC 핸들러 등록 Completed
[2025-06-17T14:10:21.681Z] DEBUG: 키보드 관련 IPC 핸들러 등록 Completed
[2025-06-17T14:10:21.714Z] DEBUG: 키보드 리스너 Setup Success
[2025-06-17T14:10:21.714Z] DEBUG: 키보드 핸들러 초기화 Completed
[2025-06-17T14:10:21.714Z] DEBUG: 키보드 관련 IPC 핸들러가 이미 등록되어 있습니다
[2025-06-17T14:10:21.681Z] DEBUG: 추적 관련 IPC 핸들러 등록 중...
[2025-06-17T14:10:21.738Z] DEBUG: Setup 로드 중...
[2025-06-17T14:10:21.738Z] DEBUG: Setup 로드 중...
[2025-06-17T14:10:21.740Z] DEBUG: Setup 로드 Completed: {
  "enabledCategories": {
    "docs": true,
    "office": true,
    "coding": true,
    "sns": true,
    "browser": true,
    "game": false,
    "media": true,
    "other": true
  },
  "autoStartMonitoring": true,
  "resumeAfterIdle": true,
  "idleTimeout": 300,
  "theme": "system",
  "windowMode": "windowed",
  "darkMode": false,
  "minimizeToTray": true,
  "showTrayNotifications": true,
  "enableMiniView": true,
  "enableAnimations": true,
  "fontSize": 14,
  "fontFamily": "system-ui",
  "useHardwareAcceleration": false,
  "enableGPUAcceleration": true,
  "gpuAccelerationLevel": 1,
  "processingMode": "auto",
  "reduceMemoryInBackground": true,
  "enableMemoryOptimization": true,
  "enableBackgroundCleanup": true,
  "garbageCollectionInterval": 60000,
  "maxMemoryThreshold": 100,
  "memoryCleanupInterval": 300000,
  "memoryThreshold": 80,
  "autoCleanupLogs": true,
  "maxHistoryItems": 500,
  "logRetentionDays": 30,
  "enableDataCollection": true,
  "enableAnalytics": false,
  "dataRetentionDays": 30,
  "enableAutoSave": true,
  "autoSaveInterval": 10000,
  "enableWPMDisplay": true,
  "enableAccuracyDisplay": true,
  "enableRealTimeStats": true,
  "enableTypingSound": false,
  "enableKeyboardShortcuts": true,
  "statsFilePath": "typing-stats.json",
  "enableTypingAnalysis": true,
  "enableRealTimeAnalysis": true,
  "statsCollectionInterval": 30,
  "enableKeyboardDetection": true,
  "enablePatternLearning": true,
  "keyboard": {
    "autoStart": true,
    "enableHangulSupport": true,
    "enableJamoTracking": true,
    "hangulMode": "auto",
    "jamoSeparation": true,
    "trackingInterval": 50
  },
  "windowSettings": {
    "miniSize": {
      "width": 400,
      "height": 300
    },
    "opacity": 1,
    "alwaysOnTop": false,
    "autoHide": false,
    "position": {
      "x": 100,
      "y": 100
    }
  },
  "windowOpacity": 1,
  "alwaysOnTop": false,
  "enableSystemMonitoring": true,
  "enablePerformanceLogging": false,
  "monitoringInterval": 1000,
  "enableCPUMonitoring": true,
  "enableMemoryMonitoring": true,
  "enableDiskMonitoring": false,
  "enableNotifications": true,
  "enableTrayNotifications": true,
  "enableDebugMode": true,
  "enableConsoleLogging": true,
  "enableErrorReporting": true,
  "logLevel": "debug",
  "app": {
    "version": "36.4.0"
  },
  "__internal__": {
    "migrations": {
      "version": "36.4.0"
    }
  }
}
[2025-06-17T14:10:21.741Z] DEBUG: Setup 관리자 IPC 핸들러 등록 Completed
[2025-06-17T14:10:21.741Z] DEBUG: Setup 로드 Completed: {
  "enabledCategories": {
    "docs": true,
    "office": true,
    "coding": true,
    "sns": true,
    "browser": true,
    "game": false,
    "media": true,
    "other": true
  },
  "autoStartMonitoring": true,
  "resumeAfterIdle": true,
  "idleTimeout": 300,
  "theme": "system",
  "windowMode": "windowed",
  "darkMode": false,
  "minimizeToTray": true,
  "showTrayNotifications": true,
  "enableMiniView": true,
  "enableAnimations": true,
  "fontSize": 14,
  "fontFamily": "system-ui",
  "useHardwareAcceleration": false,
  "enableGPUAcceleration": true,
  "gpuAccelerationLevel": 1,
  "processingMode": "auto",
  "reduceMemoryInBackground": true,
  "enableMemoryOptimization": true,
  "enableBackgroundCleanup": true,
  "garbageCollectionInterval": 60000,
  "maxMemoryThreshold": 100,
  "memoryCleanupInterval": 300000,
  "memoryThreshold": 80,
  "autoCleanupLogs": true,
  "maxHistoryItems": 500,
  "logRetentionDays": 30,
  "enableDataCollection": true,
  "enableAnalytics": false,
  "dataRetentionDays": 30,
  "enableAutoSave": true,
  "autoSaveInterval": 10000,
  "enableWPMDisplay": true,
  "enableAccuracyDisplay": true,
  "enableRealTimeStats": true,
  "enableTypingSound": false,
  "enableKeyboardShortcuts": true,
  "statsFilePath": "typing-stats.json",
  "enableTypingAnalysis": true,
  "enableRealTimeAnalysis": true,
  "statsCollectionInterval": 30,
  "enableKeyboardDetection": true,
  "enablePatternLearning": true,
  "keyboard": {
    "autoStart": true,
    "enableHangulSupport": true,
    "enableJamoTracking": true,
    "hangulMode": "auto",
    "jamoSeparation": true,
    "trackingInterval": 50
  },
  "windowSettings": {
    "miniSize": {
      "width": 400,
      "height": 300
    },
    "opacity": 1,
    "alwaysOnTop": false,
    "autoHide": false,
    "position": {
      "x": 100,
      "y": 100
    }
  },
  "windowOpacity": 1,
  "alwaysOnTop": false,
  "enableSystemMonitoring": true,
  "enablePerformanceLogging": false,
  "monitoringInterval": 1000,
  "enableCPUMonitoring": true,
  "enableMemoryMonitoring": true,
  "enableDiskMonitoring": false,
  "enableNotifications": true,
  "enableTrayNotifications": true,
  "enableDebugMode": true,
  "enableConsoleLogging": true,
  "enableErrorReporting": true,
  "logLevel": "debug",
  "app": {
    "version": "36.4.0"
  },
  "__internal__": {
    "migrations": {
      "version": "36.4.0"
    }
  }
}
[2025-06-17T14:10:21.741Z] DEBUG: Setup IPC 핸들러가 이미 등록되어 있습니다
[2025-06-17T14:10:21.802Z] DEBUG: 통계 처리 시스템 초기화 시작
[2025-06-17T14:10:21.803Z] DEBUG: 통계 워커 초기화 Started
[2025-06-17T14:10:21.803Z] DEBUG: 통계 처리 시스템 초기화 Completed
[2025-06-17T14:10:21.803Z] DEBUG: macOS 브라우저 감지 모듈 로드 Completed
[2025-06-17T14:10:21.803Z] DEBUG: 브라우저 감지 시스템 초기화 Completed
[2025-06-17T14:10:21.802Z] DEBUG: 데이터 동기화 모듈 초기화 중...
[2025-06-17T14:10:21.802Z] DEBUG: 데이터베이스 클라이언트가 없어 폴백 모드로 실행
[2025-06-17T14:10:21.803Z] DEBUG: 브라우저 감지 시스템 초기화 시작
[2025-06-17T14:25:46.659Z] DEBUG: [UpdateManager] Auto-update disabled in development mode
[2025-06-17T14:25:46.855Z] DEBUG: 키보드 관련 IPC 핸들러 등록 중...
[2025-06-17T14:25:46.855Z] DEBUG: 추적 관련 IPC 핸들러 등록 중...
[2025-06-17T14:25:46.855Z] DEBUG: 추적 관련 IPC 핸들러 등록 Completed
[2025-06-17T14:25:46.894Z] DEBUG: 키보드 리스너 Setup Success
[2025-06-17T14:25:46.894Z] DEBUG: 키보드 핸들러 초기화 Completed
[2025-06-17T14:25:46.894Z] DEBUG: 키보드 리스너가 이미 활성화되어 있습니다
[2025-06-17T14:25:46.894Z] DEBUG: 키보드 핸들러 초기화 Completed
[2025-06-17T14:25:46.855Z] DEBUG: 키보드 관련 IPC 핸들러 등록 Completed
[2025-06-17T14:25:47.207Z] DEBUG: Setup 로드 중...
[2025-06-17T14:25:47.207Z] DEBUG: Setup 로드 중...
[2025-06-17T14:25:47.208Z] DEBUG: Setup 로드 Completed: {
  "enabledCategories": {
    "docs": true,
    "office": true,
    "coding": true,
    "sns": true,
    "browser": true,
    "game": false,
    "media": true,
    "other": true
  },
  "autoStartMonitoring": true,
  "resumeAfterIdle": true,
  "idleTimeout": 300,
  "theme": "system",
  "windowMode": "windowed",
  "darkMode": false,
  "minimizeToTray": true,
  "showTrayNotifications": true,
  "enableMiniView": true,
  "enableAnimations": true,
  "fontSize": 14,
  "fontFamily": "system-ui",
  "useHardwareAcceleration": false,
  "enableGPUAcceleration": true,
  "gpuAccelerationLevel": 1,
  "processingMode": "auto",
  "reduceMemoryInBackground": true,
  "enableMemoryOptimization": true,
  "enableBackgroundCleanup": true,
  "garbageCollectionInterval": 60000,
  "maxMemoryThreshold": 100,
  "memoryCleanupInterval": 300000,
  "memoryThreshold": 80,
  "autoCleanupLogs": true,
  "maxHistoryItems": 500,
  "logRetentionDays": 30,
  "enableDataCollection": true,
  "enableAnalytics": false,
  "dataRetentionDays": 30,
  "enableAutoSave": true,
  "autoSaveInterval": 10000,
  "enableWPMDisplay": true,
  "enableAccuracyDisplay": true,
  "enableRealTimeStats": true,
  "enableTypingSound": false,
  "enableKeyboardShortcuts": true,
  "statsFilePath": "typing-stats.json",
  "enableTypingAnalysis": true,
  "enableRealTimeAnalysis": true,
  "statsCollectionInterval": 30,
  "enableKeyboardDetection": true,
  "enablePatternLearning": true,
  "keyboard": {
    "autoStart": true,
    "enableHangulSupport": true,
    "enableJamoTracking": true,
    "hangulMode": "auto",
    "jamoSeparation": true,
    "trackingInterval": 50
  },
  "windowSettings": {
    "miniSize": {
      "width": 400,
      "height": 300
    },
    "opacity": 1,
    "alwaysOnTop": false,
    "autoHide": false,
    "position": {
      "x": 100,
      "y": 100
    }
  },
  "windowOpacity": 1,
  "alwaysOnTop": false,
  "enableSystemMonitoring": true,
  "enablePerformanceLogging": false,
  "monitoringInterval": 1000,
  "enableCPUMonitoring": true,
  "enableMemoryMonitoring": true,
  "enableDiskMonitoring": false,
  "enableNotifications": true,
  "enableTrayNotifications": true,
  "enableDebugMode": true,
  "enableConsoleLogging": true,
  "enableErrorReporting": true,
  "logLevel": "debug",
  "app": {
    "version": "36.4.0"
  },
  "__internal__": {
    "migrations": {
      "version": "36.4.0"
    }
  }
}
[2025-06-17T14:25:47.208Z] DEBUG: Setup 관리자 IPC 핸들러 등록 Completed
[2025-06-17T14:25:47.209Z] DEBUG: Setup 로드 Completed: {
  "enabledCategories": {
    "docs": true,
    "office": true,
    "coding": true,
    "sns": true,
    "browser": true,
    "game": false,
    "media": true,
    "other": true
  },
  "autoStartMonitoring": true,
  "resumeAfterIdle": true,
  "idleTimeout": 300,
  "theme": "system",
  "windowMode": "windowed",
  "darkMode": false,
  "minimizeToTray": true,
  "showTrayNotifications": true,
  "enableMiniView": true,
  "enableAnimations": true,
  "fontSize": 14,
  "fontFamily": "system-ui",
  "useHardwareAcceleration": false,
  "enableGPUAcceleration": true,
  "gpuAccelerationLevel": 1,
  "processingMode": "auto",
  "reduceMemoryInBackground": true,
  "enableMemoryOptimization": true,
  "enableBackgroundCleanup": true,
  "garbageCollectionInterval": 60000,
  "maxMemoryThreshold": 100,
  "memoryCleanupInterval": 300000,
  "memoryThreshold": 80,
  "autoCleanupLogs": true,
  "maxHistoryItems": 500,
  "logRetentionDays": 30,
  "enableDataCollection": true,
  "enableAnalytics": false,
  "dataRetentionDays": 30,
  "enableAutoSave": true,
  "autoSaveInterval": 10000,
  "enableWPMDisplay": true,
  "enableAccuracyDisplay": true,
  "enableRealTimeStats": true,
  "enableTypingSound": false,
  "enableKeyboardShortcuts": true,
  "statsFilePath": "typing-stats.json",
  "enableTypingAnalysis": true,
  "enableRealTimeAnalysis": true,
  "statsCollectionInterval": 30,
  "enableKeyboardDetection": true,
  "enablePatternLearning": true,
  "keyboard": {
    "autoStart": true,
    "enableHangulSupport": true,
    "enableJamoTracking": true,
    "hangulMode": "auto",
    "jamoSeparation": true,
    "trackingInterval": 50
  },
  "windowSettings": {
    "miniSize": {
      "width": 400,
      "height": 300
    },
    "opacity": 1,
    "alwaysOnTop": false,
    "autoHide": false,
    "position": {
      "x": 100,
      "y": 100
    }
  },
  "windowOpacity": 1,
  "alwaysOnTop": false,
  "enableSystemMonitoring": true,
  "enablePerformanceLogging": false,
  "monitoringInterval": 1000,
  "enableCPUMonitoring": true,
  "enableMemoryMonitoring": true,
  "enableDiskMonitoring": false,
  "enableNotifications": true,
  "enableTrayNotifications": true,
  "enableDebugMode": true,
  "enableConsoleLogging": true,
  "enableErrorReporting": true,
  "logLevel": "debug",
  "app": {
    "version": "36.4.0"
  },
  "__internal__": {
    "migrations": {
      "version": "36.4.0"
    }
  }
}
[2025-06-17T14:25:47.209Z] DEBUG: 통계 처리 시스템 초기화 시작
[2025-06-17T14:25:47.209Z] DEBUG: Setup IPC 핸들러가 이미 등록되어 있습니다
[2025-06-17T14:25:47.209Z] DEBUG: 데이터 동기화 모듈 초기화 중...
[2025-06-17T14:25:47.210Z] DEBUG: 통계 워커 초기화 Started
[2025-06-17T14:25:47.210Z] DEBUG: 통계 처리 시스템 초기화 Completed
[2025-06-17T14:25:47.210Z] DEBUG: 브라우저 감지 시스템 초기화 시작
[2025-06-17T14:25:47.210Z] DEBUG: macOS 브라우저 감지 모듈 로드 Completed
[2025-06-17T14:25:47.209Z] DEBUG: 데이터베이스 클라이언트가 없어 폴백 모드로 실행
[2025-06-17T14:25:47.210Z] DEBUG: 브라우저 감지 시스템 초기화 Completed
[2025-06-17T14:25:47.256Z] DEBUG: 워커 초기화 Completed: 2025-06-17T14:25:47.256Z
[2025-06-17T14:25:47.257Z] DEBUG: 대기 중인 작업 ${this.pendingTasks.length}개 처리 시작
[2025-06-17T14:25:48.897Z] DEBUG: 타이핑 추적 Started
[2025-06-17T14:25:48.897Z] DEBUG: Setup에 따라 자동 모니터링 시작
[2025-06-17T14:26:29.277Z] DEBUG: Setup 변경 적용: ${key} = ${newValue}
[2025-06-17T14:26:29.277Z] DEBUG: 테마 변경 적용: dark
[2025-06-17T14:26:29.277Z] DEBUG: Setup 변경 적용: ${key} = ${newValue}
[2025-06-17T14:26:29.277Z] DEBUG: Setup 변경 적용: ${key} = ${newValue}
[2025-06-17T14:26:29.277Z] DEBUG: Setup 변경 적용: ${key} = ${newValue}
[2025-06-17T14:26:29.277Z] DEBUG: Setup 변경 적용: ${key} = ${newValue}
[2025-06-17T14:26:29.277Z] DEBUG: Setup 변경 적용: ${key} = ${newValue}
[2025-06-17T14:26:29.277Z] DEBUG: Setup 변경 적용: ${key} = ${newValue}
[2025-06-17T14:26:29.277Z] DEBUG: Setup 변경 적용: ${key} = ${newValue}
[2025-06-17T14:26:29.277Z] DEBUG: Setup 변경 적용: ${key} = ${newValue}
[2025-06-17T14:26:29.277Z] DEBUG: Setup 변경 적용: ${key} = ${newValue}
[2025-06-17T14:26:29.277Z] DEBUG: Setup 변경 적용: ${key} = ${newValue}
[2025-06-17T14:26:29.277Z] DEBUG: Setup 변경 적용: ${key} = ${newValue}
[2025-06-17T14:26:29.277Z] DEBUG: Setup 변경 적용: ${key} = ${newValue}
[2025-06-17T14:26:29.277Z] DEBUG: Setup 변경 적용: ${key} = ${newValue}
[2025-06-17T14:26:34.373Z] DEBUG: Setup 변경 적용: ${key} = ${newValue}
[2025-06-17T14:26:34.373Z] DEBUG: Setup 변경 적용: ${key} = ${newValue}
[2025-06-17T14:26:34.373Z] DEBUG: Setup 변경 적용: ${key} = ${newValue}
[2025-06-17T14:26:42.094Z] DEBUG: Setup 변경 적용: ${key} = ${newValue}
[2025-06-17T14:26:42.094Z] DEBUG: Setup 변경 적용: ${key} = ${newValue}
[2025-06-17T14:26:42.094Z] DEBUG: Setup 변경 적용: ${key} = ${newValue}
